[0.000000] (-) TimerEvent: {}
[0.000837] (orb_slam2_stereo) JobQueued: {'identifier': 'orb_slam2_stereo', 'dependencies': OrderedDict()}
[0.002078] (orb_slam2_stereo) JobStarted: {'identifier': 'orb_slam2_stereo'}
[0.013857] (orb_slam2_stereo) JobProgress: {'identifier': 'orb_slam2_stereo', 'progress': 'cmake'}
[0.014916] (orb_slam2_stereo) JobProgress: {'identifier': 'orb_slam2_stereo', 'progress': 'build'}
[0.015886] (orb_slam2_stereo) Command: {'cmd': ['/usr/bin/cmake', '--build', '/home/zsj/WorkSpace/ORB2_SLAM/ORB_SLAM2_ROS2/build/orb_slam2_stereo', '--', '-j18', '-l18'], 'cwd': '/home/zsj/WorkSpace/ORB2_SLAM/ORB_SLAM2_ROS2/build/orb_slam2_stereo', 'env': OrderedDict([('LESSOPEN', '| /usr/bin/lesspipe %s'), ('CONDA_PROMPT_MODIFIER', '(base)'), ('USER', 'zsj'), ('GIT_ASKPASS', '/home/zsj/.vscode-server/bin/c9d77990917f3102ada88be140d28b038d1dd7c7/extensions/git/dist/askpass.sh'), ('SHLVL', '1'), ('LD_LIBRARY_PATH', '/opt/ros/humble/opt/rviz_ogre_vendor/lib:/opt/ros/humble/lib/x86_64-linux-gnu:/opt/ros/humble/lib'), ('MOTD_SHOWN', 'update-motd'), ('HOME', '/home/zsj'), ('CONDA_SHLVL', '1'), ('OLDPWD', '/home/zsj/WorkSpace/ORB2_SLAM/ORB_SLAM2_ROS2/src'), ('TERM_PROGRAM_VERSION', '1.108.2'), ('VSCODE_IPC_HOOK_CLI', '/run/user/1000/vscode-ipc-073531b3-f422-4809-a5f7-ab58e98e5371.sock'), ('ROS_PYTHON_VERSION', '3'), ('VSCODE_GIT_ASKPASS_MAIN', '/home/zsj/.vscode-server/bin/c9d77990917f3102ada88be140d28b038d1dd7c7/extensions/git/dist/askpass-main.js'), ('VSCODE_GIT_ASKPASS_NODE', '/home/zsj/.vscode-server/bin/c9d77990917f3102ada88be140d28b038d1dd7c7/node'), ('VSCODE_PYTHON_AUTOACTIVATE_GUARD', '1'), ('DBUS_SESSION_BUS_ADDRESS', 'unix:path=/run/user/1000/bus'), ('COLORTERM', 'truecolor'), ('_CE_M', ''), ('WSL_DISTRO_NAME', 'Ubuntu-22.04'), ('_CONDA_ROOT', '/home/zsj/tools/miniconda3'), ('WAYLAND_DISPLAY', 'wayland-0'), ('ROS_DISTRO', 'humble'), ('LOGNAME', 'zsj'), ('NAME', 'Zhuxingjie'), ('WSL_INTEROP', '/run/WSL/413_interop'), ('PULSE_SERVER', 'unix:/mnt/wslg/PulseServer'), ('_', '/usr/bin/colcon'), ('ROS_VERSION', '2'), ('TERM', 'xterm-256color'), ('_CE_CONDA', ''), ('ROS_LOCALHOST_ONLY', '0'), ('PATH', '/home/zsj/.local/bin:/home/zsj/.local/bin:/home/zsj/.local/bin:(/home/zsj/tools/miniconda3/bin:/home/zsj/.vscode-server/data/User/globalStorage/github.copilot-chat/debugCommand:/home/zsj/.vscode-server/data/User/globalStorage/github.copilot-chat/copilotCli:/home/zsj/.vscode-server/bin/c9d77990917f3102ada88be140d28b038d1dd7c7/bin/remote-cli:/home/zsj/.local/bin:/home/zsj/.local/bin:/home/zsj/.local/bin:/opt/ros/humble/bin:(/home/zsj/tools/miniconda3/bin:/home/zsj/tools/miniconda3/condabin:/usr/local/sbin:/usr/local/bin:/usr/sbin:/usr/bin:/sbin:/bin:/usr/games:/usr/local/games:/usr/lib/wsl/lib:/mnt/c/ProgramData/anaconda3-updata:/mnt/c/ProgramData/anaconda3-updata/Scripts:/mnt/c/ProgramData/anaconda3-updata/Library/bin:/mnt/c/ProgramData/anaconda3-updata/Library/mingw-w64/bin:/mnt/c/Program Files/JetBrains/PyCharm 2024.1/bin:/mnt/c/Program Files/Common Files/Oracle/Java/javapath:/mnt/c/Program Files (x86)/Common Files/Oracle/Java/javapath:/mnt/c/WINDOWS:/mnt/c/WINDOWS/system32:/mnt/c/WINDOWS/System32/Wbem:/mnt/c/WINDOWS/System32/OpenSSH:/mnt/c/WINDOWS/System32/WindowsPowerShell/v1.0:/mnt/d/Matlab/bin:/mnt/d/Matlab/runtime/win64:/mnt/c/Program Files/Microsoft SQL Server/Client SDK/ODBC/170/Tools/Binn:/mnt/c/Program Files (x86)/Microsoft SQL Server/150/Tools/Binn:/mnt/c/Program Files/Microsoft SQL Server/150/Tools/Binn:/mnt/c/Program Files/Microsoft SQL Server/150/DTS/Binn:/mnt/c/Program Files (x86)/Windows Kits/8.1/Windows Performance Toolkit:/mnt/c/Program Files/dotnet:/mnt/c/Program Files (x86)/Windows Kits/10/Windows Performance Toolkit:/mnt/c/Program Files/Java/jdk-22/bin:/mnt/d/OpenCV/opencv/build/x64/vc16/bin:/mnt/c/Program Files (x86)/Microsoft SQL Server/90/Tools/binn:/mnt/c/Program Files (x86)/IVI Foundation/VISA/WinNT/Bin:/mnt/c/Program Files/IVI Foundation/VISA/Win64/Bin:/mnt/d/OpenCV/x86_64-12.2.0-release-win32-sjlj-rt_v10-rev0/mingw64/bin:/mnt/d/OpenCV/cmake-3.30.0-windows-x86_64/cmake-3.30.0-windows-x86_64/bin:/mnt/d/OpenCV/MinGW/bin:/mnt/c/Program Files/Git/cmd:/mnt/c/Program Files (x86)/wget:/mnt/d/Program Files/texlive/2024/bin/windows:/mnt/c/Program Files/OpenSSH/bin:/mnt/d/OpenCV/opencv/build/x64/vc16/bin:/mnt/d/OpenCV/MinGW/bin:/mnt/c/Users/26074/AppData/Local/Microsoft/WindowsApps:/mnt/c/Users/26074/AppData/Local/Microsoft/WinGet/Packages/Game1024.OpenSpeedy_Microsoft.Winget.Source_8wekyb3d8bbwe:/mnt/c/Users/26074/AppData/Local/Programs/Ollama:/mnt/c/Users/26074/AppData/Local/Programs/Microsoft VS Code/bin:/snap/bin):/mnt/c/Users/26074/AppData/Local/Programs/Microsoft VS Code/bin):/mnt/c/Users/26074/AppData/Local/Programs/Microsoft VS Code/bin'), ('XDG_RUNTIME_DIR', '/run/user/1000/'), ('DISPLAY', ':0'), ('LANG', 'C.UTF-8'), ('LS_COLORS', 'rs=0:di=01;34:ln=01;36:mh=00:pi=40;33:so=01;35:do=01;35:bd=40;33;01:cd=40;33;01:or=40;31;01:mi=00:su=37;41:sg=30;43:ca=30;41:tw=30;42:ow=34;42:st=37;44:ex=01;32:*.tar=01;31:*.tgz=01;31:*.arc=01;31:*.arj=01;31:*.taz=01;31:*.lha=01;31:*.lz4=01;31:*.lzh=01;31:*.lzma=01;31:*.tlz=01;31:*.txz=01;31:*.tzo=01;31:*.t7z=01;31:*.zip=01;31:*.z=01;31:*.dz=01;31:*.gz=01;31:*.lrz=01;31:*.lz=01;31:*.lzo=01;31:*.xz=01;31:*.zst=01;31:*.tzst=01;31:*.bz2=01;31:*.bz=01;31:*.tbz=01;31:*.tbz2=01;31:*.tz=01;31:*.deb=01;31:*.rpm=01;31:*.jar=01;31:*.war=01;31:*.ear=01;31:*.sar=01;31:*.rar=01;31:*.alz=01;31:*.ace=01;31:*.zoo=01;31:*.cpio=01;31:*.7z=01;31:*.rz=01;31:*.cab=01;31:*.wim=01;31:*.swm=01;31:*.dwm=01;31:*.esd=01;31:*.jpg=01;35:*.jpeg=01;35:*.mjpg=01;35:*.mjpeg=01;35:*.gif=01;35:*.bmp=01;35:*.pbm=01;35:*.pgm=01;35:*.ppm=01;35:*.tga=01;35:*.xbm=01;35:*.xpm=01;35:*.tif=01;35:*.tiff=01;35:*.png=01;35:*.svg=01;35:*.svgz=01;35:*.mng=01;35:*.pcx=01;35:*.mov=01;35:*.mpg=01;35:*.mpeg=01;35:*.m2v=01;35:*.mkv=01;35:*.webm=01;35:*.webp=01;35:*.ogm=01;35:*.mp4=01;35:*.m4v=01;35:*.mp4v=01;35:*.vob=01;35:*.qt=01;35:*.nuv=01;35:*.wmv=01;35:*.asf=01;35:*.rm=01;35:*.rmvb=01;35:*.flc=01;35:*.avi=01;35:*.fli=01;35:*.flv=01;35:*.gl=01;35:*.dl=01;35:*.xcf=01;35:*.xwd=01;35:*.yuv=01;35:*.cgm=01;35:*.emf=01;35:*.ogv=01;35:*.ogx=01;35:*.aac=00;36:*.au=00;36:*.flac=00;36:*.m4a=00;36:*.mid=00;36:*.midi=00;36:*.mka=00;36:*.mp3=00;36:*.mpc=00;36:*.ogg=00;36:*.ra=00;36:*.wav=00;36:*.oga=00;36:*.opus=00;36:*.spx=00;36:*.xspf=00;36:'), ('VSCODE_GIT_IPC_HANDLE', '/run/user/1000/vscode-git-1a22f3f7b8.sock'), ('TERM_PROGRAM', 'vscode'), ('AMENT_PREFIX_PATH', '/opt/ros/humble'), ('CONDA_PYTHON_EXE', '/home/zsj/tools/miniconda3/bin/python'), ('SHELL', '/bin/bash'), ('LESSCLOSE', '/usr/bin/lesspipe %s %s'), ('CONDA_DEFAULT_ENV', 'base'), ('_CONDA_EXE', '/home/zsj/tools/miniconda3/bin/conda'), ('VSCODE_GIT_ASKPASS_EXTRA_ARGS', ''), ('PWD', '/home/zsj/WorkSpace/ORB2_SLAM/ORB_SLAM2_ROS2/build/orb_slam2_stereo'), ('CONDA_EXE', '/home/zsj/tools/miniconda3/bin/conda'), ('XDG_DATA_DIRS', '/usr/local/share:/usr/share:/var/lib/snapd/desktop'), ('PYTHONPATH', '/opt/ros/humble/lib/python3.10/site-packages:/opt/ros/humble/local/lib/python3.10/dist-packages'), ('CONDA_PREFIX', '/home/zsj/tools/miniconda3'), ('COLCON', '1'), ('WSL2_GUI_APPS_ENABLED', '1'), ('HOSTTYPE', 'x86_64'), ('WSLENV', 'VSCODE_WSL_EXT_LOCATION/up:VSCODE_SERVER_TAR/up'), ('CMAKE_PREFIX_PATH', '/opt/ros/humble')]), 'shell': False}
[0.099514] (-) TimerEvent: {}
[0.105562] (orb_slam2_stereo) StdoutLine: {'line': b'[ 11%] Built target DBoW2\n'}
[0.128998] (orb_slam2_stereo) StdoutLine: {'line': b'[ 62%] Built target g2o\n'}
[0.152351] (orb_slam2_stereo) StdoutLine: {'line': b'\x1b[35m\x1b[1mConsolidate compiler generated dependencies of target orb_slam2_core\x1b[0m\n'}
[0.201528] (-) TimerEvent: {}
[0.208566] (orb_slam2_stereo) StdoutLine: {'line': b'[ 64%] \x1b[32mBuilding CXX object CMakeFiles/orb_slam2_core.dir/src/ORB_SLAM2/LoopClosing.cc.o\x1b[0m\n'}
[0.209407] (orb_slam2_stereo) StdoutLine: {'line': b'[ 67%] \x1b[32mBuilding CXX object CMakeFiles/orb_slam2_core.dir/src/ORB_SLAM2/Optimizer.cc.o\x1b[0m\n'}
[0.209757] (orb_slam2_stereo) StdoutLine: {'line': b'[ 67%] \x1b[32mBuilding CXX object CMakeFiles/orb_slam2_core.dir/src/ORB_SLAM2/FrameDrawer.cc.o\x1b[0m\n'}
[0.212557] (orb_slam2_stereo) StdoutLine: {'line': b'[ 71%] \x1b[32mBuilding CXX object CMakeFiles/orb_slam2_core.dir/src/ORB_SLAM2/System.cc.o\x1b[0m\n'}
[0.213172] (orb_slam2_stereo) StdoutLine: {'line': b'[ 71%] \x1b[32mBuilding CXX object CMakeFiles/orb_slam2_core.dir/src/ORB_SLAM2/LocalMapping.cc.o\x1b[0m\n'}
[0.213414] (orb_slam2_stereo) StdoutLine: {'line': b'[ 72%] \x1b[32mBuilding CXX object CMakeFiles/orb_slam2_core.dir/src/ORB_SLAM2/PnPsolver.cc.o\x1b[0m\n'}
[0.213759] (orb_slam2_stereo) StdoutLine: {'line': b'[ 74%] \x1b[32mBuilding CXX object CMakeFiles/orb_slam2_core.dir/src/ORB_SLAM2/Initializer.cc.o\x1b[0m\n'}
[0.215348] (orb_slam2_stereo) StdoutLine: {'line': b'[ 76%] \x1b[32mBuilding CXX object CMakeFiles/orb_slam2_core.dir/src/ORB_SLAM2/Sim3Solver.cc.o\x1b[0m\n'}
[0.217827] (orb_slam2_stereo) StdoutLine: {'line': b'[ 77%] \x1b[32mBuilding CXX object CMakeFiles/orb_slam2_core.dir/src/ORB_SLAM2/Tracking.cc.o\x1b[0m\n'}
[0.224065] (orb_slam2_stereo) StdoutLine: {'line': b'[ 79%] \x1b[32mBuilding CXX object CMakeFiles/orb_slam2_core.dir/src/ORB_SLAM2/Viewer.cc.o\x1b[0m\n'}
[0.301960] (-) TimerEvent: {}
[0.402979] (-) TimerEvent: {}
[0.503786] (-) TimerEvent: {}
[0.590388] (orb_slam2_stereo) StderrLine: {'line': b'\x1b[01m\x1b[K/home/zsj/WorkSpace/ORB2_SLAM/ORB_SLAM2_ROS2/src/orb_slam_stero/src/ORB_SLAM2/PnPsolver.cc:58:10:\x1b[m\x1b[K \x1b[01;31m\x1b[Kfatal error: \x1b[m\x1b[KThirdparty/DBoW2/DUtils/Random.h: No such file or directory\n'}
[0.590985] (orb_slam2_stereo) StderrLine: {'line': b'   58 | #include \x1b[01;31m\x1b[K"Thirdparty/DBoW2/DUtils/Random.h"\x1b[m\x1b[K\n'}
[0.591079] (orb_slam2_stereo) StderrLine: {'line': b'      |          \x1b[01;31m\x1b[K^~~~~~~~~~~~~~~~~~~~~~~~~~~~~~~~~~\x1b[m\x1b[K\n'}
[0.591149] (orb_slam2_stereo) StderrLine: {'line': b'compilation terminated.\n'}
[0.605146] (-) TimerEvent: {}
[0.623909] (orb_slam2_stereo) StderrLine: {'line': b'gmake[2]: *** [CMakeFiles/orb_slam2_core.dir/build.make:272: CMakeFiles/orb_slam2_core.dir/src/ORB_SLAM2/PnPsolver.cc.o] Error 1\n'}
[0.624346] (orb_slam2_stereo) StderrLine: {'line': b'gmake[2]: *** Waiting for unfinished jobs....\n'}
[0.705514] (-) TimerEvent: {}
[0.806187] (-) TimerEvent: {}
[0.907411] (-) TimerEvent: {}
[1.008518] (-) TimerEvent: {}
[1.109461] (-) TimerEvent: {}
[1.125995] (orb_slam2_stereo) StderrLine: {'line': b'In file included from \x1b[01m\x1b[K/home/zsj/WorkSpace/ORB2_SLAM/ORB_SLAM2_ROS2/src/orb_slam_stero/src/ORB_SLAM2/LoopClosing.cc:27\x1b[m\x1b[K:\n'}
[1.126317] (orb_slam2_stereo) StderrLine: {'line': b'\x1b[01m\x1b[K/home/zsj/WorkSpace/ORB2_SLAM/ORB_SLAM2_ROS2/src/orb_slam_stero/include/ORB_SLAM2/Optimizer.h:30:10:\x1b[m\x1b[K \x1b[01;31m\x1b[Kfatal error: \x1b[m\x1b[KThirdparty/g2o/g2o/types/types_seven_dof_expmap.h: No such file or directory\n'}
[1.126413] (orb_slam2_stereo) StderrLine: {'line': b'   30 | #include \x1b[01;31m\x1b[K"Thirdparty/g2o/g2o/types/types_seven_dof_expmap.h"\x1b[m\x1b[K\n'}
[1.126482] (orb_slam2_stereo) StderrLine: {'line': b'      |          \x1b[01;31m\x1b[K^~~~~~~~~~~~~~~~~~~~~~~~~~~~~~~~~~~~~~~~~~~~~~~~~~~\x1b[m\x1b[K\n'}
[1.126542] (orb_slam2_stereo) StderrLine: {'line': b'compilation terminated.\n'}
[1.127662] (orb_slam2_stereo) StderrLine: {'line': b'In file included from \x1b[01m\x1b[K/home/zsj/WorkSpace/ORB2_SLAM/ORB_SLAM2_ROS2/src/orb_slam_stero/src/ORB_SLAM2/LocalMapping.cc:24\x1b[m\x1b[K:\n'}
[1.127907] (orb_slam2_stereo) StderrLine: {'line': b'\x1b[01m\x1b[K/home/zsj/WorkSpace/ORB2_SLAM/ORB_SLAM2_ROS2/src/orb_slam_stero/include/ORB_SLAM2/Optimizer.h:30:10:\x1b[m\x1b[K \x1b[01;31m\x1b[Kfatal error: \x1b[m\x1b[KThirdparty/g2o/g2o/types/types_seven_dof_expmap.h: No such file or directory\n'}
[1.128014] (orb_slam2_stereo) StderrLine: {'line': b'   30 | #include \x1b[01;31m\x1b[K"Thirdparty/g2o/g2o/types/types_seven_dof_expmap.h"\x1b[m\x1b[K\n'}
[1.128100] (orb_slam2_stereo) StderrLine: {'line': b'      |          \x1b[01;31m\x1b[K^~~~~~~~~~~~~~~~~~~~~~~~~~~~~~~~~~~~~~~~~~~~~~~~~~~\x1b[m\x1b[K\n'}
[1.128182] (orb_slam2_stereo) StderrLine: {'line': b'compilation terminated.\n'}
[1.135551] (orb_slam2_stereo) StderrLine: {'line': b'gmake[2]: *** [CMakeFiles/orb_slam2_core.dir/build.make:174: CMakeFiles/orb_slam2_core.dir/src/ORB_SLAM2/LoopClosing.cc.o] Error 1\n'}
[1.136241] (orb_slam2_stereo) StderrLine: {'line': b'gmake[2]: *** [CMakeFiles/orb_slam2_core.dir/build.make:160: CMakeFiles/orb_slam2_core.dir/src/ORB_SLAM2/LocalMapping.cc.o] Error 1\n'}
[1.141077] (orb_slam2_stereo) StderrLine: {'line': b'In file included from \x1b[01m\x1b[K/home/zsj/WorkSpace/ORB2_SLAM/ORB_SLAM2_ROS2/src/orb_slam_stero/src/ORB_SLAM2/Optimizer.cc:21\x1b[m\x1b[K:\n'}
[1.141442] (orb_slam2_stereo) StderrLine: {'line': b'\x1b[01m\x1b[K/home/zsj/WorkSpace/ORB2_SLAM/ORB_SLAM2_ROS2/src/orb_slam_stero/include/ORB_SLAM2/Optimizer.h:30:10:\x1b[m\x1b[K \x1b[01;31m\x1b[Kfatal error: \x1b[m\x1b[KThirdparty/g2o/g2o/types/types_seven_dof_expmap.h: No such file or directory\n'}
[1.141588] (orb_slam2_stereo) StderrLine: {'line': b'   30 | #include \x1b[01;31m\x1b[K"Thirdparty/g2o/g2o/types/types_seven_dof_expmap.h"\x1b[m\x1b[K\n'}
[1.141673] (orb_slam2_stereo) StderrLine: {'line': b'      |          \x1b[01;31m\x1b[K^~~~~~~~~~~~~~~~~~~~~~~~~~~~~~~~~~~~~~~~~~~~~~~~~~~\x1b[m\x1b[K\n'}
[1.141762] (orb_slam2_stereo) StderrLine: {'line': b'compilation terminated.\n'}
[1.149211] (orb_slam2_stereo) StderrLine: {'line': b'gmake[2]: *** [CMakeFiles/orb_slam2_core.dir/build.make:258: CMakeFiles/orb_slam2_core.dir/src/ORB_SLAM2/Optimizer.cc.o] Error 1\n'}
[1.168856] (orb_slam2_stereo) StderrLine: {'line': b'In file included from \x1b[01m\x1b[K/home/zsj/WorkSpace/ORB2_SLAM/ORB_SLAM2_ROS2/src/orb_slam_stero/src/ORB_SLAM2/Tracking.cc:33\x1b[m\x1b[K:\n'}
[1.169538] (orb_slam2_stereo) StderrLine: {'line': b'\x1b[01m\x1b[K/home/zsj/WorkSpace/ORB2_SLAM/ORB_SLAM2_ROS2/src/orb_slam_stero/include/ORB_SLAM2/Optimizer.h:30:10:\x1b[m\x1b[K \x1b[01;31m\x1b[Kfatal error: \x1b[m\x1b[KThirdparty/g2o/g2o/types/types_seven_dof_expmap.h: No such file or directory\n'}
[1.169758] (orb_slam2_stereo) StderrLine: {'line': b'   30 | #include \x1b[01;31m\x1b[K"Thirdparty/g2o/g2o/types/types_seven_dof_expmap.h"\x1b[m\x1b[K\n'}
[1.169895] (orb_slam2_stereo) StderrLine: {'line': b'      |          \x1b[01;31m\x1b[K^~~~~~~~~~~~~~~~~~~~~~~~~~~~~~~~~~~~~~~~~~~~~~~~~~~\x1b[m\x1b[K\n'}
[1.169982] (orb_slam2_stereo) StderrLine: {'line': b'compilation terminated.\n'}
[1.180566] (orb_slam2_stereo) StderrLine: {'line': b'gmake[2]: *** [CMakeFiles/orb_slam2_core.dir/build.make:314: CMakeFiles/orb_slam2_core.dir/src/ORB_SLAM2/Tracking.cc.o] Error 1\n'}
[1.187678] (orb_slam2_stereo) StderrLine: {'line': b'In file included from \x1b[01m\x1b[K/home/zsj/WorkSpace/ORB2_SLAM/ORB_SLAM2_ROS2/src/orb_slam_stero/src/ORB_SLAM2/Initializer.cc:25\x1b[m\x1b[K:\n'}
[1.188009] (orb_slam2_stereo) StderrLine: {'line': b'\x1b[01m\x1b[K/home/zsj/WorkSpace/ORB2_SLAM/ORB_SLAM2_ROS2/src/orb_slam_stero/include/ORB_SLAM2/Optimizer.h:30:10:\x1b[m\x1b[K \x1b[01;31m\x1b[Kfatal error: \x1b[m\x1b[KThirdparty/g2o/g2o/types/types_seven_dof_expmap.h: No such file or directory\n'}
[1.188070] (orb_slam2_stereo) StderrLine: {'line': b'   30 | #include \x1b[01;31m\x1b[K"Thirdparty/g2o/g2o/types/types_seven_dof_expmap.h"\x1b[m\x1b[K\n'}
[1.188117] (orb_slam2_stereo) StderrLine: {'line': b'      |          \x1b[01;31m\x1b[K^~~~~~~~~~~~~~~~~~~~~~~~~~~~~~~~~~~~~~~~~~~~~~~~~~~\x1b[m\x1b[K\n'}
[1.188161] (orb_slam2_stereo) StderrLine: {'line': b'compilation terminated.\n'}
[1.197744] (orb_slam2_stereo) StderrLine: {'line': b'gmake[2]: *** [CMakeFiles/orb_slam2_core.dir/build.make:118: CMakeFiles/orb_slam2_core.dir/src/ORB_SLAM2/Initializer.cc.o] Error 1\n'}
[1.209731] (-) TimerEvent: {}
[1.316695] (-) TimerEvent: {}
[1.425302] (-) TimerEvent: {}
[1.533866] (-) TimerEvent: {}
[1.645222] (-) TimerEvent: {}
[1.753837] (-) TimerEvent: {}
[1.862351] (-) TimerEvent: {}
[1.964040] (-) TimerEvent: {}
[2.070623] (-) TimerEvent: {}
[2.171659] (-) TimerEvent: {}
[2.280090] (-) TimerEvent: {}
[2.388595] (-) TimerEvent: {}
[2.493898] (-) TimerEvent: {}
[2.597666] (-) TimerEvent: {}
[2.699733] (-) TimerEvent: {}
[2.801566] (-) TimerEvent: {}
[2.902522] (-) TimerEvent: {}
[3.005333] (-) TimerEvent: {}
[3.113526] (-) TimerEvent: {}
[3.221931] (-) TimerEvent: {}
[3.330708] (-) TimerEvent: {}
[3.370659] (orb_slam2_stereo) StderrLine: {'line': b'\x1b[01m\x1b[K/home/zsj/WorkSpace/ORB2_SLAM/ORB_SLAM2_ROS2/src/orb_slam_stero/src/ORB_SLAM2/Sim3Solver.cc:\x1b[m\x1b[K In member function \xe2\x80\x98\x1b[01m\x1b[Kvoid ORB_SLAM2::Sim3Solver::ComputeCentroid(cv::Mat&, cv::Mat&, cv::Mat&)\x1b[m\x1b[K\xe2\x80\x99:\n'}
[3.371153] (orb_slam2_stereo) StderrLine: {'line': b'\x1b[01m\x1b[K/home/zsj/WorkSpace/ORB2_SLAM/ORB_SLAM2_ROS2/src/orb_slam_stero/src/ORB_SLAM2/Sim3Solver.cc:217:22:\x1b[m\x1b[K \x1b[01;31m\x1b[Kerror: \x1b[m\x1b[K\xe2\x80\x98\x1b[01m\x1b[KCV_REDUCE_SUM\x1b[m\x1b[K\xe2\x80\x99 was not declared in this scope\n'}
[3.371292] (orb_slam2_stereo) StderrLine: {'line': b'  217 |     cv::reduce(P,C,1,\x1b[01;31m\x1b[KCV_REDUCE_SUM\x1b[m\x1b[K);\n'}
[3.371389] (orb_slam2_stereo) StderrLine: {'line': b'      |                      \x1b[01;31m\x1b[K^~~~~~~~~~~~~\x1b[m\x1b[K\n'}
[3.435856] (-) TimerEvent: {}
[3.544278] (-) TimerEvent: {}
[3.652827] (-) TimerEvent: {}
[3.761349] (-) TimerEvent: {}
[3.863428] (-) TimerEvent: {}
[3.971983] (-) TimerEvent: {}
[4.080302] (-) TimerEvent: {}
[4.188754] (-) TimerEvent: {}
[4.297174] (-) TimerEvent: {}
[4.405477] (-) TimerEvent: {}
[4.506621] (-) TimerEvent: {}
[4.563773] (orb_slam2_stereo) StderrLine: {'line': b'gmake[2]: *** [CMakeFiles/orb_slam2_core.dir/build.make:286: CMakeFiles/orb_slam2_core.dir/src/ORB_SLAM2/Sim3Solver.cc.o] Error 1\n'}
[4.606925] (-) TimerEvent: {}
[4.712759] (-) TimerEvent: {}
[4.821093] (-) TimerEvent: {}
[4.929514] (-) TimerEvent: {}
[5.034370] (-) TimerEvent: {}
[5.142502] (-) TimerEvent: {}
[5.250689] (-) TimerEvent: {}
[5.359036] (-) TimerEvent: {}
[5.460072] (-) TimerEvent: {}
[5.564225] (-) TimerEvent: {}
[5.672692] (-) TimerEvent: {}
[5.781203] (-) TimerEvent: {}
[5.889530] (-) TimerEvent: {}
[5.990125] (-) TimerEvent: {}
[6.098420] (-) TimerEvent: {}
[6.206758] (-) TimerEvent: {}
[6.315098] (-) TimerEvent: {}
[6.423346] (-) TimerEvent: {}
[6.527123] (-) TimerEvent: {}
[6.630554] (-) TimerEvent: {}
[6.738162] (-) TimerEvent: {}
[6.846504] (-) TimerEvent: {}
[6.954804] (-) TimerEvent: {}
[7.060969] (-) TimerEvent: {}
[7.169406] (-) TimerEvent: {}
[7.277893] (-) TimerEvent: {}
[7.386510] (-) TimerEvent: {}
[7.495058] (-) TimerEvent: {}
[7.585520] (orb_slam2_stereo) StderrLine: {'line': b'\x1b[01m\x1b[K/home/zsj/WorkSpace/ORB2_SLAM/ORB_SLAM2_ROS2/src/orb_slam_stero/src/ORB_SLAM2/Viewer.cc:\x1b[m\x1b[K In member function \xe2\x80\x98\x1b[01m\x1b[Kvoid ORB_SLAM2::Viewer::Run()\x1b[m\x1b[K\xe2\x80\x99:\n'}
[7.586018] (orb_slam2_stereo) StderrLine: {'line': b'\x1b[01m\x1b[K/home/zsj/WorkSpace/ORB2_SLAM/ORB_SLAM2_ROS2/src/orb_slam_stero/src/ORB_SLAM2/Viewer.cc:160:17:\x1b[m\x1b[K \x1b[01;31m\x1b[Kerror: \x1b[m\x1b[K\xe2\x80\x98\x1b[01m\x1b[Kusleep\x1b[m\x1b[K\xe2\x80\x99 was not declared in this scope\n'}
[7.586124] (orb_slam2_stereo) StderrLine: {'line': b'  160 |                 \x1b[01;31m\x1b[Kusleep\x1b[m\x1b[K(3000);\n'}
[7.586212] (orb_slam2_stereo) StderrLine: {'line': b'      |                 \x1b[01;31m\x1b[K^~~~~~\x1b[m\x1b[K\n'}
[7.595996] (-) TimerEvent: {}
[7.704290] (-) TimerEvent: {}
[7.737256] (orb_slam2_stereo) StderrLine: {'line': b'\x1b[01m\x1b[K/home/zsj/WorkSpace/ORB2_SLAM/ORB_SLAM2_ROS2/src/orb_slam_stero/src/ORB_SLAM2/FrameDrawer.cc:\x1b[m\x1b[K In member function \xe2\x80\x98\x1b[01m\x1b[Kcv::Mat ORB_SLAM2::FrameDrawer::DrawFrame()\x1b[m\x1b[K\xe2\x80\x99:\n'}
[7.737683] (orb_slam2_stereo) StderrLine: {'line': b'\x1b[01m\x1b[K/home/zsj/WorkSpace/ORB2_SLAM/ORB_SLAM2_ROS2/src/orb_slam_stero/src/ORB_SLAM2/FrameDrawer.cc:75:24:\x1b[m\x1b[K \x1b[01;31m\x1b[Kerror: \x1b[m\x1b[K\xe2\x80\x98\x1b[01m\x1b[KCV_GRAY2BGR\x1b[m\x1b[K\xe2\x80\x99 was not declared in this scope\n'}
[7.737765] (orb_slam2_stereo) StderrLine: {'line': b'   75 |         cvtColor(im,im,\x1b[01;31m\x1b[KCV_GRAY2BGR\x1b[m\x1b[K);\n'}
[7.737820] (orb_slam2_stereo) StderrLine: {'line': b'      |                        \x1b[01;31m\x1b[K^~~~~~~~~~~\x1b[m\x1b[K\n'}
[7.767703] (orb_slam2_stereo) StderrLine: {'line': b'\x1b[01m\x1b[K/home/zsj/WorkSpace/ORB2_SLAM/ORB_SLAM2_ROS2/src/orb_slam_stero/src/ORB_SLAM2/System.cc:\x1b[m\x1b[K In member function \xe2\x80\x98\x1b[01m\x1b[Kcv::Mat ORB_SLAM2::System::TrackStereo(const cv::Mat&, const cv::Mat&, const double&)\x1b[m\x1b[K\xe2\x80\x99:\n'}
[7.768119] (orb_slam2_stereo) StderrLine: {'line': b'\x1b[01m\x1b[K/home/zsj/WorkSpace/ORB2_SLAM/ORB_SLAM2_ROS2/src/orb_slam_stero/src/ORB_SLAM2/System.cc:134:17:\x1b[m\x1b[K \x1b[01;31m\x1b[Kerror: \x1b[m\x1b[K\xe2\x80\x98\x1b[01m\x1b[Kusleep\x1b[m\x1b[K\xe2\x80\x99 was not declared in this scope\n'}
[7.768274] (orb_slam2_stereo) StderrLine: {'line': b'  134 |                 \x1b[01;31m\x1b[Kusleep\x1b[m\x1b[K(1000);\n'}
[7.768382] (orb_slam2_stereo) StderrLine: {'line': b'      |                 \x1b[01;31m\x1b[K^~~~~~\x1b[m\x1b[K\n'}
[7.796355] (orb_slam2_stereo) StderrLine: {'line': b'\x1b[01m\x1b[K/home/zsj/WorkSpace/ORB2_SLAM/ORB_SLAM2_ROS2/src/orb_slam_stero/src/ORB_SLAM2/System.cc:\x1b[m\x1b[K In member function \xe2\x80\x98\x1b[01m\x1b[Kcv::Mat ORB_SLAM2::System::TrackRGBD(const cv::Mat&, const cv::Mat&, const double&)\x1b[m\x1b[K\xe2\x80\x99:\n'}
[7.796767] (orb_slam2_stereo) StderrLine: {'line': b'\x1b[01m\x1b[K/home/zsj/WorkSpace/ORB2_SLAM/ORB_SLAM2_ROS2/src/orb_slam_stero/src/ORB_SLAM2/System.cc:185:17:\x1b[m\x1b[K \x1b[01;31m\x1b[Kerror: \x1b[m\x1b[K\xe2\x80\x98\x1b[01m\x1b[Kusleep\x1b[m\x1b[K\xe2\x80\x99 was not declared in this scope\n'}
[7.796832] (orb_slam2_stereo) StderrLine: {'line': b'  185 |                 \x1b[01;31m\x1b[Kusleep\x1b[m\x1b[K(1000);\n'}
[7.796885] (orb_slam2_stereo) StderrLine: {'line': b'      |                 \x1b[01;31m\x1b[K^~~~~~\x1b[m\x1b[K\n'}
[7.805114] (-) TimerEvent: {}
[7.826111] (orb_slam2_stereo) StderrLine: {'line': b'\x1b[01m\x1b[K/home/zsj/WorkSpace/ORB2_SLAM/ORB_SLAM2_ROS2/src/orb_slam_stero/src/ORB_SLAM2/System.cc:\x1b[m\x1b[K In member function \xe2\x80\x98\x1b[01m\x1b[Kcv::Mat ORB_SLAM2::System::TrackMonocular(const cv::Mat&, const double&)\x1b[m\x1b[K\xe2\x80\x99:\n'}
[7.826553] (orb_slam2_stereo) StderrLine: {'line': b'\x1b[01m\x1b[K/home/zsj/WorkSpace/ORB2_SLAM/ORB_SLAM2_ROS2/src/orb_slam_stero/src/ORB_SLAM2/System.cc:236:17:\x1b[m\x1b[K \x1b[01;31m\x1b[Kerror: \x1b[m\x1b[K\xe2\x80\x98\x1b[01m\x1b[Kusleep\x1b[m\x1b[K\xe2\x80\x99 was not declared in this scope\n'}
[7.826659] (orb_slam2_stereo) StderrLine: {'line': b'  236 |                 \x1b[01;31m\x1b[Kusleep\x1b[m\x1b[K(1000);\n'}
[7.826769] (orb_slam2_stereo) StderrLine: {'line': b'      |                 \x1b[01;31m\x1b[K^~~~~~\x1b[m\x1b[K\n'}
[7.868539] (orb_slam2_stereo) StderrLine: {'line': b'\x1b[01m\x1b[K/home/zsj/WorkSpace/ORB2_SLAM/ORB_SLAM2_ROS2/src/orb_slam_stero/src/ORB_SLAM2/System.cc:\x1b[m\x1b[K In member function \xe2\x80\x98\x1b[01m\x1b[Kvoid ORB_SLAM2::System::Shutdown()\x1b[m\x1b[K\xe2\x80\x99:\n'}
[7.868930] (orb_slam2_stereo) StderrLine: {'line': b'\x1b[01m\x1b[K/home/zsj/WorkSpace/ORB2_SLAM/ORB_SLAM2_ROS2/src/orb_slam_stero/src/ORB_SLAM2/System.cc:309:13:\x1b[m\x1b[K \x1b[01;31m\x1b[Kerror: \x1b[m\x1b[K\xe2\x80\x98\x1b[01m\x1b[Kusleep\x1b[m\x1b[K\xe2\x80\x99 was not declared in this scope\n'}
[7.868994] (orb_slam2_stereo) StderrLine: {'line': b'  309 |             \x1b[01;31m\x1b[Kusleep\x1b[m\x1b[K(5000);\n'}
[7.869042] (orb_slam2_stereo) StderrLine: {'line': b'      |             \x1b[01;31m\x1b[K^~~~~~\x1b[m\x1b[K\n'}
[7.891697] (orb_slam2_stereo) StderrLine: {'line': b'\x1b[01m\x1b[K/home/zsj/WorkSpace/ORB2_SLAM/ORB_SLAM2_ROS2/src/orb_slam_stero/src/ORB_SLAM2/System.cc:315:9:\x1b[m\x1b[K \x1b[01;31m\x1b[Kerror: \x1b[m\x1b[K\xe2\x80\x98\x1b[01m\x1b[Kusleep\x1b[m\x1b[K\xe2\x80\x99 was not declared in this scope\n'}
[7.892099] (orb_slam2_stereo) StderrLine: {'line': b'  315 |         \x1b[01;31m\x1b[Kusleep\x1b[m\x1b[K(5000);\n'}
[7.892158] (orb_slam2_stereo) StderrLine: {'line': b'      |         \x1b[01;31m\x1b[K^~~~~~\x1b[m\x1b[K\n'}
[7.906530] (-) TimerEvent: {}
[8.008345] (-) TimerEvent: {}
[8.112878] (-) TimerEvent: {}
[8.221498] (-) TimerEvent: {}
[8.329985] (-) TimerEvent: {}
[8.438292] (-) TimerEvent: {}
[8.539019] (-) TimerEvent: {}
[8.642294] (-) TimerEvent: {}
[8.750764] (-) TimerEvent: {}
[8.859111] (-) TimerEvent: {}
[8.967478] (-) TimerEvent: {}
[9.083649] (-) TimerEvent: {}
[9.192051] (-) TimerEvent: {}
[9.300417] (-) TimerEvent: {}
[9.408841] (-) TimerEvent: {}
[9.517289] (-) TimerEvent: {}
[9.625550] (-) TimerEvent: {}
[9.733886] (-) TimerEvent: {}
[9.842230] (-) TimerEvent: {}
[9.950566] (-) TimerEvent: {}
[10.055207] (-) TimerEvent: {}
[10.163701] (-) TimerEvent: {}
[10.272076] (-) TimerEvent: {}
[10.380072] (-) TimerEvent: {}
[10.481160] (-) TimerEvent: {}
[10.589739] (-) TimerEvent: {}
[10.698098] (-) TimerEvent: {}
[10.798897] (-) TimerEvent: {}
[10.905384] (-) TimerEvent: {}
[11.009915] (-) TimerEvent: {}
[11.112186] (-) TimerEvent: {}
[11.215051] (-) TimerEvent: {}
[11.316305] (-) TimerEvent: {}
[11.418425] (-) TimerEvent: {}
[11.527519] (-) TimerEvent: {}
[11.636733] (-) TimerEvent: {}
[11.745646] (-) TimerEvent: {}
[11.854686] (-) TimerEvent: {}
[11.963678] (-) TimerEvent: {}
[12.068604] (-) TimerEvent: {}
[12.171883] (-) TimerEvent: {}
[12.281177] (-) TimerEvent: {}
[12.390330] (-) TimerEvent: {}
[12.499522] (-) TimerEvent: {}
[12.608599] (-) TimerEvent: {}
[12.717576] (-) TimerEvent: {}
[12.826496] (-) TimerEvent: {}
[12.935606] (-) TimerEvent: {}
[13.037665] (-) TimerEvent: {}
[13.146637] (-) TimerEvent: {}
[13.255708] (-) TimerEvent: {}
[13.364900] (-) TimerEvent: {}
[13.466784] (-) TimerEvent: {}
[13.575633] (-) TimerEvent: {}
[13.684491] (-) TimerEvent: {}
[13.786120] (-) TimerEvent: {}
[13.888879] (-) TimerEvent: {}
[13.997260] (-) TimerEvent: {}
[14.104225] (-) TimerEvent: {}
[14.212646] (-) TimerEvent: {}
[14.320953] (-) TimerEvent: {}
[14.429441] (-) TimerEvent: {}
[14.537730] (-) TimerEvent: {}
[14.642127] (-) TimerEvent: {}
[14.750415] (-) TimerEvent: {}
[14.858795] (-) TimerEvent: {}
[14.967105] (-) TimerEvent: {}
[15.071408] (-) TimerEvent: {}
[15.179871] (-) TimerEvent: {}
[15.288344] (-) TimerEvent: {}
[15.396808] (-) TimerEvent: {}
[15.499403] (-) TimerEvent: {}
[15.608080] (-) TimerEvent: {}
[15.715520] (-) TimerEvent: {}
[15.824005] (-) TimerEvent: {}
[15.932249] (-) TimerEvent: {}
[16.033558] (-) TimerEvent: {}
[16.135403] (-) TimerEvent: {}
[16.240990] (-) TimerEvent: {}
[16.349659] (-) TimerEvent: {}
[16.451272] (-) TimerEvent: {}
[16.559719] (-) TimerEvent: {}
[16.662767] (-) TimerEvent: {}
[16.765481] (-) TimerEvent: {}
[16.867912] (-) TimerEvent: {}
[16.970252] (-) TimerEvent: {}
[17.073635] (-) TimerEvent: {}
[17.182054] (-) TimerEvent: {}
[17.290606] (-) TimerEvent: {}
[17.399372] (-) TimerEvent: {}
[17.503894] (-) TimerEvent: {}
[17.544927] (orb_slam2_stereo) StderrLine: {'line': b'gmake[2]: *** [CMakeFiles/orb_slam2_core.dir/build.make:328: CMakeFiles/orb_slam2_core.dir/src/ORB_SLAM2/Viewer.cc.o] Error 1\n'}
[17.609272] (-) TimerEvent: {}
[17.719004] (orb_slam2_stereo) StderrLine: {'line': b'gmake[2]: *** [CMakeFiles/orb_slam2_core.dir/build.make:104: CMakeFiles/orb_slam2_core.dir/src/ORB_SLAM2/FrameDrawer.cc.o] Error 1\n'}
[17.719399] (-) TimerEvent: {}
[17.827768] (-) TimerEvent: {}
[17.936298] (-) TimerEvent: {}
[18.044991] (-) TimerEvent: {}
[18.153536] (-) TimerEvent: {}
[18.170038] (orb_slam2_stereo) StderrLine: {'line': b'gmake[2]: *** [CMakeFiles/orb_slam2_core.dir/build.make:300: CMakeFiles/orb_slam2_core.dir/src/ORB_SLAM2/System.cc.o] Error 1\n'}
[18.170688] (orb_slam2_stereo) StderrLine: {'line': b'gmake[1]: *** [CMakeFiles/Makefile2:175: CMakeFiles/orb_slam2_core.dir/all] Error 2\n'}
[18.171342] (orb_slam2_stereo) StderrLine: {'line': b'gmake: *** [Makefile:146: all] Error 2\n'}
[18.177184] (orb_slam2_stereo) CommandEnded: {'returncode': 2}
[18.199795] (orb_slam2_stereo) JobEnded: {'identifier': 'orb_slam2_stereo', 'rc': 2}
[18.211366] (-) EventReactorShutdown: {}
