[0.016s] Invoking command in '/home/zsj/WorkSpace/ORB2_SLAM/ORB_SLAM2_ROS2/build/orb_slam2_stereo': CMAKE_PREFIX_PATH=/opt/ros/humble CONDA_PROMPT_MODIFIER=(base) /usr/bin/cmake /home/zsj/WorkSpace/ORB2_SLAM/ORB_SLAM2_ROS2/src/orb_slam_stero -DCMAKE_BUILD_TYPE=Release -DCMAKE_INSTALL_PREFIX=/home/zsj/WorkSpace/ORB2_SLAM/ORB_SLAM2_ROS2/install/orb_slam2_stereo
[0.761s] -- The C compiler identification is GNU 11.4.0
[3.576s] -- The CXX compiler identification is GNU 11.4.0
[5.963s] -- Detecting C compiler ABI info
[6.565s] -- Detecting C compiler ABI info - done
[6.573s] -- Check for working C compiler: /usr/bin/cc - skipped
[6.573s] -- Detecting C compile features
[6.574s] -- Detecting C compile features - done
[6.578s] -- Detecting CXX compiler ABI info
[7.195s] -- Detecting CXX compiler ABI info - done
[7.207s] -- Check for working CXX compiler: /usr/bin/c++ - skipped
[7.207s] -- Detecting CXX compile features
[7.208s] -- Detecting CXX compile features - done
[7.241s] -- Found ament_cmake: 1.3.12 (/opt/ros/humble/share/ament_cmake/cmake)
[7.466s] -- Found Python3: /usr/bin/python3 (found version "3.10.12") found components: Interpreter 
[7.615s] -- Found rclcpp: 16.0.17 (/opt/ros/humble/share/rclcpp/cmake)
[8.402s] -- Found rosidl_generator_c: 3.1.8 (/opt/ros/humble/share/rosidl_generator_c/cmake)
[8.412s] -- Found rosidl_adapter: 3.1.8 (/opt/ros/humble/share/rosidl_adapter/cmake)
[8.431s] -- Found rosidl_generator_cpp: 3.1.8 (/opt/ros/humble/share/rosidl_generator_cpp/cmake)
[8.456s] -- Using all available rosidl_typesupport_c: rosidl_typesupport_fastrtps_c;rosidl_typesupport_introspection_c
[8.481s] -- Using all available rosidl_typesupport_cpp: rosidl_typesupport_fastrtps_cpp;rosidl_typesupport_introspection_cpp
[8.530s] -- Found rmw_implementation_cmake: 6.1.2 (/opt/ros/humble/share/rmw_implementation_cmake/cmake)
[8.533s] -- Found rmw_fastrtps_cpp: 6.2.9 (/opt/ros/humble/share/rmw_fastrtps_cpp/cmake)
[16.222s] -- Found OpenSSL: /usr/lib/x86_64-linux-gnu/libcrypto.so (found version "3.0.2")  
[24.849s] -- Found FastRTPS: /opt/ros/humble/include  
[40.527s] -- Using RMW implementation 'rmw_fastrtps_cpp' as default
[40.545s] -- Looking for pthread.h
[41.208s] -- Looking for pthread.h - found
[41.209s] -- Performing Test CMAKE_HAVE_LIBC_PTHREAD
[41.844s] -- Performing Test CMAKE_HAVE_LIBC_PTHREAD - Success
[41.846s] -- Found Threads: TRUE  
[41.923s] -- Found sensor_msgs: 4.9.0 (/opt/ros/humble/share/sensor_msgs/cmake)
[41.957s] -- Found cv_bridge: 3.2.1 (/opt/ros/humble/share/cv_bridge/cmake)
[41.971s] -- Found image_transport: 3.1.12 (/opt/ros/humble/share/image_transport/cmake)
[49.849s] -- Found OpenCV: /usr (found suitable version "4.5.4", minimum required is "4.0") 
[52.583s] -- Found OpenGL: /usr/lib/x86_64-linux-gnu/libOpenGL.so  found components: OpenGL 
[52.589s] [0mCMake Deprecation Warning at Thirdparty/DBoW2/CMakeLists.txt:1 (cmake_minimum_required):
[52.590s]   Compatibility with CMake < 2.8.12 will be removed from a future version of
[52.590s]   CMake.
[52.590s] 
[52.590s]   Update the VERSION argument <min> value or use a ...<max> suffix to tell
[52.590s]   CMake that the project does not need compatibility with older versions.
[52.590s] 
[52.590s] [0m
[52.604s] [0mCMake Deprecation Warning at Thirdparty/g2o/CMakeLists.txt:1 (CMAKE_MINIMUM_REQUIRED):
[52.604s]   Compatibility with CMake < 2.8.12 will be removed from a future version of
[52.604s]   CMake.
[52.604s] 
[52.604s]   Update the VERSION argument <min> value or use a ...<max> suffix to tell
[52.604s]   CMake that the project does not need compatibility with older versions.
[52.604s] 
[52.604s] [0m
[52.604s] -- BUILD TYPE:Release
[52.604s] -- Compiling on Unix
[54.679s] -- Found OpenMP_C: -fopenmp (found version "4.5") 
[55.340s] -- Found OpenMP_CXX: -fopenmp (found version "4.5") 
[55.340s] -- Found OpenMP: TRUE (found version "4.5")  
[56.052s] -- Found Eigen3: /usr/include/eigen3 (Required is at least version "3.1.0") 
[56.137s] -- Configuring done
[56.185s] -- Generating done
[56.196s] -- Build files have been written to: /home/zsj/WorkSpace/ORB2_SLAM/ORB_SLAM2_ROS2/build/orb_slam2_stereo
[56.211s] Invoked command in '/home/zsj/WorkSpace/ORB2_SLAM/ORB_SLAM2_ROS2/build/orb_slam2_stereo' returned '0': CMAKE_PREFIX_PATH=/opt/ros/humble CONDA_PROMPT_MODIFIER=(base) /usr/bin/cmake /home/zsj/WorkSpace/ORB2_SLAM/ORB_SLAM2_ROS2/src/orb_slam_stero -DCMAKE_BUILD_TYPE=Release -DCMAKE_INSTALL_PREFIX=/home/zsj/WorkSpace/ORB2_SLAM/ORB_SLAM2_ROS2/install/orb_slam2_stereo
[56.213s] Invoking command in '/home/zsj/WorkSpace/ORB2_SLAM/ORB_SLAM2_ROS2/build/orb_slam2_stereo': CMAKE_PREFIX_PATH=/opt/ros/humble CONDA_PROMPT_MODIFIER=(base) /usr/bin/cmake --build /home/zsj/WorkSpace/ORB2_SLAM/ORB_SLAM2_ROS2/build/orb_slam2_stereo -- -j18 -l18
[56.274s] [  3%] [32mBuilding CXX object Thirdparty/g2o/CMakeFiles/g2o.dir/g2o/types/types_six_dof_expmap.cpp.o[0m
[56.274s] [  3%] [32mBuilding CXX object Thirdparty/g2o/CMakeFiles/g2o.dir/g2o/types/types_seven_dof_expmap.cpp.o[0m
[56.276s] [  5%] [32mBuilding CXX object Thirdparty/g2o/CMakeFiles/g2o.dir/g2o/core/hyper_graph_action.cpp.o[0m
[56.277s] [  6%] [32mBuilding CXX object Thirdparty/DBoW2/CMakeFiles/DBoW2.dir/DBoW2/FORB.cpp.o[0m
[56.295s] [  8%] [32mBuilding CXX object Thirdparty/DBoW2/CMakeFiles/DBoW2.dir/DBoW2/ScoringObject.cpp.o[0m
[56.295s] [ 11%] [32mBuilding CXX object Thirdparty/g2o/CMakeFiles/g2o.dir/g2o/core/optimizable_graph.cpp.o[0m
[56.295s] [ 11%] [32mBuilding CXX object Thirdparty/g2o/CMakeFiles/g2o.dir/g2o/core/hyper_graph.cpp.o[0m
[56.296s] [ 13%] [32mBuilding CXX object Thirdparty/g2o/CMakeFiles/g2o.dir/g2o/types/types_sba.cpp.o[0m
[56.296s] [ 15%] [32mBuilding CXX object Thirdparty/DBoW2/CMakeFiles/DBoW2.dir/DUtils/Random.cpp.o[0m
[56.296s] [ 16%] [32mBuilding CXX object Thirdparty/g2o/CMakeFiles/g2o.dir/g2o/core/matrix_structure.cpp.o[0m
[56.296s] [ 18%] [32mBuilding CXX object Thirdparty/DBoW2/CMakeFiles/DBoW2.dir/DBoW2/FeatureVector.cpp.o[0m
[56.297s] [ 22%] [32mBuilding CXX object Thirdparty/DBoW2/CMakeFiles/DBoW2.dir/DBoW2/BowVector.cpp.o[0m
[56.297s] [ 22%] [32mBuilding CXX object Thirdparty/g2o/CMakeFiles/g2o.dir/g2o/core/cache.cpp.o[0m
[56.302s] [ 23%] [32mBuilding CXX object Thirdparty/g2o/CMakeFiles/g2o.dir/g2o/core/marginal_covariance_cholesky.cpp.o[0m
[56.306s] [ 25%] [32mBuilding CXX object Thirdparty/g2o/CMakeFiles/g2o.dir/g2o/core/solver.cpp.o[0m
[56.311s] [ 27%] [32mBuilding CXX object Thirdparty/g2o/CMakeFiles/g2o.dir/g2o/core/parameter.cpp.o[0m
[56.321s] [ 28%] [32mBuilding CXX object Thirdparty/DBoW2/CMakeFiles/DBoW2.dir/DUtils/Timestamp.cpp.o[0m
[56.322s] [ 30%] [32mBuilding CXX object Thirdparty/g2o/CMakeFiles/g2o.dir/g2o/core/batch_stats.cpp.o[0m
[57.434s] [ 32%] [32mBuilding CXX object Thirdparty/g2o/CMakeFiles/g2o.dir/g2o/core/optimization_algorithm_factory.cpp.o[0m
[57.570s] [ 33%] [32mBuilding CXX object Thirdparty/g2o/CMakeFiles/g2o.dir/g2o/core/estimate_propagator.cpp.o[0m
[57.679s] [ 35%] [32mBuilding CXX object Thirdparty/g2o/CMakeFiles/g2o.dir/g2o/core/factory.cpp.o[0m
[58.115s] [ 37%] [32mBuilding CXX object Thirdparty/g2o/CMakeFiles/g2o.dir/g2o/core/sparse_optimizer.cpp.o[0m
[58.551s] [ 38%] [32mBuilding CXX object Thirdparty/g2o/CMakeFiles/g2o.dir/g2o/core/hyper_dijkstra.cpp.o[0m
[58.803s] [ 40%] [32mBuilding CXX object Thirdparty/g2o/CMakeFiles/g2o.dir/g2o/core/parameter_container.cpp.o[0m
[58.840s] [ 42%] [32mBuilding CXX object Thirdparty/g2o/CMakeFiles/g2o.dir/g2o/core/optimization_algorithm.cpp.o[0m
[58.893s] [ 44%] [32mBuilding CXX object Thirdparty/g2o/CMakeFiles/g2o.dir/g2o/core/optimization_algorithm_with_hessian.cpp.o[0m
[59.046s] [ 45%] [32mBuilding CXX object Thirdparty/g2o/CMakeFiles/g2o.dir/g2o/core/optimization_algorithm_levenberg.cpp.o[0m
[60.640s] [ 47%] [32mBuilding CXX object Thirdparty/g2o/CMakeFiles/g2o.dir/g2o/core/jacobian_workspace.cpp.o[0m
[61.566s] [ 49%] [32mBuilding CXX object Thirdparty/g2o/CMakeFiles/g2o.dir/g2o/core/robust_kernel.cpp.o[0m
[61.695s] [ 50%] [32m[1mLinking CXX shared library /home/zsj/WorkSpace/ORB2_SLAM/ORB_SLAM2_ROS2/src/orb_slam_stero/Thirdparty/DBoW2/lib/libDBoW2.so[0m
[62.552s] [ 52%] [32mBuilding CXX object Thirdparty/g2o/CMakeFiles/g2o.dir/g2o/core/robust_kernel_factory.cpp.o[0m
[63.309s] [ 54%] [32mBuilding CXX object Thirdparty/g2o/CMakeFiles/g2o.dir/g2o/core/robust_kernel_impl.cpp.o[0m
[63.558s] [ 55%] [32mBuilding CXX object Thirdparty/g2o/CMakeFiles/g2o.dir/g2o/stuff/timeutil.cpp.o[0m
[63.768s] [ 55%] Built target DBoW2
[63.825s] [ 57%] [32mBuilding C object Thirdparty/g2o/CMakeFiles/g2o.dir/g2o/stuff/os_specific.c.o[0m
[63.968s] [ 59%] [32mBuilding CXX object Thirdparty/g2o/CMakeFiles/g2o.dir/g2o/stuff/string_tools.cpp.o[0m
[64.358s] [ 61%] [32mBuilding CXX object Thirdparty/g2o/CMakeFiles/g2o.dir/g2o/stuff/property.cpp.o[0m
[82.941s] [01m[K/home/zsj/WorkSpace/ORB2_SLAM/ORB_SLAM2_ROS2/src/orb_slam_stero/Thirdparty/g2o/g2o/types/types_six_dof_expmap.cpp:[m[K In member function â€˜[01m[Kvirtual bool g2o::EdgeSE3ProjectXYZ::read(std::istream&)[m[Kâ€™:
[82.942s] [01m[K/home/zsj/WorkSpace/ORB2_SLAM/ORB_SLAM2_ROS2/src/orb_slam_stero/Thirdparty/g2o/g2o/types/types_six_dof_expmap.cpp:82:26:[m[K [01;35m[Kwarning: [m[Kiteration 2 invokes undefined behavior [[01;35m[K]8;;https://gcc.gnu.org/onlinedocs/gcc/Warning-Options.html#index-Waggressive-loop-optimizations-Waggressive-loop-optimizations]8;;[m[K]
[82.942s]    82 |       is >> [01;35m[Kinformation()(i,j)[m[K;
[82.942s]       |             [01;35m[K~~~~~~~~~~~~~^~~~~[m[K
[82.942s] [01m[K/home/zsj/WorkSpace/ORB2_SLAM/ORB_SLAM2_ROS2/src/orb_slam_stero/Thirdparty/g2o/g2o/types/types_six_dof_expmap.cpp:81:20:[m[K [01;36m[Knote: [m[Kwithin this loop
[82.942s]    81 |     for (int j=i; [01;36m[Kj<2[m[K; j++) {
[82.942s]       |                   [01;36m[K~^~[m[K
[88.632s] [01m[K/home/zsj/WorkSpace/ORB2_SLAM/ORB_SLAM2_ROS2/src/orb_slam_stero/Thirdparty/g2o/g2o/types/types_seven_dof_expmap.cpp:[m[K In member function â€˜[01m[Kvirtual bool g2o::EdgeSim3ProjectXYZ::read(std::istream&)[m[Kâ€™:
[88.632s] [01m[K/home/zsj/WorkSpace/ORB2_SLAM/ORB_SLAM2_ROS2/src/orb_slam_stero/Thirdparty/g2o/g2o/types/types_seven_dof_expmap.cpp:139:22:[m[K [01;35m[Kwarning: [m[Kiteration 2 invokes undefined behavior [[01;35m[K]8;;https://gcc.gnu.org/onlinedocs/gcc/Warning-Options.html#index-Waggressive-loop-optimizations-Waggressive-loop-optimizations]8;;[m[K]
[88.632s]   139 |   is >> [01;35m[Kinformation()(i,j)[m[K;
[88.632s]       |         [01;35m[K~~~~~~~~~~~~~^~~~~[m[K
[88.633s] [01m[K/home/zsj/WorkSpace/ORB2_SLAM/ORB_SLAM2_ROS2/src/orb_slam_stero/Thirdparty/g2o/g2o/types/types_seven_dof_expmap.cpp:138:22:[m[K [01;36m[Knote: [m[Kwithin this loop
[88.633s]   138 |       for (int j=i; [01;36m[Kj<2[m[K; j++) {
[88.633s]       |                     [01;36m[K~^~[m[K
[90.283s] [ 62%] [32m[1mLinking CXX shared library /home/zsj/WorkSpace/ORB2_SLAM/ORB_SLAM2_ROS2/src/orb_slam_stero/Thirdparty/g2o/lib/libg2o.so[0m
[90.996s] [ 62%] Built target g2o
[91.030s] [ 66%] [32mBuilding CXX object CMakeFiles/orb_slam2_core.dir/src/ORB_SLAM2/Frame.cc.o[0m
[91.030s] [ 71%] [32mBuilding CXX object CMakeFiles/orb_slam2_core.dir/src/ORB_SLAM2/FrameDrawer.cc.o[0m
[91.031s] [ 71%] [32mBuilding CXX object CMakeFiles/orb_slam2_core.dir/src/ORB_SLAM2/KeyFrame.cc.o[0m
[91.031s] [ 67%] [32mBuilding CXX object CMakeFiles/orb_slam2_core.dir/src/ORB_SLAM2/LoopClosing.cc.o[0m
[91.032s] [ 71%] [32mBuilding CXX object CMakeFiles/orb_slam2_core.dir/src/ORB_SLAM2/Converter.cc.o[0m
[91.032s] [ 72%] [32mBuilding CXX object CMakeFiles/orb_slam2_core.dir/src/ORB_SLAM2/KeyFrameDatabase.cc.o[0m
[91.032s] [ 74%] [32mBuilding CXX object CMakeFiles/orb_slam2_core.dir/src/ORB_SLAM2/Initializer.cc.o[0m
[91.043s] [ 76%] [32mBuilding CXX object CMakeFiles/orb_slam2_core.dir/src/ORB_SLAM2/MapDrawer.cc.o[0m
[91.043s] [ 77%] [32mBuilding CXX object CMakeFiles/orb_slam2_core.dir/src/ORB_SLAM2/MapPoint.cc.o[0m
[91.049s] [ 79%] [32mBuilding CXX object CMakeFiles/orb_slam2_core.dir/src/ORB_SLAM2/ORBmatcher.cc.o[0m
[91.055s] [ 83%] [32mBuilding CXX object CMakeFiles/orb_slam2_core.dir/src/ORB_SLAM2/LocalMapping.cc.o[0m
[91.055s] [ 83%] [32mBuilding CXX object CMakeFiles/orb_slam2_core.dir/src/ORB_SLAM2/Map.cc.o[0m
[91.068s] In file included from [01m[K/home/zsj/WorkSpace/ORB2_SLAM/ORB_SLAM2_ROS2/src/orb_slam_stero/include/ORB_SLAM2/MapPoint.h:24[m[K,
[91.068s]                  from [01m[K/home/zsj/WorkSpace/ORB2_SLAM/ORB_SLAM2_ROS2/src/orb_slam_stero/src/ORB_SLAM2/MapPoint.cc:21[m[K:
[91.068s] [01m[K/home/zsj/WorkSpace/ORB2_SLAM/ORB_SLAM2_ROS2/src/orb_slam_stero/include/ORB_SLAM2/KeyFrame.h:25:10:[m[K [01;31m[Kfatal error: [m[KThirdparty/DBoW2/DBoW2/BowVector.h: No such file or directory
[91.068s]    25 | #include [01;31m[K"Thirdparty/DBoW2/DBoW2/BowVector.h"[m[K
[91.068s]       |          [01;31m[K^~~~~~~~~~~~~~~~~~~~~~~~~~~~~~~~~~~~[m[K
[91.068s] compilation terminated.
[91.068s] In file included from [01m[K/home/zsj/WorkSpace/ORB2_SLAM/ORB_SLAM2_ROS2/src/orb_slam_stero/include/ORB_SLAM2/MapPoint.h:24[m[K,
[91.068s]                  from [01m[K/home/zsj/WorkSpace/ORB2_SLAM/ORB_SLAM2_ROS2/src/orb_slam_stero/include/ORB_SLAM2/Map.h:24[m[K,
[91.068s]                  from [01m[K/home/zsj/WorkSpace/ORB2_SLAM/ORB_SLAM2_ROS2/src/orb_slam_stero/include/ORB_SLAM2/MapDrawer.h:24[m[K,
[91.068s]                  from [01m[K/home/zsj/WorkSpace/ORB2_SLAM/ORB_SLAM2_ROS2/src/orb_slam_stero/src/ORB_SLAM2/MapDrawer.cc:21[m[K:
[91.069s] [01m[K/home/zsj/WorkSpace/ORB2_SLAM/ORB_SLAM2_ROS2/src/orb_slam_stero/include/ORB_SLAM2/KeyFrame.h:25:10:[m[K [01;31m[Kfatal error: [m[KThirdparty/DBoW2/DBoW2/BowVector.h: No such file or directory
[91.069s]    25 | #include [01;31m[K"Thirdparty/DBoW2/DBoW2/BowVector.h"[m[K
[91.069s]       |          [01;31m[K^~~~~~~~~~~~~~~~~~~~~~~~~~~~~~~~~~~~[m[K
[91.069s] compilation terminated.
[91.070s] [ 86%] [32mBuilding CXX object CMakeFiles/orb_slam2_core.dir/src/ORB_SLAM2/PnPsolver.cc.o[0m
[91.070s] [ 86%] [32mBuilding CXX object CMakeFiles/orb_slam2_core.dir/src/ORB_SLAM2/ORBextractor.cc.o[0m
[91.082s] gmake[2]: *** [CMakeFiles/orb_slam2_core.dir/build.make:216: CMakeFiles/orb_slam2_core.dir/src/ORB_SLAM2/MapPoint.cc.o] Error 1
[91.082s] gmake[2]: *** Waiting for unfinished jobs....
[91.082s] In file included from [01m[K/home/zsj/WorkSpace/ORB2_SLAM/ORB_SLAM2_ROS2/src/orb_slam_stero/include/ORB_SLAM2/MapPoint.h:25[m[K,
[91.083s]                  from [01m[K/home/zsj/WorkSpace/ORB2_SLAM/ORB_SLAM2_ROS2/src/orb_slam_stero/include/ORB_SLAM2/KeyFrame.h:24[m[K,
[91.083s]                  from [01m[K/home/zsj/WorkSpace/ORB2_SLAM/ORB_SLAM2_ROS2/src/orb_slam_stero/src/ORB_SLAM2/KeyFrame.cc:21[m[K:
[91.083s] [01m[K/home/zsj/WorkSpace/ORB2_SLAM/ORB_SLAM2_ROS2/src/orb_slam_stero/include/ORB_SLAM2/Frame.h:27:10:[m[K [01;31m[Kfatal error: [m[KThirdparty/DBoW2/DBoW2/BowVector.h: No such file or directory
[91.083s]    27 | #include [01;31m[K"Thirdparty/DBoW2/DBoW2/BowVector.h"[m[K
[91.083s]       |          [01;31m[K^~~~~~~~~~~~~~~~~~~~~~~~~~~~~~~~~~~~[m[K
[91.083s] compilation terminated.
[91.083s] In file included from [01m[K/home/zsj/WorkSpace/ORB2_SLAM/ORB_SLAM2_ROS2/src/orb_slam_stero/include/ORB_SLAM2/MapPoint.h:25[m[K,
[91.083s]                  from [01m[K/home/zsj/WorkSpace/ORB2_SLAM/ORB_SLAM2_ROS2/src/orb_slam_stero/include/ORB_SLAM2/KeyFrame.h:24[m[K,
[91.083s]                  from [01m[K/home/zsj/WorkSpace/ORB2_SLAM/ORB_SLAM2_ROS2/src/orb_slam_stero/include/ORB_SLAM2/LoopClosing.h:24[m[K,
[91.083s]                  from [01m[K/home/zsj/WorkSpace/ORB2_SLAM/ORB_SLAM2_ROS2/src/orb_slam_stero/src/ORB_SLAM2/LoopClosing.cc:21[m[K:
[91.083s] [01m[K/home/zsj/WorkSpace/ORB2_SLAM/ORB_SLAM2_ROS2/src/orb_slam_stero/include/ORB_SLAM2/Frame.h:27:10:[m[K [01;31m[Kfatal error: [m[KThirdparty/DBoW2/DBoW2/BowVector.h: No such file or directory
[91.083s]    27 | #include [01;31m[K"Thirdparty/DBoW2/DBoW2/BowVector.h"[m[K
[91.083s]       |          [01;31m[K^~~~~~~~~~~~~~~~~~~~~~~~~~~~~~~~~~~~[m[K
[91.083s] compilation terminated.
[91.084s] [ 88%] [32mBuilding CXX object CMakeFiles/orb_slam2_core.dir/src/ORB_SLAM2/Optimizer.cc.o[0m
[91.084s] gmake[2]: *** [CMakeFiles/orb_slam2_core.dir/build.make:132: CMakeFiles/orb_slam2_core.dir/src/ORB_SLAM2/KeyFrame.cc.o] Error 1
[91.084s] gmake[2]: *** [CMakeFiles/orb_slam2_core.dir/build.make:174: CMakeFiles/orb_slam2_core.dir/src/ORB_SLAM2/LoopClosing.cc.o] Error 1
[91.085s] gmake[2]: *** [CMakeFiles/orb_slam2_core.dir/build.make:202: CMakeFiles/orb_slam2_core.dir/src/ORB_SLAM2/MapDrawer.cc.o] Error 1
[91.087s] [ 89%] [32mBuilding CXX object CMakeFiles/orb_slam2_core.dir/src/ORB_SLAM2/Sim3Solver.cc.o[0m
[91.090s] In file included from [01m[K/home/zsj/WorkSpace/ORB2_SLAM/ORB_SLAM2_ROS2/src/orb_slam_stero/include/ORB_SLAM2/MapPoint.h:24[m[K,
[91.091s]                  from [01m[K/home/zsj/WorkSpace/ORB2_SLAM/ORB_SLAM2_ROS2/src/orb_slam_stero/include/ORB_SLAM2/Map.h:24[m[K,
[91.091s]                  from [01m[K/home/zsj/WorkSpace/ORB2_SLAM/ORB_SLAM2_ROS2/src/orb_slam_stero/src/ORB_SLAM2/Map.cc:21[m[K:
[91.091s] [01m[K/home/zsj/WorkSpace/ORB2_SLAM/ORB_SLAM2_ROS2/src/orb_slam_stero/include/ORB_SLAM2/KeyFrame.h:25:10:[m[K [01;31m[Kfatal error: [m[KThirdparty/DBoW2/DBoW2/BowVector.h: No such file or directory
[91.091s]    25 | #include [01;31m[K"Thirdparty/DBoW2/DBoW2/BowVector.h"[m[K
[91.091s]       |          [01;31m[K^~~~~~~~~~~~~~~~~~~~~~~~~~~~~~~~~~~~[m[K
[91.096s] compilation terminated.
[91.096s] In file included from [01m[K/home/zsj/WorkSpace/ORB2_SLAM/ORB_SLAM2_ROS2/src/orb_slam_stero/include/ORB_SLAM2/MapPoint.h:24[m[K,
[91.096s]                  from [01m[K/home/zsj/WorkSpace/ORB2_SLAM/ORB_SLAM2_ROS2/src/orb_slam_stero/include/ORB_SLAM2/Frame.h:26[m[K,
[91.096s]                  from [01m[K/home/zsj/WorkSpace/ORB2_SLAM/ORB_SLAM2_ROS2/src/orb_slam_stero/src/ORB_SLAM2/Frame.cc:21[m[K:
[91.096s] [01m[K/home/zsj/WorkSpace/ORB2_SLAM/ORB_SLAM2_ROS2/src/orb_slam_stero/include/ORB_SLAM2/KeyFrame.h:25:10:[m[K [01;31m[Kfatal error: [m[KThirdparty/DBoW2/DBoW2/BowVector.h: No such file or directory
[91.097s]    25 | #include [01;31m[K"Thirdparty/DBoW2/DBoW2/BowVector.h"[m[K
[91.097s]       |          [01;31m[K^~~~~~~~~~~~~~~~~~~~~~~~~~~~~~~~~~~~[m[K
[91.097s] compilation terminated.
[91.097s] gmake[2]: *** [CMakeFiles/orb_slam2_core.dir/build.make:188: CMakeFiles/orb_slam2_core.dir/src/ORB_SLAM2/Map.cc.o] Error 1
[91.098s] gmake[2]: *** [CMakeFiles/orb_slam2_core.dir/build.make:90: CMakeFiles/orb_slam2_core.dir/src/ORB_SLAM2/Frame.cc.o] Error 1
[91.100s] In file included from [01m[K/home/zsj/WorkSpace/ORB2_SLAM/ORB_SLAM2_ROS2/src/orb_slam_stero/include/ORB_SLAM2/MapPoint.h:24[m[K,
[91.100s]                  from [01m[K/home/zsj/WorkSpace/ORB2_SLAM/ORB_SLAM2_ROS2/src/orb_slam_stero/include/ORB_SLAM2/Map.h:24[m[K,
[91.100s]                  from [01m[K/home/zsj/WorkSpace/ORB2_SLAM/ORB_SLAM2_ROS2/src/orb_slam_stero/include/ORB_SLAM2/Optimizer.h:24[m[K,
[91.100s]                  from [01m[K/home/zsj/WorkSpace/ORB2_SLAM/ORB_SLAM2_ROS2/src/orb_slam_stero/src/ORB_SLAM2/Optimizer.cc:21[m[K:
[91.100s] [01m[K/home/zsj/WorkSpace/ORB2_SLAM/ORB_SLAM2_ROS2/src/orb_slam_stero/include/ORB_SLAM2/KeyFrame.h:25:10:[m[K [01;31m[Kfatal error: [m[KThirdparty/DBoW2/DBoW2/BowVector.h: No such file or directory
[91.101s]    25 | #include [01;31m[K"Thirdparty/DBoW2/DBoW2/BowVector.h"[m[K
[91.101s]       |          [01;31m[K^~~~~~~~~~~~~~~~~~~~~~~~~~~~~~~~~~~~[m[K
[91.101s] compilation terminated.
[91.104s] gmake[2]: *** [CMakeFiles/orb_slam2_core.dir/build.make:258: CMakeFiles/orb_slam2_core.dir/src/ORB_SLAM2/Optimizer.cc.o] Error 1
[91.108s] In file included from [01m[K/home/zsj/WorkSpace/ORB2_SLAM/ORB_SLAM2_ROS2/src/orb_slam_stero/include/ORB_SLAM2/MapPoint.h:25[m[K,
[91.109s]                  from [01m[K/home/zsj/WorkSpace/ORB2_SLAM/ORB_SLAM2_ROS2/src/orb_slam_stero/include/ORB_SLAM2/KeyFrame.h:24[m[K,
[91.109s]                  from [01m[K/home/zsj/WorkSpace/ORB2_SLAM/ORB_SLAM2_ROS2/src/orb_slam_stero/include/ORB_SLAM2/KeyFrameDatabase.h:28[m[K,
[91.109s]                  from [01m[K/home/zsj/WorkSpace/ORB2_SLAM/ORB_SLAM2_ROS2/src/orb_slam_stero/src/ORB_SLAM2/KeyFrameDatabase.cc:21[m[K:
[91.109s] [01m[K/home/zsj/WorkSpace/ORB2_SLAM/ORB_SLAM2_ROS2/src/orb_slam_stero/include/ORB_SLAM2/Frame.h:27:10:[m[K [01;31m[Kfatal error: [m[KThirdparty/DBoW2/DBoW2/BowVector.h: No such file or directory
[91.109s]    27 | #include [01;31m[K"Thirdparty/DBoW2/DBoW2/BowVector.h"[m[K
[91.109s]       |          [01;31m[K^~~~~~~~~~~~~~~~~~~~~~~~~~~~~~~~~~~~[m[K
[91.109s] compilation terminated.
[91.111s] gmake[2]: *** [CMakeFiles/orb_slam2_core.dir/build.make:146: CMakeFiles/orb_slam2_core.dir/src/ORB_SLAM2/KeyFrameDatabase.cc.o] Error 1
[91.113s] In file included from [01m[K/home/zsj/WorkSpace/ORB2_SLAM/ORB_SLAM2_ROS2/src/orb_slam_stero/include/ORB_SLAM2/MapPoint.h:25[m[K,
[91.114s]                  from [01m[K/home/zsj/WorkSpace/ORB2_SLAM/ORB_SLAM2_ROS2/src/orb_slam_stero/include/ORB_SLAM2/KeyFrame.h:24[m[K,
[91.114s]                  from [01m[K/home/zsj/WorkSpace/ORB2_SLAM/ORB_SLAM2_ROS2/src/orb_slam_stero/include/ORB_SLAM2/LocalMapping.h:24[m[K,
[91.114s]                  from [01m[K/home/zsj/WorkSpace/ORB2_SLAM/ORB_SLAM2_ROS2/src/orb_slam_stero/src/ORB_SLAM2/LocalMapping.cc:21[m[K:
[91.114s] [01m[K/home/zsj/WorkSpace/ORB2_SLAM/ORB_SLAM2_ROS2/src/orb_slam_stero/include/ORB_SLAM2/Frame.h:27:10:[m[K [01;31m[Kfatal error: [m[KThirdparty/DBoW2/DBoW2/BowVector.h: No such file or directory
[91.114s]    27 | #include [01;31m[K"Thirdparty/DBoW2/DBoW2/BowVector.h"[m[K
[91.114s]       |          [01;31m[K^~~~~~~~~~~~~~~~~~~~~~~~~~~~~~~~~~~~[m[K
[91.114s] compilation terminated.
[91.116s] gmake[2]: *** [CMakeFiles/orb_slam2_core.dir/build.make:160: CMakeFiles/orb_slam2_core.dir/src/ORB_SLAM2/LocalMapping.cc.o] Error 1
[91.448s] In file included from [01m[K/home/zsj/WorkSpace/ORB2_SLAM/ORB_SLAM2_ROS2/src/orb_slam_stero/include/ORB_SLAM2/MapPoint.h:24[m[K,
[91.448s]                  from [01m[K/home/zsj/WorkSpace/ORB2_SLAM/ORB_SLAM2_ROS2/src/orb_slam_stero/include/ORB_SLAM2/Map.h:24[m[K,
[91.448s]                  from [01m[K/home/zsj/WorkSpace/ORB2_SLAM/ORB_SLAM2_ROS2/src/orb_slam_stero/include/ORB_SLAM2/MapDrawer.h:24[m[K,
[91.448s]                  from [01m[K/home/zsj/WorkSpace/ORB2_SLAM/ORB_SLAM2_ROS2/src/orb_slam_stero/include/ORB_SLAM2/Viewer.h:26[m[K,
[91.448s]                  from [01m[K/home/zsj/WorkSpace/ORB2_SLAM/ORB_SLAM2_ROS2/src/orb_slam_stero/include/ORB_SLAM2/Tracking.h:28[m[K,
[91.449s]                  from [01m[K/home/zsj/WorkSpace/ORB2_SLAM/ORB_SLAM2_ROS2/src/orb_slam_stero/include/ORB_SLAM2/FrameDrawer.h:24[m[K,
[91.449s]                  from [01m[K/home/zsj/WorkSpace/ORB2_SLAM/ORB_SLAM2_ROS2/src/orb_slam_stero/src/ORB_SLAM2/FrameDrawer.cc:21[m[K:
[91.449s] [01m[K/home/zsj/WorkSpace/ORB2_SLAM/ORB_SLAM2_ROS2/src/orb_slam_stero/include/ORB_SLAM2/KeyFrame.h:25:10:[m[K [01;31m[Kfatal error: [m[KThirdparty/DBoW2/DBoW2/BowVector.h: No such file or directory
[91.449s]    25 | #include [01;31m[K"Thirdparty/DBoW2/DBoW2/BowVector.h"[m[K
[91.449s]       |          [01;31m[K^~~~~~~~~~~~~~~~~~~~~~~~~~~~~~~~~~~~[m[K
[91.449s] compilation terminated.
[91.453s] In file included from [01m[K/home/zsj/WorkSpace/ORB2_SLAM/ORB_SLAM2_ROS2/src/orb_slam_stero/include/ORB_SLAM2/MapPoint.h:24[m[K,
[91.453s]                  from [01m[K/home/zsj/WorkSpace/ORB2_SLAM/ORB_SLAM2_ROS2/src/orb_slam_stero/include/ORB_SLAM2/ORBmatcher.h:29[m[K,
[91.453s]                  from [01m[K/home/zsj/WorkSpace/ORB2_SLAM/ORB_SLAM2_ROS2/src/orb_slam_stero/src/ORB_SLAM2/ORBmatcher.cc:21[m[K:
[91.453s] [01m[K/home/zsj/WorkSpace/ORB2_SLAM/ORB_SLAM2_ROS2/src/orb_slam_stero/include/ORB_SLAM2/KeyFrame.h:25:10:[m[K [01;31m[Kfatal error: [m[KThirdparty/DBoW2/DBoW2/BowVector.h: No such file or directory
[91.453s]    25 | #include [01;31m[K"Thirdparty/DBoW2/DBoW2/BowVector.h"[m[K
[91.454s]       |          [01;31m[K^~~~~~~~~~~~~~~~~~~~~~~~~~~~~~~~~~~~[m[K
[91.454s] compilation terminated.
[91.457s] gmake[2]: *** [CMakeFiles/orb_slam2_core.dir/build.make:104: CMakeFiles/orb_slam2_core.dir/src/ORB_SLAM2/FrameDrawer.cc.o] Error 1
[91.459s] gmake[2]: *** [CMakeFiles/orb_slam2_core.dir/build.make:244: CMakeFiles/orb_slam2_core.dir/src/ORB_SLAM2/ORBmatcher.cc.o] Error 1
[91.473s] In file included from [01m[K/home/zsj/WorkSpace/ORB2_SLAM/ORB_SLAM2_ROS2/src/orb_slam_stero/include/ORB_SLAM2/MapPoint.h:24[m[K,
[91.473s]                  from [01m[K/home/zsj/WorkSpace/ORB2_SLAM/ORB_SLAM2_ROS2/src/orb_slam_stero/include/ORB_SLAM2/PnPsolver.h:55[m[K,
[91.473s]                  from [01m[K/home/zsj/WorkSpace/ORB2_SLAM/ORB_SLAM2_ROS2/src/orb_slam_stero/src/ORB_SLAM2/PnPsolver.cc:53[m[K:
[91.473s] [01m[K/home/zsj/WorkSpace/ORB2_SLAM/ORB_SLAM2_ROS2/src/orb_slam_stero/include/ORB_SLAM2/KeyFrame.h:25:10:[m[K [01;31m[Kfatal error: [m[KThirdparty/DBoW2/DBoW2/BowVector.h: No such file or directory
[91.473s]    25 | #include [01;31m[K"Thirdparty/DBoW2/DBoW2/BowVector.h"[m[K
[91.473s]       |          [01;31m[K^~~~~~~~~~~~~~~~~~~~~~~~~~~~~~~~~~~~[m[K
[91.473s] compilation terminated.
[91.480s] gmake[2]: *** [CMakeFiles/orb_slam2_core.dir/build.make:272: CMakeFiles/orb_slam2_core.dir/src/ORB_SLAM2/PnPsolver.cc.o] Error 1
[91.510s] In file included from [01m[K/home/zsj/WorkSpace/ORB2_SLAM/ORB_SLAM2_ROS2/src/orb_slam_stero/include/ORB_SLAM2/MapPoint.h:24[m[K,
[91.511s]                  from [01m[K/home/zsj/WorkSpace/ORB2_SLAM/ORB_SLAM2_ROS2/src/orb_slam_stero/include/ORB_SLAM2/Frame.h:26[m[K,
[91.511s]                  from [01m[K/home/zsj/WorkSpace/ORB2_SLAM/ORB_SLAM2_ROS2/src/orb_slam_stero/include/ORB_SLAM2/Initializer.h:24[m[K,
[91.511s]                  from [01m[K/home/zsj/WorkSpace/ORB2_SLAM/ORB_SLAM2_ROS2/src/orb_slam_stero/src/ORB_SLAM2/Initializer.cc:21[m[K:
[91.511s] [01m[K/home/zsj/WorkSpace/ORB2_SLAM/ORB_SLAM2_ROS2/src/orb_slam_stero/include/ORB_SLAM2/KeyFrame.h:25:10:[m[K [01;31m[Kfatal error: [m[KThirdparty/DBoW2/DBoW2/BowVector.h: No such file or directory
[91.511s]    25 | #include [01;31m[K"Thirdparty/DBoW2/DBoW2/BowVector.h"[m[K
[91.511s]       |          [01;31m[K^~~~~~~~~~~~~~~~~~~~~~~~~~~~~~~~~~~~[m[K
[91.511s] compilation terminated.
[91.517s] gmake[2]: *** [CMakeFiles/orb_slam2_core.dir/build.make:118: CMakeFiles/orb_slam2_core.dir/src/ORB_SLAM2/Initializer.cc.o] Error 1
[91.539s] In file included from [01m[K/home/zsj/WorkSpace/ORB2_SLAM/ORB_SLAM2_ROS2/src/orb_slam_stero/src/ORB_SLAM2/Converter.cc:22[m[K:
[91.539s] [01m[K/home/zsj/WorkSpace/ORB2_SLAM/ORB_SLAM2_ROS2/src/orb_slam_stero/include/ORB_SLAM2/Converter.h:27:9:[m[K [01;31m[Kfatal error: [m[KThirdparty/g2o/g2o/types/types_six_dof_expmap.h: No such file or directory
[91.539s]    27 | #include[01;31m[K"Thirdparty/g2o/g2o/types/types_six_dof_expmap.h"[m[K
[91.539s]       |         [01;31m[K^~~~~~~~~~~~~~~~~~~~~~~~~~~~~~~~~~~~~~~~~~~~~~~~~[m[K
[91.539s] compilation terminated.
[91.549s] gmake[2]: *** [CMakeFiles/orb_slam2_core.dir/build.make:76: CMakeFiles/orb_slam2_core.dir/src/ORB_SLAM2/Converter.cc.o] Error 1
[91.562s] In file included from [01m[K/home/zsj/WorkSpace/ORB2_SLAM/ORB_SLAM2_ROS2/src/orb_slam_stero/include/ORB_SLAM2/MapPoint.h:25[m[K,
[91.563s]                  from [01m[K/home/zsj/WorkSpace/ORB2_SLAM/ORB_SLAM2_ROS2/src/orb_slam_stero/include/ORB_SLAM2/KeyFrame.h:24[m[K,
[91.563s]                  from [01m[K/home/zsj/WorkSpace/ORB2_SLAM/ORB_SLAM2_ROS2/src/orb_slam_stero/include/ORB_SLAM2/Sim3Solver.h:28[m[K,
[91.563s]                  from [01m[K/home/zsj/WorkSpace/ORB2_SLAM/ORB_SLAM2_ROS2/src/orb_slam_stero/src/ORB_SLAM2/Sim3Solver.cc:22[m[K:
[91.563s] [01m[K/home/zsj/WorkSpace/ORB2_SLAM/ORB_SLAM2_ROS2/src/orb_slam_stero/include/ORB_SLAM2/Frame.h:27:10:[m[K [01;31m[Kfatal error: [m[KThirdparty/DBoW2/DBoW2/BowVector.h: No such file or directory
[91.563s]    27 | #include [01;31m[K"Thirdparty/DBoW2/DBoW2/BowVector.h"[m[K
[91.563s]       |          [01;31m[K^~~~~~~~~~~~~~~~~~~~~~~~~~~~~~~~~~~~[m[K
[91.563s] compilation terminated.
[91.568s] gmake[2]: *** [CMakeFiles/orb_slam2_core.dir/build.make:286: CMakeFiles/orb_slam2_core.dir/src/ORB_SLAM2/Sim3Solver.cc.o] Error 1
[96.023s] gmake[1]: *** [CMakeFiles/Makefile2:175: CMakeFiles/orb_slam2_core.dir/all] Error 2
[96.024s] gmake: *** [Makefile:146: all] Error 2
[96.029s] Invoked command in '/home/zsj/WorkSpace/ORB2_SLAM/ORB_SLAM2_ROS2/build/orb_slam2_stereo' returned '2': CMAKE_PREFIX_PATH=/opt/ros/humble CONDA_PROMPT_MODIFIER=(base) /usr/bin/cmake --build /home/zsj/WorkSpace/ORB2_SLAM/ORB_SLAM2_ROS2/build/orb_slam2_stereo -- -j18 -l18
