[01m[K/home/zsj/WorkSpace/ORB2_SLAM/ORB_SLAM2_ROS2/src/orb_slam_stero/src/ORB_SLAM2/LoopClosing.cc:[m[K In member function â€˜[01m[Kvoid ORB_SLAM2::LoopClosing::CorrectLoop()[m[Kâ€™:
[01m[K/home/zsj/WorkSpace/ORB2_SLAM/ORB_SLAM2_ROS2/src/orb_slam_stero/src/ORB_SLAM2/LoopClosing.cc:416:9:[m[K [01;31m[Kerror: [m[Kuse of an operand of type â€˜[01m[Kbool[m[Kâ€™ in â€˜[01m[Koperator++[m[Kâ€™ is forbidden in C++17
  416 |         [01;31m[KmnFullBAIdx[m[K++;
      |         [01;31m[K^~~~~~~~~~~[m[K
[01m[K/home/zsj/WorkSpace/ORB2_SLAM/ORB_SLAM2_ROS2/src/orb_slam_stero/src/ORB_SLAM2/Tracking.cc:[m[K In member function â€˜[01m[Kcv::Mat ORB_SLAM2::Tracking::GrabImageStereo(const cv::Mat&, const cv::Mat&, const double&)[m[Kâ€™:
[01m[K/home/zsj/WorkSpace/ORB2_SLAM/ORB_SLAM2_ROS2/src/orb_slam_stero/src/ORB_SLAM2/Tracking.cc:177:38:[m[K [01;31m[Kerror: [m[Kâ€˜[01m[KCOLOR_RGB2GRAY[m[Kâ€™ was not declared in this scope; did you mean â€˜[01m[Kcv::COLOR_RGB2GRAY[m[Kâ€™?
  177 |             cvtColor(mImGray,mImGray,[01;31m[KCOLOR_RGB2GRAY[m[K);
      |                                      [01;31m[K^~~~~~~~~~~~~~[m[K
      |                                      [32m[Kcv::COLOR_RGB2GRAY[m[K
In file included from [01m[K/usr/include/opencv4/opencv2/opencv.hpp:74[m[K,
                 from [01m[K/home/zsj/WorkSpace/ORB2_SLAM/ORB_SLAM2_ROS2/src/orb_slam_stero/include/ORB_SLAM2/ORBextractor.h:26[m[K,
                 from [01m[K/home/zsj/WorkSpace/ORB2_SLAM/ORB_SLAM2_ROS2/src/orb_slam_stero/include/ORB_SLAM2/KeyFrame.h:28[m[K,
                 from [01m[K/home/zsj/WorkSpace/ORB2_SLAM/ORB_SLAM2_ROS2/src/orb_slam_stero/include/ORB_SLAM2/MapPoint.h:24[m[K,
                 from [01m[K/home/zsj/WorkSpace/ORB2_SLAM/ORB_SLAM2_ROS2/src/orb_slam_stero/include/ORB_SLAM2/FrameDrawer.h:25[m[K,
                 from [01m[K/home/zsj/WorkSpace/ORB2_SLAM/ORB_SLAM2_ROS2/src/orb_slam_stero/include/ORB_SLAM2/Viewer.h:25[m[K,
                 from [01m[K/home/zsj/WorkSpace/ORB2_SLAM/ORB_SLAM2_ROS2/src/orb_slam_stero/include/ORB_SLAM2/Tracking.h:28[m[K,
                 from [01m[K/home/zsj/WorkSpace/ORB2_SLAM/ORB_SLAM2_ROS2/src/orb_slam_stero/src/ORB_SLAM2/Tracking.cc:22[m[K:
[01m[K/usr/include/opencv4/opencv2/imgproc.hpp:552:5:[m[K [01;36m[Knote: [m[Kâ€˜[01m[Kcv::COLOR_RGB2GRAY[m[Kâ€™ declared here
  552 |     [01;36m[KCOLOR_RGB2GRAY[m[K     = 7,
      |     [01;36m[K^~~~~~~~~~~~~~[m[K
[01m[K/home/zsj/WorkSpace/ORB2_SLAM/ORB_SLAM2_ROS2/src/orb_slam_stero/src/ORB_SLAM2/Tracking.cc:182:38:[m[K [01;31m[Kerror: [m[Kâ€˜[01m[KCOLOR_BGR2GRAY[m[Kâ€™ was not declared in this scope; did you mean â€˜[01m[Kcv::COLOR_BGR2GRAY[m[Kâ€™?
  182 |             cvtColor(mImGray,mImGray,[01;31m[KCOLOR_BGR2GRAY[m[K);
      |                                      [01;31m[K^~~~~~~~~~~~~~[m[K
      |                                      [32m[Kcv::COLOR_BGR2GRAY[m[K
In file included from [01m[K/usr/include/opencv4/opencv2/opencv.hpp:74[m[K,
                 from [01m[K/home/zsj/WorkSpace/ORB2_SLAM/ORB_SLAM2_ROS2/src/orb_slam_stero/include/ORB_SLAM2/ORBextractor.h:26[m[K,
                 from [01m[K/home/zsj/WorkSpace/ORB2_SLAM/ORB_SLAM2_ROS2/src/orb_slam_stero/include/ORB_SLAM2/KeyFrame.h:28[m[K,
                 from [01m[K/home/zsj/WorkSpace/ORB2_SLAM/ORB_SLAM2_ROS2/src/orb_slam_stero/include/ORB_SLAM2/MapPoint.h:24[m[K,
                 from [01m[K/home/zsj/WorkSpace/ORB2_SLAM/ORB_SLAM2_ROS2/src/orb_slam_stero/include/ORB_SLAM2/FrameDrawer.h:25[m[K,
                 from [01m[K/home/zsj/WorkSpace/ORB2_SLAM/ORB_SLAM2_ROS2/src/orb_slam_stero/include/ORB_SLAM2/Viewer.h:25[m[K,
                 from [01m[K/home/zsj/WorkSpace/ORB2_SLAM/ORB_SLAM2_ROS2/src/orb_slam_stero/include/ORB_SLAM2/Tracking.h:28[m[K,
                 from [01m[K/home/zsj/WorkSpace/ORB2_SLAM/ORB_SLAM2_ROS2/src/orb_slam_stero/src/ORB_SLAM2/Tracking.cc:22[m[K:
[01m[K/usr/include/opencv4/opencv2/imgproc.hpp:551:5:[m[K [01;36m[Knote: [m[Kâ€˜[01m[Kcv::COLOR_BGR2GRAY[m[Kâ€™ declared here
  551 |     [01;36m[KCOLOR_BGR2GRAY[m[K     = 6, //!< convert between RGB/BGR and grayscale, @ref color_convert_rgb_gray "color conversions"
      |     [01;36m[K^~~~~~~~~~~~~~[m[K
[01m[K/home/zsj/WorkSpace/ORB2_SLAM/ORB_SLAM2_ROS2/src/orb_slam_stero/src/ORB_SLAM2/Tracking.cc:190:38:[m[K [01;31m[Kerror: [m[Kâ€˜[01m[KCOLOR_RGBA2GRAY[m[Kâ€™ was not declared in this scope; did you mean â€˜[01m[Kcv::COLOR_RGBA2GRAY[m[Kâ€™?
  190 |             cvtColor(mImGray,mImGray,[01;31m[KCOLOR_RGBA2GRAY[m[K);
      |                                      [01;31m[K^~~~~~~~~~~~~~~[m[K
      |                                      [32m[Kcv::COLOR_RGBA2GRAY[m[K
In file included from [01m[K/usr/include/opencv4/opencv2/opencv.hpp:74[m[K,
                 from [01m[K/home/zsj/WorkSpace/ORB2_SLAM/ORB_SLAM2_ROS2/src/orb_slam_stero/include/ORB_SLAM2/ORBextractor.h:26[m[K,
                 from [01m[K/home/zsj/WorkSpace/ORB2_SLAM/ORB_SLAM2_ROS2/src/orb_slam_stero/include/ORB_SLAM2/KeyFrame.h:28[m[K,
                 from [01m[K/home/zsj/WorkSpace/ORB2_SLAM/ORB_SLAM2_ROS2/src/orb_slam_stero/include/ORB_SLAM2/MapPoint.h:24[m[K,
                 from [01m[K/home/zsj/WorkSpace/ORB2_SLAM/ORB_SLAM2_ROS2/src/orb_slam_stero/include/ORB_SLAM2/FrameDrawer.h:25[m[K,
                 from [01m[K/home/zsj/WorkSpace/ORB2_SLAM/ORB_SLAM2_ROS2/src/orb_slam_stero/include/ORB_SLAM2/Viewer.h:25[m[K,
                 from [01m[K/home/zsj/WorkSpace/ORB2_SLAM/ORB_SLAM2_ROS2/src/orb_slam_stero/include/ORB_SLAM2/Tracking.h:28[m[K,
                 from [01m[K/home/zsj/WorkSpace/ORB2_SLAM/ORB_SLAM2_ROS2/src/orb_slam_stero/src/ORB_SLAM2/Tracking.cc:22[m[K:
[01m[K/usr/include/opencv4/opencv2/imgproc.hpp:558:5:[m[K [01;36m[Knote: [m[Kâ€˜[01m[Kcv::COLOR_RGBA2GRAY[m[Kâ€™ declared here
  558 |     [01;36m[KCOLOR_RGBA2GRAY[m[K    = 11,
      |     [01;36m[K^~~~~~~~~~~~~~~[m[K
[01m[K/home/zsj/WorkSpace/ORB2_SLAM/ORB_SLAM2_ROS2/src/orb_slam_stero/src/ORB_SLAM2/Tracking.cc:195:38:[m[K [01;31m[Kerror: [m[Kâ€˜[01m[KCOLOR_BGRA2GRAY[m[Kâ€™ was not declared in this scope; did you mean â€˜[01m[Kcv::COLOR_BGRA2GRAY[m[Kâ€™?
  195 |             cvtColor(mImGray,mImGray,[01;31m[KCOLOR_BGRA2GRAY[m[K);
      |                                      [01;31m[K^~~~~~~~~~~~~~~[m[K
      |                                      [32m[Kcv::COLOR_BGRA2GRAY[m[K
In file included from [01m[K/usr/include/opencv4/opencv2/opencv.hpp:74[m[K,
                 from [01m[K/home/zsj/WorkSpace/ORB2_SLAM/ORB_SLAM2_ROS2/src/orb_slam_stero/include/ORB_SLAM2/ORBextractor.h:26[m[K,
                 from [01m[K/home/zsj/WorkSpace/ORB2_SLAM/ORB_SLAM2_ROS2/src/orb_slam_stero/include/ORB_SLAM2/KeyFrame.h:28[m[K,
                 from [01m[K/home/zsj/WorkSpace/ORB2_SLAM/ORB_SLAM2_ROS2/src/orb_slam_stero/include/ORB_SLAM2/MapPoint.h:24[m[K,
                 from [01m[K/home/zsj/WorkSpace/ORB2_SLAM/ORB_SLAM2_ROS2/src/orb_slam_stero/include/ORB_SLAM2/FrameDrawer.h:25[m[K,
                 from [01m[K/home/zsj/WorkSpace/ORB2_SLAM/ORB_SLAM2_ROS2/src/orb_slam_stero/include/ORB_SLAM2/Viewer.h:25[m[K,
                 from [01m[K/home/zsj/WorkSpace/ORB2_SLAM/ORB_SLAM2_ROS2/src/orb_slam_stero/include/ORB_SLAM2/Tracking.h:28[m[K,
                 from [01m[K/home/zsj/WorkSpace/ORB2_SLAM/ORB_SLAM2_ROS2/src/orb_slam_stero/src/ORB_SLAM2/Tracking.cc:22[m[K:
[01m[K/usr/include/opencv4/opencv2/imgproc.hpp:557:5:[m[K [01;36m[Knote: [m[Kâ€˜[01m[Kcv::COLOR_BGRA2GRAY[m[Kâ€™ declared here
  557 |     [01;36m[KCOLOR_BGRA2GRAY[m[K    = 10,
      |     [01;36m[K^~~~~~~~~~~~~~~[m[K
[01m[K/home/zsj/WorkSpace/ORB2_SLAM/ORB_SLAM2_ROS2/src/orb_slam_stero/src/ORB_SLAM2/Tracking.cc:[m[K In member function â€˜[01m[Kcv::Mat ORB_SLAM2::Tracking::GrabImageRGBD(const cv::Mat&, const cv::Mat&, const double&)[m[Kâ€™:
[01m[K/home/zsj/WorkSpace/ORB2_SLAM/ORB_SLAM2_ROS2/src/orb_slam_stero/src/ORB_SLAM2/Tracking.cc:216:38:[m[K [01;31m[Kerror: [m[Kâ€˜[01m[KCOLOR_RGB2GRAY[m[Kâ€™ was not declared in this scope; did you mean â€˜[01m[Kcv::COLOR_RGB2GRAY[m[Kâ€™?
  216 |             cvtColor(mImGray,mImGray,[01;31m[KCOLOR_RGB2GRAY[m[K);
      |                                      [01;31m[K^~~~~~~~~~~~~~[m[K
      |                                      [32m[Kcv::COLOR_RGB2GRAY[m[K
In file included from [01m[K/usr/include/opencv4/opencv2/opencv.hpp:74[m[K,
                 from [01m[K/home/zsj/WorkSpace/ORB2_SLAM/ORB_SLAM2_ROS2/src/orb_slam_stero/include/ORB_SLAM2/ORBextractor.h:26[m[K,
                 from [01m[K/home/zsj/WorkSpace/ORB2_SLAM/ORB_SLAM2_ROS2/src/orb_slam_stero/include/ORB_SLAM2/KeyFrame.h:28[m[K,
                 from [01m[K/home/zsj/WorkSpace/ORB2_SLAM/ORB_SLAM2_ROS2/src/orb_slam_stero/include/ORB_SLAM2/MapPoint.h:24[m[K,
                 from [01m[K/home/zsj/WorkSpace/ORB2_SLAM/ORB_SLAM2_ROS2/src/orb_slam_stero/include/ORB_SLAM2/FrameDrawer.h:25[m[K,
                 from [01m[K/home/zsj/WorkSpace/ORB2_SLAM/ORB_SLAM2_ROS2/src/orb_slam_stero/include/ORB_SLAM2/Viewer.h:25[m[K,
                 from [01m[K/home/zsj/WorkSpace/ORB2_SLAM/ORB_SLAM2_ROS2/src/orb_slam_stero/include/ORB_SLAM2/Tracking.h:28[m[K,
                 from [01m[K/home/zsj/WorkSpace/ORB2_SLAM/ORB_SLAM2_ROS2/src/orb_slam_stero/src/ORB_SLAM2/Tracking.cc:22[m[K:
[01m[K/usr/include/opencv4/opencv2/imgproc.hpp:552:5:[m[K [01;36m[Knote: [m[Kâ€˜[01m[Kcv::COLOR_RGB2GRAY[m[Kâ€™ declared here
  552 |     [01;36m[KCOLOR_RGB2GRAY[m[K     = 7,
      |     [01;36m[K^~~~~~~~~~~~~~[m[K
[01m[K/home/zsj/WorkSpace/ORB2_SLAM/ORB_SLAM2_ROS2/src/orb_slam_stero/src/ORB_SLAM2/Tracking.cc:218:38:[m[K [01;31m[Kerror: [m[Kâ€˜[01m[KCOLOR_BGR2GRAY[m[Kâ€™ was not declared in this scope; did you mean â€˜[01m[Kcv::COLOR_BGR2GRAY[m[Kâ€™?
  218 |             cvtColor(mImGray,mImGray,[01;31m[KCOLOR_BGR2GRAY[m[K);
      |                                      [01;31m[K^~~~~~~~~~~~~~[m[K
      |                                      [32m[Kcv::COLOR_BGR2GRAY[m[K
In file included from [01m[K/usr/include/opencv4/opencv2/opencv.hpp:74[m[K,
                 from [01m[K/home/zsj/WorkSpace/ORB2_SLAM/ORB_SLAM2_ROS2/src/orb_slam_stero/include/ORB_SLAM2/ORBextractor.h:26[m[K,
                 from [01m[K/home/zsj/WorkSpace/ORB2_SLAM/ORB_SLAM2_ROS2/src/orb_slam_stero/include/ORB_SLAM2/KeyFrame.h:28[m[K,
                 from [01m[K/home/zsj/WorkSpace/ORB2_SLAM/ORB_SLAM2_ROS2/src/orb_slam_stero/include/ORB_SLAM2/MapPoint.h:24[m[K,
                 from [01m[K/home/zsj/WorkSpace/ORB2_SLAM/ORB_SLAM2_ROS2/src/orb_slam_stero/include/ORB_SLAM2/FrameDrawer.h:25[m[K,
                 from [01m[K/home/zsj/WorkSpace/ORB2_SLAM/ORB_SLAM2_ROS2/src/orb_slam_stero/include/ORB_SLAM2/Viewer.h:25[m[K,
                 from [01m[K/home/zsj/WorkSpace/ORB2_SLAM/ORB_SLAM2_ROS2/src/orb_slam_stero/include/ORB_SLAM2/Tracking.h:28[m[K,
                 from [01m[K/home/zsj/WorkSpace/ORB2_SLAM/ORB_SLAM2_ROS2/src/orb_slam_stero/src/ORB_SLAM2/Tracking.cc:22[m[K:
[01m[K/usr/include/opencv4/opencv2/imgproc.hpp:551:5:[m[K [01;36m[Knote: [m[Kâ€˜[01m[Kcv::COLOR_BGR2GRAY[m[Kâ€™ declared here
  551 |     [01;36m[KCOLOR_BGR2GRAY[m[K     = 6, //!< convert between RGB/BGR and grayscale, @ref color_convert_rgb_gray "color conversions"
      |     [01;36m[K^~~~~~~~~~~~~~[m[K
[01m[K/home/zsj/WorkSpace/ORB2_SLAM/ORB_SLAM2_ROS2/src/orb_slam_stero/src/ORB_SLAM2/Tracking.cc:223:38:[m[K [01;31m[Kerror: [m[Kâ€˜[01m[KCOLOR_RGBA2GRAY[m[Kâ€™ was not declared in this scope; did you mean â€˜[01m[Kcv::COLOR_RGBA2GRAY[m[Kâ€™?
  223 |             cvtColor(mImGray,mImGray,[01;31m[KCOLOR_RGBA2GRAY[m[K);
      |                                      [01;31m[K^~~~~~~~~~~~~~~[m[K
      |                                      [32m[Kcv::COLOR_RGBA2GRAY[m[K
In file included from [01m[K/usr/include/opencv4/opencv2/opencv.hpp:74[m[K,
                 from [01m[K/home/zsj/WorkSpace/ORB2_SLAM/ORB_SLAM2_ROS2/src/orb_slam_stero/include/ORB_SLAM2/ORBextractor.h:26[m[K,
                 from [01m[K/home/zsj/WorkSpace/ORB2_SLAM/ORB_SLAM2_ROS2/src/orb_slam_stero/include/ORB_SLAM2/KeyFrame.h:28[m[K,
                 from [01m[K/home/zsj/WorkSpace/ORB2_SLAM/ORB_SLAM2_ROS2/src/orb_slam_stero/include/ORB_SLAM2/MapPoint.h:24[m[K,
                 from [01m[K/home/zsj/WorkSpace/ORB2_SLAM/ORB_SLAM2_ROS2/src/orb_slam_stero/include/ORB_SLAM2/FrameDrawer.h:25[m[K,
                 from [01m[K/home/zsj/WorkSpace/ORB2_SLAM/ORB_SLAM2_ROS2/src/orb_slam_stero/include/ORB_SLAM2/Viewer.h:25[m[K,
                 from [01m[K/home/zsj/WorkSpace/ORB2_SLAM/ORB_SLAM2_ROS2/src/orb_slam_stero/include/ORB_SLAM2/Tracking.h:28[m[K,
                 from [01m[K/home/zsj/WorkSpace/ORB2_SLAM/ORB_SLAM2_ROS2/src/orb_slam_stero/src/ORB_SLAM2/Tracking.cc:22[m[K:
[01m[K/usr/include/opencv4/opencv2/imgproc.hpp:558:5:[m[K [01;36m[Knote: [m[Kâ€˜[01m[Kcv::COLOR_RGBA2GRAY[m[Kâ€™ declared here
  558 |     [01;36m[KCOLOR_RGBA2GRAY[m[K    = 11,
      |     [01;36m[K^~~~~~~~~~~~~~~[m[K
[01m[K/home/zsj/WorkSpace/ORB2_SLAM/ORB_SLAM2_ROS2/src/orb_slam_stero/src/ORB_SLAM2/Tracking.cc:225:38:[m[K [01;31m[Kerror: [m[Kâ€˜[01m[KCOLOR_BGRA2GRAY[m[Kâ€™ was not declared in this scope; did you mean â€˜[01m[Kcv::COLOR_BGRA2GRAY[m[Kâ€™?
  225 |             cvtColor(mImGray,mImGray,[01;31m[KCOLOR_BGRA2GRAY[m[K);
      |                                      [01;31m[K^~~~~~~~~~~~~~~[m[K
      |                                      [32m[Kcv::COLOR_BGRA2GRAY[m[K
In file included from [01m[K/usr/include/opencv4/opencv2/opencv.hpp:74[m[K,
                 from [01m[K/home/zsj/WorkSpace/ORB2_SLAM/ORB_SLAM2_ROS2/src/orb_slam_stero/include/ORB_SLAM2/ORBextractor.h:26[m[K,
                 from [01m[K/home/zsj/WorkSpace/ORB2_SLAM/ORB_SLAM2_ROS2/src/orb_slam_stero/include/ORB_SLAM2/KeyFrame.h:28[m[K,
                 from [01m[K/home/zsj/WorkSpace/ORB2_SLAM/ORB_SLAM2_ROS2/src/orb_slam_stero/include/ORB_SLAM2/MapPoint.h:24[m[K,
                 from [01m[K/home/zsj/WorkSpace/ORB2_SLAM/ORB_SLAM2_ROS2/src/orb_slam_stero/include/ORB_SLAM2/FrameDrawer.h:25[m[K,
                 from [01m[K/home/zsj/WorkSpace/ORB2_SLAM/ORB_SLAM2_ROS2/src/orb_slam_stero/include/ORB_SLAM2/Viewer.h:25[m[K,
                 from [01m[K/home/zsj/WorkSpace/ORB2_SLAM/ORB_SLAM2_ROS2/src/orb_slam_stero/include/ORB_SLAM2/Tracking.h:28[m[K,
                 from [01m[K/home/zsj/WorkSpace/ORB2_SLAM/ORB_SLAM2_ROS2/src/orb_slam_stero/src/ORB_SLAM2/Tracking.cc:22[m[K:
[01m[K/usr/include/opencv4/opencv2/imgproc.hpp:557:5:[m[K [01;36m[Knote: [m[Kâ€˜[01m[Kcv::COLOR_BGRA2GRAY[m[Kâ€™ declared here
  557 |     [01;36m[KCOLOR_BGRA2GRAY[m[K    = 10,
      |     [01;36m[K^~~~~~~~~~~~~~~[m[K
[01m[K/home/zsj/WorkSpace/ORB2_SLAM/ORB_SLAM2_ROS2/src/orb_slam_stero/src/ORB_SLAM2/Tracking.cc:[m[K In member function â€˜[01m[Kcv::Mat ORB_SLAM2::Tracking::GrabImageMonocular(const cv::Mat&, const double&)[m[Kâ€™:
[01m[K/home/zsj/WorkSpace/ORB2_SLAM/ORB_SLAM2_ROS2/src/orb_slam_stero/src/ORB_SLAM2/Tracking.cc:246:38:[m[K [01;31m[Kerror: [m[Kâ€˜[01m[KCOLOR_RGB2GRAY[m[Kâ€™ was not declared in this scope; did you mean â€˜[01m[Kcv::COLOR_RGB2GRAY[m[Kâ€™?
  246 |             cvtColor(mImGray,mImGray,[01;31m[KCOLOR_RGB2GRAY[m[K);
      |                                      [01;31m[K^~~~~~~~~~~~~~[m[K
      |                                      [32m[Kcv::COLOR_RGB2GRAY[m[K
In file included from [01m[K/usr/include/opencv4/opencv2/opencv.hpp:74[m[K,
                 from [01m[K/home/zsj/WorkSpace/ORB2_SLAM/ORB_SLAM2_ROS2/src/orb_slam_stero/include/ORB_SLAM2/ORBextractor.h:26[m[K,
                 from [01m[K/home/zsj/WorkSpace/ORB2_SLAM/ORB_SLAM2_ROS2/src/orb_slam_stero/include/ORB_SLAM2/KeyFrame.h:28[m[K,
                 from [01m[K/home/zsj/WorkSpace/ORB2_SLAM/ORB_SLAM2_ROS2/src/orb_slam_stero/include/ORB_SLAM2/MapPoint.h:24[m[K,
                 from [01m[K/home/zsj/WorkSpace/ORB2_SLAM/ORB_SLAM2_ROS2/src/orb_slam_stero/include/ORB_SLAM2/FrameDrawer.h:25[m[K,
                 from [01m[K/home/zsj/WorkSpace/ORB2_SLAM/ORB_SLAM2_ROS2/src/orb_slam_stero/include/ORB_SLAM2/Viewer.h:25[m[K,
                 from [01m[K/home/zsj/WorkSpace/ORB2_SLAM/ORB_SLAM2_ROS2/src/orb_slam_stero/include/ORB_SLAM2/Tracking.h:28[m[K,
                 from [01m[K/home/zsj/WorkSpace/ORB2_SLAM/ORB_SLAM2_ROS2/src/orb_slam_stero/src/ORB_SLAM2/Tracking.cc:22[m[K:
[01m[K/usr/include/opencv4/opencv2/imgproc.hpp:552:5:[m[K [01;36m[Knote: [m[Kâ€˜[01m[Kcv::COLOR_RGB2GRAY[m[Kâ€™ declared here
  552 |     [01;36m[KCOLOR_RGB2GRAY[m[K     = 7,
      |     [01;36m[K^~~~~~~~~~~~~~[m[K
[01m[K/home/zsj/WorkSpace/ORB2_SLAM/ORB_SLAM2_ROS2/src/orb_slam_stero/src/ORB_SLAM2/Tracking.cc:248:38:[m[K [01;31m[Kerror: [m[Kâ€˜[01m[KCOLOR_BGR2GRAY[m[Kâ€™ was not declared in this scope; did you mean â€˜[01m[Kcv::COLOR_BGR2GRAY[m[Kâ€™?
  248 |             cvtColor(mImGray,mImGray,[01;31m[KCOLOR_BGR2GRAY[m[K);
      |                                      [01;31m[K^~~~~~~~~~~~~~[m[K
      |                                      [32m[Kcv::COLOR_BGR2GRAY[m[K
In file included from [01m[K/usr/include/opencv4/opencv2/opencv.hpp:74[m[K,
                 from [01m[K/home/zsj/WorkSpace/ORB2_SLAM/ORB_SLAM2_ROS2/src/orb_slam_stero/include/ORB_SLAM2/ORBextractor.h:26[m[K,
                 from [01m[K/home/zsj/WorkSpace/ORB2_SLAM/ORB_SLAM2_ROS2/src/orb_slam_stero/include/ORB_SLAM2/KeyFrame.h:28[m[K,
                 from [01m[K/home/zsj/WorkSpace/ORB2_SLAM/ORB_SLAM2_ROS2/src/orb_slam_stero/include/ORB_SLAM2/MapPoint.h:24[m[K,
                 from [01m[K/home/zsj/WorkSpace/ORB2_SLAM/ORB_SLAM2_ROS2/src/orb_slam_stero/include/ORB_SLAM2/FrameDrawer.h:25[m[K,
                 from [01m[K/home/zsj/WorkSpace/ORB2_SLAM/ORB_SLAM2_ROS2/src/orb_slam_stero/include/ORB_SLAM2/Viewer.h:25[m[K,
                 from [01m[K/home/zsj/WorkSpace/ORB2_SLAM/ORB_SLAM2_ROS2/src/orb_slam_stero/include/ORB_SLAM2/Tracking.h:28[m[K,
                 from [01m[K/home/zsj/WorkSpace/ORB2_SLAM/ORB_SLAM2_ROS2/src/orb_slam_stero/src/ORB_SLAM2/Tracking.cc:22[m[K:
[01m[K/usr/include/opencv4/opencv2/imgproc.hpp:551:5:[m[K [01;36m[Knote: [m[Kâ€˜[01m[Kcv::COLOR_BGR2GRAY[m[Kâ€™ declared here
  551 |     [01;36m[KCOLOR_BGR2GRAY[m[K     = 6, //!< convert between RGB/BGR and grayscale, @ref color_convert_rgb_gray "color conversions"
      |     [01;36m[K^~~~~~~~~~~~~~[m[K
[01m[K/home/zsj/WorkSpace/ORB2_SLAM/ORB_SLAM2_ROS2/src/orb_slam_stero/src/ORB_SLAM2/Tracking.cc:253:38:[m[K [01;31m[Kerror: [m[Kâ€˜[01m[KCOLOR_RGBA2GRAY[m[Kâ€™ was not declared in this scope; did you mean â€˜[01m[Kcv::COLOR_RGBA2GRAY[m[Kâ€™?
  253 |             cvtColor(mImGray,mImGray,[01;31m[KCOLOR_RGBA2GRAY[m[K);
      |                                      [01;31m[K^~~~~~~~~~~~~~~[m[K
      |                                      [32m[Kcv::COLOR_RGBA2GRAY[m[K
In file included from [01m[K/usr/include/opencv4/opencv2/opencv.hpp:74[m[K,
                 from [01m[K/home/zsj/WorkSpace/ORB2_SLAM/ORB_SLAM2_ROS2/src/orb_slam_stero/include/ORB_SLAM2/ORBextractor.h:26[m[K,
                 from [01m[K/home/zsj/WorkSpace/ORB2_SLAM/ORB_SLAM2_ROS2/src/orb_slam_stero/include/ORB_SLAM2/KeyFrame.h:28[m[K,
                 from [01m[K/home/zsj/WorkSpace/ORB2_SLAM/ORB_SLAM2_ROS2/src/orb_slam_stero/include/ORB_SLAM2/MapPoint.h:24[m[K,
                 from [01m[K/home/zsj/WorkSpace/ORB2_SLAM/ORB_SLAM2_ROS2/src/orb_slam_stero/include/ORB_SLAM2/FrameDrawer.h:25[m[K,
                 from [01m[K/home/zsj/WorkSpace/ORB2_SLAM/ORB_SLAM2_ROS2/src/orb_slam_stero/include/ORB_SLAM2/Viewer.h:25[m[K,
                 from [01m[K/home/zsj/WorkSpace/ORB2_SLAM/ORB_SLAM2_ROS2/src/orb_slam_stero/include/ORB_SLAM2/Tracking.h:28[m[K,
                 from [01m[K/home/zsj/WorkSpace/ORB2_SLAM/ORB_SLAM2_ROS2/src/orb_slam_stero/src/ORB_SLAM2/Tracking.cc:22[m[K:
[01m[K/usr/include/opencv4/opencv2/imgproc.hpp:558:5:[m[K [01;36m[Knote: [m[Kâ€˜[01m[Kcv::COLOR_RGBA2GRAY[m[Kâ€™ declared here
  558 |     [01;36m[KCOLOR_RGBA2GRAY[m[K    = 11,
      |     [01;36m[K^~~~~~~~~~~~~~~[m[K
[01m[K/home/zsj/WorkSpace/ORB2_SLAM/ORB_SLAM2_ROS2/src/orb_slam_stero/src/ORB_SLAM2/Tracking.cc:255:38:[m[K [01;31m[Kerror: [m[Kâ€˜[01m[KCOLOR_BGRA2GRAY[m[Kâ€™ was not declared in this scope; did you mean â€˜[01m[Kcv::COLOR_BGRA2GRAY[m[Kâ€™?
  255 |             cvtColor(mImGray,mImGray,[01;31m[KCOLOR_BGRA2GRAY[m[K);
      |                                      [01;31m[K^~~~~~~~~~~~~~~[m[K
      |                                      [32m[Kcv::COLOR_BGRA2GRAY[m[K
In file included from [01m[K/usr/include/opencv4/opencv2/opencv.hpp:74[m[K,
                 from [01m[K/home/zsj/WorkSpace/ORB2_SLAM/ORB_SLAM2_ROS2/src/orb_slam_stero/include/ORB_SLAM2/ORBextractor.h:26[m[K,
                 from [01m[K/home/zsj/WorkSpace/ORB2_SLAM/ORB_SLAM2_ROS2/src/orb_slam_stero/include/ORB_SLAM2/KeyFrame.h:28[m[K,
                 from [01m[K/home/zsj/WorkSpace/ORB2_SLAM/ORB_SLAM2_ROS2/src/orb_slam_stero/include/ORB_SLAM2/MapPoint.h:24[m[K,
                 from [01m[K/home/zsj/WorkSpace/ORB2_SLAM/ORB_SLAM2_ROS2/src/orb_slam_stero/include/ORB_SLAM2/FrameDrawer.h:25[m[K,
                 from [01m[K/home/zsj/WorkSpace/ORB2_SLAM/ORB_SLAM2_ROS2/src/orb_slam_stero/include/ORB_SLAM2/Viewer.h:25[m[K,
                 from [01m[K/home/zsj/WorkSpace/ORB2_SLAM/ORB_SLAM2_ROS2/src/orb_slam_stero/include/ORB_SLAM2/Tracking.h:28[m[K,
                 from [01m[K/home/zsj/WorkSpace/ORB2_SLAM/ORB_SLAM2_ROS2/src/orb_slam_stero/src/ORB_SLAM2/Tracking.cc:22[m[K:
[01m[K/usr/include/opencv4/opencv2/imgproc.hpp:557:5:[m[K [01;36m[Knote: [m[Kâ€˜[01m[Kcv::COLOR_BGRA2GRAY[m[Kâ€™ declared here
  557 |     [01;36m[KCOLOR_BGRA2GRAY[m[K    = 10,
      |     [01;36m[K^~~~~~~~~~~~~~~[m[K
gmake[2]: *** [CMakeFiles/orb_slam2_core.dir/build.make:174: CMakeFiles/orb_slam2_core.dir/src/ORB_SLAM2/LoopClosing.cc.o] Error 1
gmake[2]: *** Waiting for unfinished jobs....
gmake[2]: *** [CMakeFiles/orb_slam2_core.dir/build.make:314: CMakeFiles/orb_slam2_core.dir/src/ORB_SLAM2/Tracking.cc.o] Error 1
gmake[1]: *** [CMakeFiles/Makefile2:175: CMakeFiles/orb_slam2_core.dir/all] Error 2
gmake: *** [Makefile:146: all] Error 2
