[0.029s] Invoking command in '/home/zsj/WorkSpace/ORB2_SLAM/ORB_SLAM2_ROS2/build/orb_slam2_stereo': CMAKE_PREFIX_PATH=/opt/ros/humble CONDA_PROMPT_MODIFIER=(base) /usr/bin/cmake --build /home/zsj/WorkSpace/ORB2_SLAM/ORB_SLAM2_ROS2/build/orb_slam2_stereo -- -j18 -l18
[0.103s] [ 11%] Built target DBoW2
[0.122s] [ 62%] Built target g2o
[0.152s] [35m[1mConsolidate compiler generated dependencies of target orb_slam2_core[0m
[0.208s] [ 64%] [32mBuilding CXX object CMakeFiles/orb_slam2_core.dir/src/ORB_SLAM2/LoopClosing.cc.o[0m
[0.208s] [ 66%] [32mBuilding CXX object CMakeFiles/orb_slam2_core.dir/src/ORB_SLAM2/Tracking.cc.o[0m
[6.504s] [01m[K/home/zsj/WorkSpace/ORB2_SLAM/ORB_SLAM2_ROS2/src/orb_slam_stero/src/ORB_SLAM2/LoopClosing.cc:[m[K In member function â€˜[01m[Kvoid ORB_SLAM2::LoopClosing::CorrectLoop()[m[Kâ€™:
[6.505s] [01m[K/home/zsj/WorkSpace/ORB2_SLAM/ORB_SLAM2_ROS2/src/orb_slam_stero/src/ORB_SLAM2/LoopClosing.cc:416:9:[m[K [01;31m[Kerror: [m[Kuse of an operand of type â€˜[01m[Kbool[m[Kâ€™ in â€˜[01m[Koperator++[m[Kâ€™ is forbidden in C++17
[6.505s]   416 |         [01;31m[KmnFullBAIdx[m[K++;
[6.505s]       |         [01;31m[K^~~~~~~~~~~[m[K
[6.526s] [01m[K/home/zsj/WorkSpace/ORB2_SLAM/ORB_SLAM2_ROS2/src/orb_slam_stero/src/ORB_SLAM2/Tracking.cc:[m[K In member function â€˜[01m[Kcv::Mat ORB_SLAM2::Tracking::GrabImageStereo(const cv::Mat&, const cv::Mat&, const double&)[m[Kâ€™:
[6.526s] [01m[K/home/zsj/WorkSpace/ORB2_SLAM/ORB_SLAM2_ROS2/src/orb_slam_stero/src/ORB_SLAM2/Tracking.cc:177:38:[m[K [01;31m[Kerror: [m[Kâ€˜[01m[KCOLOR_RGB2GRAY[m[Kâ€™ was not declared in this scope; did you mean â€˜[01m[Kcv::COLOR_RGB2GRAY[m[Kâ€™?
[6.526s]   177 |             cvtColor(mImGray,mImGray,[01;31m[KCOLOR_RGB2GRAY[m[K);
[6.526s]       |                                      [01;31m[K^~~~~~~~~~~~~~[m[K
[6.526s]       |                                      [32m[Kcv::COLOR_RGB2GRAY[m[K
[6.527s] In file included from [01m[K/usr/include/opencv4/opencv2/opencv.hpp:74[m[K,
[6.527s]                  from [01m[K/home/zsj/WorkSpace/ORB2_SLAM/ORB_SLAM2_ROS2/src/orb_slam_stero/include/ORB_SLAM2/ORBextractor.h:26[m[K,
[6.527s]                  from [01m[K/home/zsj/WorkSpace/ORB2_SLAM/ORB_SLAM2_ROS2/src/orb_slam_stero/include/ORB_SLAM2/KeyFrame.h:28[m[K,
[6.527s]                  from [01m[K/home/zsj/WorkSpace/ORB2_SLAM/ORB_SLAM2_ROS2/src/orb_slam_stero/include/ORB_SLAM2/MapPoint.h:24[m[K,
[6.527s]                  from [01m[K/home/zsj/WorkSpace/ORB2_SLAM/ORB_SLAM2_ROS2/src/orb_slam_stero/include/ORB_SLAM2/FrameDrawer.h:25[m[K,
[6.527s]                  from [01m[K/home/zsj/WorkSpace/ORB2_SLAM/ORB_SLAM2_ROS2/src/orb_slam_stero/include/ORB_SLAM2/Viewer.h:25[m[K,
[6.527s]                  from [01m[K/home/zsj/WorkSpace/ORB2_SLAM/ORB_SLAM2_ROS2/src/orb_slam_stero/include/ORB_SLAM2/Tracking.h:28[m[K,
[6.527s]                  from [01m[K/home/zsj/WorkSpace/ORB2_SLAM/ORB_SLAM2_ROS2/src/orb_slam_stero/src/ORB_SLAM2/Tracking.cc:22[m[K:
[6.528s] [01m[K/usr/include/opencv4/opencv2/imgproc.hpp:552:5:[m[K [01;36m[Knote: [m[Kâ€˜[01m[Kcv::COLOR_RGB2GRAY[m[Kâ€™ declared here
[6.528s]   552 |     [01;36m[KCOLOR_RGB2GRAY[m[K     = 7,
[6.528s]       |     [01;36m[K^~~~~~~~~~~~~~[m[K
[6.531s] [01m[K/home/zsj/WorkSpace/ORB2_SLAM/ORB_SLAM2_ROS2/src/orb_slam_stero/src/ORB_SLAM2/Tracking.cc:182:38:[m[K [01;31m[Kerror: [m[Kâ€˜[01m[KCOLOR_BGR2GRAY[m[Kâ€™ was not declared in this scope; did you mean â€˜[01m[Kcv::COLOR_BGR2GRAY[m[Kâ€™?
[6.531s]   182 |             cvtColor(mImGray,mImGray,[01;31m[KCOLOR_BGR2GRAY[m[K);
[6.531s]       |                                      [01;31m[K^~~~~~~~~~~~~~[m[K
[6.531s]       |                                      [32m[Kcv::COLOR_BGR2GRAY[m[K
[6.531s] In file included from [01m[K/usr/include/opencv4/opencv2/opencv.hpp:74[m[K,
[6.531s]                  from [01m[K/home/zsj/WorkSpace/ORB2_SLAM/ORB_SLAM2_ROS2/src/orb_slam_stero/include/ORB_SLAM2/ORBextractor.h:26[m[K,
[6.531s]                  from [01m[K/home/zsj/WorkSpace/ORB2_SLAM/ORB_SLAM2_ROS2/src/orb_slam_stero/include/ORB_SLAM2/KeyFrame.h:28[m[K,
[6.531s]                  from [01m[K/home/zsj/WorkSpace/ORB2_SLAM/ORB_SLAM2_ROS2/src/orb_slam_stero/include/ORB_SLAM2/MapPoint.h:24[m[K,
[6.531s]                  from [01m[K/home/zsj/WorkSpace/ORB2_SLAM/ORB_SLAM2_ROS2/src/orb_slam_stero/include/ORB_SLAM2/FrameDrawer.h:25[m[K,
[6.531s]                  from [01m[K/home/zsj/WorkSpace/ORB2_SLAM/ORB_SLAM2_ROS2/src/orb_slam_stero/include/ORB_SLAM2/Viewer.h:25[m[K,
[6.531s]                  from [01m[K/home/zsj/WorkSpace/ORB2_SLAM/ORB_SLAM2_ROS2/src/orb_slam_stero/include/ORB_SLAM2/Tracking.h:28[m[K,
[6.531s]                  from [01m[K/home/zsj/WorkSpace/ORB2_SLAM/ORB_SLAM2_ROS2/src/orb_slam_stero/src/ORB_SLAM2/Tracking.cc:22[m[K:
[6.531s] [01m[K/usr/include/opencv4/opencv2/imgproc.hpp:551:5:[m[K [01;36m[Knote: [m[Kâ€˜[01m[Kcv::COLOR_BGR2GRAY[m[Kâ€™ declared here
[6.531s]   551 |     [01;36m[KCOLOR_BGR2GRAY[m[K     = 6, //!< convert between RGB/BGR and grayscale, @ref color_convert_rgb_gray "color conversions"
[6.531s]       |     [01;36m[K^~~~~~~~~~~~~~[m[K
[6.533s] [01m[K/home/zsj/WorkSpace/ORB2_SLAM/ORB_SLAM2_ROS2/src/orb_slam_stero/src/ORB_SLAM2/Tracking.cc:190:38:[m[K [01;31m[Kerror: [m[Kâ€˜[01m[KCOLOR_RGBA2GRAY[m[Kâ€™ was not declared in this scope; did you mean â€˜[01m[Kcv::COLOR_RGBA2GRAY[m[Kâ€™?
[6.533s]   190 |             cvtColor(mImGray,mImGray,[01;31m[KCOLOR_RGBA2GRAY[m[K);
[6.533s]       |                                      [01;31m[K^~~~~~~~~~~~~~~[m[K
[6.533s]       |                                      [32m[Kcv::COLOR_RGBA2GRAY[m[K
[6.533s] In file included from [01m[K/usr/include/opencv4/opencv2/opencv.hpp:74[m[K,
[6.533s]                  from [01m[K/home/zsj/WorkSpace/ORB2_SLAM/ORB_SLAM2_ROS2/src/orb_slam_stero/include/ORB_SLAM2/ORBextractor.h:26[m[K,
[6.534s]                  from [01m[K/home/zsj/WorkSpace/ORB2_SLAM/ORB_SLAM2_ROS2/src/orb_slam_stero/include/ORB_SLAM2/KeyFrame.h:28[m[K,
[6.534s]                  from [01m[K/home/zsj/WorkSpace/ORB2_SLAM/ORB_SLAM2_ROS2/src/orb_slam_stero/include/ORB_SLAM2/MapPoint.h:24[m[K,
[6.534s]                  from [01m[K/home/zsj/WorkSpace/ORB2_SLAM/ORB_SLAM2_ROS2/src/orb_slam_stero/include/ORB_SLAM2/FrameDrawer.h:25[m[K,
[6.534s]                  from [01m[K/home/zsj/WorkSpace/ORB2_SLAM/ORB_SLAM2_ROS2/src/orb_slam_stero/include/ORB_SLAM2/Viewer.h:25[m[K,
[6.534s]                  from [01m[K/home/zsj/WorkSpace/ORB2_SLAM/ORB_SLAM2_ROS2/src/orb_slam_stero/include/ORB_SLAM2/Tracking.h:28[m[K,
[6.534s]                  from [01m[K/home/zsj/WorkSpace/ORB2_SLAM/ORB_SLAM2_ROS2/src/orb_slam_stero/src/ORB_SLAM2/Tracking.cc:22[m[K:
[6.534s] [01m[K/usr/include/opencv4/opencv2/imgproc.hpp:558:5:[m[K [01;36m[Knote: [m[Kâ€˜[01m[Kcv::COLOR_RGBA2GRAY[m[Kâ€™ declared here
[6.534s]   558 |     [01;36m[KCOLOR_RGBA2GRAY[m[K    = 11,
[6.534s]       |     [01;36m[K^~~~~~~~~~~~~~~[m[K
[6.536s] [01m[K/home/zsj/WorkSpace/ORB2_SLAM/ORB_SLAM2_ROS2/src/orb_slam_stero/src/ORB_SLAM2/Tracking.cc:195:38:[m[K [01;31m[Kerror: [m[Kâ€˜[01m[KCOLOR_BGRA2GRAY[m[Kâ€™ was not declared in this scope; did you mean â€˜[01m[Kcv::COLOR_BGRA2GRAY[m[Kâ€™?
[6.536s]   195 |             cvtColor(mImGray,mImGray,[01;31m[KCOLOR_BGRA2GRAY[m[K);
[6.536s]       |                                      [01;31m[K^~~~~~~~~~~~~~~[m[K
[6.536s]       |                                      [32m[Kcv::COLOR_BGRA2GRAY[m[K
[6.536s] In file included from [01m[K/usr/include/opencv4/opencv2/opencv.hpp:74[m[K,
[6.536s]                  from [01m[K/home/zsj/WorkSpace/ORB2_SLAM/ORB_SLAM2_ROS2/src/orb_slam_stero/include/ORB_SLAM2/ORBextractor.h:26[m[K,
[6.536s]                  from [01m[K/home/zsj/WorkSpace/ORB2_SLAM/ORB_SLAM2_ROS2/src/orb_slam_stero/include/ORB_SLAM2/KeyFrame.h:28[m[K,
[6.536s]                  from [01m[K/home/zsj/WorkSpace/ORB2_SLAM/ORB_SLAM2_ROS2/src/orb_slam_stero/include/ORB_SLAM2/MapPoint.h:24[m[K,
[6.536s]                  from [01m[K/home/zsj/WorkSpace/ORB2_SLAM/ORB_SLAM2_ROS2/src/orb_slam_stero/include/ORB_SLAM2/FrameDrawer.h:25[m[K,
[6.536s]                  from [01m[K/home/zsj/WorkSpace/ORB2_SLAM/ORB_SLAM2_ROS2/src/orb_slam_stero/include/ORB_SLAM2/Viewer.h:25[m[K,
[6.537s]                  from [01m[K/home/zsj/WorkSpace/ORB2_SLAM/ORB_SLAM2_ROS2/src/orb_slam_stero/include/ORB_SLAM2/Tracking.h:28[m[K,
[6.537s]                  from [01m[K/home/zsj/WorkSpace/ORB2_SLAM/ORB_SLAM2_ROS2/src/orb_slam_stero/src/ORB_SLAM2/Tracking.cc:22[m[K:
[6.537s] [01m[K/usr/include/opencv4/opencv2/imgproc.hpp:557:5:[m[K [01;36m[Knote: [m[Kâ€˜[01m[Kcv::COLOR_BGRA2GRAY[m[Kâ€™ declared here
[6.537s]   557 |     [01;36m[KCOLOR_BGRA2GRAY[m[K    = 10,
[6.537s]       |     [01;36m[K^~~~~~~~~~~~~~~[m[K
[6.539s] [01m[K/home/zsj/WorkSpace/ORB2_SLAM/ORB_SLAM2_ROS2/src/orb_slam_stero/src/ORB_SLAM2/Tracking.cc:[m[K In member function â€˜[01m[Kcv::Mat ORB_SLAM2::Tracking::GrabImageRGBD(const cv::Mat&, const cv::Mat&, const double&)[m[Kâ€™:
[6.539s] [01m[K/home/zsj/WorkSpace/ORB2_SLAM/ORB_SLAM2_ROS2/src/orb_slam_stero/src/ORB_SLAM2/Tracking.cc:216:38:[m[K [01;31m[Kerror: [m[Kâ€˜[01m[KCOLOR_RGB2GRAY[m[Kâ€™ was not declared in this scope; did you mean â€˜[01m[Kcv::COLOR_RGB2GRAY[m[Kâ€™?
[6.539s]   216 |             cvtColor(mImGray,mImGray,[01;31m[KCOLOR_RGB2GRAY[m[K);
[6.539s]       |                                      [01;31m[K^~~~~~~~~~~~~~[m[K
[6.539s]       |                                      [32m[Kcv::COLOR_RGB2GRAY[m[K
[6.539s] In file included from [01m[K/usr/include/opencv4/opencv2/opencv.hpp:74[m[K,
[6.540s]                  from [01m[K/home/zsj/WorkSpace/ORB2_SLAM/ORB_SLAM2_ROS2/src/orb_slam_stero/include/ORB_SLAM2/ORBextractor.h:26[m[K,
[6.540s]                  from [01m[K/home/zsj/WorkSpace/ORB2_SLAM/ORB_SLAM2_ROS2/src/orb_slam_stero/include/ORB_SLAM2/KeyFrame.h:28[m[K,
[6.540s]                  from [01m[K/home/zsj/WorkSpace/ORB2_SLAM/ORB_SLAM2_ROS2/src/orb_slam_stero/include/ORB_SLAM2/MapPoint.h:24[m[K,
[6.540s]                  from [01m[K/home/zsj/WorkSpace/ORB2_SLAM/ORB_SLAM2_ROS2/src/orb_slam_stero/include/ORB_SLAM2/FrameDrawer.h:25[m[K,
[6.540s]                  from [01m[K/home/zsj/WorkSpace/ORB2_SLAM/ORB_SLAM2_ROS2/src/orb_slam_stero/include/ORB_SLAM2/Viewer.h:25[m[K,
[6.540s]                  from [01m[K/home/zsj/WorkSpace/ORB2_SLAM/ORB_SLAM2_ROS2/src/orb_slam_stero/include/ORB_SLAM2/Tracking.h:28[m[K,
[6.540s]                  from [01m[K/home/zsj/WorkSpace/ORB2_SLAM/ORB_SLAM2_ROS2/src/orb_slam_stero/src/ORB_SLAM2/Tracking.cc:22[m[K:
[6.540s] [01m[K/usr/include/opencv4/opencv2/imgproc.hpp:552:5:[m[K [01;36m[Knote: [m[Kâ€˜[01m[Kcv::COLOR_RGB2GRAY[m[Kâ€™ declared here
[6.540s]   552 |     [01;36m[KCOLOR_RGB2GRAY[m[K     = 7,
[6.540s]       |     [01;36m[K^~~~~~~~~~~~~~[m[K
[6.541s] [01m[K/home/zsj/WorkSpace/ORB2_SLAM/ORB_SLAM2_ROS2/src/orb_slam_stero/src/ORB_SLAM2/Tracking.cc:218:38:[m[K [01;31m[Kerror: [m[Kâ€˜[01m[KCOLOR_BGR2GRAY[m[Kâ€™ was not declared in this scope; did you mean â€˜[01m[Kcv::COLOR_BGR2GRAY[m[Kâ€™?
[6.541s]   218 |             cvtColor(mImGray,mImGray,[01;31m[KCOLOR_BGR2GRAY[m[K);
[6.541s]       |                                      [01;31m[K^~~~~~~~~~~~~~[m[K
[6.541s]       |                                      [32m[Kcv::COLOR_BGR2GRAY[m[K
[6.541s] In file included from [01m[K/usr/include/opencv4/opencv2/opencv.hpp:74[m[K,
[6.541s]                  from [01m[K/home/zsj/WorkSpace/ORB2_SLAM/ORB_SLAM2_ROS2/src/orb_slam_stero/include/ORB_SLAM2/ORBextractor.h:26[m[K,
[6.541s]                  from [01m[K/home/zsj/WorkSpace/ORB2_SLAM/ORB_SLAM2_ROS2/src/orb_slam_stero/include/ORB_SLAM2/KeyFrame.h:28[m[K,
[6.541s]                  from [01m[K/home/zsj/WorkSpace/ORB2_SLAM/ORB_SLAM2_ROS2/src/orb_slam_stero/include/ORB_SLAM2/MapPoint.h:24[m[K,
[6.541s]                  from [01m[K/home/zsj/WorkSpace/ORB2_SLAM/ORB_SLAM2_ROS2/src/orb_slam_stero/include/ORB_SLAM2/FrameDrawer.h:25[m[K,
[6.541s]                  from [01m[K/home/zsj/WorkSpace/ORB2_SLAM/ORB_SLAM2_ROS2/src/orb_slam_stero/include/ORB_SLAM2/Viewer.h:25[m[K,
[6.541s]                  from [01m[K/home/zsj/WorkSpace/ORB2_SLAM/ORB_SLAM2_ROS2/src/orb_slam_stero/include/ORB_SLAM2/Tracking.h:28[m[K,
[6.541s]                  from [01m[K/home/zsj/WorkSpace/ORB2_SLAM/ORB_SLAM2_ROS2/src/orb_slam_stero/src/ORB_SLAM2/Tracking.cc:22[m[K:
[6.542s] [01m[K/usr/include/opencv4/opencv2/imgproc.hpp:551:5:[m[K [01;36m[Knote: [m[Kâ€˜[01m[Kcv::COLOR_BGR2GRAY[m[Kâ€™ declared here
[6.542s]   551 |     [01;36m[KCOLOR_BGR2GRAY[m[K     = 6, //!< convert between RGB/BGR and grayscale, @ref color_convert_rgb_gray "color conversions"
[6.542s]       |     [01;36m[K^~~~~~~~~~~~~~[m[K
[6.544s] [01m[K/home/zsj/WorkSpace/ORB2_SLAM/ORB_SLAM2_ROS2/src/orb_slam_stero/src/ORB_SLAM2/Tracking.cc:223:38:[m[K [01;31m[Kerror: [m[Kâ€˜[01m[KCOLOR_RGBA2GRAY[m[Kâ€™ was not declared in this scope; did you mean â€˜[01m[Kcv::COLOR_RGBA2GRAY[m[Kâ€™?
[6.544s]   223 |             cvtColor(mImGray,mImGray,[01;31m[KCOLOR_RGBA2GRAY[m[K);
[6.544s]       |                                      [01;31m[K^~~~~~~~~~~~~~~[m[K
[6.544s]       |                                      [32m[Kcv::COLOR_RGBA2GRAY[m[K
[6.544s] In file included from [01m[K/usr/include/opencv4/opencv2/opencv.hpp:74[m[K,
[6.544s]                  from [01m[K/home/zsj/WorkSpace/ORB2_SLAM/ORB_SLAM2_ROS2/src/orb_slam_stero/include/ORB_SLAM2/ORBextractor.h:26[m[K,
[6.544s]                  from [01m[K/home/zsj/WorkSpace/ORB2_SLAM/ORB_SLAM2_ROS2/src/orb_slam_stero/include/ORB_SLAM2/KeyFrame.h:28[m[K,
[6.544s]                  from [01m[K/home/zsj/WorkSpace/ORB2_SLAM/ORB_SLAM2_ROS2/src/orb_slam_stero/include/ORB_SLAM2/MapPoint.h:24[m[K,
[6.544s]                  from [01m[K/home/zsj/WorkSpace/ORB2_SLAM/ORB_SLAM2_ROS2/src/orb_slam_stero/include/ORB_SLAM2/FrameDrawer.h:25[m[K,
[6.545s]                  from [01m[K/home/zsj/WorkSpace/ORB2_SLAM/ORB_SLAM2_ROS2/src/orb_slam_stero/include/ORB_SLAM2/Viewer.h:25[m[K,
[6.545s]                  from [01m[K/home/zsj/WorkSpace/ORB2_SLAM/ORB_SLAM2_ROS2/src/orb_slam_stero/include/ORB_SLAM2/Tracking.h:28[m[K,
[6.545s]                  from [01m[K/home/zsj/WorkSpace/ORB2_SLAM/ORB_SLAM2_ROS2/src/orb_slam_stero/src/ORB_SLAM2/Tracking.cc:22[m[K:
[6.545s] [01m[K/usr/include/opencv4/opencv2/imgproc.hpp:558:5:[m[K [01;36m[Knote: [m[Kâ€˜[01m[Kcv::COLOR_RGBA2GRAY[m[Kâ€™ declared here
[6.545s]   558 |     [01;36m[KCOLOR_RGBA2GRAY[m[K    = 11,
[6.545s]       |     [01;36m[K^~~~~~~~~~~~~~~[m[K
[6.547s] [01m[K/home/zsj/WorkSpace/ORB2_SLAM/ORB_SLAM2_ROS2/src/orb_slam_stero/src/ORB_SLAM2/Tracking.cc:225:38:[m[K [01;31m[Kerror: [m[Kâ€˜[01m[KCOLOR_BGRA2GRAY[m[Kâ€™ was not declared in this scope; did you mean â€˜[01m[Kcv::COLOR_BGRA2GRAY[m[Kâ€™?
[6.547s]   225 |             cvtColor(mImGray,mImGray,[01;31m[KCOLOR_BGRA2GRAY[m[K);
[6.547s]       |                                      [01;31m[K^~~~~~~~~~~~~~~[m[K
[6.547s]       |                                      [32m[Kcv::COLOR_BGRA2GRAY[m[K
[6.547s] In file included from [01m[K/usr/include/opencv4/opencv2/opencv.hpp:74[m[K,
[6.547s]                  from [01m[K/home/zsj/WorkSpace/ORB2_SLAM/ORB_SLAM2_ROS2/src/orb_slam_stero/include/ORB_SLAM2/ORBextractor.h:26[m[K,
[6.547s]                  from [01m[K/home/zsj/WorkSpace/ORB2_SLAM/ORB_SLAM2_ROS2/src/orb_slam_stero/include/ORB_SLAM2/KeyFrame.h:28[m[K,
[6.547s]                  from [01m[K/home/zsj/WorkSpace/ORB2_SLAM/ORB_SLAM2_ROS2/src/orb_slam_stero/include/ORB_SLAM2/MapPoint.h:24[m[K,
[6.548s]                  from [01m[K/home/zsj/WorkSpace/ORB2_SLAM/ORB_SLAM2_ROS2/src/orb_slam_stero/include/ORB_SLAM2/FrameDrawer.h:25[m[K,
[6.548s]                  from [01m[K/home/zsj/WorkSpace/ORB2_SLAM/ORB_SLAM2_ROS2/src/orb_slam_stero/include/ORB_SLAM2/Viewer.h:25[m[K,
[6.548s]                  from [01m[K/home/zsj/WorkSpace/ORB2_SLAM/ORB_SLAM2_ROS2/src/orb_slam_stero/include/ORB_SLAM2/Tracking.h:28[m[K,
[6.548s]                  from [01m[K/home/zsj/WorkSpace/ORB2_SLAM/ORB_SLAM2_ROS2/src/orb_slam_stero/src/ORB_SLAM2/Tracking.cc:22[m[K:
[6.548s] [01m[K/usr/include/opencv4/opencv2/imgproc.hpp:557:5:[m[K [01;36m[Knote: [m[Kâ€˜[01m[Kcv::COLOR_BGRA2GRAY[m[Kâ€™ declared here
[6.548s]   557 |     [01;36m[KCOLOR_BGRA2GRAY[m[K    = 10,
[6.548s]       |     [01;36m[K^~~~~~~~~~~~~~~[m[K
[6.549s] [01m[K/home/zsj/WorkSpace/ORB2_SLAM/ORB_SLAM2_ROS2/src/orb_slam_stero/src/ORB_SLAM2/Tracking.cc:[m[K In member function â€˜[01m[Kcv::Mat ORB_SLAM2::Tracking::GrabImageMonocular(const cv::Mat&, const double&)[m[Kâ€™:
[6.549s] [01m[K/home/zsj/WorkSpace/ORB2_SLAM/ORB_SLAM2_ROS2/src/orb_slam_stero/src/ORB_SLAM2/Tracking.cc:246:38:[m[K [01;31m[Kerror: [m[Kâ€˜[01m[KCOLOR_RGB2GRAY[m[Kâ€™ was not declared in this scope; did you mean â€˜[01m[Kcv::COLOR_RGB2GRAY[m[Kâ€™?
[6.549s]   246 |             cvtColor(mImGray,mImGray,[01;31m[KCOLOR_RGB2GRAY[m[K);
[6.550s]       |                                      [01;31m[K^~~~~~~~~~~~~~[m[K
[6.550s]       |                                      [32m[Kcv::COLOR_RGB2GRAY[m[K
[6.550s] In file included from [01m[K/usr/include/opencv4/opencv2/opencv.hpp:74[m[K,
[6.550s]                  from [01m[K/home/zsj/WorkSpace/ORB2_SLAM/ORB_SLAM2_ROS2/src/orb_slam_stero/include/ORB_SLAM2/ORBextractor.h:26[m[K,
[6.550s]                  from [01m[K/home/zsj/WorkSpace/ORB2_SLAM/ORB_SLAM2_ROS2/src/orb_slam_stero/include/ORB_SLAM2/KeyFrame.h:28[m[K,
[6.550s]                  from [01m[K/home/zsj/WorkSpace/ORB2_SLAM/ORB_SLAM2_ROS2/src/orb_slam_stero/include/ORB_SLAM2/MapPoint.h:24[m[K,
[6.550s]                  from [01m[K/home/zsj/WorkSpace/ORB2_SLAM/ORB_SLAM2_ROS2/src/orb_slam_stero/include/ORB_SLAM2/FrameDrawer.h:25[m[K,
[6.550s]                  from [01m[K/home/zsj/WorkSpace/ORB2_SLAM/ORB_SLAM2_ROS2/src/orb_slam_stero/include/ORB_SLAM2/Viewer.h:25[m[K,
[6.550s]                  from [01m[K/home/zsj/WorkSpace/ORB2_SLAM/ORB_SLAM2_ROS2/src/orb_slam_stero/include/ORB_SLAM2/Tracking.h:28[m[K,
[6.550s]                  from [01m[K/home/zsj/WorkSpace/ORB2_SLAM/ORB_SLAM2_ROS2/src/orb_slam_stero/src/ORB_SLAM2/Tracking.cc:22[m[K:
[6.550s] [01m[K/usr/include/opencv4/opencv2/imgproc.hpp:552:5:[m[K [01;36m[Knote: [m[Kâ€˜[01m[Kcv::COLOR_RGB2GRAY[m[Kâ€™ declared here
[6.550s]   552 |     [01;36m[KCOLOR_RGB2GRAY[m[K     = 7,
[6.551s]       |     [01;36m[K^~~~~~~~~~~~~~[m[K
[6.551s] [01m[K/home/zsj/WorkSpace/ORB2_SLAM/ORB_SLAM2_ROS2/src/orb_slam_stero/src/ORB_SLAM2/Tracking.cc:248:38:[m[K [01;31m[Kerror: [m[Kâ€˜[01m[KCOLOR_BGR2GRAY[m[Kâ€™ was not declared in this scope; did you mean â€˜[01m[Kcv::COLOR_BGR2GRAY[m[Kâ€™?
[6.551s]   248 |             cvtColor(mImGray,mImGray,[01;31m[KCOLOR_BGR2GRAY[m[K);
[6.551s]       |                                      [01;31m[K^~~~~~~~~~~~~~[m[K
[6.552s]       |                                      [32m[Kcv::COLOR_BGR2GRAY[m[K
[6.552s] In file included from [01m[K/usr/include/opencv4/opencv2/opencv.hpp:74[m[K,
[6.552s]                  from [01m[K/home/zsj/WorkSpace/ORB2_SLAM/ORB_SLAM2_ROS2/src/orb_slam_stero/include/ORB_SLAM2/ORBextractor.h:26[m[K,
[6.552s]                  from [01m[K/home/zsj/WorkSpace/ORB2_SLAM/ORB_SLAM2_ROS2/src/orb_slam_stero/include/ORB_SLAM2/KeyFrame.h:28[m[K,
[6.552s]                  from [01m[K/home/zsj/WorkSpace/ORB2_SLAM/ORB_SLAM2_ROS2/src/orb_slam_stero/include/ORB_SLAM2/MapPoint.h:24[m[K,
[6.552s]                  from [01m[K/home/zsj/WorkSpace/ORB2_SLAM/ORB_SLAM2_ROS2/src/orb_slam_stero/include/ORB_SLAM2/FrameDrawer.h:25[m[K,
[6.552s]                  from [01m[K/home/zsj/WorkSpace/ORB2_SLAM/ORB_SLAM2_ROS2/src/orb_slam_stero/include/ORB_SLAM2/Viewer.h:25[m[K,
[6.552s]                  from [01m[K/home/zsj/WorkSpace/ORB2_SLAM/ORB_SLAM2_ROS2/src/orb_slam_stero/include/ORB_SLAM2/Tracking.h:28[m[K,
[6.552s]                  from [01m[K/home/zsj/WorkSpace/ORB2_SLAM/ORB_SLAM2_ROS2/src/orb_slam_stero/src/ORB_SLAM2/Tracking.cc:22[m[K:
[6.552s] [01m[K/usr/include/opencv4/opencv2/imgproc.hpp:551:5:[m[K [01;36m[Knote: [m[Kâ€˜[01m[Kcv::COLOR_BGR2GRAY[m[Kâ€™ declared here
[6.552s]   551 |     [01;36m[KCOLOR_BGR2GRAY[m[K     = 6, //!< convert between RGB/BGR and grayscale, @ref color_convert_rgb_gray "color conversions"
[6.552s]       |     [01;36m[K^~~~~~~~~~~~~~[m[K
[6.554s] [01m[K/home/zsj/WorkSpace/ORB2_SLAM/ORB_SLAM2_ROS2/src/orb_slam_stero/src/ORB_SLAM2/Tracking.cc:253:38:[m[K [01;31m[Kerror: [m[Kâ€˜[01m[KCOLOR_RGBA2GRAY[m[Kâ€™ was not declared in this scope; did you mean â€˜[01m[Kcv::COLOR_RGBA2GRAY[m[Kâ€™?
[6.555s]   253 |             cvtColor(mImGray,mImGray,[01;31m[KCOLOR_RGBA2GRAY[m[K);
[6.555s]       |                                      [01;31m[K^~~~~~~~~~~~~~~[m[K
[6.555s]       |                                      [32m[Kcv::COLOR_RGBA2GRAY[m[K
[6.555s] In file included from [01m[K/usr/include/opencv4/opencv2/opencv.hpp:74[m[K,
[6.555s]                  from [01m[K/home/zsj/WorkSpace/ORB2_SLAM/ORB_SLAM2_ROS2/src/orb_slam_stero/include/ORB_SLAM2/ORBextractor.h:26[m[K,
[6.555s]                  from [01m[K/home/zsj/WorkSpace/ORB2_SLAM/ORB_SLAM2_ROS2/src/orb_slam_stero/include/ORB_SLAM2/KeyFrame.h:28[m[K,
[6.555s]                  from [01m[K/home/zsj/WorkSpace/ORB2_SLAM/ORB_SLAM2_ROS2/src/orb_slam_stero/include/ORB_SLAM2/MapPoint.h:24[m[K,
[6.555s]                  from [01m[K/home/zsj/WorkSpace/ORB2_SLAM/ORB_SLAM2_ROS2/src/orb_slam_stero/include/ORB_SLAM2/FrameDrawer.h:25[m[K,
[6.555s]                  from [01m[K/home/zsj/WorkSpace/ORB2_SLAM/ORB_SLAM2_ROS2/src/orb_slam_stero/include/ORB_SLAM2/Viewer.h:25[m[K,
[6.555s]                  from [01m[K/home/zsj/WorkSpace/ORB2_SLAM/ORB_SLAM2_ROS2/src/orb_slam_stero/include/ORB_SLAM2/Tracking.h:28[m[K,
[6.555s]                  from [01m[K/home/zsj/WorkSpace/ORB2_SLAM/ORB_SLAM2_ROS2/src/orb_slam_stero/src/ORB_SLAM2/Tracking.cc:22[m[K:
[6.556s] [01m[K/usr/include/opencv4/opencv2/imgproc.hpp:558:5:[m[K [01;36m[Knote: [m[Kâ€˜[01m[Kcv::COLOR_RGBA2GRAY[m[Kâ€™ declared here
[6.556s]   558 |     [01;36m[KCOLOR_RGBA2GRAY[m[K    = 11,
[6.556s]       |     [01;36m[K^~~~~~~~~~~~~~~[m[K
[6.557s] [01m[K/home/zsj/WorkSpace/ORB2_SLAM/ORB_SLAM2_ROS2/src/orb_slam_stero/src/ORB_SLAM2/Tracking.cc:255:38:[m[K [01;31m[Kerror: [m[Kâ€˜[01m[KCOLOR_BGRA2GRAY[m[Kâ€™ was not declared in this scope; did you mean â€˜[01m[Kcv::COLOR_BGRA2GRAY[m[Kâ€™?
[6.557s]   255 |             cvtColor(mImGray,mImGray,[01;31m[KCOLOR_BGRA2GRAY[m[K);
[6.557s]       |                                      [01;31m[K^~~~~~~~~~~~~~~[m[K
[6.557s]       |                                      [32m[Kcv::COLOR_BGRA2GRAY[m[K
[6.557s] In file included from [01m[K/usr/include/opencv4/opencv2/opencv.hpp:74[m[K,
[6.557s]                  from [01m[K/home/zsj/WorkSpace/ORB2_SLAM/ORB_SLAM2_ROS2/src/orb_slam_stero/include/ORB_SLAM2/ORBextractor.h:26[m[K,
[6.557s]                  from [01m[K/home/zsj/WorkSpace/ORB2_SLAM/ORB_SLAM2_ROS2/src/orb_slam_stero/include/ORB_SLAM2/KeyFrame.h:28[m[K,
[6.557s]                  from [01m[K/home/zsj/WorkSpace/ORB2_SLAM/ORB_SLAM2_ROS2/src/orb_slam_stero/include/ORB_SLAM2/MapPoint.h:24[m[K,
[6.557s]                  from [01m[K/home/zsj/WorkSpace/ORB2_SLAM/ORB_SLAM2_ROS2/src/orb_slam_stero/include/ORB_SLAM2/FrameDrawer.h:25[m[K,
[6.557s]                  from [01m[K/home/zsj/WorkSpace/ORB2_SLAM/ORB_SLAM2_ROS2/src/orb_slam_stero/include/ORB_SLAM2/Viewer.h:25[m[K,
[6.557s]                  from [01m[K/home/zsj/WorkSpace/ORB2_SLAM/ORB_SLAM2_ROS2/src/orb_slam_stero/include/ORB_SLAM2/Tracking.h:28[m[K,
[6.557s]                  from [01m[K/home/zsj/WorkSpace/ORB2_SLAM/ORB_SLAM2_ROS2/src/orb_slam_stero/src/ORB_SLAM2/Tracking.cc:22[m[K:
[6.557s] [01m[K/usr/include/opencv4/opencv2/imgproc.hpp:557:5:[m[K [01;36m[Knote: [m[Kâ€˜[01m[Kcv::COLOR_BGRA2GRAY[m[Kâ€™ declared here
[6.557s]   557 |     [01;36m[KCOLOR_BGRA2GRAY[m[K    = 10,
[6.557s]       |     [01;36m[K^~~~~~~~~~~~~~~[m[K
[14.756s] gmake[2]: *** [CMakeFiles/orb_slam2_core.dir/build.make:174: CMakeFiles/orb_slam2_core.dir/src/ORB_SLAM2/LoopClosing.cc.o] Error 1
[14.756s] gmake[2]: *** Waiting for unfinished jobs....
[14.865s] gmake[2]: *** [CMakeFiles/orb_slam2_core.dir/build.make:314: CMakeFiles/orb_slam2_core.dir/src/ORB_SLAM2/Tracking.cc.o] Error 1
[14.865s] gmake[1]: *** [CMakeFiles/Makefile2:175: CMakeFiles/orb_slam2_core.dir/all] Error 2
[14.865s] gmake: *** [Makefile:146: all] Error 2
[14.870s] Invoked command in '/home/zsj/WorkSpace/ORB2_SLAM/ORB_SLAM2_ROS2/build/orb_slam2_stereo' returned '2': CMAKE_PREFIX_PATH=/opt/ros/humble CONDA_PROMPT_MODIFIER=(base) /usr/bin/cmake --build /home/zsj/WorkSpace/ORB2_SLAM/ORB_SLAM2_ROS2/build/orb_slam2_stereo -- -j18 -l18
