[0.000000] (-) TimerEvent: {}
[0.000838] (orb_slam2_stereo) JobQueued: {'identifier': 'orb_slam2_stereo', 'dependencies': OrderedDict()}
[0.002301] (orb_slam2_stereo) JobStarted: {'identifier': 'orb_slam2_stereo'}
[0.017303] (orb_slam2_stereo) JobProgress: {'identifier': 'orb_slam2_stereo', 'progress': 'cmake'}
[0.019486] (orb_slam2_stereo) JobProgress: {'identifier': 'orb_slam2_stereo', 'progress': 'build'}
[0.019662] (orb_slam2_stereo) Command: {'cmd': ['/usr/bin/cmake', '--build', '/home/zsj/WorkSpace/ORB2_SLAM/ORB_SLAM2_ROS2/build/orb_slam2_stereo', '--', '-j18', '-l18'], 'cwd': '/home/zsj/WorkSpace/ORB2_SLAM/ORB_SLAM2_ROS2/build/orb_slam2_stereo', 'env': OrderedDict([('LESSOPEN', '| /usr/bin/lesspipe %s'), ('CONDA_PROMPT_MODIFIER', '(base)'), ('USER', 'zsj'), ('GIT_ASKPASS', '/home/zsj/.vscode-server/bin/c9d77990917f3102ada88be140d28b038d1dd7c7/extensions/git/dist/askpass.sh'), ('SHLVL', '1'), ('LD_LIBRARY_PATH', '/opt/ros/humble/opt/rviz_ogre_vendor/lib:/opt/ros/humble/lib/x86_64-linux-gnu:/opt/ros/humble/lib'), ('MOTD_SHOWN', 'update-motd'), ('HOME', '/home/zsj'), ('CONDA_SHLVL', '1'), ('OLDPWD', '/home/zsj/WorkSpace/ORB2_SLAM/ORB_SLAM2_ROS2/src'), ('TERM_PROGRAM_VERSION', '1.108.2'), ('VSCODE_IPC_HOOK_CLI', '/run/user/1000/vscode-ipc-073531b3-f422-4809-a5f7-ab58e98e5371.sock'), ('ROS_PYTHON_VERSION', '3'), ('VSCODE_GIT_ASKPASS_MAIN', '/home/zsj/.vscode-server/bin/c9d77990917f3102ada88be140d28b038d1dd7c7/extensions/git/dist/askpass-main.js'), ('VSCODE_GIT_ASKPASS_NODE', '/home/zsj/.vscode-server/bin/c9d77990917f3102ada88be140d28b038d1dd7c7/node'), ('VSCODE_PYTHON_AUTOACTIVATE_GUARD', '1'), ('DBUS_SESSION_BUS_ADDRESS', 'unix:path=/run/user/1000/bus'), ('COLORTERM', 'truecolor'), ('_CE_M', ''), ('WSL_DISTRO_NAME', 'Ubuntu-22.04'), ('_CONDA_ROOT', '/home/zsj/tools/miniconda3'), ('WAYLAND_DISPLAY', 'wayland-0'), ('ROS_DISTRO', 'humble'), ('LOGNAME', 'zsj'), ('NAME', 'Zhuxingjie'), ('WSL_INTEROP', '/run/WSL/413_interop'), ('PULSE_SERVER', 'unix:/mnt/wslg/PulseServer'), ('_', '/usr/bin/colcon'), ('ROS_VERSION', '2'), ('TERM', 'xterm-256color'), ('_CE_CONDA', ''), ('ROS_LOCALHOST_ONLY', '0'), ('PATH', '/home/zsj/.local/bin:/home/zsj/.local/bin:/home/zsj/.local/bin:(/home/zsj/tools/miniconda3/bin:/home/zsj/.vscode-server/data/User/globalStorage/github.copilot-chat/debugCommand:/home/zsj/.vscode-server/data/User/globalStorage/github.copilot-chat/copilotCli:/home/zsj/.vscode-server/bin/c9d77990917f3102ada88be140d28b038d1dd7c7/bin/remote-cli:/home/zsj/.local/bin:/home/zsj/.local/bin:/home/zsj/.local/bin:/opt/ros/humble/bin:(/home/zsj/tools/miniconda3/bin:/home/zsj/tools/miniconda3/condabin:/usr/local/sbin:/usr/local/bin:/usr/sbin:/usr/bin:/sbin:/bin:/usr/games:/usr/local/games:/usr/lib/wsl/lib:/mnt/c/ProgramData/anaconda3-updata:/mnt/c/ProgramData/anaconda3-updata/Scripts:/mnt/c/ProgramData/anaconda3-updata/Library/bin:/mnt/c/ProgramData/anaconda3-updata/Library/mingw-w64/bin:/mnt/c/Program Files/JetBrains/PyCharm 2024.1/bin:/mnt/c/Program Files/Common Files/Oracle/Java/javapath:/mnt/c/Program Files (x86)/Common Files/Oracle/Java/javapath:/mnt/c/WINDOWS:/mnt/c/WINDOWS/system32:/mnt/c/WINDOWS/System32/Wbem:/mnt/c/WINDOWS/System32/OpenSSH:/mnt/c/WINDOWS/System32/WindowsPowerShell/v1.0:/mnt/d/Matlab/bin:/mnt/d/Matlab/runtime/win64:/mnt/c/Program Files/Microsoft SQL Server/Client SDK/ODBC/170/Tools/Binn:/mnt/c/Program Files (x86)/Microsoft SQL Server/150/Tools/Binn:/mnt/c/Program Files/Microsoft SQL Server/150/Tools/Binn:/mnt/c/Program Files/Microsoft SQL Server/150/DTS/Binn:/mnt/c/Program Files (x86)/Windows Kits/8.1/Windows Performance Toolkit:/mnt/c/Program Files/dotnet:/mnt/c/Program Files (x86)/Windows Kits/10/Windows Performance Toolkit:/mnt/c/Program Files/Java/jdk-22/bin:/mnt/d/OpenCV/opencv/build/x64/vc16/bin:/mnt/c/Program Files (x86)/Microsoft SQL Server/90/Tools/binn:/mnt/c/Program Files (x86)/IVI Foundation/VISA/WinNT/Bin:/mnt/c/Program Files/IVI Foundation/VISA/Win64/Bin:/mnt/d/OpenCV/x86_64-12.2.0-release-win32-sjlj-rt_v10-rev0/mingw64/bin:/mnt/d/OpenCV/cmake-3.30.0-windows-x86_64/cmake-3.30.0-windows-x86_64/bin:/mnt/d/OpenCV/MinGW/bin:/mnt/c/Program Files/Git/cmd:/mnt/c/Program Files (x86)/wget:/mnt/d/Program Files/texlive/2024/bin/windows:/mnt/c/Program Files/OpenSSH/bin:/mnt/d/OpenCV/opencv/build/x64/vc16/bin:/mnt/d/OpenCV/MinGW/bin:/mnt/c/Users/26074/AppData/Local/Microsoft/WindowsApps:/mnt/c/Users/26074/AppData/Local/Microsoft/WinGet/Packages/Game1024.OpenSpeedy_Microsoft.Winget.Source_8wekyb3d8bbwe:/mnt/c/Users/26074/AppData/Local/Programs/Ollama:/mnt/c/Users/26074/AppData/Local/Programs/Microsoft VS Code/bin:/snap/bin):/mnt/c/Users/26074/AppData/Local/Programs/Microsoft VS Code/bin):/mnt/c/Users/26074/AppData/Local/Programs/Microsoft VS Code/bin'), ('XDG_RUNTIME_DIR', '/run/user/1000/'), ('DISPLAY', ':0'), ('LANG', 'C.UTF-8'), ('LS_COLORS', 'rs=0:di=01;34:ln=01;36:mh=00:pi=40;33:so=01;35:do=01;35:bd=40;33;01:cd=40;33;01:or=40;31;01:mi=00:su=37;41:sg=30;43:ca=30;41:tw=30;42:ow=34;42:st=37;44:ex=01;32:*.tar=01;31:*.tgz=01;31:*.arc=01;31:*.arj=01;31:*.taz=01;31:*.lha=01;31:*.lz4=01;31:*.lzh=01;31:*.lzma=01;31:*.tlz=01;31:*.txz=01;31:*.tzo=01;31:*.t7z=01;31:*.zip=01;31:*.z=01;31:*.dz=01;31:*.gz=01;31:*.lrz=01;31:*.lz=01;31:*.lzo=01;31:*.xz=01;31:*.zst=01;31:*.tzst=01;31:*.bz2=01;31:*.bz=01;31:*.tbz=01;31:*.tbz2=01;31:*.tz=01;31:*.deb=01;31:*.rpm=01;31:*.jar=01;31:*.war=01;31:*.ear=01;31:*.sar=01;31:*.rar=01;31:*.alz=01;31:*.ace=01;31:*.zoo=01;31:*.cpio=01;31:*.7z=01;31:*.rz=01;31:*.cab=01;31:*.wim=01;31:*.swm=01;31:*.dwm=01;31:*.esd=01;31:*.jpg=01;35:*.jpeg=01;35:*.mjpg=01;35:*.mjpeg=01;35:*.gif=01;35:*.bmp=01;35:*.pbm=01;35:*.pgm=01;35:*.ppm=01;35:*.tga=01;35:*.xbm=01;35:*.xpm=01;35:*.tif=01;35:*.tiff=01;35:*.png=01;35:*.svg=01;35:*.svgz=01;35:*.mng=01;35:*.pcx=01;35:*.mov=01;35:*.mpg=01;35:*.mpeg=01;35:*.m2v=01;35:*.mkv=01;35:*.webm=01;35:*.webp=01;35:*.ogm=01;35:*.mp4=01;35:*.m4v=01;35:*.mp4v=01;35:*.vob=01;35:*.qt=01;35:*.nuv=01;35:*.wmv=01;35:*.asf=01;35:*.rm=01;35:*.rmvb=01;35:*.flc=01;35:*.avi=01;35:*.fli=01;35:*.flv=01;35:*.gl=01;35:*.dl=01;35:*.xcf=01;35:*.xwd=01;35:*.yuv=01;35:*.cgm=01;35:*.emf=01;35:*.ogv=01;35:*.ogx=01;35:*.aac=00;36:*.au=00;36:*.flac=00;36:*.m4a=00;36:*.mid=00;36:*.midi=00;36:*.mka=00;36:*.mp3=00;36:*.mpc=00;36:*.ogg=00;36:*.ra=00;36:*.wav=00;36:*.oga=00;36:*.opus=00;36:*.spx=00;36:*.xspf=00;36:'), ('VSCODE_GIT_IPC_HANDLE', '/run/user/1000/vscode-git-1a22f3f7b8.sock'), ('TERM_PROGRAM', 'vscode'), ('AMENT_PREFIX_PATH', '/opt/ros/humble'), ('CONDA_PYTHON_EXE', '/home/zsj/tools/miniconda3/bin/python'), ('SHELL', '/bin/bash'), ('LESSCLOSE', '/usr/bin/lesspipe %s %s'), ('CONDA_DEFAULT_ENV', 'base'), ('_CONDA_EXE', '/home/zsj/tools/miniconda3/bin/conda'), ('VSCODE_GIT_ASKPASS_EXTRA_ARGS', ''), ('PWD', '/home/zsj/WorkSpace/ORB2_SLAM/ORB_SLAM2_ROS2/build/orb_slam2_stereo'), ('CONDA_EXE', '/home/zsj/tools/miniconda3/bin/conda'), ('XDG_DATA_DIRS', '/usr/local/share:/usr/share:/var/lib/snapd/desktop'), ('PYTHONPATH', '/opt/ros/humble/lib/python3.10/site-packages:/opt/ros/humble/local/lib/python3.10/dist-packages'), ('CONDA_PREFIX', '/home/zsj/tools/miniconda3'), ('COLCON', '1'), ('WSL2_GUI_APPS_ENABLED', '1'), ('HOSTTYPE', 'x86_64'), ('WSLENV', 'VSCODE_WSL_EXT_LOCATION/up:VSCODE_SERVER_TAR/up'), ('CMAKE_PREFIX_PATH', '/opt/ros/humble')]), 'shell': False}
[0.100174] (-) TimerEvent: {}
[0.103901] (orb_slam2_stereo) StdoutLine: {'line': b'[ 11%] Built target DBoW2\n'}
[0.132671] (orb_slam2_stereo) StdoutLine: {'line': b'[ 62%] Built target g2o\n'}
[0.152410] (orb_slam2_stereo) StdoutLine: {'line': b'\x1b[35m\x1b[1mConsolidate compiler generated dependencies of target orb_slam2_core\x1b[0m\n'}
[0.192493] (orb_slam2_stereo) StdoutLine: {'line': b'[ 64%] \x1b[32mBuilding CXX object CMakeFiles/orb_slam2_core.dir/src/ORB_SLAM2/LocalMapping.cc.o\x1b[0m\n'}
[0.193851] (orb_slam2_stereo) StdoutLine: {'line': b'[ 69%] \x1b[32mBuilding CXX object CMakeFiles/orb_slam2_core.dir/src/ORB_SLAM2/Tracking.cc.o\x1b[0m\n'}
[0.194293] (orb_slam2_stereo) StdoutLine: {'line': b'[ 71%] \x1b[32mBuilding CXX object CMakeFiles/orb_slam2_core.dir/src/ORB_SLAM2/LoopClosing.cc.o\x1b[0m\n'}
[0.194868] (orb_slam2_stereo) StdoutLine: {'line': b'[ 72%] \x1b[32mBuilding CXX object CMakeFiles/orb_slam2_core.dir/src/ORB_SLAM2/KeyFrameDatabase.cc.o\x1b[0m\n'}
[0.195053] (orb_slam2_stereo) StdoutLine: {'line': b'[ 72%] \x1b[32mBuilding CXX object CMakeFiles/orb_slam2_core.dir/src/ORB_SLAM2/FrameDrawer.cc.o\x1b[0m\n'}
[0.199995] (orb_slam2_stereo) StdoutLine: {'line': b'[ 67%] \x1b[32mBuilding CXX object CMakeFiles/orb_slam2_core.dir/src/ORB_SLAM2/Initializer.cc.o\x1b[0m\n'}
[0.200516] (-) TimerEvent: {}
[0.200933] (orb_slam2_stereo) StdoutLine: {'line': b'[ 74%] \x1b[32mBuilding CXX object CMakeFiles/orb_slam2_core.dir/src/ORB_SLAM2/PnPsolver.cc.o\x1b[0m\n'}
[0.201096] (orb_slam2_stereo) StdoutLine: {'line': b'[ 76%] \x1b[32mBuilding CXX object CMakeFiles/orb_slam2_core.dir/src/ORB_SLAM2/ORBmatcher.cc.o\x1b[0m\n'}
[0.201166] (orb_slam2_stereo) StdoutLine: {'line': b'[ 77%] \x1b[32mBuilding CXX object CMakeFiles/orb_slam2_core.dir/src/ORB_SLAM2/System.cc.o\x1b[0m\n'}
[0.201227] (orb_slam2_stereo) StdoutLine: {'line': b'[ 79%] \x1b[32mBuilding CXX object CMakeFiles/orb_slam2_core.dir/src/ORB_SLAM2/Viewer.cc.o\x1b[0m\n'}
[0.201282] (orb_slam2_stereo) StdoutLine: {'line': b'[ 83%] \x1b[32mBuilding CXX object CMakeFiles/orb_slam2_core.dir/src/ORB_SLAM2/Sim3Solver.cc.o\x1b[0m\n'}
[0.201335] (orb_slam2_stereo) StdoutLine: {'line': b'[ 83%] \x1b[32mBuilding CXX object CMakeFiles/orb_slam2_core.dir/src/ORB_SLAM2/Optimizer.cc.o\x1b[0m\n'}
[0.302588] (-) TimerEvent: {}
[0.411107] (-) TimerEvent: {}
[0.512009] (-) TimerEvent: {}
[0.614870] (-) TimerEvent: {}
[0.716075] (-) TimerEvent: {}
[0.817247] (-) TimerEvent: {}
[0.822803] (orb_slam2_stereo) StderrLine: {'line': b'\x1b[01m\x1b[K/home/zsj/WorkSpace/ORB2_SLAM/ORB_SLAM2_ROS2/src/orb_slam_stero/src/ORB_SLAM2/PnPsolver.cc:58:10:\x1b[m\x1b[K \x1b[01;31m\x1b[Kfatal error: \x1b[m\x1b[KThirdparty/DBoW2/DUtils/Random.h: No such file or directory\n'}
[0.823308] (orb_slam2_stereo) StderrLine: {'line': b'   58 | #include \x1b[01;31m\x1b[K"Thirdparty/DBoW2/DUtils/Random.h"\x1b[m\x1b[K\n'}
[0.823413] (orb_slam2_stereo) StderrLine: {'line': b'      |          \x1b[01;31m\x1b[K^~~~~~~~~~~~~~~~~~~~~~~~~~~~~~~~~~\x1b[m\x1b[K\n'}
[0.823475] (orb_slam2_stereo) StderrLine: {'line': b'compilation terminated.\n'}
[0.843800] (orb_slam2_stereo) StderrLine: {'line': b'gmake[2]: *** [CMakeFiles/orb_slam2_core.dir/build.make:272: CMakeFiles/orb_slam2_core.dir/src/ORB_SLAM2/PnPsolver.cc.o] Error 1\n'}
[0.844143] (orb_slam2_stereo) StderrLine: {'line': b'gmake[2]: *** Waiting for unfinished jobs....\n'}
[0.920281] (-) TimerEvent: {}
[1.022813] (-) TimerEvent: {}
[1.124984] (-) TimerEvent: {}
[1.225653] (-) TimerEvent: {}
[1.247727] (orb_slam2_stereo) StderrLine: {'line': b'In file included from \x1b[01m\x1b[K/home/zsj/WorkSpace/ORB2_SLAM/ORB_SLAM2_ROS2/src/orb_slam_stero/src/ORB_SLAM2/Optimizer.cc:21\x1b[m\x1b[K:\n'}
[1.248190] (orb_slam2_stereo) StderrLine: {'line': b'\x1b[01m\x1b[K/home/zsj/WorkSpace/ORB2_SLAM/ORB_SLAM2_ROS2/src/orb_slam_stero/include/ORB_SLAM2/Optimizer.h:30:10:\x1b[m\x1b[K \x1b[01;31m\x1b[Kfatal error: \x1b[m\x1b[KThirdparty/g2o/g2o/types/types_seven_dof_expmap.h: No such file or directory\n'}
[1.248319] (orb_slam2_stereo) StderrLine: {'line': b'   30 | #include \x1b[01;31m\x1b[K"Thirdparty/g2o/g2o/types/types_seven_dof_expmap.h"\x1b[m\x1b[K\n'}
[1.248403] (orb_slam2_stereo) StderrLine: {'line': b'      |          \x1b[01;31m\x1b[K^~~~~~~~~~~~~~~~~~~~~~~~~~~~~~~~~~~~~~~~~~~~~~~~~~~\x1b[m\x1b[K\n'}
[1.248478] (orb_slam2_stereo) StderrLine: {'line': b'compilation terminated.\n'}
[1.281956] (orb_slam2_stereo) StderrLine: {'line': b'gmake[2]: *** [CMakeFiles/orb_slam2_core.dir/build.make:258: CMakeFiles/orb_slam2_core.dir/src/ORB_SLAM2/Optimizer.cc.o] Error 1\n'}
[1.286421] (orb_slam2_stereo) StderrLine: {'line': b'In file included from \x1b[01m\x1b[K/home/zsj/WorkSpace/ORB2_SLAM/ORB_SLAM2_ROS2/src/orb_slam_stero/src/ORB_SLAM2/LocalMapping.cc:24\x1b[m\x1b[K:\n'}
[1.286869] (orb_slam2_stereo) StderrLine: {'line': b'\x1b[01m\x1b[K/home/zsj/WorkSpace/ORB2_SLAM/ORB_SLAM2_ROS2/src/orb_slam_stero/include/ORB_SLAM2/Optimizer.h:30:10:\x1b[m\x1b[K \x1b[01;31m\x1b[Kfatal error: \x1b[m\x1b[KThirdparty/g2o/g2o/types/types_seven_dof_expmap.h: No such file or directory\n'}
[1.287117] (orb_slam2_stereo) StderrLine: {'line': b'   30 | #include \x1b[01;31m\x1b[K"Thirdparty/g2o/g2o/types/types_seven_dof_expmap.h"\x1b[m\x1b[K\n'}
[1.287212] (orb_slam2_stereo) StderrLine: {'line': b'      |          \x1b[01;31m\x1b[K^~~~~~~~~~~~~~~~~~~~~~~~~~~~~~~~~~~~~~~~~~~~~~~~~~~\x1b[m\x1b[K\n'}
[1.287290] (orb_slam2_stereo) StderrLine: {'line': b'compilation terminated.\n'}
[1.291406] (orb_slam2_stereo) StderrLine: {'line': b'In file included from \x1b[01m\x1b[K/home/zsj/WorkSpace/ORB2_SLAM/ORB_SLAM2_ROS2/src/orb_slam_stero/src/ORB_SLAM2/LoopClosing.cc:27\x1b[m\x1b[K:\n'}
[1.291767] (orb_slam2_stereo) StderrLine: {'line': b'\x1b[01m\x1b[K/home/zsj/WorkSpace/ORB2_SLAM/ORB_SLAM2_ROS2/src/orb_slam_stero/include/ORB_SLAM2/Optimizer.h:30:10:\x1b[m\x1b[K \x1b[01;31m\x1b[Kfatal error: \x1b[m\x1b[KThirdparty/g2o/g2o/types/types_seven_dof_expmap.h: No such file or directory\n'}
[1.291894] (orb_slam2_stereo) StderrLine: {'line': b'   30 | #include \x1b[01;31m\x1b[K"Thirdparty/g2o/g2o/types/types_seven_dof_expmap.h"\x1b[m\x1b[K\n'}
[1.292032] (orb_slam2_stereo) StderrLine: {'line': b'      |          \x1b[01;31m\x1b[K^~~~~~~~~~~~~~~~~~~~~~~~~~~~~~~~~~~~~~~~~~~~~~~~~~~\x1b[m\x1b[K\n'}
[1.292138] (orb_slam2_stereo) StderrLine: {'line': b'compilation terminated.\n'}
[1.293289] (orb_slam2_stereo) StderrLine: {'line': b'In file included from \x1b[01m\x1b[K/home/zsj/WorkSpace/ORB2_SLAM/ORB_SLAM2_ROS2/src/orb_slam_stero/src/ORB_SLAM2/Tracking.cc:33\x1b[m\x1b[K:\n'}
[1.293523] (orb_slam2_stereo) StderrLine: {'line': b'\x1b[01m\x1b[K/home/zsj/WorkSpace/ORB2_SLAM/ORB_SLAM2_ROS2/src/orb_slam_stero/include/ORB_SLAM2/Optimizer.h:30:10:\x1b[m\x1b[K \x1b[01;31m\x1b[Kfatal error: \x1b[m\x1b[KThirdparty/g2o/g2o/types/types_seven_dof_expmap.h: No such file or directory\n'}
[1.293706] (orb_slam2_stereo) StderrLine: {'line': b'   30 | #include \x1b[01;31m\x1b[K"Thirdparty/g2o/g2o/types/types_seven_dof_expmap.h"\x1b[m\x1b[K\n'}
[1.293806] (orb_slam2_stereo) StderrLine: {'line': b'      |          \x1b[01;31m\x1b[K^~~~~~~~~~~~~~~~~~~~~~~~~~~~~~~~~~~~~~~~~~~~~~~~~~~\x1b[m\x1b[K\n'}
[1.293898] (orb_slam2_stereo) StderrLine: {'line': b'compilation terminated.\n'}
[1.300203] (orb_slam2_stereo) StderrLine: {'line': b'gmake[2]: *** [CMakeFiles/orb_slam2_core.dir/build.make:160: CMakeFiles/orb_slam2_core.dir/src/ORB_SLAM2/LocalMapping.cc.o] Error 1\n'}
[1.306892] (orb_slam2_stereo) StderrLine: {'line': b'gmake[2]: *** [CMakeFiles/orb_slam2_core.dir/build.make:314: CMakeFiles/orb_slam2_core.dir/src/ORB_SLAM2/Tracking.cc.o] Error 1\n'}
[1.307318] (orb_slam2_stereo) StderrLine: {'line': b'gmake[2]: *** [CMakeFiles/orb_slam2_core.dir/build.make:174: CMakeFiles/orb_slam2_core.dir/src/ORB_SLAM2/LoopClosing.cc.o] Error 1\n'}
[1.325859] (-) TimerEvent: {}
[1.407493] (orb_slam2_stereo) StderrLine: {'line': b'In file included from \x1b[01m\x1b[K/home/zsj/WorkSpace/ORB2_SLAM/ORB_SLAM2_ROS2/src/orb_slam_stero/src/ORB_SLAM2/Initializer.cc:25\x1b[m\x1b[K:\n'}
[1.407885] (orb_slam2_stereo) StderrLine: {'line': b'\x1b[01m\x1b[K/home/zsj/WorkSpace/ORB2_SLAM/ORB_SLAM2_ROS2/src/orb_slam_stero/include/ORB_SLAM2/Optimizer.h:30:10:\x1b[m\x1b[K \x1b[01;31m\x1b[Kfatal error: \x1b[m\x1b[KThirdparty/g2o/g2o/types/types_seven_dof_expmap.h: No such file or directory\n'}
[1.408026] (orb_slam2_stereo) StderrLine: {'line': b'   30 | #include \x1b[01;31m\x1b[K"Thirdparty/g2o/g2o/types/types_seven_dof_expmap.h"\x1b[m\x1b[K\n'}
[1.408116] (orb_slam2_stereo) StderrLine: {'line': b'      |          \x1b[01;31m\x1b[K^~~~~~~~~~~~~~~~~~~~~~~~~~~~~~~~~~~~~~~~~~~~~~~~~~~\x1b[m\x1b[K\n'}
[1.408190] (orb_slam2_stereo) StderrLine: {'line': b'compilation terminated.\n'}
[1.417625] (orb_slam2_stereo) StderrLine: {'line': b'gmake[2]: *** [CMakeFiles/orb_slam2_core.dir/build.make:118: CMakeFiles/orb_slam2_core.dir/src/ORB_SLAM2/Initializer.cc.o] Error 1\n'}
[1.426770] (-) TimerEvent: {}
[1.528873] (-) TimerEvent: {}
[1.634506] (-) TimerEvent: {}
[1.735398] (-) TimerEvent: {}
[1.836719] (-) TimerEvent: {}
[1.938187] (-) TimerEvent: {}
[2.046418] (-) TimerEvent: {}
[2.147363] (-) TimerEvent: {}
[2.248507] (-) TimerEvent: {}
[2.350080] (-) TimerEvent: {}
[2.454862] (-) TimerEvent: {}
[2.556177] (-) TimerEvent: {}
[2.657090] (-) TimerEvent: {}
[2.758957] (-) TimerEvent: {}
[2.860016] (-) TimerEvent: {}
[2.964920] (-) TimerEvent: {}
[3.067334] (-) TimerEvent: {}
[3.168549] (-) TimerEvent: {}
[3.269517] (-) TimerEvent: {}
[3.372035] (-) TimerEvent: {}
[3.480523] (-) TimerEvent: {}
[3.581743] (-) TimerEvent: {}
[3.683831] (-) TimerEvent: {}
[3.786505] (-) TimerEvent: {}
[3.883323] (orb_slam2_stereo) StderrLine: {'line': b'\x1b[01m\x1b[K/home/zsj/WorkSpace/ORB2_SLAM/ORB_SLAM2_ROS2/src/orb_slam_stero/src/ORB_SLAM2/Sim3Solver.cc:\x1b[m\x1b[K In member function \xe2\x80\x98\x1b[01m\x1b[Kvoid ORB_SLAM2::Sim3Solver::ComputeCentroid(cv::Mat&, cv::Mat&, cv::Mat&)\x1b[m\x1b[K\xe2\x80\x99:\n'}
[3.883721] (orb_slam2_stereo) StderrLine: {'line': b'\x1b[01m\x1b[K/home/zsj/WorkSpace/ORB2_SLAM/ORB_SLAM2_ROS2/src/orb_slam_stero/src/ORB_SLAM2/Sim3Solver.cc:217:22:\x1b[m\x1b[K \x1b[01;31m\x1b[Kerror: \x1b[m\x1b[K\xe2\x80\x98\x1b[01m\x1b[KCV_REDUCE_SUM\x1b[m\x1b[K\xe2\x80\x99 was not declared in this scope\n'}
[3.883783] (orb_slam2_stereo) StderrLine: {'line': b'  217 |     cv::reduce(P,C,1,\x1b[01;31m\x1b[KCV_REDUCE_SUM\x1b[m\x1b[K);\n'}
[3.883830] (orb_slam2_stereo) StderrLine: {'line': b'      |                      \x1b[01;31m\x1b[K^~~~~~~~~~~~~\x1b[m\x1b[K\n'}
[3.886893] (-) TimerEvent: {}
[3.989085] (-) TimerEvent: {}
[4.091495] (-) TimerEvent: {}
[4.194106] (-) TimerEvent: {}
[4.294694] (-) TimerEvent: {}
[4.395449] (-) TimerEvent: {}
[4.496661] (-) TimerEvent: {}
[4.599800] (-) TimerEvent: {}
[4.701168] (-) TimerEvent: {}
[4.810500] (-) TimerEvent: {}
[4.919548] (-) TimerEvent: {}
[5.028455] (-) TimerEvent: {}
[5.066995] (orb_slam2_stereo) StderrLine: {'line': b'gmake[2]: *** [CMakeFiles/orb_slam2_core.dir/build.make:286: CMakeFiles/orb_slam2_core.dir/src/ORB_SLAM2/Sim3Solver.cc.o] Error 1\n'}
[5.133816] (-) TimerEvent: {}
[5.242932] (-) TimerEvent: {}
[5.343647] (-) TimerEvent: {}
[5.444991] (-) TimerEvent: {}
[5.545763] (-) TimerEvent: {}
[5.646647] (-) TimerEvent: {}
[5.749462] (-) TimerEvent: {}
[5.850369] (-) TimerEvent: {}
[5.951304] (-) TimerEvent: {}
[6.056736] (-) TimerEvent: {}
[6.158064] (-) TimerEvent: {}
[6.267075] (-) TimerEvent: {}
[6.373503] (-) TimerEvent: {}
[6.482609] (-) TimerEvent: {}
[6.591841] (-) TimerEvent: {}
[6.700901] (-) TimerEvent: {}
[6.807799] (-) TimerEvent: {}
[6.916912] (-) TimerEvent: {}
[7.025827] (-) TimerEvent: {}
[7.126826] (-) TimerEvent: {}
[7.229896] (-) TimerEvent: {}
[7.335443] (-) TimerEvent: {}
[7.444541] (-) TimerEvent: {}
[7.548083] (-) TimerEvent: {}
[7.657278] (-) TimerEvent: {}
[7.758144] (-) TimerEvent: {}
[7.863978] (-) TimerEvent: {}
[7.964950] (-) TimerEvent: {}
[8.067794] (-) TimerEvent: {}
[8.168668] (-) TimerEvent: {}
[8.261700] (orb_slam2_stereo) StderrLine: {'line': b'\x1b[01m\x1b[K/home/zsj/WorkSpace/ORB2_SLAM/ORB_SLAM2_ROS2/src/orb_slam_stero/src/ORB_SLAM2/Viewer.cc:\x1b[m\x1b[K In member function \xe2\x80\x98\x1b[01m\x1b[Kvoid ORB_SLAM2::Viewer::Run()\x1b[m\x1b[K\xe2\x80\x99:\n'}
[8.262432] (orb_slam2_stereo) StderrLine: {'line': b'\x1b[01m\x1b[K/home/zsj/WorkSpace/ORB2_SLAM/ORB_SLAM2_ROS2/src/orb_slam_stero/src/ORB_SLAM2/Viewer.cc:160:17:\x1b[m\x1b[K \x1b[01;31m\x1b[Kerror: \x1b[m\x1b[K\xe2\x80\x98\x1b[01m\x1b[Kusleep\x1b[m\x1b[K\xe2\x80\x99 was not declared in this scope\n'}
[8.262551] (orb_slam2_stereo) StderrLine: {'line': b'  160 |                 \x1b[01;31m\x1b[Kusleep\x1b[m\x1b[K(3000);\n'}
[8.262841] (orb_slam2_stereo) StderrLine: {'line': b'      |                 \x1b[01;31m\x1b[K^~~~~~\x1b[m\x1b[K\n'}
[8.269098] (-) TimerEvent: {}
[8.330616] (orb_slam2_stereo) StderrLine: {'line': b'\x1b[01m\x1b[K/home/zsj/WorkSpace/ORB2_SLAM/ORB_SLAM2_ROS2/src/orb_slam_stero/src/ORB_SLAM2/FrameDrawer.cc:\x1b[m\x1b[K In member function \xe2\x80\x98\x1b[01m\x1b[Kcv::Mat ORB_SLAM2::FrameDrawer::DrawFrame()\x1b[m\x1b[K\xe2\x80\x99:\n'}
[8.330999] (orb_slam2_stereo) StderrLine: {'line': b'\x1b[01m\x1b[K/home/zsj/WorkSpace/ORB2_SLAM/ORB_SLAM2_ROS2/src/orb_slam_stero/src/ORB_SLAM2/FrameDrawer.cc:75:24:\x1b[m\x1b[K \x1b[01;31m\x1b[Kerror: \x1b[m\x1b[K\xe2\x80\x98\x1b[01m\x1b[KCV_GRAY2BGR\x1b[m\x1b[K\xe2\x80\x99 was not declared in this scope\n'}
[8.331128] (orb_slam2_stereo) StderrLine: {'line': b'   75 |         cvtColor(im,im,\x1b[01;31m\x1b[KCV_GRAY2BGR\x1b[m\x1b[K);\n'}
[8.331205] (orb_slam2_stereo) StderrLine: {'line': b'      |                        \x1b[01;31m\x1b[K^~~~~~~~~~~\x1b[m\x1b[K\n'}
[8.371603] (-) TimerEvent: {}
[8.454191] (orb_slam2_stereo) StderrLine: {'line': b'\x1b[01m\x1b[K/home/zsj/WorkSpace/ORB2_SLAM/ORB_SLAM2_ROS2/src/orb_slam_stero/src/ORB_SLAM2/System.cc:\x1b[m\x1b[K In member function \xe2\x80\x98\x1b[01m\x1b[Kcv::Mat ORB_SLAM2::System::TrackStereo(const cv::Mat&, const cv::Mat&, const double&)\x1b[m\x1b[K\xe2\x80\x99:\n'}
[8.454624] (orb_slam2_stereo) StderrLine: {'line': b'\x1b[01m\x1b[K/home/zsj/WorkSpace/ORB2_SLAM/ORB_SLAM2_ROS2/src/orb_slam_stero/src/ORB_SLAM2/System.cc:134:17:\x1b[m\x1b[K \x1b[01;31m\x1b[Kerror: \x1b[m\x1b[K\xe2\x80\x98\x1b[01m\x1b[Kusleep\x1b[m\x1b[K\xe2\x80\x99 was not declared in this scope\n'}
[8.454737] (orb_slam2_stereo) StderrLine: {'line': b'  134 |                 \x1b[01;31m\x1b[Kusleep\x1b[m\x1b[K(1000);\n'}
[8.454835] (orb_slam2_stereo) StderrLine: {'line': b'      |                 \x1b[01;31m\x1b[K^~~~~~\x1b[m\x1b[K\n'}
[8.473232] (-) TimerEvent: {}
[8.479264] (orb_slam2_stereo) StderrLine: {'line': b'\x1b[01m\x1b[K/home/zsj/WorkSpace/ORB2_SLAM/ORB_SLAM2_ROS2/src/orb_slam_stero/src/ORB_SLAM2/System.cc:\x1b[m\x1b[K In member function \xe2\x80\x98\x1b[01m\x1b[Kcv::Mat ORB_SLAM2::System::TrackRGBD(const cv::Mat&, const cv::Mat&, const double&)\x1b[m\x1b[K\xe2\x80\x99:\n'}
[8.479561] (orb_slam2_stereo) StderrLine: {'line': b'\x1b[01m\x1b[K/home/zsj/WorkSpace/ORB2_SLAM/ORB_SLAM2_ROS2/src/orb_slam_stero/src/ORB_SLAM2/System.cc:185:17:\x1b[m\x1b[K \x1b[01;31m\x1b[Kerror: \x1b[m\x1b[K\xe2\x80\x98\x1b[01m\x1b[Kusleep\x1b[m\x1b[K\xe2\x80\x99 was not declared in this scope\n'}
[8.479623] (orb_slam2_stereo) StderrLine: {'line': b'  185 |                 \x1b[01;31m\x1b[Kusleep\x1b[m\x1b[K(1000);\n'}
[8.479670] (orb_slam2_stereo) StderrLine: {'line': b'      |                 \x1b[01;31m\x1b[K^~~~~~\x1b[m\x1b[K\n'}
[8.508655] (orb_slam2_stereo) StderrLine: {'line': b'\x1b[01m\x1b[K/home/zsj/WorkSpace/ORB2_SLAM/ORB_SLAM2_ROS2/src/orb_slam_stero/src/ORB_SLAM2/System.cc:\x1b[m\x1b[K In member function \xe2\x80\x98\x1b[01m\x1b[Kcv::Mat ORB_SLAM2::System::TrackMonocular(const cv::Mat&, const double&)\x1b[m\x1b[K\xe2\x80\x99:\n'}
[8.508912] (orb_slam2_stereo) StderrLine: {'line': b'\x1b[01m\x1b[K/home/zsj/WorkSpace/ORB2_SLAM/ORB_SLAM2_ROS2/src/orb_slam_stero/src/ORB_SLAM2/System.cc:236:17:\x1b[m\x1b[K \x1b[01;31m\x1b[Kerror: \x1b[m\x1b[K\xe2\x80\x98\x1b[01m\x1b[Kusleep\x1b[m\x1b[K\xe2\x80\x99 was not declared in this scope\n'}
[8.508984] (orb_slam2_stereo) StderrLine: {'line': b'  236 |                 \x1b[01;31m\x1b[Kusleep\x1b[m\x1b[K(1000);\n'}
[8.509030] (orb_slam2_stereo) StderrLine: {'line': b'      |                 \x1b[01;31m\x1b[K^~~~~~\x1b[m\x1b[K\n'}
[8.533854] (orb_slam2_stereo) StderrLine: {'line': b'\x1b[01m\x1b[K/home/zsj/WorkSpace/ORB2_SLAM/ORB_SLAM2_ROS2/src/orb_slam_stero/src/ORB_SLAM2/System.cc:\x1b[m\x1b[K In member function \xe2\x80\x98\x1b[01m\x1b[Kvoid ORB_SLAM2::System::Shutdown()\x1b[m\x1b[K\xe2\x80\x99:\n'}
[8.534262] (orb_slam2_stereo) StderrLine: {'line': b'\x1b[01m\x1b[K/home/zsj/WorkSpace/ORB2_SLAM/ORB_SLAM2_ROS2/src/orb_slam_stero/src/ORB_SLAM2/System.cc:309:13:\x1b[m\x1b[K \x1b[01;31m\x1b[Kerror: \x1b[m\x1b[K\xe2\x80\x98\x1b[01m\x1b[Kusleep\x1b[m\x1b[K\xe2\x80\x99 was not declared in this scope\n'}
[8.534328] (orb_slam2_stereo) StderrLine: {'line': b'  309 |             \x1b[01;31m\x1b[Kusleep\x1b[m\x1b[K(5000);\n'}
[8.534377] (orb_slam2_stereo) StderrLine: {'line': b'      |             \x1b[01;31m\x1b[K^~~~~~\x1b[m\x1b[K\n'}
[8.559357] (orb_slam2_stereo) StderrLine: {'line': b'\x1b[01m\x1b[K/home/zsj/WorkSpace/ORB2_SLAM/ORB_SLAM2_ROS2/src/orb_slam_stero/src/ORB_SLAM2/System.cc:315:9:\x1b[m\x1b[K \x1b[01;31m\x1b[Kerror: \x1b[m\x1b[K\xe2\x80\x98\x1b[01m\x1b[Kusleep\x1b[m\x1b[K\xe2\x80\x99 was not declared in this scope\n'}
[8.559635] (orb_slam2_stereo) StderrLine: {'line': b'  315 |         \x1b[01;31m\x1b[Kusleep\x1b[m\x1b[K(5000);\n'}
[8.559690] (orb_slam2_stereo) StderrLine: {'line': b'      |         \x1b[01;31m\x1b[K^~~~~~\x1b[m\x1b[K\n'}
[8.574558] (-) TimerEvent: {}
[8.677653] (-) TimerEvent: {}
[8.779909] (-) TimerEvent: {}
[8.882181] (-) TimerEvent: {}
[8.985367] (-) TimerEvent: {}
[9.087619] (-) TimerEvent: {}
[9.189845] (-) TimerEvent: {}
[9.290480] (-) TimerEvent: {}
[9.394662] (-) TimerEvent: {}
[9.503663] (-) TimerEvent: {}
[9.612555] (-) TimerEvent: {}
[9.721586] (-) TimerEvent: {}
[9.830362] (-) TimerEvent: {}
[9.931091] (-) TimerEvent: {}
[10.032112] (-) TimerEvent: {}
[10.134321] (-) TimerEvent: {}
[10.236049] (-) TimerEvent: {}
[10.337160] (-) TimerEvent: {}
[10.437964] (-) TimerEvent: {}
[10.540506] (-) TimerEvent: {}
[10.642698] (-) TimerEvent: {}
[10.743486] (-) TimerEvent: {}
[10.844405] (-) TimerEvent: {}
[10.945496] (-) TimerEvent: {}
[11.048459] (-) TimerEvent: {}
[11.152896] (-) TimerEvent: {}
[11.257431] (-) TimerEvent: {}
[11.362084] (-) TimerEvent: {}
[11.466392] (-) TimerEvent: {}
[11.571110] (-) TimerEvent: {}
[11.676121] (-) TimerEvent: {}
[11.780753] (-) TimerEvent: {}
[11.885503] (-) TimerEvent: {}
[11.989980] (-) TimerEvent: {}
[12.094651] (-) TimerEvent: {}
[12.199323] (-) TimerEvent: {}
[12.303988] (-) TimerEvent: {}
[12.408623] (-) TimerEvent: {}
[12.513434] (-) TimerEvent: {}
[12.617912] (-) TimerEvent: {}
[12.718651] (-) TimerEvent: {}
[12.819444] (-) TimerEvent: {}
[12.922184] (-) TimerEvent: {}
[13.028562] (-) TimerEvent: {}
[13.135254] (-) TimerEvent: {}
[13.242308] (-) TimerEvent: {}
[13.343110] (-) TimerEvent: {}
[13.449192] (-) TimerEvent: {}
[13.553558] (-) TimerEvent: {}
[13.654155] (-) TimerEvent: {}
[13.754955] (-) TimerEvent: {}
[13.859719] (-) TimerEvent: {}
[13.966559] (-) TimerEvent: {}
[14.069167] (-) TimerEvent: {}
[14.175235] (-) TimerEvent: {}
[14.276955] (-) TimerEvent: {}
[14.381795] (-) TimerEvent: {}
[14.488805] (-) TimerEvent: {}
[14.595711] (-) TimerEvent: {}
[14.702324] (-) TimerEvent: {}
[14.808901] (-) TimerEvent: {}
[14.915293] (-) TimerEvent: {}
[15.021757] (-) TimerEvent: {}
[15.122605] (-) TimerEvent: {}
[15.224107] (-) TimerEvent: {}
[15.325018] (-) TimerEvent: {}
[15.425935] (-) TimerEvent: {}
[15.528288] (-) TimerEvent: {}
[15.630658] (-) TimerEvent: {}
[15.734038] (-) TimerEvent: {}
[15.836445] (-) TimerEvent: {}
[15.939287] (-) TimerEvent: {}
[16.041047] (-) TimerEvent: {}
[16.143829] (-) TimerEvent: {}
[16.246238] (-) TimerEvent: {}
[16.348450] (-) TimerEvent: {}
[16.449631] (-) TimerEvent: {}
[16.550880] (-) TimerEvent: {}
[16.653404] (-) TimerEvent: {}
[16.756474] (-) TimerEvent: {}
[16.859807] (-) TimerEvent: {}
[16.962553] (-) TimerEvent: {}
[17.065864] (-) TimerEvent: {}
[17.168107] (-) TimerEvent: {}
[17.268957] (-) TimerEvent: {}
[17.308412] (orb_slam2_stereo) StderrLine: {'line': b'gmake[2]: *** [CMakeFiles/orb_slam2_core.dir/build.make:328: CMakeFiles/orb_slam2_core.dir/src/ORB_SLAM2/Viewer.cc.o] Error 1\n'}
[17.369433] (-) TimerEvent: {}
[17.390197] (orb_slam2_stereo) StderrLine: {'line': b'gmake[2]: *** [CMakeFiles/orb_slam2_core.dir/build.make:104: CMakeFiles/orb_slam2_core.dir/src/ORB_SLAM2/FrameDrawer.cc.o] Error 1\n'}
[17.469816] (-) TimerEvent: {}
[17.570944] (-) TimerEvent: {}
[17.679388] (-) TimerEvent: {}
[17.788021] (-) TimerEvent: {}
[17.893435] (-) TimerEvent: {}
[18.001862] (-) TimerEvent: {}
[18.102952] (-) TimerEvent: {}
[18.116838] (orb_slam2_stereo) StderrLine: {'line': b'gmake[2]: *** [CMakeFiles/orb_slam2_core.dir/build.make:300: CMakeFiles/orb_slam2_core.dir/src/ORB_SLAM2/System.cc.o] Error 1\n'}
[18.118048] (orb_slam2_stereo) StderrLine: {'line': b'gmake[1]: *** [CMakeFiles/Makefile2:175: CMakeFiles/orb_slam2_core.dir/all] Error 2\n'}
[18.118546] (orb_slam2_stereo) StderrLine: {'line': b'gmake: *** [Makefile:146: all] Error 2\n'}
[18.125385] (orb_slam2_stereo) CommandEnded: {'returncode': 2}
[18.148367] (orb_slam2_stereo) JobEnded: {'identifier': 'orb_slam2_stereo', 'rc': 2}
[18.159431] (-) EventReactorShutdown: {}
