[0.021s] Invoking command in '/home/zsj/WorkSpace/ORB2_SLAM/ORB_SLAM2_ROS2/build/orb_slam2_stereo': CMAKE_PREFIX_PATH=/opt/ros/humble CONDA_PROMPT_MODIFIER=(base) /usr/bin/cmake --build /home/zsj/WorkSpace/ORB2_SLAM/ORB_SLAM2_ROS2/build/orb_slam2_stereo -- -j18 -l18
[0.062s] -- Found ament_cmake: 1.3.12 (/opt/ros/humble/share/ament_cmake/cmake)
[0.217s] -- Found rclcpp: 16.0.17 (/opt/ros/humble/share/rclcpp/cmake)
[0.954s] -- Found rosidl_generator_c: 3.1.8 (/opt/ros/humble/share/rosidl_generator_c/cmake)
[0.959s] -- Found rosidl_adapter: 3.1.8 (/opt/ros/humble/share/rosidl_adapter/cmake)
[0.970s] -- Found rosidl_generator_cpp: 3.1.8 (/opt/ros/humble/share/rosidl_generator_cpp/cmake)
[0.987s] -- Using all available rosidl_typesupport_c: rosidl_typesupport_fastrtps_c;rosidl_typesupport_introspection_c
[1.002s] -- Using all available rosidl_typesupport_cpp: rosidl_typesupport_fastrtps_cpp;rosidl_typesupport_introspection_cpp
[1.035s] -- Found rmw_implementation_cmake: 6.1.2 (/opt/ros/humble/share/rmw_implementation_cmake/cmake)
[1.036s] -- Found rmw_fastrtps_cpp: 6.2.9 (/opt/ros/humble/share/rmw_fastrtps_cpp/cmake)
[34.851s] -- Using RMW implementation 'rmw_fastrtps_cpp' as default
[34.924s] -- Found sensor_msgs: 4.9.0 (/opt/ros/humble/share/sensor_msgs/cmake)
[34.960s] -- Found cv_bridge: 3.2.1 (/opt/ros/humble/share/cv_bridge/cmake)
[34.972s] -- Found image_transport: 3.1.12 (/opt/ros/humble/share/image_transport/cmake)
[43.208s] [0mCMake Deprecation Warning at Thirdparty/DBoW2/CMakeLists.txt:1 (cmake_minimum_required):
[43.208s]   Compatibility with CMake < 2.8.12 will be removed from a future version of
[43.208s]   CMake.
[43.208s] 
[43.208s]   Update the VERSION argument <min> value or use a ...<max> suffix to tell
[43.208s]   CMake that the project does not need compatibility with older versions.
[43.208s] 
[43.208s] [0m
[43.219s] [0mCMake Deprecation Warning at Thirdparty/g2o/CMakeLists.txt:1 (CMAKE_MINIMUM_REQUIRED):
[43.220s]   Compatibility with CMake < 2.8.12 will be removed from a future version of
[43.220s]   CMake.
[43.220s] 
[43.220s]   Update the VERSION argument <min> value or use a ...<max> suffix to tell
[43.220s]   CMake that the project does not need compatibility with older versions.
[43.220s] 
[43.220s] [0m
[43.220s] -- BUILD TYPE:Release
[43.220s] -- Compiling on Unix
[43.320s] -- Configuring done
[43.374s] -- Generating done
[43.388s] -- Build files have been written to: /home/zsj/WorkSpace/ORB2_SLAM/ORB_SLAM2_ROS2/build/orb_slam2_stereo
[43.426s] [35m[1mConsolidate compiler generated dependencies of target DBoW2[0m
[43.437s] [35m[1mConsolidate compiler generated dependencies of target g2o[0m
[43.450s] [  1%] [32mBuilding CXX object Thirdparty/DBoW2/CMakeFiles/DBoW2.dir/DBoW2/BowVector.cpp.o[0m
[43.453s] [  3%] [32mBuilding CXX object Thirdparty/DBoW2/CMakeFiles/DBoW2.dir/DBoW2/FORB.cpp.o[0m
[43.454s] [  5%] [32mBuilding CXX object Thirdparty/DBoW2/CMakeFiles/DBoW2.dir/DBoW2/FeatureVector.cpp.o[0m
[43.455s] [  6%] [32mBuilding CXX object Thirdparty/DBoW2/CMakeFiles/DBoW2.dir/DUtils/Random.cpp.o[0m
[43.456s] [  8%] [32mBuilding CXX object Thirdparty/DBoW2/CMakeFiles/DBoW2.dir/DUtils/Timestamp.cpp.o[0m
[43.464s] [ 10%] [32mBuilding CXX object Thirdparty/DBoW2/CMakeFiles/DBoW2.dir/DBoW2/ScoringObject.cpp.o[0m
[43.528s] [ 11%] [32mBuilding CXX object Thirdparty/g2o/CMakeFiles/g2o.dir/g2o/core/hyper_graph.cpp.o[0m
[43.529s] [ 13%] [32mBuilding CXX object Thirdparty/g2o/CMakeFiles/g2o.dir/g2o/types/types_sba.cpp.o[0m
[43.530s] [ 15%] [32mBuilding CXX object Thirdparty/g2o/CMakeFiles/g2o.dir/g2o/types/types_six_dof_expmap.cpp.o[0m
[43.530s] [ 16%] [32mBuilding CXX object Thirdparty/g2o/CMakeFiles/g2o.dir/g2o/types/types_seven_dof_expmap.cpp.o[0m
[43.531s] [ 18%] [32mBuilding CXX object Thirdparty/g2o/CMakeFiles/g2o.dir/g2o/core/hyper_graph_action.cpp.o[0m
[43.535s] [ 20%] [32mBuilding CXX object Thirdparty/g2o/CMakeFiles/g2o.dir/g2o/core/matrix_structure.cpp.o[0m
[43.536s] [ 22%] [32mBuilding CXX object Thirdparty/g2o/CMakeFiles/g2o.dir/g2o/core/cache.cpp.o[0m
[43.538s] [ 23%] [32mBuilding CXX object Thirdparty/g2o/CMakeFiles/g2o.dir/g2o/core/marginal_covariance_cholesky.cpp.o[0m
[43.538s] [ 25%] [32mBuilding CXX object Thirdparty/g2o/CMakeFiles/g2o.dir/g2o/core/batch_stats.cpp.o[0m
[43.556s] [ 27%] [32mBuilding CXX object Thirdparty/g2o/CMakeFiles/g2o.dir/g2o/core/parameter.cpp.o[0m
[43.571s] [ 28%] [32mBuilding CXX object Thirdparty/g2o/CMakeFiles/g2o.dir/g2o/core/solver.cpp.o[0m
[43.571s] [ 30%] [32mBuilding CXX object Thirdparty/g2o/CMakeFiles/g2o.dir/g2o/core/optimizable_graph.cpp.o[0m
[45.227s] [ 32%] [32mBuilding CXX object Thirdparty/g2o/CMakeFiles/g2o.dir/g2o/core/optimization_algorithm_factory.cpp.o[0m
[45.292s] [ 33%] [32mBuilding CXX object Thirdparty/g2o/CMakeFiles/g2o.dir/g2o/core/estimate_propagator.cpp.o[0m
[45.377s] [ 35%] [32mBuilding CXX object Thirdparty/g2o/CMakeFiles/g2o.dir/g2o/core/factory.cpp.o[0m
[45.497s] [ 37%] [32mBuilding CXX object Thirdparty/g2o/CMakeFiles/g2o.dir/g2o/core/sparse_optimizer.cpp.o[0m
[45.541s] [ 38%] [32mBuilding CXX object Thirdparty/g2o/CMakeFiles/g2o.dir/g2o/core/hyper_dijkstra.cpp.o[0m
[46.323s] [ 40%] [32mBuilding CXX object Thirdparty/g2o/CMakeFiles/g2o.dir/g2o/core/parameter_container.cpp.o[0m
[46.388s] [ 42%] [32mBuilding CXX object Thirdparty/g2o/CMakeFiles/g2o.dir/g2o/core/optimization_algorithm.cpp.o[0m
[46.676s] [ 44%] [32mBuilding CXX object Thirdparty/g2o/CMakeFiles/g2o.dir/g2o/core/optimization_algorithm_with_hessian.cpp.o[0m
[47.247s] [ 45%] [32mBuilding CXX object Thirdparty/g2o/CMakeFiles/g2o.dir/g2o/core/optimization_algorithm_levenberg.cpp.o[0m
[49.496s] [ 47%] [32mBuilding CXX object Thirdparty/g2o/CMakeFiles/g2o.dir/g2o/core/jacobian_workspace.cpp.o[0m
[49.581s] [ 49%] [32mBuilding CXX object Thirdparty/g2o/CMakeFiles/g2o.dir/g2o/core/robust_kernel.cpp.o[0m
[49.873s] [ 50%] [32mBuilding CXX object Thirdparty/g2o/CMakeFiles/g2o.dir/g2o/core/robust_kernel_factory.cpp.o[0m
[50.057s] [ 52%] [32mBuilding CXX object Thirdparty/g2o/CMakeFiles/g2o.dir/g2o/core/robust_kernel_impl.cpp.o[0m
[50.101s] [ 54%] [32m[1mLinking CXX shared library /home/zsj/WorkSpace/ORB2_SLAM/ORB_SLAM2_ROS2/src/orb_slam_stero/Thirdparty/DBoW2/lib/libDBoW2.so[0m
[50.154s] [ 55%] [32mBuilding CXX object Thirdparty/g2o/CMakeFiles/g2o.dir/g2o/stuff/timeutil.cpp.o[0m
[51.391s] [ 57%] [32mBuilding C object Thirdparty/g2o/CMakeFiles/g2o.dir/g2o/stuff/os_specific.c.o[0m
[51.454s] [ 59%] [32mBuilding CXX object Thirdparty/g2o/CMakeFiles/g2o.dir/g2o/stuff/string_tools.cpp.o[0m
[51.510s] [ 59%] Built target DBoW2
[51.550s] [ 61%] [32mBuilding CXX object Thirdparty/g2o/CMakeFiles/g2o.dir/g2o/stuff/property.cpp.o[0m
[70.887s] [01m[K/home/zsj/WorkSpace/ORB2_SLAM/ORB_SLAM2_ROS2/src/orb_slam_stero/Thirdparty/g2o/g2o/types/types_six_dof_expmap.cpp:[m[K In member function â€˜[01m[Kvirtual bool g2o::EdgeSE3ProjectXYZ::read(std::istream&)[m[Kâ€™:
[70.888s] [01m[K/home/zsj/WorkSpace/ORB2_SLAM/ORB_SLAM2_ROS2/src/orb_slam_stero/Thirdparty/g2o/g2o/types/types_six_dof_expmap.cpp:82:26:[m[K [01;35m[Kwarning: [m[Kiteration 2 invokes undefined behavior [[01;35m[K]8;;https://gcc.gnu.org/onlinedocs/gcc/Warning-Options.html#index-Waggressive-loop-optimizations-Waggressive-loop-optimizations]8;;[m[K]
[70.888s]    82 |       is >> [01;35m[Kinformation()(i,j)[m[K;
[70.889s]       |             [01;35m[K~~~~~~~~~~~~~^~~~~[m[K
[70.889s] [01m[K/home/zsj/WorkSpace/ORB2_SLAM/ORB_SLAM2_ROS2/src/orb_slam_stero/Thirdparty/g2o/g2o/types/types_six_dof_expmap.cpp:81:20:[m[K [01;36m[Knote: [m[Kwithin this loop
[70.889s]    81 |     for (int j=i; [01;36m[Kj<2[m[K; j++) {
[70.889s]       |                   [01;36m[K~^~[m[K
[76.268s] [01m[K/home/zsj/WorkSpace/ORB2_SLAM/ORB_SLAM2_ROS2/src/orb_slam_stero/Thirdparty/g2o/g2o/types/types_seven_dof_expmap.cpp:[m[K In member function â€˜[01m[Kvirtual bool g2o::EdgeSim3ProjectXYZ::read(std::istream&)[m[Kâ€™:
[76.269s] [01m[K/home/zsj/WorkSpace/ORB2_SLAM/ORB_SLAM2_ROS2/src/orb_slam_stero/Thirdparty/g2o/g2o/types/types_seven_dof_expmap.cpp:139:22:[m[K [01;35m[Kwarning: [m[Kiteration 2 invokes undefined behavior [[01;35m[K]8;;https://gcc.gnu.org/onlinedocs/gcc/Warning-Options.html#index-Waggressive-loop-optimizations-Waggressive-loop-optimizations]8;;[m[K]
[76.269s]   139 |   is >> [01;35m[Kinformation()(i,j)[m[K;
[76.269s]       |         [01;35m[K~~~~~~~~~~~~~^~~~~[m[K
[76.269s] [01m[K/home/zsj/WorkSpace/ORB2_SLAM/ORB_SLAM2_ROS2/src/orb_slam_stero/Thirdparty/g2o/g2o/types/types_seven_dof_expmap.cpp:138:22:[m[K [01;36m[Knote: [m[Kwithin this loop
[76.269s]   138 |       for (int j=i; [01;36m[Kj<2[m[K; j++) {
[76.269s]       |                     [01;36m[K~^~[m[K
[77.977s] [ 62%] [32m[1mLinking CXX shared library /home/zsj/WorkSpace/ORB2_SLAM/ORB_SLAM2_ROS2/src/orb_slam_stero/Thirdparty/g2o/lib/libg2o.so[0m
[78.700s] [ 62%] Built target g2o
[78.716s] [35m[1mConsolidate compiler generated dependencies of target orb_slam2_core[0m
[78.732s] [ 64%] [32mBuilding CXX object CMakeFiles/orb_slam2_core.dir/src/ORB_SLAM2/Frame.cc.o[0m
[78.732s] [ 66%] [32mBuilding CXX object CMakeFiles/orb_slam2_core.dir/src/ORB_SLAM2/Converter.cc.o[0m
[78.736s] [ 67%] [32mBuilding CXX object CMakeFiles/orb_slam2_core.dir/src/ORB_SLAM2/FrameDrawer.cc.o[0m
[78.741s] [ 69%] [32mBuilding CXX object CMakeFiles/orb_slam2_core.dir/src/ORB_SLAM2/KeyFrame.cc.o[0m
[78.741s] [ 71%] [32mBuilding CXX object CMakeFiles/orb_slam2_core.dir/src/ORB_SLAM2/LocalMapping.cc.o[0m
[78.748s] [ 72%] [32mBuilding CXX object CMakeFiles/orb_slam2_core.dir/src/ORB_SLAM2/Initializer.cc.o[0m
[78.748s] [ 74%] [32mBuilding CXX object CMakeFiles/orb_slam2_core.dir/src/ORB_SLAM2/MapDrawer.cc.o[0m
[78.748s] [ 77%] [32mBuilding CXX object CMakeFiles/orb_slam2_core.dir/src/ORB_SLAM2/Optimizer.cc.o[0m
[78.748s] [ 77%] [32mBuilding CXX object CMakeFiles/orb_slam2_core.dir/src/ORB_SLAM2/MapPoint.cc.o[0m
[78.750s] [ 79%] [32mBuilding CXX object CMakeFiles/orb_slam2_core.dir/src/ORB_SLAM2/ORBmatcher.cc.o[0m
[78.752s] [ 81%] [32mBuilding CXX object CMakeFiles/orb_slam2_core.dir/src/ORB_SLAM2/LoopClosing.cc.o[0m
[78.754s] [ 83%] [32mBuilding CXX object CMakeFiles/orb_slam2_core.dir/src/ORB_SLAM2/ORBextractor.cc.o[0m
[78.755s] [ 84%] [32mBuilding CXX object CMakeFiles/orb_slam2_core.dir/src/ORB_SLAM2/Sim3Solver.cc.o[0m
[78.759s] [ 86%] [32mBuilding CXX object CMakeFiles/orb_slam2_core.dir/src/ORB_SLAM2/Map.cc.o[0m
[78.764s] [ 88%] [32mBuilding CXX object CMakeFiles/orb_slam2_core.dir/src/ORB_SLAM2/PnPsolver.cc.o[0m
[78.768s] In file included from [01m[K/home/zsj/WorkSpace/ORB2_SLAM/ORB_SLAM2_ROS2/src/orb_slam_stero/include/ORB_SLAM2/MapPoint.h:24[m[K,
[78.769s]                  from [01m[K/home/zsj/WorkSpace/ORB2_SLAM/ORB_SLAM2_ROS2/src/orb_slam_stero/src/ORB_SLAM2/MapPoint.cc:21[m[K:
[78.769s] [01m[K/home/zsj/WorkSpace/ORB2_SLAM/ORB_SLAM2_ROS2/src/orb_slam_stero/include/ORB_SLAM2/KeyFrame.h:25:10:[m[K [01;31m[Kfatal error: [m[KThirdparty/DBoW2/DBoW2/BowVector.h: No such file or directory
[78.769s]    25 | #include [01;31m[K"Thirdparty/DBoW2/DBoW2/BowVector.h"[m[K
[78.769s]       |          [01;31m[K^~~~~~~~~~~~~~~~~~~~~~~~~~~~~~~~~~~~[m[K
[78.769s] compilation terminated.
[78.769s] [ 89%] [32mBuilding CXX object CMakeFiles/orb_slam2_core.dir/src/ORB_SLAM2/KeyFrameDatabase.cc.o[0m
[78.769s] [ 91%] [32mBuilding CXX object CMakeFiles/orb_slam2_core.dir/src/ORB_SLAM2/System.cc.o[0m
[78.789s] In file included from [01m[K/home/zsj/WorkSpace/ORB2_SLAM/ORB_SLAM2_ROS2/src/orb_slam_stero/include/ORB_SLAM2/MapPoint.h:24[m[K,
[78.789s]                  from [01m[K/home/zsj/WorkSpace/ORB2_SLAM/ORB_SLAM2_ROS2/src/orb_slam_stero/include/ORB_SLAM2/Frame.h:26[m[K,
[78.789s]                  from [01m[K/home/zsj/WorkSpace/ORB2_SLAM/ORB_SLAM2_ROS2/src/orb_slam_stero/src/ORB_SLAM2/Frame.cc:21[m[K:
[78.790s] [01m[K/home/zsj/WorkSpace/ORB2_SLAM/ORB_SLAM2_ROS2/src/orb_slam_stero/include/ORB_SLAM2/KeyFrame.h:25:10:[m[K [01;31m[Kfatal error: [m[KThirdparty/DBoW2/DBoW2/BowVector.h: No such file or directory
[78.790s]    25 | #include [01;31m[K"Thirdparty/DBoW2/DBoW2/BowVector.h"[m[K
[78.790s]       |          [01;31m[K^~~~~~~~~~~~~~~~~~~~~~~~~~~~~~~~~~~~[m[K
[78.790s] compilation terminated.
[78.790s] In file included from [01m[K/home/zsj/WorkSpace/ORB2_SLAM/ORB_SLAM2_ROS2/src/orb_slam_stero/include/ORB_SLAM2/MapPoint.h:25[m[K,
[78.790s]                  from [01m[K/home/zsj/WorkSpace/ORB2_SLAM/ORB_SLAM2_ROS2/src/orb_slam_stero/include/ORB_SLAM2/KeyFrame.h:24[m[K,
[78.790s]                  from [01m[K/home/zsj/WorkSpace/ORB2_SLAM/ORB_SLAM2_ROS2/src/orb_slam_stero/src/ORB_SLAM2/KeyFrame.cc:21[m[K:
[78.790s] [01m[K/home/zsj/WorkSpace/ORB2_SLAM/ORB_SLAM2_ROS2/src/orb_slam_stero/include/ORB_SLAM2/Frame.h:27:10:[m[K [01;31m[Kfatal error: [m[KThirdparty/DBoW2/DBoW2/BowVector.h: No such file or directory
[78.791s]    27 | #include [01;31m[K"Thirdparty/DBoW2/DBoW2/BowVector.h"[m[K
[78.791s]       |          [01;31m[K^~~~~~~~~~~~~~~~~~~~~~~~~~~~~~~~~~~~[m[K
[78.791s] compilation terminated.
[78.791s] In file included from [01m[K/home/zsj/WorkSpace/ORB2_SLAM/ORB_SLAM2_ROS2/src/orb_slam_stero/include/ORB_SLAM2/MapPoint.h:24[m[K,
[78.791s]                  from [01m[K/home/zsj/WorkSpace/ORB2_SLAM/ORB_SLAM2_ROS2/src/orb_slam_stero/include/ORB_SLAM2/Map.h:24[m[K,
[78.791s]                  from [01m[K/home/zsj/WorkSpace/ORB2_SLAM/ORB_SLAM2_ROS2/src/orb_slam_stero/include/ORB_SLAM2/Optimizer.h:24[m[K,
[78.791s]                  from [01m[K/home/zsj/WorkSpace/ORB2_SLAM/ORB_SLAM2_ROS2/src/orb_slam_stero/src/ORB_SLAM2/Optimizer.cc:21[m[K:
[78.791s] [01m[K/home/zsj/WorkSpace/ORB2_SLAM/ORB_SLAM2_ROS2/src/orb_slam_stero/include/ORB_SLAM2/KeyFrame.h:25:10:[m[K [01;31m[Kfatal error: [m[KThirdparty/DBoW2/DBoW2/BowVector.h: No such file or directory
[78.791s]    25 | #include [01;31m[K"Thirdparty/DBoW2/DBoW2/BowVector.h"[m[K
[78.792s]       |          [01;31m[K^~~~~~~~~~~~~~~~~~~~~~~~~~~~~~~~~~~~[m[K
[78.792s] compilation terminated.
[78.792s] In file included from [01m[K/home/zsj/WorkSpace/ORB2_SLAM/ORB_SLAM2_ROS2/src/orb_slam_stero/include/ORB_SLAM2/MapPoint.h:24[m[K,
[78.792s]                  from [01m[K/home/zsj/WorkSpace/ORB2_SLAM/ORB_SLAM2_ROS2/src/orb_slam_stero/include/ORB_SLAM2/Map.h:24[m[K,
[78.792s]                  from [01m[K/home/zsj/WorkSpace/ORB2_SLAM/ORB_SLAM2_ROS2/src/orb_slam_stero/src/ORB_SLAM2/Map.cc:21[m[K:
[78.792s] [01m[K/home/zsj/WorkSpace/ORB2_SLAM/ORB_SLAM2_ROS2/src/orb_slam_stero/include/ORB_SLAM2/KeyFrame.h:25:10:[m[K [01;31m[Kfatal error: [m[KThirdparty/DBoW2/DBoW2/BowVector.h: No such file or directory
[78.792s]    25 | #include [01;31m[K"Thirdparty/DBoW2/DBoW2/BowVector.h"[m[K
[78.792s]       |          [01;31m[K^~~~~~~~~~~~~~~~~~~~~~~~~~~~~~~~~~~~[m[K
[78.792s] compilation terminated.
[78.792s] In file included from [01m[K/home/zsj/WorkSpace/ORB2_SLAM/ORB_SLAM2_ROS2/src/orb_slam_stero/include/ORB_SLAM2/MapPoint.h:24[m[K,
[78.792s]                  from [01m[K/home/zsj/WorkSpace/ORB2_SLAM/ORB_SLAM2_ROS2/src/orb_slam_stero/include/ORB_SLAM2/Map.h:24[m[K,
[78.793s]                  from [01m[K/home/zsj/WorkSpace/ORB2_SLAM/ORB_SLAM2_ROS2/src/orb_slam_stero/include/ORB_SLAM2/MapDrawer.h:24[m[K,
[78.793s]                  from [01m[K/home/zsj/WorkSpace/ORB2_SLAM/ORB_SLAM2_ROS2/src/orb_slam_stero/src/ORB_SLAM2/MapDrawer.cc:21[m[K:
[78.793s] [01m[K/home/zsj/WorkSpace/ORB2_SLAM/ORB_SLAM2_ROS2/src/orb_slam_stero/include/ORB_SLAM2/KeyFrame.h:25:10:[m[K [01;31m[Kfatal error: [m[KThirdparty/DBoW2/DBoW2/BowVector.h: No such file or directory
[78.793s]    25 | #include [01;31m[K"Thirdparty/DBoW2/DBoW2/BowVector.h"[m[K
[78.793s]       |          [01;31m[K^~~~~~~~~~~~~~~~~~~~~~~~~~~~~~~~~~~~[m[K
[78.793s] compilation terminated.
[78.793s] gmake[2]: *** [CMakeFiles/orb_slam2_core.dir/build.make:90: CMakeFiles/orb_slam2_core.dir/src/ORB_SLAM2/Frame.cc.o] Error 1
[78.793s] gmake[2]: *** Waiting for unfinished jobs....
[78.795s] gmake[2]: *** [CMakeFiles/orb_slam2_core.dir/build.make:216: CMakeFiles/orb_slam2_core.dir/src/ORB_SLAM2/MapPoint.cc.o] Error 1
[78.795s] gmake[2]: *** [CMakeFiles/orb_slam2_core.dir/build.make:188: CMakeFiles/orb_slam2_core.dir/src/ORB_SLAM2/Map.cc.o] Error 1
[78.801s] gmake[2]: *** [CMakeFiles/orb_slam2_core.dir/build.make:132: CMakeFiles/orb_slam2_core.dir/src/ORB_SLAM2/KeyFrame.cc.o] Error 1
[78.803s] In file included from [01m[K/home/zsj/WorkSpace/ORB2_SLAM/ORB_SLAM2_ROS2/src/orb_slam_stero/include/ORB_SLAM2/MapPoint.h:25[m[K,
[78.803s]                  from [01m[K/home/zsj/WorkSpace/ORB2_SLAM/ORB_SLAM2_ROS2/src/orb_slam_stero/include/ORB_SLAM2/KeyFrame.h:24[m[K,
[78.803s]                  from [01m[K/home/zsj/WorkSpace/ORB2_SLAM/ORB_SLAM2_ROS2/src/orb_slam_stero/include/ORB_SLAM2/LoopClosing.h:24[m[K,
[78.803s]                  from [01m[K/home/zsj/WorkSpace/ORB2_SLAM/ORB_SLAM2_ROS2/src/orb_slam_stero/src/ORB_SLAM2/LoopClosing.cc:21[m[K:
[78.803s] [01m[K/home/zsj/WorkSpace/ORB2_SLAM/ORB_SLAM2_ROS2/src/orb_slam_stero/include/ORB_SLAM2/Frame.h:27:10:[m[K [01;31m[Kfatal error: [m[KThirdparty/DBoW2/DBoW2/BowVector.h: No such file or directory
[78.804s]    27 | #include [01;31m[K"Thirdparty/DBoW2/DBoW2/BowVector.h"[m[K
[78.804s]       |          [01;31m[K^~~~~~~~~~~~~~~~~~~~~~~~~~~~~~~~~~~~[m[K
[78.804s] compilation terminated.
[78.807s] gmake[2]: *** [CMakeFiles/orb_slam2_core.dir/build.make:258: CMakeFiles/orb_slam2_core.dir/src/ORB_SLAM2/Optimizer.cc.o] Error 1
[78.808s] gmake[2]: *** [CMakeFiles/orb_slam2_core.dir/build.make:174: CMakeFiles/orb_slam2_core.dir/src/ORB_SLAM2/LoopClosing.cc.o] Error 1
[78.808s] gmake[2]: *** [CMakeFiles/orb_slam2_core.dir/build.make:202: CMakeFiles/orb_slam2_core.dir/src/ORB_SLAM2/MapDrawer.cc.o] Error 1
[78.819s] In file included from [01m[K/home/zsj/WorkSpace/ORB2_SLAM/ORB_SLAM2_ROS2/src/orb_slam_stero/include/ORB_SLAM2/MapPoint.h:25[m[K,
[78.819s]                  from [01m[K/home/zsj/WorkSpace/ORB2_SLAM/ORB_SLAM2_ROS2/src/orb_slam_stero/include/ORB_SLAM2/KeyFrame.h:24[m[K,
[78.819s]                  from [01m[K/home/zsj/WorkSpace/ORB2_SLAM/ORB_SLAM2_ROS2/src/orb_slam_stero/include/ORB_SLAM2/LocalMapping.h:24[m[K,
[78.819s]                  from [01m[K/home/zsj/WorkSpace/ORB2_SLAM/ORB_SLAM2_ROS2/src/orb_slam_stero/src/ORB_SLAM2/LocalMapping.cc:21[m[K:
[78.819s] [01m[K/home/zsj/WorkSpace/ORB2_SLAM/ORB_SLAM2_ROS2/src/orb_slam_stero/include/ORB_SLAM2/Frame.h:27:10:[m[K [01;31m[Kfatal error: [m[KThirdparty/DBoW2/DBoW2/BowVector.h: No such file or directory
[78.819s]    27 | #include [01;31m[K"Thirdparty/DBoW2/DBoW2/BowVector.h"[m[K
[78.819s]       |          [01;31m[K^~~~~~~~~~~~~~~~~~~~~~~~~~~~~~~~~~~~[m[K
[78.819s] compilation terminated.
[78.822s] gmake[2]: *** [CMakeFiles/orb_slam2_core.dir/build.make:160: CMakeFiles/orb_slam2_core.dir/src/ORB_SLAM2/LocalMapping.cc.o] Error 1
[78.823s] In file included from [01m[K/home/zsj/WorkSpace/ORB2_SLAM/ORB_SLAM2_ROS2/src/orb_slam_stero/include/ORB_SLAM2/MapPoint.h:25[m[K,
[78.823s]                  from [01m[K/home/zsj/WorkSpace/ORB2_SLAM/ORB_SLAM2_ROS2/src/orb_slam_stero/include/ORB_SLAM2/KeyFrame.h:24[m[K,
[78.823s]                  from [01m[K/home/zsj/WorkSpace/ORB2_SLAM/ORB_SLAM2_ROS2/src/orb_slam_stero/include/ORB_SLAM2/KeyFrameDatabase.h:28[m[K,
[78.823s]                  from [01m[K/home/zsj/WorkSpace/ORB2_SLAM/ORB_SLAM2_ROS2/src/orb_slam_stero/src/ORB_SLAM2/KeyFrameDatabase.cc:21[m[K:
[78.824s] [01m[K/home/zsj/WorkSpace/ORB2_SLAM/ORB_SLAM2_ROS2/src/orb_slam_stero/include/ORB_SLAM2/Frame.h:27:10:[m[K [01;31m[Kfatal error: [m[KThirdparty/DBoW2/DBoW2/BowVector.h: No such file or directory
[78.824s]    27 | #include [01;31m[K"Thirdparty/DBoW2/DBoW2/BowVector.h"[m[K
[78.824s]       |          [01;31m[K^~~~~~~~~~~~~~~~~~~~~~~~~~~~~~~~~~~~[m[K
[78.824s] compilation terminated.
[78.826s] gmake[2]: *** [CMakeFiles/orb_slam2_core.dir/build.make:146: CMakeFiles/orb_slam2_core.dir/src/ORB_SLAM2/KeyFrameDatabase.cc.o] Error 1
[79.132s] In file included from [01m[K/home/zsj/WorkSpace/ORB2_SLAM/ORB_SLAM2_ROS2/src/orb_slam_stero/include/ORB_SLAM2/MapPoint.h:24[m[K,
[79.132s]                  from [01m[K/home/zsj/WorkSpace/ORB2_SLAM/ORB_SLAM2_ROS2/src/orb_slam_stero/include/ORB_SLAM2/Map.h:24[m[K,
[79.132s]                  from [01m[K/home/zsj/WorkSpace/ORB2_SLAM/ORB_SLAM2_ROS2/src/orb_slam_stero/include/ORB_SLAM2/MapDrawer.h:24[m[K,
[79.132s]                  from [01m[K/home/zsj/WorkSpace/ORB2_SLAM/ORB_SLAM2_ROS2/src/orb_slam_stero/include/ORB_SLAM2/Viewer.h:26[m[K,
[79.132s]                  from [01m[K/home/zsj/WorkSpace/ORB2_SLAM/ORB_SLAM2_ROS2/src/orb_slam_stero/include/ORB_SLAM2/Tracking.h:28[m[K,
[79.132s]                  from [01m[K/home/zsj/WorkSpace/ORB2_SLAM/ORB_SLAM2_ROS2/src/orb_slam_stero/include/ORB_SLAM2/FrameDrawer.h:24[m[K,
[79.132s]                  from [01m[K/home/zsj/WorkSpace/ORB2_SLAM/ORB_SLAM2_ROS2/src/orb_slam_stero/src/ORB_SLAM2/FrameDrawer.cc:21[m[K:
[79.132s] [01m[K/home/zsj/WorkSpace/ORB2_SLAM/ORB_SLAM2_ROS2/src/orb_slam_stero/include/ORB_SLAM2/KeyFrame.h:25:10:[m[K [01;31m[Kfatal error: [m[KThirdparty/DBoW2/DBoW2/BowVector.h: No such file or directory
[79.132s]    25 | #include [01;31m[K"Thirdparty/DBoW2/DBoW2/BowVector.h"[m[K
[79.132s]       |          [01;31m[K^~~~~~~~~~~~~~~~~~~~~~~~~~~~~~~~~~~~[m[K
[79.132s] compilation terminated.
[79.139s] gmake[2]: *** [CMakeFiles/orb_slam2_core.dir/build.make:104: CMakeFiles/orb_slam2_core.dir/src/ORB_SLAM2/FrameDrawer.cc.o] Error 1
[79.145s] In file included from [01m[K/home/zsj/WorkSpace/ORB2_SLAM/ORB_SLAM2_ROS2/src/orb_slam_stero/include/ORB_SLAM2/MapPoint.h:24[m[K,
[79.145s]                  from [01m[K/home/zsj/WorkSpace/ORB2_SLAM/ORB_SLAM2_ROS2/src/orb_slam_stero/include/ORB_SLAM2/PnPsolver.h:55[m[K,
[79.145s]                  from [01m[K/home/zsj/WorkSpace/ORB2_SLAM/ORB_SLAM2_ROS2/src/orb_slam_stero/src/ORB_SLAM2/PnPsolver.cc:53[m[K:
[79.145s] [01m[K/home/zsj/WorkSpace/ORB2_SLAM/ORB_SLAM2_ROS2/src/orb_slam_stero/include/ORB_SLAM2/KeyFrame.h:25:10:[m[K [01;31m[Kfatal error: [m[KThirdparty/DBoW2/DBoW2/BowVector.h: No such file or directory
[79.145s]    25 | #include [01;31m[K"Thirdparty/DBoW2/DBoW2/BowVector.h"[m[K
[79.145s]       |          [01;31m[K^~~~~~~~~~~~~~~~~~~~~~~~~~~~~~~~~~~~[m[K
[79.145s] compilation terminated.
[79.150s] gmake[2]: *** [CMakeFiles/orb_slam2_core.dir/build.make:272: CMakeFiles/orb_slam2_core.dir/src/ORB_SLAM2/PnPsolver.cc.o] Error 1
[79.185s] In file included from [01m[K/home/zsj/WorkSpace/ORB2_SLAM/ORB_SLAM2_ROS2/src/orb_slam_stero/include/ORB_SLAM2/MapPoint.h:24[m[K,
[79.185s]                  from [01m[K/home/zsj/WorkSpace/ORB2_SLAM/ORB_SLAM2_ROS2/src/orb_slam_stero/include/ORB_SLAM2/ORBmatcher.h:29[m[K,
[79.185s]                  from [01m[K/home/zsj/WorkSpace/ORB2_SLAM/ORB_SLAM2_ROS2/src/orb_slam_stero/src/ORB_SLAM2/ORBmatcher.cc:21[m[K:
[79.185s] [01m[K/home/zsj/WorkSpace/ORB2_SLAM/ORB_SLAM2_ROS2/src/orb_slam_stero/include/ORB_SLAM2/KeyFrame.h:25:10:[m[K [01;31m[Kfatal error: [m[KThirdparty/DBoW2/DBoW2/BowVector.h: No such file or directory
[79.185s]    25 | #include [01;31m[K"Thirdparty/DBoW2/DBoW2/BowVector.h"[m[K
[79.185s]       |          [01;31m[K^~~~~~~~~~~~~~~~~~~~~~~~~~~~~~~~~~~~[m[K
[79.185s] compilation terminated.
[79.192s] gmake[2]: *** [CMakeFiles/orb_slam2_core.dir/build.make:244: CMakeFiles/orb_slam2_core.dir/src/ORB_SLAM2/ORBmatcher.cc.o] Error 1
[79.201s] In file included from [01m[K/home/zsj/WorkSpace/ORB2_SLAM/ORB_SLAM2_ROS2/src/orb_slam_stero/include/ORB_SLAM2/MapPoint.h:24[m[K,
[79.201s]                  from [01m[K/home/zsj/WorkSpace/ORB2_SLAM/ORB_SLAM2_ROS2/src/orb_slam_stero/include/ORB_SLAM2/FrameDrawer.h:25[m[K,
[79.202s]                  from [01m[K/home/zsj/WorkSpace/ORB2_SLAM/ORB_SLAM2_ROS2/src/orb_slam_stero/include/ORB_SLAM2/Viewer.h:25[m[K,
[79.202s]                  from [01m[K/home/zsj/WorkSpace/ORB2_SLAM/ORB_SLAM2_ROS2/src/orb_slam_stero/include/ORB_SLAM2/Tracking.h:28[m[K,
[79.202s]                  from [01m[K/home/zsj/WorkSpace/ORB2_SLAM/ORB_SLAM2_ROS2/src/orb_slam_stero/include/ORB_SLAM2/System.h:29[m[K,
[79.202s]                  from [01m[K/home/zsj/WorkSpace/ORB2_SLAM/ORB_SLAM2_ROS2/src/orb_slam_stero/src/ORB_SLAM2/System.cc:23[m[K:
[79.202s] [01m[K/home/zsj/WorkSpace/ORB2_SLAM/ORB_SLAM2_ROS2/src/orb_slam_stero/include/ORB_SLAM2/KeyFrame.h:25:10:[m[K [01;31m[Kfatal error: [m[KThirdparty/DBoW2/DBoW2/BowVector.h: No such file or directory
[79.202s]    25 | #include [01;31m[K"Thirdparty/DBoW2/DBoW2/BowVector.h"[m[K
[79.202s]       |          [01;31m[K^~~~~~~~~~~~~~~~~~~~~~~~~~~~~~~~~~~~[m[K
[79.202s] compilation terminated.
[79.208s] gmake[2]: *** [CMakeFiles/orb_slam2_core.dir/build.make:300: CMakeFiles/orb_slam2_core.dir/src/ORB_SLAM2/System.cc.o] Error 1
[79.235s] In file included from [01m[K/home/zsj/WorkSpace/ORB2_SLAM/ORB_SLAM2_ROS2/src/orb_slam_stero/include/ORB_SLAM2/MapPoint.h:24[m[K,
[79.235s]                  from [01m[K/home/zsj/WorkSpace/ORB2_SLAM/ORB_SLAM2_ROS2/src/orb_slam_stero/include/ORB_SLAM2/Frame.h:26[m[K,
[79.235s]                  from [01m[K/home/zsj/WorkSpace/ORB2_SLAM/ORB_SLAM2_ROS2/src/orb_slam_stero/include/ORB_SLAM2/Initializer.h:24[m[K,
[79.235s]                  from [01m[K/home/zsj/WorkSpace/ORB2_SLAM/ORB_SLAM2_ROS2/src/orb_slam_stero/src/ORB_SLAM2/Initializer.cc:21[m[K:
[79.236s] [01m[K/home/zsj/WorkSpace/ORB2_SLAM/ORB_SLAM2_ROS2/src/orb_slam_stero/include/ORB_SLAM2/KeyFrame.h:25:10:[m[K [01;31m[Kfatal error: [m[KThirdparty/DBoW2/DBoW2/BowVector.h: No such file or directory
[79.236s]    25 | #include [01;31m[K"Thirdparty/DBoW2/DBoW2/BowVector.h"[m[K
[79.236s]       |          [01;31m[K^~~~~~~~~~~~~~~~~~~~~~~~~~~~~~~~~~~~[m[K
[79.236s] compilation terminated.
[79.239s] gmake[2]: *** [CMakeFiles/orb_slam2_core.dir/build.make:118: CMakeFiles/orb_slam2_core.dir/src/ORB_SLAM2/Initializer.cc.o] Error 1
[79.263s] In file included from [01m[K/home/zsj/WorkSpace/ORB2_SLAM/ORB_SLAM2_ROS2/src/orb_slam_stero/include/ORB_SLAM2/MapPoint.h:25[m[K,
[79.263s]                  from [01m[K/home/zsj/WorkSpace/ORB2_SLAM/ORB_SLAM2_ROS2/src/orb_slam_stero/include/ORB_SLAM2/KeyFrame.h:24[m[K,
[79.263s]                  from [01m[K/home/zsj/WorkSpace/ORB2_SLAM/ORB_SLAM2_ROS2/src/orb_slam_stero/include/ORB_SLAM2/Sim3Solver.h:28[m[K,
[79.263s]                  from [01m[K/home/zsj/WorkSpace/ORB2_SLAM/ORB_SLAM2_ROS2/src/orb_slam_stero/src/ORB_SLAM2/Sim3Solver.cc:22[m[K:
[79.263s] [01m[K/home/zsj/WorkSpace/ORB2_SLAM/ORB_SLAM2_ROS2/src/orb_slam_stero/include/ORB_SLAM2/Frame.h:27:10:[m[K [01;31m[Kfatal error: [m[KThirdparty/DBoW2/DBoW2/BowVector.h: No such file or directory
[79.263s]    27 | #include [01;31m[K"Thirdparty/DBoW2/DBoW2/BowVector.h"[m[K
[79.263s]       |          [01;31m[K^~~~~~~~~~~~~~~~~~~~~~~~~~~~~~~~~~~~[m[K
[79.265s] compilation terminated.
[79.271s] gmake[2]: *** [CMakeFiles/orb_slam2_core.dir/build.make:286: CMakeFiles/orb_slam2_core.dir/src/ORB_SLAM2/Sim3Solver.cc.o] Error 1
[79.305s] In file included from [01m[K/home/zsj/WorkSpace/ORB2_SLAM/ORB_SLAM2_ROS2/src/orb_slam_stero/src/ORB_SLAM2/Converter.cc:22[m[K:
[79.305s] [01m[K/home/zsj/WorkSpace/ORB2_SLAM/ORB_SLAM2_ROS2/src/orb_slam_stero/include/ORB_SLAM2/Converter.h:27:9:[m[K [01;31m[Kfatal error: [m[KThirdparty/g2o/g2o/types/types_six_dof_expmap.h: No such file or directory
[79.305s]    27 | #include[01;31m[K"Thirdparty/g2o/g2o/types/types_six_dof_expmap.h"[m[K
[79.305s]       |         [01;31m[K^~~~~~~~~~~~~~~~~~~~~~~~~~~~~~~~~~~~~~~~~~~~~~~~~[m[K
[79.305s] compilation terminated.
[79.312s] gmake[2]: *** [CMakeFiles/orb_slam2_core.dir/build.make:76: CMakeFiles/orb_slam2_core.dir/src/ORB_SLAM2/Converter.cc.o] Error 1
[83.750s] gmake[1]: *** [CMakeFiles/Makefile2:175: CMakeFiles/orb_slam2_core.dir/all] Error 2
[83.750s] gmake: *** [Makefile:146: all] Error 2
[83.755s] Invoked command in '/home/zsj/WorkSpace/ORB2_SLAM/ORB_SLAM2_ROS2/build/orb_slam2_stereo' returned '2': CMAKE_PREFIX_PATH=/opt/ros/humble CONDA_PROMPT_MODIFIER=(base) /usr/bin/cmake --build /home/zsj/WorkSpace/ORB2_SLAM/ORB_SLAM2_ROS2/build/orb_slam2_stereo -- -j18 -l18
