[ 11%] Built target DBoW2
[ 62%] Built target g2o
[35m[1mConsolidate compiler generated dependencies of target orb_slam2_core[0m
[ 64%] [32mBuilding CXX object CMakeFiles/orb_slam2_core.dir/src/ORB_SLAM2/FrameDrawer.cc.o[0m
[ 66%] [32mBuilding CXX object CMakeFiles/orb_slam2_core.dir/src/ORB_SLAM2/LocalMapping.cc.o[0m
[ 67%] [32mBuilding CXX object CMakeFiles/orb_slam2_core.dir/src/ORB_SLAM2/Initializer.cc.o[0m
[ 69%] [32mBuilding CXX object CMakeFiles/orb_slam2_core.dir/src/ORB_SLAM2/LoopClosing.cc.o[0m
[ 72%] [32mBuilding CXX object CMakeFiles/orb_slam2_core.dir/src/ORB_SLAM2/PnPsolver.cc.o[0m
[ 72%] [32mBuilding CXX object CMakeFiles/orb_slam2_core.dir/src/ORB_SLAM2/Optimizer.cc.o[0m
[ 74%] [32mBuilding CXX object CMakeFiles/orb_slam2_core.dir/src/ORB_SLAM2/Tracking.cc.o[0m
[01m[K/home/zsj/WorkSpace/ORB2_SLAM/ORB_SLAM2_ROS2/src/orb_slam_stero/src/ORB_SLAM2/PnPsolver.cc:[m[K In member function â€˜[01m[Kvoid ORB_SLAM2::PnPsolver::choose_control_points()[m[Kâ€™:
[01m[K/home/zsj/WorkSpace/ORB2_SLAM/ORB_SLAM2_ROS2/src/orb_slam_stero/src/ORB_SLAM2/PnPsolver.cc:388:17:[m[K [01;31m[Kerror: [m[Kâ€˜[01m[KcvCreateMat[m[Kâ€™ was not declared in this scope
  388 |   CvMat * PW0 = [01;31m[KcvCreateMat[m[K(number_of_correspondences, 3, CV_64F);
      |                 [01;31m[K^~~~~~~~~~~[m[K
[01m[K/home/zsj/WorkSpace/ORB2_SLAM/ORB_SLAM2_ROS2/src/orb_slam_stero/src/ORB_SLAM2/PnPsolver.cc:399:3:[m[K [01;31m[Kerror: [m[Kâ€˜[01m[KcvMulTransposed[m[Kâ€™ was not declared in this scope
  399 |   [01;31m[KcvMulTransposed[m[K(PW0, &PW0tPW0, 1);
      |   [01;31m[K^~~~~~~~~~~~~~~[m[K
[01m[K/home/zsj/WorkSpace/ORB2_SLAM/ORB_SLAM2_ROS2/src/orb_slam_stero/src/ORB_SLAM2/PnPsolver.cc:400:33:[m[K [01;31m[Kerror: [m[Kâ€˜[01m[KCV_SVD_MODIFY_A[m[Kâ€™ was not declared in this scope; did you mean â€˜[01m[KCV_HAL_SVD_MODIFY_A[m[Kâ€™?
  400 |   cvSVD(&PW0tPW0, &DC, &UCt, 0, [01;31m[KCV_SVD_MODIFY_A[m[K | CV_SVD_U_T);
      |                                 [01;31m[K^~~~~~~~~~~~~~~[m[K
      |                                 [32m[KCV_HAL_SVD_MODIFY_A[m[K
[01m[K/home/zsj/WorkSpace/ORB2_SLAM/ORB_SLAM2_ROS2/src/orb_slam_stero/src/ORB_SLAM2/PnPsolver.cc:400:51:[m[K [01;31m[Kerror: [m[Kâ€˜[01m[KCV_SVD_U_T[m[Kâ€™ was not declared in this scope
  400 |   cvSVD(&PW0tPW0, &DC, &UCt, 0, CV_SVD_MODIFY_A | [01;31m[KCV_SVD_U_T[m[K);
      |                                                   [01;31m[K^~~~~~~~~~[m[K
[01m[K/home/zsj/WorkSpace/ORB2_SLAM/ORB_SLAM2_ROS2/src/orb_slam_stero/src/ORB_SLAM2/PnPsolver.cc:400:3:[m[K [01;31m[Kerror: [m[Kâ€˜[01m[KcvSVD[m[Kâ€™ was not declared in this scope
  400 |   [01;31m[KcvSVD[m[K(&PW0tPW0, &DC, &UCt, 0, CV_SVD_MODIFY_A | CV_SVD_U_T);
      |   [01;31m[K^~~~~[m[K
[01m[K/home/zsj/WorkSpace/ORB2_SLAM/ORB_SLAM2_ROS2/src/orb_slam_stero/src/ORB_SLAM2/PnPsolver.cc:402:3:[m[K [01;31m[Kerror: [m[Kâ€˜[01m[KcvReleaseMat[m[Kâ€™ was not declared in this scope
  402 |   [01;31m[KcvReleaseMat[m[K(&PW0);
      |   [01;31m[K^~~~~~~~~~~~[m[K
[01m[K/home/zsj/WorkSpace/ORB2_SLAM/ORB_SLAM2_ROS2/src/orb_slam_stero/src/ORB_SLAM2/PnPsolver.cc:[m[K In member function â€˜[01m[Kvoid ORB_SLAM2::PnPsolver::compute_barycentric_coordinates()[m[Kâ€™:
[01m[K/home/zsj/WorkSpace/ORB2_SLAM/ORB_SLAM2_ROS2/src/orb_slam_stero/src/ORB_SLAM2/PnPsolver.cc:421:26:[m[K [01;31m[Kerror: [m[Kâ€˜[01m[KCV_SVD[m[Kâ€™ was not declared in this scope; did you mean â€˜[01m[KCV_AVX[m[Kâ€™?
  421 |   cvInvert(&CC, &CC_inv, [01;31m[KCV_SVD[m[K);
      |                          [01;31m[K^~~~~~[m[K
      |                          [32m[KCV_AVX[m[K
[01m[K/home/zsj/WorkSpace/ORB2_SLAM/ORB_SLAM2_ROS2/src/orb_slam_stero/src/ORB_SLAM2/PnPsolver.cc:421:3:[m[K [01;31m[Kerror: [m[Kâ€˜[01m[KcvInvert[m[Kâ€™ was not declared in this scope; did you mean â€˜[01m[KcvInvSqrt[m[Kâ€™?
  421 |   [01;31m[KcvInvert[m[K(&CC, &CC_inv, CV_SVD);
      |   [01;31m[K^~~~~~~~[m[K
      |   [32m[KcvInvSqrt[m[K
[01m[K/home/zsj/WorkSpace/ORB2_SLAM/ORB_SLAM2_ROS2/src/orb_slam_stero/src/ORB_SLAM2/PnPsolver.cc:[m[K In member function â€˜[01m[Kdouble ORB_SLAM2::PnPsolver::compute_pose(double (*)[3], double*)[m[Kâ€™:
[01m[K/home/zsj/WorkSpace/ORB2_SLAM/ORB_SLAM2_ROS2/src/orb_slam_stero/src/ORB_SLAM2/PnPsolver.cc:482:15:[m[K [01;31m[Kerror: [m[Kâ€˜[01m[KcvCreateMat[m[Kâ€™ was not declared in this scope
  482 |   CvMat * M = [01;31m[KcvCreateMat[m[K(2 * number_of_correspondences, 12, CV_64F);
      |               [01;31m[K^~~~~~~~~~~[m[K
[01m[K/home/zsj/WorkSpace/ORB2_SLAM/ORB_SLAM2_ROS2/src/orb_slam_stero/src/ORB_SLAM2/PnPsolver.cc:492:3:[m[K [01;31m[Kerror: [m[Kâ€˜[01m[KcvMulTransposed[m[Kâ€™ was not declared in this scope
  492 |   [01;31m[KcvMulTransposed[m[K(M, &MtM, 1);
      |   [01;31m[K^~~~~~~~~~~~~~~[m[K
[01m[K/home/zsj/WorkSpace/ORB2_SLAM/ORB_SLAM2_ROS2/src/orb_slam_stero/src/ORB_SLAM2/PnPsolver.cc:493:27:[m[K [01;31m[Kerror: [m[Kâ€˜[01m[KCV_SVD_MODIFY_A[m[Kâ€™ was not declared in this scope; did you mean â€˜[01m[KCV_HAL_SVD_MODIFY_A[m[Kâ€™?
  493 |   cvSVD(&MtM, &D, &Ut, 0, [01;31m[KCV_SVD_MODIFY_A[m[K | CV_SVD_U_T);
      |                           [01;31m[K^~~~~~~~~~~~~~~[m[K
      |                           [32m[KCV_HAL_SVD_MODIFY_A[m[K
[01m[K/home/zsj/WorkSpace/ORB2_SLAM/ORB_SLAM2_ROS2/src/orb_slam_stero/src/ORB_SLAM2/PnPsolver.cc:493:45:[m[K [01;31m[Kerror: [m[Kâ€˜[01m[KCV_SVD_U_T[m[Kâ€™ was not declared in this scope
  493 |   cvSVD(&MtM, &D, &Ut, 0, CV_SVD_MODIFY_A | [01;31m[KCV_SVD_U_T[m[K);
      |                                             [01;31m[K^~~~~~~~~~[m[K
[01m[K/home/zsj/WorkSpace/ORB2_SLAM/ORB_SLAM2_ROS2/src/orb_slam_stero/src/ORB_SLAM2/PnPsolver.cc:493:3:[m[K [01;31m[Kerror: [m[Kâ€˜[01m[KcvSVD[m[Kâ€™ was not declared in this scope
  493 |   [01;31m[KcvSVD[m[K(&MtM, &D, &Ut, 0, CV_SVD_MODIFY_A | CV_SVD_U_T);
      |   [01;31m[K^~~~~[m[K
[01m[K/home/zsj/WorkSpace/ORB2_SLAM/ORB_SLAM2_ROS2/src/orb_slam_stero/src/ORB_SLAM2/PnPsolver.cc:494:3:[m[K [01;31m[Kerror: [m[Kâ€˜[01m[KcvReleaseMat[m[Kâ€™ was not declared in this scope
  494 |   [01;31m[KcvReleaseMat[m[K(&M);
      |   [01;31m[K^~~~~~~~~~~~[m[K
[01m[K/home/zsj/WorkSpace/ORB2_SLAM/ORB_SLAM2_ROS2/src/orb_slam_stero/src/ORB_SLAM2/PnPsolver.cc:[m[K In member function â€˜[01m[Kvoid ORB_SLAM2::PnPsolver::estimate_R_and_t(double (*)[3], double*)[m[Kâ€™:
[01m[K/home/zsj/WorkSpace/ORB2_SLAM/ORB_SLAM2_ROS2/src/orb_slam_stero/src/ORB_SLAM2/PnPsolver.cc:596:3:[m[K [01;31m[Kerror: [m[Kâ€˜[01m[KcvSetZero[m[Kâ€™ was not declared in this scope
  596 |   [01;31m[KcvSetZero[m[K(&ABt);
      |   [01;31m[K^~~~~~~~~[m[K
[01m[K/home/zsj/WorkSpace/ORB2_SLAM/ORB_SLAM2_ROS2/src/orb_slam_stero/src/ORB_SLAM2/PnPsolver.cc:608:39:[m[K [01;31m[Kerror: [m[Kâ€˜[01m[KCV_SVD_MODIFY_A[m[Kâ€™ was not declared in this scope; did you mean â€˜[01m[KCV_HAL_SVD_MODIFY_A[m[Kâ€™?
  608 |   cvSVD(&ABt, &ABt_D, &ABt_U, &ABt_V, [01;31m[KCV_SVD_MODIFY_A[m[K);
      |                                       [01;31m[K^~~~~~~~~~~~~~~[m[K
      |                                       [32m[KCV_HAL_SVD_MODIFY_A[m[K
[01m[K/home/zsj/WorkSpace/ORB2_SLAM/ORB_SLAM2_ROS2/src/orb_slam_stero/src/ORB_SLAM2/PnPsolver.cc:608:3:[m[K [01;31m[Kerror: [m[Kâ€˜[01m[KcvSVD[m[Kâ€™ was not declared in this scope
  608 |   [01;31m[KcvSVD[m[K(&ABt, &ABt_D, &ABt_U, &ABt_V, CV_SVD_MODIFY_A);
      |   [01;31m[K^~~~~[m[K
[01m[K/home/zsj/WorkSpace/ORB2_SLAM/ORB_SLAM2_ROS2/src/orb_slam_stero/src/ORB_SLAM2/PnPsolver.cc:[m[K In member function â€˜[01m[Kvoid ORB_SLAM2::PnPsolver::find_betas_approx_1(const CvMat*, const CvMat*, double*)[m[Kâ€™:
[01m[K/home/zsj/WorkSpace/ORB2_SLAM/ORB_SLAM2_ROS2/src/orb_slam_stero/src/ORB_SLAM2/PnPsolver.cc:681:29:[m[K [01;31m[Kerror: [m[Kâ€˜[01m[KCV_SVD[m[Kâ€™ was not declared in this scope; did you mean â€˜[01m[KCV_AVX[m[Kâ€™?
  681 |   cvSolve(&L_6x4, Rho, &B4, [01;31m[KCV_SVD[m[K);
      |                             [01;31m[K^~~~~~[m[K
      |                             [32m[KCV_AVX[m[K
[01m[K/home/zsj/WorkSpace/ORB2_SLAM/ORB_SLAM2_ROS2/src/orb_slam_stero/src/ORB_SLAM2/PnPsolver.cc:681:3:[m[K [01;31m[Kerror: [m[Kâ€˜[01m[KcvSolve[m[Kâ€™ was not declared in this scope
  681 |   [01;31m[KcvSolve[m[K(&L_6x4, Rho, &B4, CV_SVD);
      |   [01;31m[K^~~~~~~[m[K
[01m[K/home/zsj/WorkSpace/ORB2_SLAM/ORB_SLAM2_ROS2/src/orb_slam_stero/src/ORB_SLAM2/PnPsolver.cc:[m[K In member function â€˜[01m[Kvoid ORB_SLAM2::PnPsolver::find_betas_approx_2(const CvMat*, const CvMat*, double*)[m[Kâ€™:
[01m[K/home/zsj/WorkSpace/ORB2_SLAM/ORB_SLAM2_ROS2/src/orb_slam_stero/src/ORB_SLAM2/PnPsolver.cc:712:29:[m[K [01;31m[Kerror: [m[Kâ€˜[01m[KCV_SVD[m[Kâ€™ was not declared in this scope; did you mean â€˜[01m[KCV_AVX[m[Kâ€™?
  712 |   cvSolve(&L_6x3, Rho, &B3, [01;31m[KCV_SVD[m[K);
      |                             [01;31m[K^~~~~~[m[K
      |                             [32m[KCV_AVX[m[K
[01m[K/home/zsj/WorkSpace/ORB2_SLAM/ORB_SLAM2_ROS2/src/orb_slam_stero/src/ORB_SLAM2/PnPsolver.cc:712:3:[m[K [01;31m[Kerror: [m[Kâ€˜[01m[KcvSolve[m[Kâ€™ was not declared in this scope
  712 |   [01;31m[KcvSolve[m[K(&L_6x3, Rho, &B3, CV_SVD);
      |   [01;31m[K^~~~~~~[m[K
[01m[K/home/zsj/WorkSpace/ORB2_SLAM/ORB_SLAM2_ROS2/src/orb_slam_stero/src/ORB_SLAM2/PnPsolver.cc:[m[K In member function â€˜[01m[Kvoid ORB_SLAM2::PnPsolver::find_betas_approx_3(const CvMat*, const CvMat*, double*)[m[Kâ€™:
[01m[K/home/zsj/WorkSpace/ORB2_SLAM/ORB_SLAM2_ROS2/src/orb_slam_stero/src/ORB_SLAM2/PnPsolver.cc:746:29:[m[K [01;31m[Kerror: [m[Kâ€˜[01m[KCV_SVD[m[Kâ€™ was not declared in this scope; did you mean â€˜[01m[KCV_AVX[m[Kâ€™?
  746 |   cvSolve(&L_6x5, Rho, &B5, [01;31m[KCV_SVD[m[K);
      |                             [01;31m[K^~~~~~[m[K
      |                             [32m[KCV_AVX[m[K
[01m[K/home/zsj/WorkSpace/ORB2_SLAM/ORB_SLAM2_ROS2/src/orb_slam_stero/src/ORB_SLAM2/PnPsolver.cc:746:3:[m[K [01;31m[Kerror: [m[Kâ€˜[01m[KcvSolve[m[Kâ€™ was not declared in this scope
  746 |   [01;31m[KcvSolve[m[K(&L_6x5, Rho, &B5, CV_SVD);
      |   [01;31m[K^~~~~~~[m[K
gmake[2]: *** [CMakeFiles/orb_slam2_core.dir/build.make:272: CMakeFiles/orb_slam2_core.dir/src/ORB_SLAM2/PnPsolver.cc.o] Error 1
gmake[2]: *** Waiting for unfinished jobs....
[01m[K/home/zsj/WorkSpace/ORB2_SLAM/ORB_SLAM2_ROS2/src/orb_slam_stero/src/ORB_SLAM2/Tracking.cc:[m[K In member function â€˜[01m[Kcv::Mat ORB_SLAM2::Tracking::GrabImageStereo(const cv::Mat&, const cv::Mat&, const double&)[m[Kâ€™:
[01m[K/home/zsj/WorkSpace/ORB2_SLAM/ORB_SLAM2_ROS2/src/orb_slam_stero/src/ORB_SLAM2/Tracking.cc:177:38:[m[K [01;31m[Kerror: [m[Kâ€˜[01m[KCV_RGB2GRAY[m[Kâ€™ was not declared in this scope
  177 |             cvtColor(mImGray,mImGray,[01;31m[KCV_RGB2GRAY[m[K);
      |                                      [01;31m[K^~~~~~~~~~~[m[K
[01m[K/home/zsj/WorkSpace/ORB2_SLAM/ORB_SLAM2_ROS2/src/orb_slam_stero/src/ORB_SLAM2/LoopClosing.cc:[m[K In member function â€˜[01m[Kvoid ORB_SLAM2::LoopClosing::CorrectLoop()[m[Kâ€™:
[01m[K/home/zsj/WorkSpace/ORB2_SLAM/ORB_SLAM2_ROS2/src/orb_slam_stero/src/ORB_SLAM2/LoopClosing.cc:416:9:[m[K [01;31m[Kerror: [m[Kuse of an operand of type â€˜[01m[Kbool[m[Kâ€™ in â€˜[01m[Koperator++[m[Kâ€™ is forbidden in C++17
  416 |         [01;31m[KmnFullBAIdx[m[K++;
      |         [01;31m[K^~~~~~~~~~~[m[K
[01m[K/home/zsj/WorkSpace/ORB2_SLAM/ORB_SLAM2_ROS2/src/orb_slam_stero/src/ORB_SLAM2/Tracking.cc:182:38:[m[K [01;31m[Kerror: [m[Kâ€˜[01m[KCV_BGR2GRAY[m[Kâ€™ was not declared in this scope
  182 |             cvtColor(mImGray,mImGray,[01;31m[KCV_BGR2GRAY[m[K);
      |                                      [01;31m[K^~~~~~~~~~~[m[K
[01m[K/home/zsj/WorkSpace/ORB2_SLAM/ORB_SLAM2_ROS2/src/orb_slam_stero/src/ORB_SLAM2/Tracking.cc:190:38:[m[K [01;31m[Kerror: [m[Kâ€˜[01m[KCV_RGBA2GRAY[m[Kâ€™ was not declared in this scope
  190 |             cvtColor(mImGray,mImGray,[01;31m[KCV_RGBA2GRAY[m[K);
      |                                      [01;31m[K^~~~~~~~~~~~[m[K
[01m[K/home/zsj/WorkSpace/ORB2_SLAM/ORB_SLAM2_ROS2/src/orb_slam_stero/src/ORB_SLAM2/Tracking.cc:195:38:[m[K [01;31m[Kerror: [m[Kâ€˜[01m[KCV_BGRA2GRAY[m[Kâ€™ was not declared in this scope
  195 |             cvtColor(mImGray,mImGray,[01;31m[KCV_BGRA2GRAY[m[K);
      |                                      [01;31m[K^~~~~~~~~~~~[m[K
[01m[K/home/zsj/WorkSpace/ORB2_SLAM/ORB_SLAM2_ROS2/src/orb_slam_stero/src/ORB_SLAM2/Tracking.cc:[m[K In member function â€˜[01m[Kcv::Mat ORB_SLAM2::Tracking::GrabImageRGBD(const cv::Mat&, const cv::Mat&, const double&)[m[Kâ€™:
[01m[K/home/zsj/WorkSpace/ORB2_SLAM/ORB_SLAM2_ROS2/src/orb_slam_stero/src/ORB_SLAM2/Tracking.cc:216:38:[m[K [01;31m[Kerror: [m[Kâ€˜[01m[KCV_RGB2GRAY[m[Kâ€™ was not declared in this scope
  216 |             cvtColor(mImGray,mImGray,[01;31m[KCV_RGB2GRAY[m[K);
      |                                      [01;31m[K^~~~~~~~~~~[m[K
[01m[K/home/zsj/WorkSpace/ORB2_SLAM/ORB_SLAM2_ROS2/src/orb_slam_stero/src/ORB_SLAM2/Tracking.cc:218:38:[m[K [01;31m[Kerror: [m[Kâ€˜[01m[KCV_BGR2GRAY[m[Kâ€™ was not declared in this scope
  218 |             cvtColor(mImGray,mImGray,[01;31m[KCV_BGR2GRAY[m[K);
      |                                      [01;31m[K^~~~~~~~~~~[m[K
[01m[K/home/zsj/WorkSpace/ORB2_SLAM/ORB_SLAM2_ROS2/src/orb_slam_stero/src/ORB_SLAM2/Tracking.cc:223:38:[m[K [01;31m[Kerror: [m[Kâ€˜[01m[KCV_RGBA2GRAY[m[Kâ€™ was not declared in this scope
  223 |             cvtColor(mImGray,mImGray,[01;31m[KCV_RGBA2GRAY[m[K);
      |                                      [01;31m[K^~~~~~~~~~~~[m[K
[01m[K/home/zsj/WorkSpace/ORB2_SLAM/ORB_SLAM2_ROS2/src/orb_slam_stero/src/ORB_SLAM2/Tracking.cc:225:38:[m[K [01;31m[Kerror: [m[Kâ€˜[01m[KCV_BGRA2GRAY[m[Kâ€™ was not declared in this scope
  225 |             cvtColor(mImGray,mImGray,[01;31m[KCV_BGRA2GRAY[m[K);
      |                                      [01;31m[K^~~~~~~~~~~~[m[K
[01m[K/home/zsj/WorkSpace/ORB2_SLAM/ORB_SLAM2_ROS2/src/orb_slam_stero/src/ORB_SLAM2/Tracking.cc:[m[K In member function â€˜[01m[Kcv::Mat ORB_SLAM2::Tracking::GrabImageMonocular(const cv::Mat&, const double&)[m[Kâ€™:
[01m[K/home/zsj/WorkSpace/ORB2_SLAM/ORB_SLAM2_ROS2/src/orb_slam_stero/src/ORB_SLAM2/Tracking.cc:246:38:[m[K [01;31m[Kerror: [m[Kâ€˜[01m[KCV_RGB2GRAY[m[Kâ€™ was not declared in this scope
  246 |             cvtColor(mImGray,mImGray,[01;31m[KCV_RGB2GRAY[m[K);
      |                                      [01;31m[K^~~~~~~~~~~[m[K
[01m[K/home/zsj/WorkSpace/ORB2_SLAM/ORB_SLAM2_ROS2/src/orb_slam_stero/src/ORB_SLAM2/Tracking.cc:248:38:[m[K [01;31m[Kerror: [m[Kâ€˜[01m[KCV_BGR2GRAY[m[Kâ€™ was not declared in this scope
  248 |             cvtColor(mImGray,mImGray,[01;31m[KCV_BGR2GRAY[m[K);
      |                                      [01;31m[K^~~~~~~~~~~[m[K
[01m[K/home/zsj/WorkSpace/ORB2_SLAM/ORB_SLAM2_ROS2/src/orb_slam_stero/src/ORB_SLAM2/Tracking.cc:253:38:[m[K [01;31m[Kerror: [m[Kâ€˜[01m[KCV_RGBA2GRAY[m[Kâ€™ was not declared in this scope
  253 |             cvtColor(mImGray,mImGray,[01;31m[KCV_RGBA2GRAY[m[K);
      |                                      [01;31m[K^~~~~~~~~~~~[m[K
[01m[K/home/zsj/WorkSpace/ORB2_SLAM/ORB_SLAM2_ROS2/src/orb_slam_stero/src/ORB_SLAM2/Tracking.cc:255:38:[m[K [01;31m[Kerror: [m[Kâ€˜[01m[KCV_BGRA2GRAY[m[Kâ€™ was not declared in this scope
  255 |             cvtColor(mImGray,mImGray,[01;31m[KCV_BGRA2GRAY[m[K);
      |                                      [01;31m[K^~~~~~~~~~~~[m[K
gmake[2]: *** [CMakeFiles/orb_slam2_core.dir/build.make:174: CMakeFiles/orb_slam2_core.dir/src/ORB_SLAM2/LoopClosing.cc.o] Error 1
gmake[2]: *** [CMakeFiles/orb_slam2_core.dir/build.make:314: CMakeFiles/orb_slam2_core.dir/src/ORB_SLAM2/Tracking.cc.o] Error 1
gmake[1]: *** [CMakeFiles/Makefile2:175: CMakeFiles/orb_slam2_core.dir/all] Error 2
gmake: *** [Makefile:146: all] Error 2
