[0.017s] Invoking command in '/home/zsj/WorkSpace/ORB2_SLAM/ORB_SLAM2_ROS2/build/orb_slam2_stereo': CMAKE_PREFIX_PATH=/opt/ros/humble CONDA_PROMPT_MODIFIER=(base) /usr/bin/cmake --build /home/zsj/WorkSpace/ORB2_SLAM/ORB_SLAM2_ROS2/build/orb_slam2_stereo -- -j18 -l18
[0.088s] [ 11%] Built target DBoW2
[0.110s] [ 62%] Built target g2o
[0.144s] [35m[1mConsolidate compiler generated dependencies of target orb_slam2_core[0m
[0.198s] [ 64%] [32mBuilding CXX object CMakeFiles/orb_slam2_core.dir/src/ORB_SLAM2/FrameDrawer.cc.o[0m
[0.201s] [ 66%] [32mBuilding CXX object CMakeFiles/orb_slam2_core.dir/src/ORB_SLAM2/LocalMapping.cc.o[0m
[0.205s] [ 67%] [32mBuilding CXX object CMakeFiles/orb_slam2_core.dir/src/ORB_SLAM2/Initializer.cc.o[0m
[0.208s] [ 69%] [32mBuilding CXX object CMakeFiles/orb_slam2_core.dir/src/ORB_SLAM2/LoopClosing.cc.o[0m
[0.213s] [ 72%] [32mBuilding CXX object CMakeFiles/orb_slam2_core.dir/src/ORB_SLAM2/PnPsolver.cc.o[0m
[0.213s] [ 72%] [32mBuilding CXX object CMakeFiles/orb_slam2_core.dir/src/ORB_SLAM2/Optimizer.cc.o[0m
[0.218s] [ 74%] [32mBuilding CXX object CMakeFiles/orb_slam2_core.dir/src/ORB_SLAM2/Tracking.cc.o[0m
[3.755s] [01m[K/home/zsj/WorkSpace/ORB2_SLAM/ORB_SLAM2_ROS2/src/orb_slam_stero/src/ORB_SLAM2/PnPsolver.cc:[m[K In member function â€˜[01m[Kvoid ORB_SLAM2::PnPsolver::choose_control_points()[m[Kâ€™:
[3.755s] [01m[K/home/zsj/WorkSpace/ORB2_SLAM/ORB_SLAM2_ROS2/src/orb_slam_stero/src/ORB_SLAM2/PnPsolver.cc:388:17:[m[K [01;31m[Kerror: [m[Kâ€˜[01m[KcvCreateMat[m[Kâ€™ was not declared in this scope
[3.755s]   388 |   CvMat * PW0 = [01;31m[KcvCreateMat[m[K(number_of_correspondences, 3, CV_64F);
[3.755s]       |                 [01;31m[K^~~~~~~~~~~[m[K
[3.788s] [01m[K/home/zsj/WorkSpace/ORB2_SLAM/ORB_SLAM2_ROS2/src/orb_slam_stero/src/ORB_SLAM2/PnPsolver.cc:399:3:[m[K [01;31m[Kerror: [m[Kâ€˜[01m[KcvMulTransposed[m[Kâ€™ was not declared in this scope
[3.788s]   399 |   [01;31m[KcvMulTransposed[m[K(PW0, &PW0tPW0, 1);
[3.788s]       |   [01;31m[K^~~~~~~~~~~~~~~[m[K
[3.827s] [01m[K/home/zsj/WorkSpace/ORB2_SLAM/ORB_SLAM2_ROS2/src/orb_slam_stero/src/ORB_SLAM2/PnPsolver.cc:400:33:[m[K [01;31m[Kerror: [m[Kâ€˜[01m[KCV_SVD_MODIFY_A[m[Kâ€™ was not declared in this scope; did you mean â€˜[01m[KCV_HAL_SVD_MODIFY_A[m[Kâ€™?
[3.827s]   400 |   cvSVD(&PW0tPW0, &DC, &UCt, 0, [01;31m[KCV_SVD_MODIFY_A[m[K | CV_SVD_U_T);
[3.827s]       |                                 [01;31m[K^~~~~~~~~~~~~~~[m[K
[3.827s]       |                                 [32m[KCV_HAL_SVD_MODIFY_A[m[K
[3.853s] [01m[K/home/zsj/WorkSpace/ORB2_SLAM/ORB_SLAM2_ROS2/src/orb_slam_stero/src/ORB_SLAM2/PnPsolver.cc:400:51:[m[K [01;31m[Kerror: [m[Kâ€˜[01m[KCV_SVD_U_T[m[Kâ€™ was not declared in this scope
[3.853s]   400 |   cvSVD(&PW0tPW0, &DC, &UCt, 0, CV_SVD_MODIFY_A | [01;31m[KCV_SVD_U_T[m[K);
[3.853s]       |                                                   [01;31m[K^~~~~~~~~~[m[K
[3.868s] [01m[K/home/zsj/WorkSpace/ORB2_SLAM/ORB_SLAM2_ROS2/src/orb_slam_stero/src/ORB_SLAM2/PnPsolver.cc:400:3:[m[K [01;31m[Kerror: [m[Kâ€˜[01m[KcvSVD[m[Kâ€™ was not declared in this scope
[3.868s]   400 |   [01;31m[KcvSVD[m[K(&PW0tPW0, &DC, &UCt, 0, CV_SVD_MODIFY_A | CV_SVD_U_T);
[3.868s]       |   [01;31m[K^~~~~[m[K
[3.898s] [01m[K/home/zsj/WorkSpace/ORB2_SLAM/ORB_SLAM2_ROS2/src/orb_slam_stero/src/ORB_SLAM2/PnPsolver.cc:402:3:[m[K [01;31m[Kerror: [m[Kâ€˜[01m[KcvReleaseMat[m[Kâ€™ was not declared in this scope
[3.898s]   402 |   [01;31m[KcvReleaseMat[m[K(&PW0);
[3.898s]       |   [01;31m[K^~~~~~~~~~~~[m[K
[3.917s] [01m[K/home/zsj/WorkSpace/ORB2_SLAM/ORB_SLAM2_ROS2/src/orb_slam_stero/src/ORB_SLAM2/PnPsolver.cc:[m[K In member function â€˜[01m[Kvoid ORB_SLAM2::PnPsolver::compute_barycentric_coordinates()[m[Kâ€™:
[3.918s] [01m[K/home/zsj/WorkSpace/ORB2_SLAM/ORB_SLAM2_ROS2/src/orb_slam_stero/src/ORB_SLAM2/PnPsolver.cc:421:26:[m[K [01;31m[Kerror: [m[Kâ€˜[01m[KCV_SVD[m[Kâ€™ was not declared in this scope; did you mean â€˜[01m[KCV_AVX[m[Kâ€™?
[3.918s]   421 |   cvInvert(&CC, &CC_inv, [01;31m[KCV_SVD[m[K);
[3.918s]       |                          [01;31m[K^~~~~~[m[K
[3.918s]       |                          [32m[KCV_AVX[m[K
[3.938s] [01m[K/home/zsj/WorkSpace/ORB2_SLAM/ORB_SLAM2_ROS2/src/orb_slam_stero/src/ORB_SLAM2/PnPsolver.cc:421:3:[m[K [01;31m[Kerror: [m[Kâ€˜[01m[KcvInvert[m[Kâ€™ was not declared in this scope; did you mean â€˜[01m[KcvInvSqrt[m[Kâ€™?
[3.938s]   421 |   [01;31m[KcvInvert[m[K(&CC, &CC_inv, CV_SVD);
[3.939s]       |   [01;31m[K^~~~~~~~[m[K
[3.939s]       |   [32m[KcvInvSqrt[m[K
[3.966s] [01m[K/home/zsj/WorkSpace/ORB2_SLAM/ORB_SLAM2_ROS2/src/orb_slam_stero/src/ORB_SLAM2/PnPsolver.cc:[m[K In member function â€˜[01m[Kdouble ORB_SLAM2::PnPsolver::compute_pose(double (*)[3], double*)[m[Kâ€™:
[3.966s] [01m[K/home/zsj/WorkSpace/ORB2_SLAM/ORB_SLAM2_ROS2/src/orb_slam_stero/src/ORB_SLAM2/PnPsolver.cc:482:15:[m[K [01;31m[Kerror: [m[Kâ€˜[01m[KcvCreateMat[m[Kâ€™ was not declared in this scope
[3.966s]   482 |   CvMat * M = [01;31m[KcvCreateMat[m[K(2 * number_of_correspondences, 12, CV_64F);
[3.966s]       |               [01;31m[K^~~~~~~~~~~[m[K
[4.005s] [01m[K/home/zsj/WorkSpace/ORB2_SLAM/ORB_SLAM2_ROS2/src/orb_slam_stero/src/ORB_SLAM2/PnPsolver.cc:492:3:[m[K [01;31m[Kerror: [m[Kâ€˜[01m[KcvMulTransposed[m[Kâ€™ was not declared in this scope
[4.005s]   492 |   [01;31m[KcvMulTransposed[m[K(M, &MtM, 1);
[4.005s]       |   [01;31m[K^~~~~~~~~~~~~~~[m[K
[4.038s] [01m[K/home/zsj/WorkSpace/ORB2_SLAM/ORB_SLAM2_ROS2/src/orb_slam_stero/src/ORB_SLAM2/PnPsolver.cc:493:27:[m[K [01;31m[Kerror: [m[Kâ€˜[01m[KCV_SVD_MODIFY_A[m[Kâ€™ was not declared in this scope; did you mean â€˜[01m[KCV_HAL_SVD_MODIFY_A[m[Kâ€™?
[4.039s]   493 |   cvSVD(&MtM, &D, &Ut, 0, [01;31m[KCV_SVD_MODIFY_A[m[K | CV_SVD_U_T);
[4.039s]       |                           [01;31m[K^~~~~~~~~~~~~~~[m[K
[4.039s]       |                           [32m[KCV_HAL_SVD_MODIFY_A[m[K
[4.065s] [01m[K/home/zsj/WorkSpace/ORB2_SLAM/ORB_SLAM2_ROS2/src/orb_slam_stero/src/ORB_SLAM2/PnPsolver.cc:493:45:[m[K [01;31m[Kerror: [m[Kâ€˜[01m[KCV_SVD_U_T[m[Kâ€™ was not declared in this scope
[4.065s]   493 |   cvSVD(&MtM, &D, &Ut, 0, CV_SVD_MODIFY_A | [01;31m[KCV_SVD_U_T[m[K);
[4.065s]       |                                             [01;31m[K^~~~~~~~~~[m[K
[4.085s] [01m[K/home/zsj/WorkSpace/ORB2_SLAM/ORB_SLAM2_ROS2/src/orb_slam_stero/src/ORB_SLAM2/PnPsolver.cc:493:3:[m[K [01;31m[Kerror: [m[Kâ€˜[01m[KcvSVD[m[Kâ€™ was not declared in this scope
[4.086s]   493 |   [01;31m[KcvSVD[m[K(&MtM, &D, &Ut, 0, CV_SVD_MODIFY_A | CV_SVD_U_T);
[4.086s]       |   [01;31m[K^~~~~[m[K
[4.116s] [01m[K/home/zsj/WorkSpace/ORB2_SLAM/ORB_SLAM2_ROS2/src/orb_slam_stero/src/ORB_SLAM2/PnPsolver.cc:494:3:[m[K [01;31m[Kerror: [m[Kâ€˜[01m[KcvReleaseMat[m[Kâ€™ was not declared in this scope
[4.116s]   494 |   [01;31m[KcvReleaseMat[m[K(&M);
[4.117s]       |   [01;31m[K^~~~~~~~~~~~[m[K
[4.139s] [01m[K/home/zsj/WorkSpace/ORB2_SLAM/ORB_SLAM2_ROS2/src/orb_slam_stero/src/ORB_SLAM2/PnPsolver.cc:[m[K In member function â€˜[01m[Kvoid ORB_SLAM2::PnPsolver::estimate_R_and_t(double (*)[3], double*)[m[Kâ€™:
[4.139s] [01m[K/home/zsj/WorkSpace/ORB2_SLAM/ORB_SLAM2_ROS2/src/orb_slam_stero/src/ORB_SLAM2/PnPsolver.cc:596:3:[m[K [01;31m[Kerror: [m[Kâ€˜[01m[KcvSetZero[m[Kâ€™ was not declared in this scope
[4.139s]   596 |   [01;31m[KcvSetZero[m[K(&ABt);
[4.139s]       |   [01;31m[K^~~~~~~~~[m[K
[4.173s] [01m[K/home/zsj/WorkSpace/ORB2_SLAM/ORB_SLAM2_ROS2/src/orb_slam_stero/src/ORB_SLAM2/PnPsolver.cc:608:39:[m[K [01;31m[Kerror: [m[Kâ€˜[01m[KCV_SVD_MODIFY_A[m[Kâ€™ was not declared in this scope; did you mean â€˜[01m[KCV_HAL_SVD_MODIFY_A[m[Kâ€™?
[4.173s]   608 |   cvSVD(&ABt, &ABt_D, &ABt_U, &ABt_V, [01;31m[KCV_SVD_MODIFY_A[m[K);
[4.173s]       |                                       [01;31m[K^~~~~~~~~~~~~~~[m[K
[4.173s]       |                                       [32m[KCV_HAL_SVD_MODIFY_A[m[K
[4.197s] [01m[K/home/zsj/WorkSpace/ORB2_SLAM/ORB_SLAM2_ROS2/src/orb_slam_stero/src/ORB_SLAM2/PnPsolver.cc:608:3:[m[K [01;31m[Kerror: [m[Kâ€˜[01m[KcvSVD[m[Kâ€™ was not declared in this scope
[4.197s]   608 |   [01;31m[KcvSVD[m[K(&ABt, &ABt_D, &ABt_U, &ABt_V, CV_SVD_MODIFY_A);
[4.197s]       |   [01;31m[K^~~~~[m[K
[4.223s] [01m[K/home/zsj/WorkSpace/ORB2_SLAM/ORB_SLAM2_ROS2/src/orb_slam_stero/src/ORB_SLAM2/PnPsolver.cc:[m[K In member function â€˜[01m[Kvoid ORB_SLAM2::PnPsolver::find_betas_approx_1(const CvMat*, const CvMat*, double*)[m[Kâ€™:
[4.223s] [01m[K/home/zsj/WorkSpace/ORB2_SLAM/ORB_SLAM2_ROS2/src/orb_slam_stero/src/ORB_SLAM2/PnPsolver.cc:681:29:[m[K [01;31m[Kerror: [m[Kâ€˜[01m[KCV_SVD[m[Kâ€™ was not declared in this scope; did you mean â€˜[01m[KCV_AVX[m[Kâ€™?
[4.224s]   681 |   cvSolve(&L_6x4, Rho, &B4, [01;31m[KCV_SVD[m[K);
[4.224s]       |                             [01;31m[K^~~~~~[m[K
[4.224s]       |                             [32m[KCV_AVX[m[K
[4.242s] [01m[K/home/zsj/WorkSpace/ORB2_SLAM/ORB_SLAM2_ROS2/src/orb_slam_stero/src/ORB_SLAM2/PnPsolver.cc:681:3:[m[K [01;31m[Kerror: [m[Kâ€˜[01m[KcvSolve[m[Kâ€™ was not declared in this scope
[4.242s]   681 |   [01;31m[KcvSolve[m[K(&L_6x4, Rho, &B4, CV_SVD);
[4.242s]       |   [01;31m[K^~~~~~~[m[K
[4.262s] [01m[K/home/zsj/WorkSpace/ORB2_SLAM/ORB_SLAM2_ROS2/src/orb_slam_stero/src/ORB_SLAM2/PnPsolver.cc:[m[K In member function â€˜[01m[Kvoid ORB_SLAM2::PnPsolver::find_betas_approx_2(const CvMat*, const CvMat*, double*)[m[Kâ€™:
[4.262s] [01m[K/home/zsj/WorkSpace/ORB2_SLAM/ORB_SLAM2_ROS2/src/orb_slam_stero/src/ORB_SLAM2/PnPsolver.cc:712:29:[m[K [01;31m[Kerror: [m[Kâ€˜[01m[KCV_SVD[m[Kâ€™ was not declared in this scope; did you mean â€˜[01m[KCV_AVX[m[Kâ€™?
[4.262s]   712 |   cvSolve(&L_6x3, Rho, &B3, [01;31m[KCV_SVD[m[K);
[4.262s]       |                             [01;31m[K^~~~~~[m[K
[4.262s]       |                             [32m[KCV_AVX[m[K
[4.279s] [01m[K/home/zsj/WorkSpace/ORB2_SLAM/ORB_SLAM2_ROS2/src/orb_slam_stero/src/ORB_SLAM2/PnPsolver.cc:712:3:[m[K [01;31m[Kerror: [m[Kâ€˜[01m[KcvSolve[m[Kâ€™ was not declared in this scope
[4.280s]   712 |   [01;31m[KcvSolve[m[K(&L_6x3, Rho, &B3, CV_SVD);
[4.280s]       |   [01;31m[K^~~~~~~[m[K
[4.298s] [01m[K/home/zsj/WorkSpace/ORB2_SLAM/ORB_SLAM2_ROS2/src/orb_slam_stero/src/ORB_SLAM2/PnPsolver.cc:[m[K In member function â€˜[01m[Kvoid ORB_SLAM2::PnPsolver::find_betas_approx_3(const CvMat*, const CvMat*, double*)[m[Kâ€™:
[4.298s] [01m[K/home/zsj/WorkSpace/ORB2_SLAM/ORB_SLAM2_ROS2/src/orb_slam_stero/src/ORB_SLAM2/PnPsolver.cc:746:29:[m[K [01;31m[Kerror: [m[Kâ€˜[01m[KCV_SVD[m[Kâ€™ was not declared in this scope; did you mean â€˜[01m[KCV_AVX[m[Kâ€™?
[4.298s]   746 |   cvSolve(&L_6x5, Rho, &B5, [01;31m[KCV_SVD[m[K);
[4.298s]       |                             [01;31m[K^~~~~~[m[K
[4.298s]       |                             [32m[KCV_AVX[m[K
[4.317s] [01m[K/home/zsj/WorkSpace/ORB2_SLAM/ORB_SLAM2_ROS2/src/orb_slam_stero/src/ORB_SLAM2/PnPsolver.cc:746:3:[m[K [01;31m[Kerror: [m[Kâ€˜[01m[KcvSolve[m[Kâ€™ was not declared in this scope
[4.318s]   746 |   [01;31m[KcvSolve[m[K(&L_6x5, Rho, &B5, CV_SVD);
[4.318s]       |   [01;31m[K^~~~~~~[m[K
[5.658s] gmake[2]: *** [CMakeFiles/orb_slam2_core.dir/build.make:272: CMakeFiles/orb_slam2_core.dir/src/ORB_SLAM2/PnPsolver.cc.o] Error 1
[5.658s] gmake[2]: *** Waiting for unfinished jobs....
[8.974s] [01m[K/home/zsj/WorkSpace/ORB2_SLAM/ORB_SLAM2_ROS2/src/orb_slam_stero/src/ORB_SLAM2/Tracking.cc:[m[K In member function â€˜[01m[Kcv::Mat ORB_SLAM2::Tracking::GrabImageStereo(const cv::Mat&, const cv::Mat&, const double&)[m[Kâ€™:
[8.974s] [01m[K/home/zsj/WorkSpace/ORB2_SLAM/ORB_SLAM2_ROS2/src/orb_slam_stero/src/ORB_SLAM2/Tracking.cc:177:38:[m[K [01;31m[Kerror: [m[Kâ€˜[01m[KCV_RGB2GRAY[m[Kâ€™ was not declared in this scope
[8.975s]   177 |             cvtColor(mImGray,mImGray,[01;31m[KCV_RGB2GRAY[m[K);
[8.975s]       |                                      [01;31m[K^~~~~~~~~~~[m[K
[8.999s] [01m[K/home/zsj/WorkSpace/ORB2_SLAM/ORB_SLAM2_ROS2/src/orb_slam_stero/src/ORB_SLAM2/LoopClosing.cc:[m[K In member function â€˜[01m[Kvoid ORB_SLAM2::LoopClosing::CorrectLoop()[m[Kâ€™:
[8.999s] [01m[K/home/zsj/WorkSpace/ORB2_SLAM/ORB_SLAM2_ROS2/src/orb_slam_stero/src/ORB_SLAM2/LoopClosing.cc:416:9:[m[K [01;31m[Kerror: [m[Kuse of an operand of type â€˜[01m[Kbool[m[Kâ€™ in â€˜[01m[Koperator++[m[Kâ€™ is forbidden in C++17
[8.999s]   416 |         [01;31m[KmnFullBAIdx[m[K++;
[8.999s]       |         [01;31m[K^~~~~~~~~~~[m[K
[9.028s] [01m[K/home/zsj/WorkSpace/ORB2_SLAM/ORB_SLAM2_ROS2/src/orb_slam_stero/src/ORB_SLAM2/Tracking.cc:182:38:[m[K [01;31m[Kerror: [m[Kâ€˜[01m[KCV_BGR2GRAY[m[Kâ€™ was not declared in this scope
[9.029s]   182 |             cvtColor(mImGray,mImGray,[01;31m[KCV_BGR2GRAY[m[K);
[9.029s]       |                                      [01;31m[K^~~~~~~~~~~[m[K
[9.093s] [01m[K/home/zsj/WorkSpace/ORB2_SLAM/ORB_SLAM2_ROS2/src/orb_slam_stero/src/ORB_SLAM2/Tracking.cc:190:38:[m[K [01;31m[Kerror: [m[Kâ€˜[01m[KCV_RGBA2GRAY[m[Kâ€™ was not declared in this scope
[9.093s]   190 |             cvtColor(mImGray,mImGray,[01;31m[KCV_RGBA2GRAY[m[K);
[9.094s]       |                                      [01;31m[K^~~~~~~~~~~~[m[K
[9.168s] [01m[K/home/zsj/WorkSpace/ORB2_SLAM/ORB_SLAM2_ROS2/src/orb_slam_stero/src/ORB_SLAM2/Tracking.cc:195:38:[m[K [01;31m[Kerror: [m[Kâ€˜[01m[KCV_BGRA2GRAY[m[Kâ€™ was not declared in this scope
[9.168s]   195 |             cvtColor(mImGray,mImGray,[01;31m[KCV_BGRA2GRAY[m[K);
[9.169s]       |                                      [01;31m[K^~~~~~~~~~~~[m[K
[9.246s] [01m[K/home/zsj/WorkSpace/ORB2_SLAM/ORB_SLAM2_ROS2/src/orb_slam_stero/src/ORB_SLAM2/Tracking.cc:[m[K In member function â€˜[01m[Kcv::Mat ORB_SLAM2::Tracking::GrabImageRGBD(const cv::Mat&, const cv::Mat&, const double&)[m[Kâ€™:
[9.246s] [01m[K/home/zsj/WorkSpace/ORB2_SLAM/ORB_SLAM2_ROS2/src/orb_slam_stero/src/ORB_SLAM2/Tracking.cc:216:38:[m[K [01;31m[Kerror: [m[Kâ€˜[01m[KCV_RGB2GRAY[m[Kâ€™ was not declared in this scope
[9.246s]   216 |             cvtColor(mImGray,mImGray,[01;31m[KCV_RGB2GRAY[m[K);
[9.246s]       |                                      [01;31m[K^~~~~~~~~~~[m[K
[9.309s] [01m[K/home/zsj/WorkSpace/ORB2_SLAM/ORB_SLAM2_ROS2/src/orb_slam_stero/src/ORB_SLAM2/Tracking.cc:218:38:[m[K [01;31m[Kerror: [m[Kâ€˜[01m[KCV_BGR2GRAY[m[Kâ€™ was not declared in this scope
[9.309s]   218 |             cvtColor(mImGray,mImGray,[01;31m[KCV_BGR2GRAY[m[K);
[9.309s]       |                                      [01;31m[K^~~~~~~~~~~[m[K
[9.380s] [01m[K/home/zsj/WorkSpace/ORB2_SLAM/ORB_SLAM2_ROS2/src/orb_slam_stero/src/ORB_SLAM2/Tracking.cc:223:38:[m[K [01;31m[Kerror: [m[Kâ€˜[01m[KCV_RGBA2GRAY[m[Kâ€™ was not declared in this scope
[9.380s]   223 |             cvtColor(mImGray,mImGray,[01;31m[KCV_RGBA2GRAY[m[K);
[9.380s]       |                                      [01;31m[K^~~~~~~~~~~~[m[K
[9.440s] [01m[K/home/zsj/WorkSpace/ORB2_SLAM/ORB_SLAM2_ROS2/src/orb_slam_stero/src/ORB_SLAM2/Tracking.cc:225:38:[m[K [01;31m[Kerror: [m[Kâ€˜[01m[KCV_BGRA2GRAY[m[Kâ€™ was not declared in this scope
[9.440s]   225 |             cvtColor(mImGray,mImGray,[01;31m[KCV_BGRA2GRAY[m[K);
[9.440s]       |                                      [01;31m[K^~~~~~~~~~~~[m[K
[9.496s] [01m[K/home/zsj/WorkSpace/ORB2_SLAM/ORB_SLAM2_ROS2/src/orb_slam_stero/src/ORB_SLAM2/Tracking.cc:[m[K In member function â€˜[01m[Kcv::Mat ORB_SLAM2::Tracking::GrabImageMonocular(const cv::Mat&, const double&)[m[Kâ€™:
[9.496s] [01m[K/home/zsj/WorkSpace/ORB2_SLAM/ORB_SLAM2_ROS2/src/orb_slam_stero/src/ORB_SLAM2/Tracking.cc:246:38:[m[K [01;31m[Kerror: [m[Kâ€˜[01m[KCV_RGB2GRAY[m[Kâ€™ was not declared in this scope
[9.496s]   246 |             cvtColor(mImGray,mImGray,[01;31m[KCV_RGB2GRAY[m[K);
[9.496s]       |                                      [01;31m[K^~~~~~~~~~~[m[K
[9.549s] [01m[K/home/zsj/WorkSpace/ORB2_SLAM/ORB_SLAM2_ROS2/src/orb_slam_stero/src/ORB_SLAM2/Tracking.cc:248:38:[m[K [01;31m[Kerror: [m[Kâ€˜[01m[KCV_BGR2GRAY[m[Kâ€™ was not declared in this scope
[9.550s]   248 |             cvtColor(mImGray,mImGray,[01;31m[KCV_BGR2GRAY[m[K);
[9.550s]       |                                      [01;31m[K^~~~~~~~~~~[m[K
[9.607s] [01m[K/home/zsj/WorkSpace/ORB2_SLAM/ORB_SLAM2_ROS2/src/orb_slam_stero/src/ORB_SLAM2/Tracking.cc:253:38:[m[K [01;31m[Kerror: [m[Kâ€˜[01m[KCV_RGBA2GRAY[m[Kâ€™ was not declared in this scope
[9.607s]   253 |             cvtColor(mImGray,mImGray,[01;31m[KCV_RGBA2GRAY[m[K);
[9.607s]       |                                      [01;31m[K^~~~~~~~~~~~[m[K
[9.673s] [01m[K/home/zsj/WorkSpace/ORB2_SLAM/ORB_SLAM2_ROS2/src/orb_slam_stero/src/ORB_SLAM2/Tracking.cc:255:38:[m[K [01;31m[Kerror: [m[Kâ€˜[01m[KCV_BGRA2GRAY[m[Kâ€™ was not declared in this scope
[9.674s]   255 |             cvtColor(mImGray,mImGray,[01;31m[KCV_BGRA2GRAY[m[K);
[9.674s]       |                                      [01;31m[K^~~~~~~~~~~~[m[K
[20.778s] gmake[2]: *** [CMakeFiles/orb_slam2_core.dir/build.make:174: CMakeFiles/orb_slam2_core.dir/src/ORB_SLAM2/LoopClosing.cc.o] Error 1
[21.303s] gmake[2]: *** [CMakeFiles/orb_slam2_core.dir/build.make:314: CMakeFiles/orb_slam2_core.dir/src/ORB_SLAM2/Tracking.cc.o] Error 1
[59.035s] gmake[1]: *** [CMakeFiles/Makefile2:175: CMakeFiles/orb_slam2_core.dir/all] Error 2
[59.036s] gmake: *** [Makefile:146: all] Error 2
[59.042s] Invoked command in '/home/zsj/WorkSpace/ORB2_SLAM/ORB_SLAM2_ROS2/build/orb_slam2_stereo' returned '2': CMAKE_PREFIX_PATH=/opt/ros/humble CONDA_PROMPT_MODIFIER=(base) /usr/bin/cmake --build /home/zsj/WorkSpace/ORB2_SLAM/ORB_SLAM2_ROS2/build/orb_slam2_stereo -- -j18 -l18
