[0.000000] (-) TimerEvent: {}
[0.001139] (orb_slam2_stereo) JobQueued: {'identifier': 'orb_slam2_stereo', 'dependencies': OrderedDict()}
[0.001604] (orb_slam2_stereo) JobStarted: {'identifier': 'orb_slam2_stereo'}
[0.010344] (orb_slam2_stereo) JobProgress: {'identifier': 'orb_slam2_stereo', 'progress': 'cmake'}
[0.011612] (orb_slam2_stereo) JobProgress: {'identifier': 'orb_slam2_stereo', 'progress': 'build'}
[0.013018] (orb_slam2_stereo) Command: {'cmd': ['/usr/bin/cmake', '--build', '/home/zsj/WorkSpace/ORB2_SLAM/ORB_SLAM2_ROS2/build/orb_slam2_stereo', '--', '-j18', '-l18'], 'cwd': '/home/zsj/WorkSpace/ORB2_SLAM/ORB_SLAM2_ROS2/build/orb_slam2_stereo', 'env': OrderedDict([('LESSOPEN', '| /usr/bin/lesspipe %s'), ('CONDA_PROMPT_MODIFIER', '(base)'), ('USER', 'zsj'), ('GIT_ASKPASS', '/home/zsj/.vscode-server/bin/c9d77990917f3102ada88be140d28b038d1dd7c7/extensions/git/dist/askpass.sh'), ('SHLVL', '1'), ('LD_LIBRARY_PATH', '/opt/ros/humble/opt/rviz_ogre_vendor/lib:/opt/ros/humble/lib/x86_64-linux-gnu:/opt/ros/humble/lib'), ('MOTD_SHOWN', 'update-motd'), ('HOME', '/home/zsj'), ('CONDA_SHLVL', '1'), ('OLDPWD', '/home/zsj/WorkSpace/ORB2_SLAM/ORB_SLAM2_ROS2/src'), ('TERM_PROGRAM_VERSION', '1.108.2'), ('VSCODE_IPC_HOOK_CLI', '/run/user/1000/vscode-ipc-073531b3-f422-4809-a5f7-ab58e98e5371.sock'), ('ROS_PYTHON_VERSION', '3'), ('VSCODE_GIT_ASKPASS_MAIN', '/home/zsj/.vscode-server/bin/c9d77990917f3102ada88be140d28b038d1dd7c7/extensions/git/dist/askpass-main.js'), ('VSCODE_GIT_ASKPASS_NODE', '/home/zsj/.vscode-server/bin/c9d77990917f3102ada88be140d28b038d1dd7c7/node'), ('VSCODE_PYTHON_AUTOACTIVATE_GUARD', '1'), ('DBUS_SESSION_BUS_ADDRESS', 'unix:path=/run/user/1000/bus'), ('COLORTERM', 'truecolor'), ('_CE_M', ''), ('WSL_DISTRO_NAME', 'Ubuntu-22.04'), ('_CONDA_ROOT', '/home/zsj/tools/miniconda3'), ('WAYLAND_DISPLAY', 'wayland-0'), ('ROS_DISTRO', 'humble'), ('LOGNAME', 'zsj'), ('NAME', 'Zhuxingjie'), ('WSL_INTEROP', '/run/WSL/413_interop'), ('PULSE_SERVER', 'unix:/mnt/wslg/PulseServer'), ('_', '/usr/bin/colcon'), ('ROS_VERSION', '2'), ('TERM', 'xterm-256color'), ('_CE_CONDA', ''), ('ROS_LOCALHOST_ONLY', '0'), ('PATH', '/home/zsj/.local/bin:/home/zsj/.local/bin:/home/zsj/.local/bin:(/home/zsj/tools/miniconda3/bin:/home/zsj/.vscode-server/data/User/globalStorage/github.copilot-chat/debugCommand:/home/zsj/.vscode-server/data/User/globalStorage/github.copilot-chat/copilotCli:/home/zsj/.vscode-server/bin/c9d77990917f3102ada88be140d28b038d1dd7c7/bin/remote-cli:/home/zsj/.local/bin:/home/zsj/.local/bin:/home/zsj/.local/bin:/opt/ros/humble/bin:(/home/zsj/tools/miniconda3/bin:/home/zsj/tools/miniconda3/condabin:/usr/local/sbin:/usr/local/bin:/usr/sbin:/usr/bin:/sbin:/bin:/usr/games:/usr/local/games:/usr/lib/wsl/lib:/mnt/c/ProgramData/anaconda3-updata:/mnt/c/ProgramData/anaconda3-updata/Scripts:/mnt/c/ProgramData/anaconda3-updata/Library/bin:/mnt/c/ProgramData/anaconda3-updata/Library/mingw-w64/bin:/mnt/c/Program Files/JetBrains/PyCharm 2024.1/bin:/mnt/c/Program Files/Common Files/Oracle/Java/javapath:/mnt/c/Program Files (x86)/Common Files/Oracle/Java/javapath:/mnt/c/WINDOWS:/mnt/c/WINDOWS/system32:/mnt/c/WINDOWS/System32/Wbem:/mnt/c/WINDOWS/System32/OpenSSH:/mnt/c/WINDOWS/System32/WindowsPowerShell/v1.0:/mnt/d/Matlab/bin:/mnt/d/Matlab/runtime/win64:/mnt/c/Program Files/Microsoft SQL Server/Client SDK/ODBC/170/Tools/Binn:/mnt/c/Program Files (x86)/Microsoft SQL Server/150/Tools/Binn:/mnt/c/Program Files/Microsoft SQL Server/150/Tools/Binn:/mnt/c/Program Files/Microsoft SQL Server/150/DTS/Binn:/mnt/c/Program Files (x86)/Windows Kits/8.1/Windows Performance Toolkit:/mnt/c/Program Files/dotnet:/mnt/c/Program Files (x86)/Windows Kits/10/Windows Performance Toolkit:/mnt/c/Program Files/Java/jdk-22/bin:/mnt/d/OpenCV/opencv/build/x64/vc16/bin:/mnt/c/Program Files (x86)/Microsoft SQL Server/90/Tools/binn:/mnt/c/Program Files (x86)/IVI Foundation/VISA/WinNT/Bin:/mnt/c/Program Files/IVI Foundation/VISA/Win64/Bin:/mnt/d/OpenCV/x86_64-12.2.0-release-win32-sjlj-rt_v10-rev0/mingw64/bin:/mnt/d/OpenCV/cmake-3.30.0-windows-x86_64/cmake-3.30.0-windows-x86_64/bin:/mnt/d/OpenCV/MinGW/bin:/mnt/c/Program Files/Git/cmd:/mnt/c/Program Files (x86)/wget:/mnt/d/Program Files/texlive/2024/bin/windows:/mnt/c/Program Files/OpenSSH/bin:/mnt/d/OpenCV/opencv/build/x64/vc16/bin:/mnt/d/OpenCV/MinGW/bin:/mnt/c/Users/26074/AppData/Local/Microsoft/WindowsApps:/mnt/c/Users/26074/AppData/Local/Microsoft/WinGet/Packages/Game1024.OpenSpeedy_Microsoft.Winget.Source_8wekyb3d8bbwe:/mnt/c/Users/26074/AppData/Local/Programs/Ollama:/mnt/c/Users/26074/AppData/Local/Programs/Microsoft VS Code/bin:/snap/bin):/mnt/c/Users/26074/AppData/Local/Programs/Microsoft VS Code/bin):/mnt/c/Users/26074/AppData/Local/Programs/Microsoft VS Code/bin'), ('XDG_RUNTIME_DIR', '/run/user/1000/'), ('DISPLAY', ':0'), ('LANG', 'C.UTF-8'), ('LS_COLORS', 'rs=0:di=01;34:ln=01;36:mh=00:pi=40;33:so=01;35:do=01;35:bd=40;33;01:cd=40;33;01:or=40;31;01:mi=00:su=37;41:sg=30;43:ca=30;41:tw=30;42:ow=34;42:st=37;44:ex=01;32:*.tar=01;31:*.tgz=01;31:*.arc=01;31:*.arj=01;31:*.taz=01;31:*.lha=01;31:*.lz4=01;31:*.lzh=01;31:*.lzma=01;31:*.tlz=01;31:*.txz=01;31:*.tzo=01;31:*.t7z=01;31:*.zip=01;31:*.z=01;31:*.dz=01;31:*.gz=01;31:*.lrz=01;31:*.lz=01;31:*.lzo=01;31:*.xz=01;31:*.zst=01;31:*.tzst=01;31:*.bz2=01;31:*.bz=01;31:*.tbz=01;31:*.tbz2=01;31:*.tz=01;31:*.deb=01;31:*.rpm=01;31:*.jar=01;31:*.war=01;31:*.ear=01;31:*.sar=01;31:*.rar=01;31:*.alz=01;31:*.ace=01;31:*.zoo=01;31:*.cpio=01;31:*.7z=01;31:*.rz=01;31:*.cab=01;31:*.wim=01;31:*.swm=01;31:*.dwm=01;31:*.esd=01;31:*.jpg=01;35:*.jpeg=01;35:*.mjpg=01;35:*.mjpeg=01;35:*.gif=01;35:*.bmp=01;35:*.pbm=01;35:*.pgm=01;35:*.ppm=01;35:*.tga=01;35:*.xbm=01;35:*.xpm=01;35:*.tif=01;35:*.tiff=01;35:*.png=01;35:*.svg=01;35:*.svgz=01;35:*.mng=01;35:*.pcx=01;35:*.mov=01;35:*.mpg=01;35:*.mpeg=01;35:*.m2v=01;35:*.mkv=01;35:*.webm=01;35:*.webp=01;35:*.ogm=01;35:*.mp4=01;35:*.m4v=01;35:*.mp4v=01;35:*.vob=01;35:*.qt=01;35:*.nuv=01;35:*.wmv=01;35:*.asf=01;35:*.rm=01;35:*.rmvb=01;35:*.flc=01;35:*.avi=01;35:*.fli=01;35:*.flv=01;35:*.gl=01;35:*.dl=01;35:*.xcf=01;35:*.xwd=01;35:*.yuv=01;35:*.cgm=01;35:*.emf=01;35:*.ogv=01;35:*.ogx=01;35:*.aac=00;36:*.au=00;36:*.flac=00;36:*.m4a=00;36:*.mid=00;36:*.midi=00;36:*.mka=00;36:*.mp3=00;36:*.mpc=00;36:*.ogg=00;36:*.ra=00;36:*.wav=00;36:*.oga=00;36:*.opus=00;36:*.spx=00;36:*.xspf=00;36:'), ('VSCODE_GIT_IPC_HANDLE', '/run/user/1000/vscode-git-1a22f3f7b8.sock'), ('TERM_PROGRAM', 'vscode'), ('AMENT_PREFIX_PATH', '/opt/ros/humble'), ('CONDA_PYTHON_EXE', '/home/zsj/tools/miniconda3/bin/python'), ('SHELL', '/bin/bash'), ('LESSCLOSE', '/usr/bin/lesspipe %s %s'), ('CONDA_DEFAULT_ENV', 'base'), ('_CONDA_EXE', '/home/zsj/tools/miniconda3/bin/conda'), ('VSCODE_GIT_ASKPASS_EXTRA_ARGS', ''), ('PWD', '/home/zsj/WorkSpace/ORB2_SLAM/ORB_SLAM2_ROS2/build/orb_slam2_stereo'), ('CONDA_EXE', '/home/zsj/tools/miniconda3/bin/conda'), ('XDG_DATA_DIRS', '/usr/local/share:/usr/share:/var/lib/snapd/desktop'), ('PYTHONPATH', '/opt/ros/humble/lib/python3.10/site-packages:/opt/ros/humble/local/lib/python3.10/dist-packages'), ('CONDA_PREFIX', '/home/zsj/tools/miniconda3'), ('COLCON', '1'), ('WSL2_GUI_APPS_ENABLED', '1'), ('HOSTTYPE', 'x86_64'), ('WSLENV', 'VSCODE_WSL_EXT_LOCATION/up:VSCODE_SERVER_TAR/up'), ('CMAKE_PREFIX_PATH', '/opt/ros/humble')]), 'shell': False}
[0.087828] (orb_slam2_stereo) StdoutLine: {'line': b'\x1b[35m\x1b[1mConsolidate compiler generated dependencies of target g2o\x1b[0m\n'}
[0.089829] (orb_slam2_stereo) StdoutLine: {'line': b'[ 11%] Built target DBoW2\n'}
[0.099256] (-) TimerEvent: {}
[0.143655] (orb_slam2_stereo) StdoutLine: {'line': b'[ 62%] Built target g2o\n'}
[0.159040] (orb_slam2_stereo) StdoutLine: {'line': b'\x1b[35m\x1b[1mConsolidate compiler generated dependencies of target orb_slam2_core\x1b[0m\n'}
[0.179469] (orb_slam2_stereo) StdoutLine: {'line': b'[ 66%] \x1b[32mBuilding CXX object CMakeFiles/orb_slam2_core.dir/src/ORB_SLAM2/FrameDrawer.cc.o\x1b[0m\n'}
[0.180651] (orb_slam2_stereo) StdoutLine: {'line': b'[ 66%] \x1b[32mBuilding CXX object CMakeFiles/orb_slam2_core.dir/src/ORB_SLAM2/Frame.cc.o\x1b[0m\n'}
[0.185915] (orb_slam2_stereo) StdoutLine: {'line': b'[ 69%] \x1b[32mBuilding CXX object CMakeFiles/orb_slam2_core.dir/src/ORB_SLAM2/Initializer.cc.o\x1b[0m\n'}
[0.188357] (orb_slam2_stereo) StdoutLine: {'line': b'[ 69%] \x1b[32mBuilding CXX object CMakeFiles/orb_slam2_core.dir/src/ORB_SLAM2/KeyFrame.cc.o\x1b[0m\n'}
[0.191891] (orb_slam2_stereo) StdoutLine: {'line': b'[ 71%] \x1b[32mBuilding CXX object CMakeFiles/orb_slam2_core.dir/src/ORB_SLAM2/KeyFrameDatabase.cc.o\x1b[0m\n'}
[0.204369] (orb_slam2_stereo) StdoutLine: {'line': b'[ 72%] \x1b[32mBuilding CXX object CMakeFiles/orb_slam2_core.dir/src/ORB_SLAM2/Sim3Solver.cc.o\x1b[0m\n'}
[0.205186] (-) TimerEvent: {}
[0.205629] (orb_slam2_stereo) StdoutLine: {'line': b'[ 74%] \x1b[32mBuilding CXX object CMakeFiles/orb_slam2_core.dir/src/ORB_SLAM2/LoopClosing.cc.o\x1b[0m\n'}
[0.205899] (orb_slam2_stereo) StdoutLine: {'line': b'[ 77%] \x1b[32mBuilding CXX object CMakeFiles/orb_slam2_core.dir/src/ORB_SLAM2/ORBmatcher.cc.o\x1b[0m\n'}
[0.206013] (orb_slam2_stereo) StdoutLine: {'line': b'[ 77%] \x1b[32mBuilding CXX object CMakeFiles/orb_slam2_core.dir/src/ORB_SLAM2/LocalMapping.cc.o\x1b[0m\n'}
[0.206114] (orb_slam2_stereo) StdoutLine: {'line': b'[ 79%] \x1b[32mBuilding CXX object CMakeFiles/orb_slam2_core.dir/src/ORB_SLAM2/Map.cc.o\x1b[0m\n'}
[0.206221] (orb_slam2_stereo) StdoutLine: {'line': b'[ 81%] \x1b[32mBuilding CXX object CMakeFiles/orb_slam2_core.dir/src/ORB_SLAM2/MapPoint.cc.o\x1b[0m\n'}
[0.215717] (orb_slam2_stereo) StdoutLine: {'line': b'[ 83%] \x1b[32mBuilding CXX object CMakeFiles/orb_slam2_core.dir/src/ORB_SLAM2/Optimizer.cc.o\x1b[0m\n'}
[0.216064] (orb_slam2_stereo) StdoutLine: {'line': b'[ 84%] \x1b[32mBuilding CXX object CMakeFiles/orb_slam2_core.dir/src/ORB_SLAM2/MapDrawer.cc.o\x1b[0m\n'}
[0.220802] (orb_slam2_stereo) StdoutLine: {'line': b'[ 86%] \x1b[32mBuilding CXX object CMakeFiles/orb_slam2_core.dir/src/ORB_SLAM2/PnPsolver.cc.o\x1b[0m\n'}
[0.229434] (orb_slam2_stereo) StdoutLine: {'line': b'[ 88%] \x1b[32mBuilding CXX object CMakeFiles/orb_slam2_core.dir/src/ORB_SLAM2/Tracking.cc.o\x1b[0m\n'}
[0.234228] (orb_slam2_stereo) StdoutLine: {'line': b'[ 89%] \x1b[32mBuilding CXX object CMakeFiles/orb_slam2_core.dir/src/ORB_SLAM2/System.cc.o\x1b[0m\n'}
[0.248455] (orb_slam2_stereo) StdoutLine: {'line': b'[ 91%] \x1b[32mBuilding CXX object CMakeFiles/orb_slam2_core.dir/src/ORB_SLAM2/Viewer.cc.o\x1b[0m\n'}
[0.309340] (-) TimerEvent: {}
[0.410280] (-) TimerEvent: {}
[0.511030] (-) TimerEvent: {}
[0.616055] (-) TimerEvent: {}
[0.717254] (-) TimerEvent: {}
[0.818433] (-) TimerEvent: {}
[0.846503] (orb_slam2_stereo) StderrLine: {'line': b'\x1b[01m\x1b[K/home/zsj/WorkSpace/ORB2_SLAM/ORB_SLAM2_ROS2/src/orb_slam_stero/src/ORB_SLAM2/Sim3Solver.cc:31:10:\x1b[m\x1b[K \x1b[01;31m\x1b[Kfatal error: \x1b[m\x1b[KThirdparty/DBoW2/DUtils/Random.h: No such file or directory\n'}
[0.848058] (orb_slam2_stereo) StderrLine: {'line': b'   31 | #include \x1b[01;31m\x1b[K"Thirdparty/DBoW2/DUtils/Random.h"\x1b[m\x1b[K\n'}
[0.848242] (orb_slam2_stereo) StderrLine: {'line': b'      |          \x1b[01;31m\x1b[K^~~~~~~~~~~~~~~~~~~~~~~~~~~~~~~~~~\x1b[m\x1b[K\n'}
[0.848352] (orb_slam2_stereo) StderrLine: {'line': b'compilation terminated.\n'}
[0.864213] (orb_slam2_stereo) StderrLine: {'line': b'gmake[2]: *** [CMakeFiles/orb_slam2_core.dir/build.make:286: CMakeFiles/orb_slam2_core.dir/src/ORB_SLAM2/Sim3Solver.cc.o] Error 1\n'}
[0.864769] (orb_slam2_stereo) StderrLine: {'line': b'gmake[2]: *** Waiting for unfinished jobs....\n'}
[0.898050] (orb_slam2_stereo) StderrLine: {'line': b'\x1b[01m\x1b[K/home/zsj/WorkSpace/ORB2_SLAM/ORB_SLAM2_ROS2/src/orb_slam_stero/src/ORB_SLAM2/Initializer.cc:23:10:\x1b[m\x1b[K \x1b[01;31m\x1b[Kfatal error: \x1b[m\x1b[KThirdparty/DBoW2/DUtils/Random.h: No such file or directory\n'}
[0.898381] (orb_slam2_stereo) StderrLine: {'line': b'   23 | #include \x1b[01;31m\x1b[K"Thirdparty/DBoW2/DUtils/Random.h"\x1b[m\x1b[K\n'}
[0.898502] (orb_slam2_stereo) StderrLine: {'line': b'      |          \x1b[01;31m\x1b[K^~~~~~~~~~~~~~~~~~~~~~~~~~~~~~~~~~\x1b[m\x1b[K\n'}
[0.898602] (orb_slam2_stereo) StderrLine: {'line': b'compilation terminated.\n'}
[0.911885] (orb_slam2_stereo) StderrLine: {'line': b'gmake[2]: *** [CMakeFiles/orb_slam2_core.dir/build.make:118: CMakeFiles/orb_slam2_core.dir/src/ORB_SLAM2/Initializer.cc.o] Error 1\n'}
[0.919119] (-) TimerEvent: {}
[0.923955] (orb_slam2_stereo) StderrLine: {'line': b'\x1b[01m\x1b[K/home/zsj/WorkSpace/ORB2_SLAM/ORB_SLAM2_ROS2/src/orb_slam_stero/src/ORB_SLAM2/ORBmatcher.cc:28:10:\x1b[m\x1b[K \x1b[01;31m\x1b[Kfatal error: \x1b[m\x1b[KThirdparty/DBoW2/DBoW2/FeatureVector.h: No such file or directory\n'}
[0.924277] (orb_slam2_stereo) StderrLine: {'line': b'   28 | #include \x1b[01;31m\x1b[K"Thirdparty/DBoW2/DBoW2/FeatureVector.h"\x1b[m\x1b[K\n'}
[0.924435] (orb_slam2_stereo) StderrLine: {'line': b'      |          \x1b[01;31m\x1b[K^~~~~~~~~~~~~~~~~~~~~~~~~~~~~~~~~~~~~~~~\x1b[m\x1b[K\n'}
[0.926673] (orb_slam2_stereo) StderrLine: {'line': b'compilation terminated.\n'}
[0.933021] (orb_slam2_stereo) StderrLine: {'line': b'\x1b[01m\x1b[K/home/zsj/WorkSpace/ORB2_SLAM/ORB_SLAM2_ROS2/src/orb_slam_stero/src/ORB_SLAM2/KeyFrameDatabase.cc:24:10:\x1b[m\x1b[K \x1b[01;31m\x1b[Kfatal error: \x1b[m\x1b[KThirdparty/DBoW2/DBoW2/BowVector.h: No such file or directory\n'}
[0.933317] (orb_slam2_stereo) StderrLine: {'line': b'   24 | #include \x1b[01;31m\x1b[K"Thirdparty/DBoW2/DBoW2/BowVector.h"\x1b[m\x1b[K\n'}
[0.933429] (orb_slam2_stereo) StderrLine: {'line': b'      |          \x1b[01;31m\x1b[K^~~~~~~~~~~~~~~~~~~~~~~~~~~~~~~~~~~~\x1b[m\x1b[K\n'}
[0.933494] (orb_slam2_stereo) StderrLine: {'line': b'compilation terminated.\n'}
[0.938972] (orb_slam2_stereo) StderrLine: {'line': b'gmake[2]: *** [CMakeFiles/orb_slam2_core.dir/build.make:244: CMakeFiles/orb_slam2_core.dir/src/ORB_SLAM2/ORBmatcher.cc.o] Error 1\n'}
[0.941325] (orb_slam2_stereo) StderrLine: {'line': b'gmake[2]: *** [CMakeFiles/orb_slam2_core.dir/build.make:146: CMakeFiles/orb_slam2_core.dir/src/ORB_SLAM2/KeyFrameDatabase.cc.o] Error 1\n'}
[0.952376] (orb_slam2_stereo) StderrLine: {'line': b'\x1b[01m\x1b[K/home/zsj/WorkSpace/ORB2_SLAM/ORB_SLAM2_ROS2/src/orb_slam_stero/src/ORB_SLAM2/PnPsolver.cc:58:10:\x1b[m\x1b[K \x1b[01;31m\x1b[Kfatal error: \x1b[m\x1b[KThirdparty/DBoW2/DUtils/Random.h: No such file or directory\n'}
[0.952731] (orb_slam2_stereo) StderrLine: {'line': b'   58 | #include \x1b[01;31m\x1b[K"Thirdparty/DBoW2/DUtils/Random.h"\x1b[m\x1b[K\n'}
[0.952851] (orb_slam2_stereo) StderrLine: {'line': b'      |          \x1b[01;31m\x1b[K^~~~~~~~~~~~~~~~~~~~~~~~~~~~~~~~~~\x1b[m\x1b[K\n'}
[0.952931] (orb_slam2_stereo) StderrLine: {'line': b'compilation terminated.\n'}
[0.959921] (orb_slam2_stereo) StderrLine: {'line': b'gmake[2]: *** [CMakeFiles/orb_slam2_core.dir/build.make:272: CMakeFiles/orb_slam2_core.dir/src/ORB_SLAM2/PnPsolver.cc.o] Error 1\n'}
[0.962809] (orb_slam2_stereo) StderrLine: {'line': b'In file included from \x1b[01m\x1b[K/home/zsj/WorkSpace/ORB2_SLAM/ORB_SLAM2_ROS2/src/orb_slam_stero/include/ORB_SLAM2/LocalMapping.h:26\x1b[m\x1b[K,\n'}
[0.963165] (orb_slam2_stereo) StderrLine: {'line': b'                 from \x1b[01m\x1b[K/home/zsj/WorkSpace/ORB2_SLAM/ORB_SLAM2_ROS2/src/orb_slam_stero/include/ORB_SLAM2/Tracking.h:31\x1b[m\x1b[K,\n'}
[0.963250] (orb_slam2_stereo) StderrLine: {'line': b'                 from \x1b[01m\x1b[K/home/zsj/WorkSpace/ORB2_SLAM/ORB_SLAM2_ROS2/src/orb_slam_stero/include/ORB_SLAM2/FrameDrawer.h:24\x1b[m\x1b[K,\n'}
[0.963318] (orb_slam2_stereo) StderrLine: {'line': b'                 from \x1b[01m\x1b[K/home/zsj/WorkSpace/ORB2_SLAM/ORB_SLAM2_ROS2/src/orb_slam_stero/include/ORB_SLAM2/Viewer.h:25\x1b[m\x1b[K,\n'}
[0.963381] (orb_slam2_stereo) StderrLine: {'line': b'                 from \x1b[01m\x1b[K/home/zsj/WorkSpace/ORB2_SLAM/ORB_SLAM2_ROS2/src/orb_slam_stero/src/ORB_SLAM2/Viewer.cc:21\x1b[m\x1b[K:\n'}
[0.963441] (orb_slam2_stereo) StderrLine: {'line': b'\x1b[01m\x1b[K/home/zsj/WorkSpace/ORB2_SLAM/ORB_SLAM2_ROS2/src/orb_slam_stero/include/ORB_SLAM2/LoopClosing.h:34:10:\x1b[m\x1b[K \x1b[01;31m\x1b[Kfatal error: \x1b[m\x1b[KThirdparty/g2o/g2o/types/types_seven_dof_expmap.h: No such file or directory\n'}
[0.963504] (orb_slam2_stereo) StderrLine: {'line': b'   34 | #include \x1b[01;31m\x1b[K"Thirdparty/g2o/g2o/types/types_seven_dof_expmap.h"\x1b[m\x1b[K\n'}
[0.963592] (orb_slam2_stereo) StderrLine: {'line': b'      |          \x1b[01;31m\x1b[K^~~~~~~~~~~~~~~~~~~~~~~~~~~~~~~~~~~~~~~~~~~~~~~~~~~\x1b[m\x1b[K\n'}
[0.963649] (orb_slam2_stereo) StderrLine: {'line': b'compilation terminated.\n'}
[0.970841] (orb_slam2_stereo) StderrLine: {'line': b'gmake[2]: *** [CMakeFiles/orb_slam2_core.dir/build.make:328: CMakeFiles/orb_slam2_core.dir/src/ORB_SLAM2/Viewer.cc.o] Error 1\n'}
[1.019584] (-) TimerEvent: {}
[1.120507] (-) TimerEvent: {}
[1.221136] (-) TimerEvent: {}
[1.323519] (-) TimerEvent: {}
[1.424767] (-) TimerEvent: {}
[1.439861] (orb_slam2_stereo) StderrLine: {'line': b'In file included from \x1b[01m\x1b[K/home/zsj/WorkSpace/ORB2_SLAM/ORB_SLAM2_ROS2/src/orb_slam_stero/include/ORB_SLAM2/LocalMapping.h:26\x1b[m\x1b[K,\n'}
[1.440173] (orb_slam2_stereo) StderrLine: {'line': b'                 from \x1b[01m\x1b[K/home/zsj/WorkSpace/ORB2_SLAM/ORB_SLAM2_ROS2/src/orb_slam_stero/include/ORB_SLAM2/Tracking.h:31\x1b[m\x1b[K,\n'}
[1.440251] (orb_slam2_stereo) StderrLine: {'line': b'                 from \x1b[01m\x1b[K/home/zsj/WorkSpace/ORB2_SLAM/ORB_SLAM2_ROS2/src/orb_slam_stero/include/ORB_SLAM2/System.h:29\x1b[m\x1b[K,\n'}
[1.440379] (orb_slam2_stereo) StderrLine: {'line': b'                 from \x1b[01m\x1b[K/home/zsj/WorkSpace/ORB2_SLAM/ORB_SLAM2_ROS2/src/orb_slam_stero/src/ORB_SLAM2/System.cc:23\x1b[m\x1b[K:\n'}
[1.440448] (orb_slam2_stereo) StderrLine: {'line': b'\x1b[01m\x1b[K/home/zsj/WorkSpace/ORB2_SLAM/ORB_SLAM2_ROS2/src/orb_slam_stero/include/ORB_SLAM2/LoopClosing.h:34:10:\x1b[m\x1b[K \x1b[01;31m\x1b[Kfatal error: \x1b[m\x1b[KThirdparty/g2o/g2o/types/types_seven_dof_expmap.h: No such file or directory\n'}
[1.440513] (orb_slam2_stereo) StderrLine: {'line': b'   34 | #include \x1b[01;31m\x1b[K"Thirdparty/g2o/g2o/types/types_seven_dof_expmap.h"\x1b[m\x1b[K\n'}
[1.440571] (orb_slam2_stereo) StderrLine: {'line': b'      |          \x1b[01;31m\x1b[K^~~~~~~~~~~~~~~~~~~~~~~~~~~~~~~~~~~~~~~~~~~~~~~~~~~\x1b[m\x1b[K\n'}
[1.445321] (orb_slam2_stereo) StderrLine: {'line': b'compilation terminated.\n'}
[1.445667] (orb_slam2_stereo) StderrLine: {'line': b'In file included from \x1b[01m\x1b[K/home/zsj/WorkSpace/ORB2_SLAM/ORB_SLAM2_ROS2/src/orb_slam_stero/include/ORB_SLAM2/LocalMapping.h:26\x1b[m\x1b[K,\n'}
[1.445772] (orb_slam2_stereo) StderrLine: {'line': b'                 from \x1b[01m\x1b[K/home/zsj/WorkSpace/ORB2_SLAM/ORB_SLAM2_ROS2/src/orb_slam_stero/src/ORB_SLAM2/LocalMapping.cc:21\x1b[m\x1b[K:\n'}
[1.445853] (orb_slam2_stereo) StderrLine: {'line': b'\x1b[01m\x1b[K/home/zsj/WorkSpace/ORB2_SLAM/ORB_SLAM2_ROS2/src/orb_slam_stero/include/ORB_SLAM2/LoopClosing.h:34:10:\x1b[m\x1b[K \x1b[01;31m\x1b[Kfatal error: \x1b[m\x1b[KThirdparty/g2o/g2o/types/types_seven_dof_expmap.h: No such file or directory\n'}
[1.445995] (orb_slam2_stereo) StderrLine: {'line': b'   34 | #include \x1b[01;31m\x1b[K"Thirdparty/g2o/g2o/types/types_seven_dof_expmap.h"\x1b[m\x1b[K\n'}
[1.446086] (orb_slam2_stereo) StderrLine: {'line': b'      |          \x1b[01;31m\x1b[K^~~~~~~~~~~~~~~~~~~~~~~~~~~~~~~~~~~~~~~~~~~~~~~~~~~\x1b[m\x1b[K\n'}
[1.446159] (orb_slam2_stereo) StderrLine: {'line': b'compilation terminated.\n'}
[1.446229] (orb_slam2_stereo) StderrLine: {'line': b'In file included from \x1b[01m\x1b[K/home/zsj/WorkSpace/ORB2_SLAM/ORB_SLAM2_ROS2/src/orb_slam_stero/include/ORB_SLAM2/Optimizer.h:27\x1b[m\x1b[K,\n'}
[1.446316] (orb_slam2_stereo) StderrLine: {'line': b'                 from \x1b[01m\x1b[K/home/zsj/WorkSpace/ORB2_SLAM/ORB_SLAM2_ROS2/src/orb_slam_stero/src/ORB_SLAM2/Optimizer.cc:21\x1b[m\x1b[K:\n'}
[1.446386] (orb_slam2_stereo) StderrLine: {'line': b'\x1b[01m\x1b[K/home/zsj/WorkSpace/ORB2_SLAM/ORB_SLAM2_ROS2/src/orb_slam_stero/include/ORB_SLAM2/LoopClosing.h:34:10:\x1b[m\x1b[K \x1b[01;31m\x1b[Kfatal error: \x1b[m\x1b[KThirdparty/g2o/g2o/types/types_seven_dof_expmap.h: No such file or directory\n'}
[1.446454] (orb_slam2_stereo) StderrLine: {'line': b'   34 | #include \x1b[01;31m\x1b[K"Thirdparty/g2o/g2o/types/types_seven_dof_expmap.h"\x1b[m\x1b[K\n'}
[1.446528] (orb_slam2_stereo) StderrLine: {'line': b'      |          \x1b[01;31m\x1b[K^~~~~~~~~~~~~~~~~~~~~~~~~~~~~~~~~~~~~~~~~~~~~~~~~~~\x1b[m\x1b[K\n'}
[1.446593] (orb_slam2_stereo) StderrLine: {'line': b'compilation terminated.\n'}
[1.456510] (orb_slam2_stereo) StderrLine: {'line': b'gmake[2]: *** [CMakeFiles/orb_slam2_core.dir/build.make:300: CMakeFiles/orb_slam2_core.dir/src/ORB_SLAM2/System.cc.o] Error 1\n'}
[1.457917] (orb_slam2_stereo) StderrLine: {'line': b'gmake[2]: *** [CMakeFiles/orb_slam2_core.dir/build.make:160: CMakeFiles/orb_slam2_core.dir/src/ORB_SLAM2/LocalMapping.cc.o] Error 1\n'}
[1.458347] (orb_slam2_stereo) StderrLine: {'line': b'gmake[2]: *** [CMakeFiles/orb_slam2_core.dir/build.make:258: CMakeFiles/orb_slam2_core.dir/src/ORB_SLAM2/Optimizer.cc.o] Error 1\n'}
[1.463987] (orb_slam2_stereo) StderrLine: {'line': b'In file included from \x1b[01m\x1b[K/home/zsj/WorkSpace/ORB2_SLAM/ORB_SLAM2_ROS2/src/orb_slam_stero/include/ORB_SLAM2/LocalMapping.h:26\x1b[m\x1b[K,\n'}
[1.464396] (orb_slam2_stereo) StderrLine: {'line': b'                 from \x1b[01m\x1b[K/home/zsj/WorkSpace/ORB2_SLAM/ORB_SLAM2_ROS2/src/orb_slam_stero/include/ORB_SLAM2/System.h:33\x1b[m\x1b[K,\n'}
[1.464539] (orb_slam2_stereo) StderrLine: {'line': b'                 from \x1b[01m\x1b[K/home/zsj/WorkSpace/ORB2_SLAM/ORB_SLAM2_ROS2/src/orb_slam_stero/include/ORB_SLAM2/Viewer.h:28\x1b[m\x1b[K,\n'}
[1.464625] (orb_slam2_stereo) StderrLine: {'line': b'                 from \x1b[01m\x1b[K/home/zsj/WorkSpace/ORB2_SLAM/ORB_SLAM2_ROS2/src/orb_slam_stero/include/ORB_SLAM2/Tracking.h:28\x1b[m\x1b[K,\n'}
[1.464698] (orb_slam2_stereo) StderrLine: {'line': b'                 from \x1b[01m\x1b[K/home/zsj/WorkSpace/ORB2_SLAM/ORB_SLAM2_ROS2/src/orb_slam_stero/include/ORB_SLAM2/FrameDrawer.h:24\x1b[m\x1b[K,\n'}
[1.464766] (orb_slam2_stereo) StderrLine: {'line': b'                 from \x1b[01m\x1b[K/home/zsj/WorkSpace/ORB2_SLAM/ORB_SLAM2_ROS2/src/orb_slam_stero/src/ORB_SLAM2/FrameDrawer.cc:21\x1b[m\x1b[K:\n'}
[1.464835] (orb_slam2_stereo) StderrLine: {'line': b'\x1b[01m\x1b[K/home/zsj/WorkSpace/ORB2_SLAM/ORB_SLAM2_ROS2/src/orb_slam_stero/include/ORB_SLAM2/LoopClosing.h:34:10:\x1b[m\x1b[K \x1b[01;31m\x1b[Kfatal error: \x1b[m\x1b[KThirdparty/g2o/g2o/types/types_seven_dof_expmap.h: No such file or directory\n'}
[1.464904] (orb_slam2_stereo) StderrLine: {'line': b'   34 | #include \x1b[01;31m\x1b[K"Thirdparty/g2o/g2o/types/types_seven_dof_expmap.h"\x1b[m\x1b[K\n'}
[1.464972] (orb_slam2_stereo) StderrLine: {'line': b'      |          \x1b[01;31m\x1b[K^~~~~~~~~~~~~~~~~~~~~~~~~~~~~~~~~~~~~~~~~~~~~~~~~~~\x1b[m\x1b[K\n'}
[1.465036] (orb_slam2_stereo) StderrLine: {'line': b'compilation terminated.\n'}
[1.473518] (orb_slam2_stereo) StderrLine: {'line': b'gmake[2]: *** [CMakeFiles/orb_slam2_core.dir/build.make:104: CMakeFiles/orb_slam2_core.dir/src/ORB_SLAM2/FrameDrawer.cc.o] Error 1\n'}
[1.525648] (-) TimerEvent: {}
[1.529947] (orb_slam2_stereo) StderrLine: {'line': b'In file included from \x1b[01m\x1b[K/home/zsj/WorkSpace/ORB2_SLAM/ORB_SLAM2_ROS2/src/orb_slam_stero/src/ORB_SLAM2/LoopClosing.cc:21\x1b[m\x1b[K:\n'}
[1.530317] (orb_slam2_stereo) StderrLine: {'line': b'\x1b[01m\x1b[K/home/zsj/WorkSpace/ORB2_SLAM/ORB_SLAM2_ROS2/src/orb_slam_stero/include/ORB_SLAM2/LoopClosing.h:34:10:\x1b[m\x1b[K \x1b[01;31m\x1b[Kfatal error: \x1b[m\x1b[KThirdparty/g2o/g2o/types/types_seven_dof_expmap.h: No such file or directory\n'}
[1.530442] (orb_slam2_stereo) StderrLine: {'line': b'   34 | #include \x1b[01;31m\x1b[K"Thirdparty/g2o/g2o/types/types_seven_dof_expmap.h"\x1b[m\x1b[K\n'}
[1.530534] (orb_slam2_stereo) StderrLine: {'line': b'      |          \x1b[01;31m\x1b[K^~~~~~~~~~~~~~~~~~~~~~~~~~~~~~~~~~~~~~~~~~~~~~~~~~~\x1b[m\x1b[K\n'}
[1.530666] (orb_slam2_stereo) StderrLine: {'line': b'compilation terminated.\n'}
[1.540112] (orb_slam2_stereo) StderrLine: {'line': b'gmake[2]: *** [CMakeFiles/orb_slam2_core.dir/build.make:174: CMakeFiles/orb_slam2_core.dir/src/ORB_SLAM2/LoopClosing.cc.o] Error 1\n'}
[1.541353] (orb_slam2_stereo) StderrLine: {'line': b'In file included from \x1b[01m\x1b[K/home/zsj/WorkSpace/ORB2_SLAM/ORB_SLAM2_ROS2/src/orb_slam_stero/include/ORB_SLAM2/LocalMapping.h:26\x1b[m\x1b[K,\n'}
[1.541615] (orb_slam2_stereo) StderrLine: {'line': b'                 from \x1b[01m\x1b[K/home/zsj/WorkSpace/ORB2_SLAM/ORB_SLAM2_ROS2/src/orb_slam_stero/include/ORB_SLAM2/System.h:33\x1b[m\x1b[K,\n'}
[1.541712] (orb_slam2_stereo) StderrLine: {'line': b'                 from \x1b[01m\x1b[K/home/zsj/WorkSpace/ORB2_SLAM/ORB_SLAM2_ROS2/src/orb_slam_stero/include/ORB_SLAM2/Viewer.h:28\x1b[m\x1b[K,\n'}
[1.541791] (orb_slam2_stereo) StderrLine: {'line': b'                 from \x1b[01m\x1b[K/home/zsj/WorkSpace/ORB2_SLAM/ORB_SLAM2_ROS2/src/orb_slam_stero/include/ORB_SLAM2/Tracking.h:28\x1b[m\x1b[K,\n'}
[1.541861] (orb_slam2_stereo) StderrLine: {'line': b'                 from \x1b[01m\x1b[K/home/zsj/WorkSpace/ORB2_SLAM/ORB_SLAM2_ROS2/src/orb_slam_stero/src/ORB_SLAM2/Tracking.cc:22\x1b[m\x1b[K:\n'}
[1.541930] (orb_slam2_stereo) StderrLine: {'line': b'\x1b[01m\x1b[K/home/zsj/WorkSpace/ORB2_SLAM/ORB_SLAM2_ROS2/src/orb_slam_stero/include/ORB_SLAM2/LoopClosing.h:34:10:\x1b[m\x1b[K \x1b[01;31m\x1b[Kfatal error: \x1b[m\x1b[KThirdparty/g2o/g2o/types/types_seven_dof_expmap.h: No such file or directory\n'}
[1.542012] (orb_slam2_stereo) StderrLine: {'line': b'   34 | #include \x1b[01;31m\x1b[K"Thirdparty/g2o/g2o/types/types_seven_dof_expmap.h"\x1b[m\x1b[K\n'}
[1.542082] (orb_slam2_stereo) StderrLine: {'line': b'      |          \x1b[01;31m\x1b[K^~~~~~~~~~~~~~~~~~~~~~~~~~~~~~~~~~~~~~~~~~~~~~~~~~~\x1b[m\x1b[K\n'}
[1.542149] (orb_slam2_stereo) StderrLine: {'line': b'compilation terminated.\n'}
[1.552102] (orb_slam2_stereo) StderrLine: {'line': b'gmake[2]: *** [CMakeFiles/orb_slam2_core.dir/build.make:314: CMakeFiles/orb_slam2_core.dir/src/ORB_SLAM2/Tracking.cc.o] Error 1\n'}
[1.626551] (-) TimerEvent: {}
[1.728029] (-) TimerEvent: {}
[1.829525] (-) TimerEvent: {}
[1.931103] (-) TimerEvent: {}
[2.032753] (-) TimerEvent: {}
[2.134538] (-) TimerEvent: {}
[2.235890] (-) TimerEvent: {}
[2.337008] (-) TimerEvent: {}
[2.437864] (-) TimerEvent: {}
[2.539577] (-) TimerEvent: {}
[2.642397] (-) TimerEvent: {}
[2.744877] (-) TimerEvent: {}
[2.847663] (-) TimerEvent: {}
[2.950941] (-) TimerEvent: {}
[3.053958] (-) TimerEvent: {}
[3.156441] (-) TimerEvent: {}
[3.257190] (-) TimerEvent: {}
[3.358136] (-) TimerEvent: {}
[3.459169] (-) TimerEvent: {}
[3.562038] (-) TimerEvent: {}
[3.665057] (-) TimerEvent: {}
[3.767963] (-) TimerEvent: {}
[3.870692] (-) TimerEvent: {}
[3.973975] (-) TimerEvent: {}
[4.075647] (-) TimerEvent: {}
[4.179248] (-) TimerEvent: {}
[4.284102] (-) TimerEvent: {}
[4.385151] (-) TimerEvent: {}
[4.486048] (-) TimerEvent: {}
[4.590957] (-) TimerEvent: {}
[4.693273] (-) TimerEvent: {}
[4.798320] (-) TimerEvent: {}
[4.902295] (-) TimerEvent: {}
[5.005063] (-) TimerEvent: {}
[5.107968] (-) TimerEvent: {}
[5.212537] (-) TimerEvent: {}
[5.317325] (-) TimerEvent: {}
[5.422294] (-) TimerEvent: {}
[5.523051] (-) TimerEvent: {}
[5.628036] (-) TimerEvent: {}
[5.729088] (-) TimerEvent: {}
[5.831412] (-) TimerEvent: {}
[5.934873] (-) TimerEvent: {}
[6.036181] (-) TimerEvent: {}
[6.137767] (-) TimerEvent: {}
[6.242680] (-) TimerEvent: {}
[6.348290] (-) TimerEvent: {}
[6.453290] (-) TimerEvent: {}
[6.558493] (-) TimerEvent: {}
[6.663319] (-) TimerEvent: {}
[6.768018] (-) TimerEvent: {}
[6.872773] (-) TimerEvent: {}
[6.977736] (-) TimerEvent: {}
[7.082844] (-) TimerEvent: {}
[7.188032] (-) TimerEvent: {}
[7.292843] (-) TimerEvent: {}
[7.397508] (-) TimerEvent: {}
[7.498275] (-) TimerEvent: {}
[7.603453] (-) TimerEvent: {}
[7.708519] (-) TimerEvent: {}
[7.813400] (-) TimerEvent: {}
[7.918755] (-) TimerEvent: {}
[8.021194] (-) TimerEvent: {}
[8.122387] (-) TimerEvent: {}
[8.224661] (-) TimerEvent: {}
[8.329353] (-) TimerEvent: {}
[8.430536] (-) TimerEvent: {}
[8.531404] (-) TimerEvent: {}
[8.635895] (-) TimerEvent: {}
[8.740268] (-) TimerEvent: {}
[8.841134] (-) TimerEvent: {}
[8.943769] (-) TimerEvent: {}
[9.045546] (-) TimerEvent: {}
[9.148008] (-) TimerEvent: {}
[9.250229] (-) TimerEvent: {}
[9.352982] (-) TimerEvent: {}
[9.456571] (-) TimerEvent: {}
[9.558893] (-) TimerEvent: {}
[9.660919] (-) TimerEvent: {}
[9.763547] (-) TimerEvent: {}
[9.865897] (-) TimerEvent: {}
[9.968418] (-) TimerEvent: {}
[10.071066] (-) TimerEvent: {}
[10.173999] (-) TimerEvent: {}
[10.277124] (-) TimerEvent: {}
[10.377874] (-) TimerEvent: {}
[10.480740] (-) TimerEvent: {}
[10.584261] (-) TimerEvent: {}
[10.687859] (-) TimerEvent: {}
[10.790767] (-) TimerEvent: {}
[10.893382] (-) TimerEvent: {}
[10.996051] (-) TimerEvent: {}
[11.098781] (-) TimerEvent: {}
[11.201281] (-) TimerEvent: {}
[11.303719] (-) TimerEvent: {}
[11.406177] (-) TimerEvent: {}
[11.508410] (-) TimerEvent: {}
[11.611407] (-) TimerEvent: {}
[11.714203] (-) TimerEvent: {}
[11.816877] (-) TimerEvent: {}
[11.919345] (-) TimerEvent: {}
[12.021970] (-) TimerEvent: {}
[12.125368] (-) TimerEvent: {}
[12.228866] (-) TimerEvent: {}
[12.331632] (-) TimerEvent: {}
[12.434990] (-) TimerEvent: {}
[12.535894] (-) TimerEvent: {}
[12.636793] (-) TimerEvent: {}
[12.739924] (-) TimerEvent: {}
[12.842954] (-) TimerEvent: {}
[12.945301] (-) TimerEvent: {}
[13.049184] (-) TimerEvent: {}
[13.151778] (-) TimerEvent: {}
[13.252973] (-) TimerEvent: {}
[13.356320] (-) TimerEvent: {}
[13.459621] (-) TimerEvent: {}
[13.561324] (-) TimerEvent: {}
[13.662066] (-) TimerEvent: {}
[13.763545] (-) TimerEvent: {}
[13.872637] (-) TimerEvent: {}
[13.975695] (-) TimerEvent: {}
[14.084875] (-) TimerEvent: {}
[14.194284] (-) TimerEvent: {}
[14.303455] (-) TimerEvent: {}
[14.404593] (-) TimerEvent: {}
[14.508039] (-) TimerEvent: {}
[14.608827] (-) TimerEvent: {}
[14.711817] (-) TimerEvent: {}
[14.814562] (-) TimerEvent: {}
[14.915418] (-) TimerEvent: {}
[15.017526] (-) TimerEvent: {}
[15.120766] (-) TimerEvent: {}
[15.224021] (-) TimerEvent: {}
[15.327240] (-) TimerEvent: {}
[15.430424] (-) TimerEvent: {}
[15.531998] (-) TimerEvent: {}
[15.632899] (-) TimerEvent: {}
[15.737824] (-) TimerEvent: {}
[15.843574] (-) TimerEvent: {}
[15.952430] (-) TimerEvent: {}
[16.053504] (-) TimerEvent: {}
[16.154445] (-) TimerEvent: {}
[16.255702] (-) TimerEvent: {}
[16.362791] (-) TimerEvent: {}
[16.471492] (-) TimerEvent: {}
[16.573354] (-) TimerEvent: {}
[16.681744] (-) TimerEvent: {}
[16.786524] (-) TimerEvent: {}
[16.894958] (-) TimerEvent: {}
[17.003401] (-) TimerEvent: {}
[17.104810] (-) TimerEvent: {}
[17.150054] (orb_slam2_stereo) StderrLine: {'line': b'gmake[1]: *** [CMakeFiles/Makefile2:175: CMakeFiles/orb_slam2_core.dir/all] Error 2\n'}
[17.150462] (orb_slam2_stereo) StderrLine: {'line': b'gmake: *** [Makefile:146: all] Error 2\n'}
[17.155042] (orb_slam2_stereo) CommandEnded: {'returncode': 2}
[17.174555] (orb_slam2_stereo) JobEnded: {'identifier': 'orb_slam2_stereo', 'rc': 2}
[17.189340] (-) EventReactorShutdown: {}
