[0.021s] Invoking command in '/home/zsj/WorkSpace/ORB2_SLAM/ORB_SLAM2_ROS2/build/orb_slam2_stereo': CMAKE_PREFIX_PATH=/opt/ros/humble CONDA_PROMPT_MODIFIER=(base) /usr/bin/cmake --build /home/zsj/WorkSpace/ORB2_SLAM/ORB_SLAM2_ROS2/build/orb_slam2_stereo -- -j18 -l18
[0.112s] [ 11%] Built target DBoW2
[0.132s] [ 62%] Built target g2o
[0.163s] [35m[1mConsolidate compiler generated dependencies of target orb_slam2_core[0m
[0.222s] [ 64%] [32mBuilding CXX object CMakeFiles/orb_slam2_core.dir/src/ORB_SLAM2/LoopClosing.cc.o[0m
[0.225s] [ 66%] [32mBuilding CXX object CMakeFiles/orb_slam2_core.dir/src/ORB_SLAM2/PnPsolver.cc.o[0m
[0.236s] [ 67%] [32mBuilding CXX object CMakeFiles/orb_slam2_core.dir/src/ORB_SLAM2/Tracking.cc.o[0m
[6.979s] [01m[K/home/zsj/WorkSpace/ORB2_SLAM/ORB_SLAM2_ROS2/src/orb_slam_stero/src/ORB_SLAM2/LoopClosing.cc:[m[K In member function â€˜[01m[Kvoid ORB_SLAM2::LoopClosing::CorrectLoop()[m[Kâ€™:
[6.979s] [01m[K/home/zsj/WorkSpace/ORB2_SLAM/ORB_SLAM2_ROS2/src/orb_slam_stero/src/ORB_SLAM2/LoopClosing.cc:416:9:[m[K [01;31m[Kerror: [m[Kuse of an operand of type â€˜[01m[Kbool[m[Kâ€™ in â€˜[01m[Koperator++[m[Kâ€™ is forbidden in C++17
[6.979s]   416 |         [01;31m[KmnFullBAIdx[m[K++;
[6.979s]       |         [01;31m[K^~~~~~~~~~~[m[K
[7.084s] [01m[K/home/zsj/WorkSpace/ORB2_SLAM/ORB_SLAM2_ROS2/src/orb_slam_stero/src/ORB_SLAM2/Tracking.cc:[m[K In member function â€˜[01m[Kcv::Mat ORB_SLAM2::Tracking::GrabImageStereo(const cv::Mat&, const cv::Mat&, const double&)[m[Kâ€™:
[7.084s] [01m[K/home/zsj/WorkSpace/ORB2_SLAM/ORB_SLAM2_ROS2/src/orb_slam_stero/src/ORB_SLAM2/Tracking.cc:177:38:[m[K [01;31m[Kerror: [m[Kâ€˜[01m[KColor_RGB2GRAY[m[Kâ€™ was not declared in this scope
[7.084s]   177 |             cvtColor(mImGray,mImGray,[01;31m[KColor_RGB2GRAY[m[K);
[7.085s]       |                                      [01;31m[K^~~~~~~~~~~~~~[m[K
[7.147s] [01m[K/home/zsj/WorkSpace/ORB2_SLAM/ORB_SLAM2_ROS2/src/orb_slam_stero/src/ORB_SLAM2/Tracking.cc:182:38:[m[K [01;31m[Kerror: [m[Kâ€˜[01m[KColor_BGR2GRAY[m[Kâ€™ was not declared in this scope
[7.147s]   182 |             cvtColor(mImGray,mImGray,[01;31m[KColor_BGR2GRAY[m[K);
[7.148s]       |                                      [01;31m[K^~~~~~~~~~~~~~[m[K
[7.205s] [01m[K/home/zsj/WorkSpace/ORB2_SLAM/ORB_SLAM2_ROS2/src/orb_slam_stero/src/ORB_SLAM2/Tracking.cc:190:38:[m[K [01;31m[Kerror: [m[Kâ€˜[01m[KCV_RGBA2GRAY[m[Kâ€™ was not declared in this scope
[7.205s]   190 |             cvtColor(mImGray,mImGray,[01;31m[KCV_RGBA2GRAY[m[K);
[7.205s]       |                                      [01;31m[K^~~~~~~~~~~~[m[K
[7.273s] [01m[K/home/zsj/WorkSpace/ORB2_SLAM/ORB_SLAM2_ROS2/src/orb_slam_stero/src/ORB_SLAM2/Tracking.cc:195:38:[m[K [01;31m[Kerror: [m[Kâ€˜[01m[KColor_BGRA2GRAY[m[Kâ€™ was not declared in this scope
[7.273s]   195 |             cvtColor(mImGray,mImGray,[01;31m[KColor_BGRA2GRAY[m[K);
[7.273s]       |                                      [01;31m[K^~~~~~~~~~~~~~~[m[K
[7.338s] [01m[K/home/zsj/WorkSpace/ORB2_SLAM/ORB_SLAM2_ROS2/src/orb_slam_stero/src/ORB_SLAM2/Tracking.cc:[m[K In member function â€˜[01m[Kcv::Mat ORB_SLAM2::Tracking::GrabImageRGBD(const cv::Mat&, const cv::Mat&, const double&)[m[Kâ€™:
[7.339s] [01m[K/home/zsj/WorkSpace/ORB2_SLAM/ORB_SLAM2_ROS2/src/orb_slam_stero/src/ORB_SLAM2/Tracking.cc:216:38:[m[K [01;31m[Kerror: [m[Kâ€˜[01m[KColor_RGB2GRAY[m[Kâ€™ was not declared in this scope
[7.339s]   216 |             cvtColor(mImGray,mImGray,[01;31m[KColor_RGB2GRAY[m[K);
[7.339s]       |                                      [01;31m[K^~~~~~~~~~~~~~[m[K
[7.394s] [01m[K/home/zsj/WorkSpace/ORB2_SLAM/ORB_SLAM2_ROS2/src/orb_slam_stero/src/ORB_SLAM2/Tracking.cc:218:38:[m[K [01;31m[Kerror: [m[Kâ€˜[01m[KColor_BGR2GRAY[m[Kâ€™ was not declared in this scope
[7.394s]   218 |             cvtColor(mImGray,mImGray,[01;31m[KColor_BGR2GRAY[m[K);
[7.394s]       |                                      [01;31m[K^~~~~~~~~~~~~~[m[K
[7.447s] [01m[K/home/zsj/WorkSpace/ORB2_SLAM/ORB_SLAM2_ROS2/src/orb_slam_stero/src/ORB_SLAM2/Tracking.cc:223:38:[m[K [01;31m[Kerror: [m[Kâ€˜[01m[KCV_RGBA2GRAY[m[Kâ€™ was not declared in this scope
[7.448s]   223 |             cvtColor(mImGray,mImGray,[01;31m[KCV_RGBA2GRAY[m[K);
[7.448s]       |                                      [01;31m[K^~~~~~~~~~~~[m[K
[7.515s] [01m[K/home/zsj/WorkSpace/ORB2_SLAM/ORB_SLAM2_ROS2/src/orb_slam_stero/src/ORB_SLAM2/Tracking.cc:225:38:[m[K [01;31m[Kerror: [m[Kâ€˜[01m[KColor_BGRA2GRAY[m[Kâ€™ was not declared in this scope
[7.516s]   225 |             cvtColor(mImGray,mImGray,[01;31m[KColor_BGRA2GRAY[m[K);
[7.516s]       |                                      [01;31m[K^~~~~~~~~~~~~~~[m[K
[7.583s] [01m[K/home/zsj/WorkSpace/ORB2_SLAM/ORB_SLAM2_ROS2/src/orb_slam_stero/src/ORB_SLAM2/Tracking.cc:[m[K In member function â€˜[01m[Kcv::Mat ORB_SLAM2::Tracking::GrabImageMonocular(const cv::Mat&, const double&)[m[Kâ€™:
[7.583s] [01m[K/home/zsj/WorkSpace/ORB2_SLAM/ORB_SLAM2_ROS2/src/orb_slam_stero/src/ORB_SLAM2/Tracking.cc:246:38:[m[K [01;31m[Kerror: [m[Kâ€˜[01m[KColor_RGB2GRAY[m[Kâ€™ was not declared in this scope
[7.583s]   246 |             cvtColor(mImGray,mImGray,[01;31m[KColor_RGB2GRAY[m[K);
[7.583s]       |                                      [01;31m[K^~~~~~~~~~~~~~[m[K
[7.655s] [01m[K/home/zsj/WorkSpace/ORB2_SLAM/ORB_SLAM2_ROS2/src/orb_slam_stero/src/ORB_SLAM2/Tracking.cc:248:38:[m[K [01;31m[Kerror: [m[Kâ€˜[01m[KColor_BGR2GRAY[m[Kâ€™ was not declared in this scope
[7.655s]   248 |             cvtColor(mImGray,mImGray,[01;31m[KColor_BGR2GRAY[m[K);
[7.655s]       |                                      [01;31m[K^~~~~~~~~~~~~~[m[K
[7.699s] [01m[K/home/zsj/WorkSpace/ORB2_SLAM/ORB_SLAM2_ROS2/src/orb_slam_stero/src/ORB_SLAM2/Tracking.cc:253:38:[m[K [01;31m[Kerror: [m[Kâ€˜[01m[KCV_RGBA2GRAY[m[Kâ€™ was not declared in this scope
[7.699s]   253 |             cvtColor(mImGray,mImGray,[01;31m[KCV_RGBA2GRAY[m[K);
[7.699s]       |                                      [01;31m[K^~~~~~~~~~~~[m[K
[7.763s] [01m[K/home/zsj/WorkSpace/ORB2_SLAM/ORB_SLAM2_ROS2/src/orb_slam_stero/src/ORB_SLAM2/Tracking.cc:255:38:[m[K [01;31m[Kerror: [m[Kâ€˜[01m[KColor_BGRA2GRAY[m[Kâ€™ was not declared in this scope
[7.763s]   255 |             cvtColor(mImGray,mImGray,[01;31m[KColor_BGRA2GRAY[m[K);
[7.763s]       |                                      [01;31m[K^~~~~~~~~~~~~~~[m[K
[15.221s] gmake[2]: *** [CMakeFiles/orb_slam2_core.dir/build.make:174: CMakeFiles/orb_slam2_core.dir/src/ORB_SLAM2/LoopClosing.cc.o] Error 1
[15.221s] gmake[2]: *** Waiting for unfinished jobs....
[16.129s] gmake[2]: *** [CMakeFiles/orb_slam2_core.dir/build.make:314: CMakeFiles/orb_slam2_core.dir/src/ORB_SLAM2/Tracking.cc.o] Error 1
[16.129s] gmake[1]: *** [CMakeFiles/Makefile2:175: CMakeFiles/orb_slam2_core.dir/all] Error 2
[16.129s] gmake: *** [Makefile:146: all] Error 2
[16.135s] Invoked command in '/home/zsj/WorkSpace/ORB2_SLAM/ORB_SLAM2_ROS2/build/orb_slam2_stereo' returned '2': CMAKE_PREFIX_PATH=/opt/ros/humble CONDA_PROMPT_MODIFIER=(base) /usr/bin/cmake --build /home/zsj/WorkSpace/ORB2_SLAM/ORB_SLAM2_ROS2/build/orb_slam2_stereo -- -j18 -l18
