[35m[1mConsolidate compiler generated dependencies of target DBoW2[0m
[ 11%] Built target DBoW2
[35m[1mConsolidate compiler generated dependencies of target g2o[0m
[ 13%] [32mBuilding CXX object Thirdparty/g2o/CMakeFiles/g2o.dir/g2o/types/types_seven_dof_expmap.cpp.o[0m
[01m[K/home/zsj/WorkSpace/ORB2_SLAM/ORB_SLAM2_ROS2/src/orb_slam_stero/Thirdparty/g2o/g2o/types/types_seven_dof_expmap.cpp:[m[K In member function â€˜[01m[Kvirtual bool g2o::EdgeSim3ProjectXYZ::read(std::istream&)[m[Kâ€™:
[01m[K/home/zsj/WorkSpace/ORB2_SLAM/ORB_SLAM2_ROS2/src/orb_slam_stero/Thirdparty/g2o/g2o/types/types_seven_dof_expmap.cpp:139:22:[m[K [01;35m[Kwarning: [m[Kiteration 2 invokes undefined behavior [[01;35m[K]8;;https://gcc.gnu.org/onlinedocs/gcc/Warning-Options.html#index-Waggressive-loop-optimizations-Waggressive-loop-optimizations]8;;[m[K]
  139 |   is >> [01;35m[Kinformation()(i,j)[m[K;
      |         [01;35m[K~~~~~~~~~~~~~^~~~~[m[K
[01m[K/home/zsj/WorkSpace/ORB2_SLAM/ORB_SLAM2_ROS2/src/orb_slam_stero/Thirdparty/g2o/g2o/types/types_seven_dof_expmap.cpp:138:22:[m[K [01;36m[Knote: [m[Kwithin this loop
  138 |       for (int j=i; [01;36m[Kj<2[m[K; j++) {
      |                     [01;36m[K~^~[m[K
[ 15%] [32m[1mLinking CXX shared library /home/zsj/WorkSpace/ORB2_SLAM/ORB_SLAM2_ROS2/src/orb_slam_stero/Thirdparty/g2o/lib/libg2o.so[0m
[ 62%] Built target g2o
[35m[1mConsolidate compiler generated dependencies of target orb_slam2_core[0m
[ 64%] [32mBuilding CXX object CMakeFiles/orb_slam2_core.dir/src/ORB_SLAM2/Converter.cc.o[0m
[ 66%] [32mBuilding CXX object CMakeFiles/orb_slam2_core.dir/src/ORB_SLAM2/LocalMapping.cc.o[0m
[ 67%] [32mBuilding CXX object CMakeFiles/orb_slam2_core.dir/src/ORB_SLAM2/KeyFrameDatabase.cc.o[0m
[ 69%] [32mBuilding CXX object CMakeFiles/orb_slam2_core.dir/src/ORB_SLAM2/Initializer.cc.o[0m
[ 71%] [32mBuilding CXX object CMakeFiles/orb_slam2_core.dir/src/ORB_SLAM2/LoopClosing.cc.o[0m
[ 74%] [32mBuilding CXX object CMakeFiles/orb_slam2_core.dir/src/ORB_SLAM2/MapDrawer.cc.o[0m
[ 74%] [32mBuilding CXX object CMakeFiles/orb_slam2_core.dir/src/ORB_SLAM2/KeyFrame.cc.o[0m
[ 76%] [32mBuilding CXX object CMakeFiles/orb_slam2_core.dir/src/ORB_SLAM2/FrameDrawer.cc.o[0m
[ 77%] [32mBuilding CXX object CMakeFiles/orb_slam2_core.dir/src/ORB_SLAM2/Map.cc.o[0m
[ 79%] [32mBuilding CXX object CMakeFiles/orb_slam2_core.dir/src/ORB_SLAM2/MapPoint.cc.o[0m
[ 81%] [32mBuilding CXX object CMakeFiles/orb_slam2_core.dir/src/ORB_SLAM2/Frame.cc.o[0m
[ 84%] [32mBuilding CXX object CMakeFiles/orb_slam2_core.dir/src/ORB_SLAM2/Optimizer.cc.o[0m
[ 86%] [32mBuilding CXX object CMakeFiles/orb_slam2_core.dir/src/ORB_SLAM2/Sim3Solver.cc.o[0m
[ 88%] [32mBuilding CXX object CMakeFiles/orb_slam2_core.dir/src/ORB_SLAM2/Tracking.cc.o[0m
[ 89%] [32mBuilding CXX object CMakeFiles/orb_slam2_core.dir/src/ORB_SLAM2/System.cc.o[0m
[ 91%] [32mBuilding CXX object CMakeFiles/orb_slam2_core.dir/src/ORB_SLAM2/ORBmatcher.cc.o[0m
[ 91%] [32mBuilding CXX object CMakeFiles/orb_slam2_core.dir/src/ORB_SLAM2/PnPsolver.cc.o[0m
[ 93%] [32mBuilding CXX object CMakeFiles/orb_slam2_core.dir/src/ORB_SLAM2/Viewer.cc.o[0m
In file included from [01m[K/home/zsj/WorkSpace/ORB2_SLAM/ORB_SLAM2_ROS2/src/orb_slam_stero/include/ORB_SLAM2/Frame.h:29[m[K,
                 from [01m[K/home/zsj/WorkSpace/ORB2_SLAM/ORB_SLAM2_ROS2/src/orb_slam_stero/include/ORB_SLAM2/MapPoint.h:25[m[K,
                 from [01m[K/home/zsj/WorkSpace/ORB2_SLAM/ORB_SLAM2_ROS2/src/orb_slam_stero/include/ORB_SLAM2/KeyFrame.h:24[m[K,
                 from [01m[K/home/zsj/WorkSpace/ORB2_SLAM/ORB_SLAM2_ROS2/src/orb_slam_stero/include/ORB_SLAM2/LoopClosing.h:24[m[K,
                 from [01m[K/home/zsj/WorkSpace/ORB2_SLAM/ORB_SLAM2_ROS2/src/orb_slam_stero/src/ORB_SLAM2/LoopClosing.cc:21[m[K:
[01m[K/home/zsj/WorkSpace/ORB2_SLAM/ORB_SLAM2_ROS2/src/orb_slam_stero/include/ORB_SLAM2/ORBVocabulary.h:25:9:[m[K [01;31m[Kfatal error: [m[KThirdparty/DBoW2/DBoW2/FORB.h: No such file or directory
   25 | #include[01;31m[K"Thirdparty/DBoW2/DBoW2/FORB.h"[m[K
      |         [01;31m[K^~~~~~~~~~~~~~~~~~~~~~~~~~~~~~~[m[K
compilation terminated.
In file included from [01m[K/home/zsj/WorkSpace/ORB2_SLAM/ORB_SLAM2_ROS2/src/orb_slam_stero/include/ORB_SLAM2/Frame.h:29[m[K,
                 from [01m[K/home/zsj/WorkSpace/ORB2_SLAM/ORB_SLAM2_ROS2/src/orb_slam_stero/include/ORB_SLAM2/MapPoint.h:25[m[K,
                 from [01m[K/home/zsj/WorkSpace/ORB2_SLAM/ORB_SLAM2_ROS2/src/orb_slam_stero/include/ORB_SLAM2/KeyFrame.h:24[m[K,
                 from [01m[K/home/zsj/WorkSpace/ORB2_SLAM/ORB_SLAM2_ROS2/src/orb_slam_stero/include/ORB_SLAM2/LocalMapping.h:24[m[K,
                 from [01m[K/home/zsj/WorkSpace/ORB2_SLAM/ORB_SLAM2_ROS2/src/orb_slam_stero/src/ORB_SLAM2/LocalMapping.cc:21[m[K:
[01m[K/home/zsj/WorkSpace/ORB2_SLAM/ORB_SLAM2_ROS2/src/orb_slam_stero/include/ORB_SLAM2/ORBVocabulary.h:25:9:[m[K [01;31m[Kfatal error: [m[KThirdparty/DBoW2/DBoW2/FORB.h: No such file or directory
   25 | #include[01;31m[K"Thirdparty/DBoW2/DBoW2/FORB.h"[m[K
      |         [01;31m[K^~~~~~~~~~~~~~~~~~~~~~~~~~~~~~~[m[K
compilation terminated.
gmake[2]: *** [CMakeFiles/orb_slam2_core.dir/build.make:174: CMakeFiles/orb_slam2_core.dir/src/ORB_SLAM2/LoopClosing.cc.o] Error 1
gmake[2]: *** Waiting for unfinished jobs....
gmake[2]: *** [CMakeFiles/orb_slam2_core.dir/build.make:160: CMakeFiles/orb_slam2_core.dir/src/ORB_SLAM2/LocalMapping.cc.o] Error 1
In file included from [01m[K/home/zsj/WorkSpace/ORB2_SLAM/ORB_SLAM2_ROS2/src/orb_slam_stero/include/ORB_SLAM2/Frame.h:29[m[K,
                 from [01m[K/home/zsj/WorkSpace/ORB2_SLAM/ORB_SLAM2_ROS2/src/orb_slam_stero/include/ORB_SLAM2/MapPoint.h:25[m[K,
                 from [01m[K/home/zsj/WorkSpace/ORB2_SLAM/ORB_SLAM2_ROS2/src/orb_slam_stero/include/ORB_SLAM2/KeyFrame.h:24[m[K,
                 from [01m[K/home/zsj/WorkSpace/ORB2_SLAM/ORB_SLAM2_ROS2/src/orb_slam_stero/src/ORB_SLAM2/KeyFrame.cc:21[m[K:
[01m[K/home/zsj/WorkSpace/ORB2_SLAM/ORB_SLAM2_ROS2/src/orb_slam_stero/include/ORB_SLAM2/ORBVocabulary.h:25:9:[m[K [01;31m[Kfatal error: [m[KThirdparty/DBoW2/DBoW2/FORB.h: No such file or directory
   25 | #include[01;31m[K"Thirdparty/DBoW2/DBoW2/FORB.h"[m[K
      |         [01;31m[K^~~~~~~~~~~~~~~~~~~~~~~~~~~~~~~[m[K
compilation terminated.
gmake[2]: *** [CMakeFiles/orb_slam2_core.dir/build.make:132: CMakeFiles/orb_slam2_core.dir/src/ORB_SLAM2/KeyFrame.cc.o] Error 1
In file included from [01m[K/home/zsj/WorkSpace/ORB2_SLAM/ORB_SLAM2_ROS2/src/orb_slam_stero/include/ORB_SLAM2/Frame.h:29[m[K,
                 from [01m[K/home/zsj/WorkSpace/ORB2_SLAM/ORB_SLAM2_ROS2/src/orb_slam_stero/include/ORB_SLAM2/MapPoint.h:25[m[K,
                 from [01m[K/home/zsj/WorkSpace/ORB2_SLAM/ORB_SLAM2_ROS2/src/orb_slam_stero/include/ORB_SLAM2/KeyFrame.h:24[m[K,
                 from [01m[K/home/zsj/WorkSpace/ORB2_SLAM/ORB_SLAM2_ROS2/src/orb_slam_stero/include/ORB_SLAM2/KeyFrameDatabase.h:28[m[K,
                 from [01m[K/home/zsj/WorkSpace/ORB2_SLAM/ORB_SLAM2_ROS2/src/orb_slam_stero/src/ORB_SLAM2/KeyFrameDatabase.cc:21[m[K:
[01m[K/home/zsj/WorkSpace/ORB2_SLAM/ORB_SLAM2_ROS2/src/orb_slam_stero/include/ORB_SLAM2/ORBVocabulary.h:25:9:[m[K [01;31m[Kfatal error: [m[KThirdparty/DBoW2/DBoW2/FORB.h: No such file or directory
   25 | #include[01;31m[K"Thirdparty/DBoW2/DBoW2/FORB.h"[m[K
      |         [01;31m[K^~~~~~~~~~~~~~~~~~~~~~~~~~~~~~~[m[K
In file included from [01m[K/home/zsj/WorkSpace/ORB2_SLAM/ORB_SLAM2_ROS2/src/orb_slam_stero/include/ORB_SLAM2/KeyFrame.h:27[m[K,
                 from [01m[K/home/zsj/WorkSpace/ORB2_SLAM/ORB_SLAM2_ROS2/src/orb_slam_stero/include/ORB_SLAM2/MapPoint.h:24[m[K,
                 from [01m[K/home/zsj/WorkSpace/ORB2_SLAM/ORB_SLAM2_ROS2/src/orb_slam_stero/include/ORB_SLAM2/Map.h:24[m[K,
                 from [01m[K/home/zsj/WorkSpace/ORB2_SLAM/ORB_SLAM2_ROS2/src/orb_slam_stero/include/ORB_SLAM2/Optimizer.h:24[m[K,
                 from [01m[K/home/zsj/WorkSpace/ORB2_SLAM/ORB_SLAM2_ROS2/src/orb_slam_stero/src/ORB_SLAM2/Optimizer.cc:21[m[K:
[01m[K/home/zsj/WorkSpace/ORB2_SLAM/ORB_SLAM2_ROS2/src/orb_slam_stero/include/ORB_SLAM2/ORBVocabulary.h:25:9:[m[K [01;31m[Kfatal error: [m[KThirdparty/DBoW2/DBoW2/FORB.h: No such file or directory
   25 | #include[01;31m[K"Thirdparty/DBoW2/DBoW2/FORB.h"[m[K
      |         [01;31m[K^~~~~~~~~~~~~~~~~~~~~~~~~~~~~~~[m[K
compilation terminated.
compilation terminated.
In file included from [01m[K/home/zsj/WorkSpace/ORB2_SLAM/ORB_SLAM2_ROS2/src/orb_slam_stero/include/ORB_SLAM2/KeyFrame.h:27[m[K,
                 from [01m[K/home/zsj/WorkSpace/ORB2_SLAM/ORB_SLAM2_ROS2/src/orb_slam_stero/include/ORB_SLAM2/MapPoint.h:24[m[K,
                 from [01m[K/home/zsj/WorkSpace/ORB2_SLAM/ORB_SLAM2_ROS2/src/orb_slam_stero/include/ORB_SLAM2/Frame.h:26[m[K,
                 from [01m[K/home/zsj/WorkSpace/ORB2_SLAM/ORB_SLAM2_ROS2/src/orb_slam_stero/src/ORB_SLAM2/Frame.cc:21[m[K:
[01m[K/home/zsj/WorkSpace/ORB2_SLAM/ORB_SLAM2_ROS2/src/orb_slam_stero/include/ORB_SLAM2/ORBVocabulary.h:25:9:[m[K [01;31m[Kfatal error: [m[KThirdparty/DBoW2/DBoW2/FORB.h: No such file or directory
   25 | #include[01;31m[K"Thirdparty/DBoW2/DBoW2/FORB.h"[m[K
      |         [01;31m[K^~~~~~~~~~~~~~~~~~~~~~~~~~~~~~~[m[K
compilation terminated.
gmake[2]: *** [CMakeFiles/orb_slam2_core.dir/build.make:258: CMakeFiles/orb_slam2_core.dir/src/ORB_SLAM2/Optimizer.cc.o] Error 1
In file included from [01m[K/home/zsj/WorkSpace/ORB2_SLAM/ORB_SLAM2_ROS2/src/orb_slam_stero/include/ORB_SLAM2/KeyFrame.h:27[m[K,
                 from [01m[K/home/zsj/WorkSpace/ORB2_SLAM/ORB_SLAM2_ROS2/src/orb_slam_stero/include/ORB_SLAM2/MapPoint.h:24[m[K,
                 from [01m[K/home/zsj/WorkSpace/ORB2_SLAM/ORB_SLAM2_ROS2/src/orb_slam_stero/include/ORB_SLAM2/Map.h:24[m[K,
                 from [01m[K/home/zsj/WorkSpace/ORB2_SLAM/ORB_SLAM2_ROS2/src/orb_slam_stero/include/ORB_SLAM2/MapDrawer.h:24[m[K,
                 from [01m[K/home/zsj/WorkSpace/ORB2_SLAM/ORB_SLAM2_ROS2/src/orb_slam_stero/src/ORB_SLAM2/MapDrawer.cc:21[m[K:
[01m[K/home/zsj/WorkSpace/ORB2_SLAM/ORB_SLAM2_ROS2/src/orb_slam_stero/include/ORB_SLAM2/ORBVocabulary.h:25:9:[m[K [01;31m[Kfatal error: [m[KThirdparty/DBoW2/DBoW2/FORB.h: No such file or directory
   25 | #include[01;31m[K"Thirdparty/DBoW2/DBoW2/FORB.h"[m[K
      |         [01;31m[K^~~~~~~~~~~~~~~~~~~~~~~~~~~~~~~[m[K
compilation terminated.
gmake[2]: *** [CMakeFiles/orb_slam2_core.dir/build.make:146: CMakeFiles/orb_slam2_core.dir/src/ORB_SLAM2/KeyFrameDatabase.cc.o] Error 1
gmake[2]: *** [CMakeFiles/orb_slam2_core.dir/build.make:90: CMakeFiles/orb_slam2_core.dir/src/ORB_SLAM2/Frame.cc.o] Error 1
In file included from [01m[K/home/zsj/WorkSpace/ORB2_SLAM/ORB_SLAM2_ROS2/src/orb_slam_stero/include/ORB_SLAM2/KeyFrame.h:27[m[K,
                 from [01m[K/home/zsj/WorkSpace/ORB2_SLAM/ORB_SLAM2_ROS2/src/orb_slam_stero/include/ORB_SLAM2/MapPoint.h:24[m[K,
                 from [01m[K/home/zsj/WorkSpace/ORB2_SLAM/ORB_SLAM2_ROS2/src/orb_slam_stero/include/ORB_SLAM2/Map.h:24[m[K,
                 from [01m[K/home/zsj/WorkSpace/ORB2_SLAM/ORB_SLAM2_ROS2/src/orb_slam_stero/src/ORB_SLAM2/Map.cc:21[m[K:
[01m[K/home/zsj/WorkSpace/ORB2_SLAM/ORB_SLAM2_ROS2/src/orb_slam_stero/include/ORB_SLAM2/ORBVocabulary.h:25:9:[m[K [01;31m[Kfatal error: [m[KThirdparty/DBoW2/DBoW2/FORB.h: No such file or directory
   25 | #include[01;31m[K"Thirdparty/DBoW2/DBoW2/FORB.h"[m[K
      |         [01;31m[K^~~~~~~~~~~~~~~~~~~~~~~~~~~~~~~[m[K
compilation terminated.
gmake[2]: *** [CMakeFiles/orb_slam2_core.dir/build.make:188: CMakeFiles/orb_slam2_core.dir/src/ORB_SLAM2/Map.cc.o] Error 1
gmake[2]: *** [CMakeFiles/orb_slam2_core.dir/build.make:202: CMakeFiles/orb_slam2_core.dir/src/ORB_SLAM2/MapDrawer.cc.o] Error 1
In file included from [01m[K/home/zsj/WorkSpace/ORB2_SLAM/ORB_SLAM2_ROS2/src/orb_slam_stero/include/ORB_SLAM2/KeyFrame.h:27[m[K,
                 from [01m[K/home/zsj/WorkSpace/ORB2_SLAM/ORB_SLAM2_ROS2/src/orb_slam_stero/include/ORB_SLAM2/MapPoint.h:24[m[K,
                 from [01m[K/home/zsj/WorkSpace/ORB2_SLAM/ORB_SLAM2_ROS2/src/orb_slam_stero/src/ORB_SLAM2/MapPoint.cc:21[m[K:
[01m[K/home/zsj/WorkSpace/ORB2_SLAM/ORB_SLAM2_ROS2/src/orb_slam_stero/include/ORB_SLAM2/ORBVocabulary.h:25:9:[m[K [01;31m[Kfatal error: [m[KThirdparty/DBoW2/DBoW2/FORB.h: No such file or directory
   25 | #include[01;31m[K"Thirdparty/DBoW2/DBoW2/FORB.h"[m[K
      |         [01;31m[K^~~~~~~~~~~~~~~~~~~~~~~~~~~~~~~[m[K
compilation terminated.
gmake[2]: *** [CMakeFiles/orb_slam2_core.dir/build.make:216: CMakeFiles/orb_slam2_core.dir/src/ORB_SLAM2/MapPoint.cc.o] Error 1
In file included from [01m[K/home/zsj/WorkSpace/ORB2_SLAM/ORB_SLAM2_ROS2/src/orb_slam_stero/include/ORB_SLAM2/KeyFrame.h:27[m[K,
                 from [01m[K/home/zsj/WorkSpace/ORB2_SLAM/ORB_SLAM2_ROS2/src/orb_slam_stero/include/ORB_SLAM2/MapPoint.h:24[m[K,
                 from [01m[K/home/zsj/WorkSpace/ORB2_SLAM/ORB_SLAM2_ROS2/src/orb_slam_stero/include/ORB_SLAM2/Map.h:24[m[K,
                 from [01m[K/home/zsj/WorkSpace/ORB2_SLAM/ORB_SLAM2_ROS2/src/orb_slam_stero/include/ORB_SLAM2/MapDrawer.h:24[m[K,
                 from [01m[K/home/zsj/WorkSpace/ORB2_SLAM/ORB_SLAM2_ROS2/src/orb_slam_stero/include/ORB_SLAM2/Viewer.h:26[m[K,
                 from [01m[K/home/zsj/WorkSpace/ORB2_SLAM/ORB_SLAM2_ROS2/src/orb_slam_stero/include/ORB_SLAM2/Tracking.h:28[m[K,
                 from [01m[K/home/zsj/WorkSpace/ORB2_SLAM/ORB_SLAM2_ROS2/src/orb_slam_stero/include/ORB_SLAM2/FrameDrawer.h:24[m[K,
                 from [01m[K/home/zsj/WorkSpace/ORB2_SLAM/ORB_SLAM2_ROS2/src/orb_slam_stero/src/ORB_SLAM2/FrameDrawer.cc:21[m[K:
[01m[K/home/zsj/WorkSpace/ORB2_SLAM/ORB_SLAM2_ROS2/src/orb_slam_stero/include/ORB_SLAM2/ORBVocabulary.h:25:9:[m[K [01;31m[Kfatal error: [m[KThirdparty/DBoW2/DBoW2/FORB.h: No such file or directory
   25 | #include[01;31m[K"Thirdparty/DBoW2/DBoW2/FORB.h"[m[K
      |         [01;31m[K^~~~~~~~~~~~~~~~~~~~~~~~~~~~~~~[m[K
compilation terminated.
gmake[2]: *** [CMakeFiles/orb_slam2_core.dir/build.make:104: CMakeFiles/orb_slam2_core.dir/src/ORB_SLAM2/FrameDrawer.cc.o] Error 1
In file included from [01m[K/home/zsj/WorkSpace/ORB2_SLAM/ORB_SLAM2_ROS2/src/orb_slam_stero/include/ORB_SLAM2/KeyFrame.h:27[m[K,
                 from [01m[K/home/zsj/WorkSpace/ORB2_SLAM/ORB_SLAM2_ROS2/src/orb_slam_stero/include/ORB_SLAM2/MapPoint.h:24[m[K,
                 from [01m[K/home/zsj/WorkSpace/ORB2_SLAM/ORB_SLAM2_ROS2/src/orb_slam_stero/include/ORB_SLAM2/PnPsolver.h:55[m[K,
                 from [01m[K/home/zsj/WorkSpace/ORB2_SLAM/ORB_SLAM2_ROS2/src/orb_slam_stero/src/ORB_SLAM2/PnPsolver.cc:53[m[K:
[01m[K/home/zsj/WorkSpace/ORB2_SLAM/ORB_SLAM2_ROS2/src/orb_slam_stero/include/ORB_SLAM2/ORBVocabulary.h:25:9:[m[K [01;31m[Kfatal error: [m[KThirdparty/DBoW2/DBoW2/FORB.h: No such file or directory
   25 | #include[01;31m[K"Thirdparty/DBoW2/DBoW2/FORB.h"[m[K
      |         [01;31m[K^~~~~~~~~~~~~~~~~~~~~~~~~~~~~~~[m[K
compilation terminated.
gmake[2]: *** [CMakeFiles/orb_slam2_core.dir/build.make:272: CMakeFiles/orb_slam2_core.dir/src/ORB_SLAM2/PnPsolver.cc.o] Error 1
In file included from [01m[K/home/zsj/WorkSpace/ORB2_SLAM/ORB_SLAM2_ROS2/src/orb_slam_stero/include/ORB_SLAM2/KeyFrame.h:27[m[K,
                 from [01m[K/home/zsj/WorkSpace/ORB2_SLAM/ORB_SLAM2_ROS2/src/orb_slam_stero/include/ORB_SLAM2/MapPoint.h:24[m[K,
                 from [01m[K/home/zsj/WorkSpace/ORB2_SLAM/ORB_SLAM2_ROS2/src/orb_slam_stero/include/ORB_SLAM2/ORBmatcher.h:29[m[K,
                 from [01m[K/home/zsj/WorkSpace/ORB2_SLAM/ORB_SLAM2_ROS2/src/orb_slam_stero/src/ORB_SLAM2/ORBmatcher.cc:21[m[K:
[01m[K/home/zsj/WorkSpace/ORB2_SLAM/ORB_SLAM2_ROS2/src/orb_slam_stero/include/ORB_SLAM2/ORBVocabulary.h:25:9:[m[K [01;31m[Kfatal error: [m[KThirdparty/DBoW2/DBoW2/FORB.h: No such file or directory
   25 | #include[01;31m[K"Thirdparty/DBoW2/DBoW2/FORB.h"[m[K
      |         [01;31m[K^~~~~~~~~~~~~~~~~~~~~~~~~~~~~~~[m[K
compilation terminated.
gmake[2]: *** [CMakeFiles/orb_slam2_core.dir/build.make:244: CMakeFiles/orb_slam2_core.dir/src/ORB_SLAM2/ORBmatcher.cc.o] Error 1
In file included from [01m[K/home/zsj/WorkSpace/ORB2_SLAM/ORB_SLAM2_ROS2/src/orb_slam_stero/include/ORB_SLAM2/KeyFrame.h:27[m[K,
                 from [01m[K/home/zsj/WorkSpace/ORB2_SLAM/ORB_SLAM2_ROS2/src/orb_slam_stero/include/ORB_SLAM2/MapPoint.h:24[m[K,
                 from [01m[K/home/zsj/WorkSpace/ORB2_SLAM/ORB_SLAM2_ROS2/src/orb_slam_stero/include/ORB_SLAM2/FrameDrawer.h:25[m[K,
                 from [01m[K/home/zsj/WorkSpace/ORB2_SLAM/ORB_SLAM2_ROS2/src/orb_slam_stero/include/ORB_SLAM2/Viewer.h:25[m[K,
                 from [01m[K/home/zsj/WorkSpace/ORB2_SLAM/ORB_SLAM2_ROS2/src/orb_slam_stero/include/ORB_SLAM2/Tracking.h:28[m[K,
                 from [01m[K/home/zsj/WorkSpace/ORB2_SLAM/ORB_SLAM2_ROS2/src/orb_slam_stero/src/ORB_SLAM2/Tracking.cc:22[m[K:
[01m[K/home/zsj/WorkSpace/ORB2_SLAM/ORB_SLAM2_ROS2/src/orb_slam_stero/include/ORB_SLAM2/ORBVocabulary.h:25:9:[m[K [01;31m[Kfatal error: [m[KThirdparty/DBoW2/DBoW2/FORB.h: No such file or directory
   25 | #include[01;31m[K"Thirdparty/DBoW2/DBoW2/FORB.h"[m[K
      |         [01;31m[K^~~~~~~~~~~~~~~~~~~~~~~~~~~~~~~[m[K
compilation terminated.
gmake[2]: *** [CMakeFiles/orb_slam2_core.dir/build.make:314: CMakeFiles/orb_slam2_core.dir/src/ORB_SLAM2/Tracking.cc.o] Error 1
In file included from [01m[K/home/zsj/WorkSpace/ORB2_SLAM/ORB_SLAM2_ROS2/src/orb_slam_stero/include/ORB_SLAM2/KeyFrame.h:27[m[K,
                 from [01m[K/home/zsj/WorkSpace/ORB2_SLAM/ORB_SLAM2_ROS2/src/orb_slam_stero/include/ORB_SLAM2/MapPoint.h:24[m[K,
                 from [01m[K/home/zsj/WorkSpace/ORB2_SLAM/ORB_SLAM2_ROS2/src/orb_slam_stero/include/ORB_SLAM2/Map.h:24[m[K,
                 from [01m[K/home/zsj/WorkSpace/ORB2_SLAM/ORB_SLAM2_ROS2/src/orb_slam_stero/include/ORB_SLAM2/Tracking.h:30[m[K,
                 from [01m[K/home/zsj/WorkSpace/ORB2_SLAM/ORB_SLAM2_ROS2/src/orb_slam_stero/include/ORB_SLAM2/FrameDrawer.h:24[m[K,
                 from [01m[K/home/zsj/WorkSpace/ORB2_SLAM/ORB_SLAM2_ROS2/src/orb_slam_stero/include/ORB_SLAM2/Viewer.h:25[m[K,
                 from [01m[K/home/zsj/WorkSpace/ORB2_SLAM/ORB_SLAM2_ROS2/src/orb_slam_stero/src/ORB_SLAM2/Viewer.cc:21[m[K:
[01m[K/home/zsj/WorkSpace/ORB2_SLAM/ORB_SLAM2_ROS2/src/orb_slam_stero/include/ORB_SLAM2/ORBVocabulary.h:25:9:[m[K [01;31m[Kfatal error: [m[KThirdparty/DBoW2/DBoW2/FORB.h: No such file or directory
   25 | #include[01;31m[K"Thirdparty/DBoW2/DBoW2/FORB.h"[m[K
      |         [01;31m[K^~~~~~~~~~~~~~~~~~~~~~~~~~~~~~~[m[K
compilation terminated.
gmake[2]: *** [CMakeFiles/orb_slam2_core.dir/build.make:328: CMakeFiles/orb_slam2_core.dir/src/ORB_SLAM2/Viewer.cc.o] Error 1
In file included from [01m[K/home/zsj/WorkSpace/ORB2_SLAM/ORB_SLAM2_ROS2/src/orb_slam_stero/include/ORB_SLAM2/KeyFrame.h:27[m[K,
                 from [01m[K/home/zsj/WorkSpace/ORB2_SLAM/ORB_SLAM2_ROS2/src/orb_slam_stero/include/ORB_SLAM2/MapPoint.h:24[m[K,
                 from [01m[K/home/zsj/WorkSpace/ORB2_SLAM/ORB_SLAM2_ROS2/src/orb_slam_stero/include/ORB_SLAM2/FrameDrawer.h:25[m[K,
                 from [01m[K/home/zsj/WorkSpace/ORB2_SLAM/ORB_SLAM2_ROS2/src/orb_slam_stero/include/ORB_SLAM2/Viewer.h:25[m[K,
                 from [01m[K/home/zsj/WorkSpace/ORB2_SLAM/ORB_SLAM2_ROS2/src/orb_slam_stero/include/ORB_SLAM2/Tracking.h:28[m[K,
                 from [01m[K/home/zsj/WorkSpace/ORB2_SLAM/ORB_SLAM2_ROS2/src/orb_slam_stero/include/ORB_SLAM2/System.h:29[m[K,
                 from [01m[K/home/zsj/WorkSpace/ORB2_SLAM/ORB_SLAM2_ROS2/src/orb_slam_stero/src/ORB_SLAM2/System.cc:23[m[K:
[01m[K/home/zsj/WorkSpace/ORB2_SLAM/ORB_SLAM2_ROS2/src/orb_slam_stero/include/ORB_SLAM2/ORBVocabulary.h:25:9:[m[K [01;31m[Kfatal error: [m[KThirdparty/DBoW2/DBoW2/FORB.h: No such file or directory
   25 | #include[01;31m[K"Thirdparty/DBoW2/DBoW2/FORB.h"[m[K
      |         [01;31m[K^~~~~~~~~~~~~~~~~~~~~~~~~~~~~~~[m[K
compilation terminated.
gmake[2]: *** [CMakeFiles/orb_slam2_core.dir/build.make:300: CMakeFiles/orb_slam2_core.dir/src/ORB_SLAM2/System.cc.o] Error 1
In file included from [01m[K/home/zsj/WorkSpace/ORB2_SLAM/ORB_SLAM2_ROS2/src/orb_slam_stero/include/ORB_SLAM2/KeyFrame.h:27[m[K,
                 from [01m[K/home/zsj/WorkSpace/ORB2_SLAM/ORB_SLAM2_ROS2/src/orb_slam_stero/include/ORB_SLAM2/MapPoint.h:24[m[K,
                 from [01m[K/home/zsj/WorkSpace/ORB2_SLAM/ORB_SLAM2_ROS2/src/orb_slam_stero/include/ORB_SLAM2/Frame.h:26[m[K,
                 from [01m[K/home/zsj/WorkSpace/ORB2_SLAM/ORB_SLAM2_ROS2/src/orb_slam_stero/include/ORB_SLAM2/Initializer.h:24[m[K,
                 from [01m[K/home/zsj/WorkSpace/ORB2_SLAM/ORB_SLAM2_ROS2/src/orb_slam_stero/src/ORB_SLAM2/Initializer.cc:21[m[K:
[01m[K/home/zsj/WorkSpace/ORB2_SLAM/ORB_SLAM2_ROS2/src/orb_slam_stero/include/ORB_SLAM2/ORBVocabulary.h:25:9:[m[K [01;31m[Kfatal error: [m[KThirdparty/DBoW2/DBoW2/FORB.h: No such file or directory
   25 | #include[01;31m[K"Thirdparty/DBoW2/DBoW2/FORB.h"[m[K
      |         [01;31m[K^~~~~~~~~~~~~~~~~~~~~~~~~~~~~~~[m[K
compilation terminated.
gmake[2]: *** [CMakeFiles/orb_slam2_core.dir/build.make:118: CMakeFiles/orb_slam2_core.dir/src/ORB_SLAM2/Initializer.cc.o] Error 1
In file included from [01m[K/home/zsj/WorkSpace/ORB2_SLAM/ORB_SLAM2_ROS2/src/orb_slam_stero/include/ORB_SLAM2/Frame.h:29[m[K,
                 from [01m[K/home/zsj/WorkSpace/ORB2_SLAM/ORB_SLAM2_ROS2/src/orb_slam_stero/include/ORB_SLAM2/MapPoint.h:25[m[K,
                 from [01m[K/home/zsj/WorkSpace/ORB2_SLAM/ORB_SLAM2_ROS2/src/orb_slam_stero/include/ORB_SLAM2/KeyFrame.h:24[m[K,
                 from [01m[K/home/zsj/WorkSpace/ORB2_SLAM/ORB_SLAM2_ROS2/src/orb_slam_stero/include/ORB_SLAM2/Sim3Solver.h:28[m[K,
                 from [01m[K/home/zsj/WorkSpace/ORB2_SLAM/ORB_SLAM2_ROS2/src/orb_slam_stero/src/ORB_SLAM2/Sim3Solver.cc:22[m[K:
[01m[K/home/zsj/WorkSpace/ORB2_SLAM/ORB_SLAM2_ROS2/src/orb_slam_stero/include/ORB_SLAM2/ORBVocabulary.h:25:9:[m[K [01;31m[Kfatal error: [m[KThirdparty/DBoW2/DBoW2/FORB.h: No such file or directory
   25 | #include[01;31m[K"Thirdparty/DBoW2/DBoW2/FORB.h"[m[K
      |         [01;31m[K^~~~~~~~~~~~~~~~~~~~~~~~~~~~~~~[m[K
compilation terminated.
gmake[2]: *** [CMakeFiles/orb_slam2_core.dir/build.make:286: CMakeFiles/orb_slam2_core.dir/src/ORB_SLAM2/Sim3Solver.cc.o] Error 1
gmake[1]: *** [CMakeFiles/Makefile2:175: CMakeFiles/orb_slam2_core.dir/all] Error 2
gmake: *** [Makefile:146: all] Error 2
