[ 11%] Built target DBoW2
[ 62%] Built target g2o
[35m[1mConsolidate compiler generated dependencies of target orb_slam2_core[0m
[ 64%] [32mBuilding CXX object CMakeFiles/orb_slam2_core.dir/src/ORB_SLAM2/Initializer.cc.o[0m
[ 66%] [32mBuilding CXX object CMakeFiles/orb_slam2_core.dir/src/ORB_SLAM2/LocalMapping.cc.o[0m
[ 71%] [32mBuilding CXX object CMakeFiles/orb_slam2_core.dir/src/ORB_SLAM2/Tracking.cc.o[0m
[ 71%] [32mBuilding CXX object CMakeFiles/orb_slam2_core.dir/src/ORB_SLAM2/System.cc.o[0m
[ 71%] [32mBuilding CXX object CMakeFiles/orb_slam2_core.dir/src/ORB_SLAM2/LoopClosing.cc.o[0m
[ 72%] [32mBuilding CXX object CMakeFiles/orb_slam2_core.dir/src/ORB_SLAM2/FrameDrawer.cc.o[0m
[ 74%] [32mBuilding CXX object CMakeFiles/orb_slam2_core.dir/src/ORB_SLAM2/Sim3Solver.cc.o[0m
[ 76%] [32mBuilding CXX object CMakeFiles/orb_slam2_core.dir/src/ORB_SLAM2/Viewer.cc.o[0m
[ 77%] [32mBuilding CXX object CMakeFiles/orb_slam2_core.dir/src/ORB_SLAM2/PnPsolver.cc.o[0m
[ 79%] [32mBuilding CXX object CMakeFiles/orb_slam2_core.dir/src/ORB_SLAM2/Optimizer.cc.o[0m
[01m[K/home/zsj/WorkSpace/ORB2_SLAM/ORB_SLAM2_ROS2/src/orb_slam_stero/src/ORB_SLAM2/Optimizer.cc:23:10:[m[K [01;31m[Kfatal error: [m[KThirdparty/g2o/g2o/core/block_solver.h: No such file or directory
   23 | #include [01;31m[K"Thirdparty/g2o/g2o/core/block_solver.h"[m[K
      |          [01;31m[K^~~~~~~~~~~~~~~~~~~~~~~~~~~~~~~~~~~~~~~~[m[K
compilation terminated.
gmake[2]: *** [CMakeFiles/orb_slam2_core.dir/build.make:258: CMakeFiles/orb_slam2_core.dir/src/ORB_SLAM2/Optimizer.cc.o] Error 1
gmake[2]: *** Waiting for unfinished jobs....
In file included from [01m[K/home/zsj/WorkSpace/ORB2_SLAM/ORB_SLAM2_ROS2/src/orb_slam_stero/src/ORB_SLAM2/PnPsolver.cc:53[m[K:
[01m[K/home/zsj/WorkSpace/ORB2_SLAM/ORB_SLAM2_ROS2/src/orb_slam_stero/include/ORB_SLAM2/PnPsolver.h:96:15:[m[K [01;31m[Kerror: [m[Kâ€˜[01m[KCvMat[m[Kâ€™ has not been declared
   96 |   void fill_M([01;31m[KCvMat[m[K * M, const int row, const double * alphas, const double u, const double v);
      |               [01;31m[K^~~~~[m[K
[01m[K/home/zsj/WorkSpace/ORB2_SLAM/ORB_SLAM2_ROS2/src/orb_slam_stero/include/ORB_SLAM2/PnPsolver.h:102:34:[m[K [01;31m[Kerror: [m[Kâ€˜[01m[KCvMat[m[Kâ€™ does not name a type
  102 |   void find_betas_approx_1(const [01;31m[KCvMat[m[K * L_6x10, const CvMat * Rho, double * betas);
      |                                  [01;31m[K^~~~~[m[K
[01m[K/home/zsj/WorkSpace/ORB2_SLAM/ORB_SLAM2_ROS2/src/orb_slam_stero/include/ORB_SLAM2/PnPsolver.h:102:56:[m[K [01;31m[Kerror: [m[Kâ€˜[01m[KCvMat[m[Kâ€™ does not name a type
  102 |   void find_betas_approx_1(const CvMat * L_6x10, const [01;31m[KCvMat[m[K * Rho, double * betas);
      |                                                        [01;31m[K^~~~~[m[K
[01m[K/home/zsj/WorkSpace/ORB2_SLAM/ORB_SLAM2_ROS2/src/orb_slam_stero/include/ORB_SLAM2/PnPsolver.h:103:34:[m[K [01;31m[Kerror: [m[Kâ€˜[01m[KCvMat[m[Kâ€™ does not name a type
  103 |   void find_betas_approx_2(const [01;31m[KCvMat[m[K * L_6x10, const CvMat * Rho, double * betas);
      |                                  [01;31m[K^~~~~[m[K
[01m[K/home/zsj/WorkSpace/ORB2_SLAM/ORB_SLAM2_ROS2/src/orb_slam_stero/include/ORB_SLAM2/PnPsolver.h:103:56:[m[K [01;31m[Kerror: [m[Kâ€˜[01m[KCvMat[m[Kâ€™ does not name a type
  103 |   void find_betas_approx_2(const CvMat * L_6x10, const [01;31m[KCvMat[m[K * Rho, double * betas);
      |                                                        [01;31m[K^~~~~[m[K
[01m[K/home/zsj/WorkSpace/ORB2_SLAM/ORB_SLAM2_ROS2/src/orb_slam_stero/include/ORB_SLAM2/PnPsolver.h:104:34:[m[K [01;31m[Kerror: [m[Kâ€˜[01m[KCvMat[m[Kâ€™ does not name a type
  104 |   void find_betas_approx_3(const [01;31m[KCvMat[m[K * L_6x10, const CvMat * Rho, double * betas);
      |                                  [01;31m[K^~~~~[m[K
[01m[K/home/zsj/WorkSpace/ORB2_SLAM/ORB_SLAM2_ROS2/src/orb_slam_stero/include/ORB_SLAM2/PnPsolver.h:104:56:[m[K [01;31m[Kerror: [m[Kâ€˜[01m[KCvMat[m[Kâ€™ does not name a type
  104 |   void find_betas_approx_3(const CvMat * L_6x10, const [01;31m[KCvMat[m[K * Rho, double * betas);
      |                                                        [01;31m[K^~~~~[m[K
[01m[K/home/zsj/WorkSpace/ORB2_SLAM/ORB_SLAM2_ROS2/src/orb_slam_stero/include/ORB_SLAM2/PnPsolver.h:105:17:[m[K [01;31m[Kerror: [m[Kâ€˜[01m[KCvMat[m[Kâ€™ has not been declared
  105 |   void qr_solve([01;31m[KCvMat[m[K * A, CvMat * b, CvMat * X);
      |                 [01;31m[K^~~~~[m[K
[01m[K/home/zsj/WorkSpace/ORB2_SLAM/ORB_SLAM2_ROS2/src/orb_slam_stero/include/ORB_SLAM2/PnPsolver.h:105:28:[m[K [01;31m[Kerror: [m[Kâ€˜[01m[KCvMat[m[Kâ€™ has not been declared
  105 |   void qr_solve(CvMat * A, [01;31m[KCvMat[m[K * b, CvMat * X);
      |                            [01;31m[K^~~~~[m[K
[01m[K/home/zsj/WorkSpace/ORB2_SLAM/ORB_SLAM2_ROS2/src/orb_slam_stero/include/ORB_SLAM2/PnPsolver.h:105:39:[m[K [01;31m[Kerror: [m[Kâ€˜[01m[KCvMat[m[Kâ€™ has not been declared
  105 |   void qr_solve(CvMat * A, CvMat * b, [01;31m[KCvMat[m[K * X);
      |                                       [01;31m[K^~~~~[m[K
[01m[K/home/zsj/WorkSpace/ORB2_SLAM/ORB_SLAM2_ROS2/src/orb_slam_stero/include/ORB_SLAM2/PnPsolver.h:113:27:[m[K [01;31m[Kerror: [m[Kâ€˜[01m[KCvMat[m[Kâ€™ does not name a type
  113 |   void gauss_newton(const [01;31m[KCvMat[m[K * L_6x10, const CvMat * Rho, double current_betas[4]);
      |                           [01;31m[K^~~~~[m[K
[01m[K/home/zsj/WorkSpace/ORB2_SLAM/ORB_SLAM2_ROS2/src/orb_slam_stero/include/ORB_SLAM2/PnPsolver.h:113:49:[m[K [01;31m[Kerror: [m[Kâ€˜[01m[KCvMat[m[Kâ€™ does not name a type
  113 |   void gauss_newton(const CvMat * L_6x10, const [01;31m[KCvMat[m[K * Rho, double current_betas[4]);
      |                                                 [01;31m[K^~~~~[m[K
[01m[K/home/zsj/WorkSpace/ORB2_SLAM/ORB_SLAM2_ROS2/src/orb_slam_stero/include/ORB_SLAM2/PnPsolver.h:115:51:[m[K [01;31m[Kerror: [m[Kâ€˜[01m[KCvMat[m[Kâ€™ has not been declared
  115 |                                     double cb[4], [01;31m[KCvMat[m[K * A, CvMat * b);
      |                                                   [01;31m[K^~~~~[m[K
[01m[K/home/zsj/WorkSpace/ORB2_SLAM/ORB_SLAM2_ROS2/src/orb_slam_stero/include/ORB_SLAM2/PnPsolver.h:115:62:[m[K [01;31m[Kerror: [m[Kâ€˜[01m[KCvMat[m[Kâ€™ has not been declared
  115 |                                     double cb[4], CvMat * A, [01;31m[KCvMat[m[K * b);
      |                                                              [01;31m[K^~~~~[m[K
[01m[K/home/zsj/WorkSpace/ORB2_SLAM/ORB_SLAM2_ROS2/src/orb_slam_stero/src/ORB_SLAM2/PnPsolver.cc:[m[K In member function â€˜[01m[Kvoid ORB_SLAM2::PnPsolver::choose_control_points()[m[Kâ€™:
[01m[K/home/zsj/WorkSpace/ORB2_SLAM/ORB_SLAM2_ROS2/src/orb_slam_stero/src/ORB_SLAM2/PnPsolver.cc:388:3:[m[K [01;31m[Kerror: [m[Kâ€˜[01m[KCvMat[m[Kâ€™ was not declared in this scope
  388 |   [01;31m[KCvMat[m[K * PW0 = cvCreateMat(number_of_correspondences, 3, CV_64F);
      |   [01;31m[K^~~~~[m[K
[01m[K/home/zsj/WorkSpace/ORB2_SLAM/ORB_SLAM2_ROS2/src/orb_slam_stero/src/ORB_SLAM2/PnPsolver.cc:388:11:[m[K [01;31m[Kerror: [m[Kâ€˜[01m[KPW0[m[Kâ€™ was not declared in this scope
  388 |   CvMat * [01;31m[KPW0[m[K = cvCreateMat(number_of_correspondences, 3, CV_64F);
      |           [01;31m[K^~~[m[K
[01m[K/home/zsj/WorkSpace/ORB2_SLAM/ORB_SLAM2_ROS2/src/orb_slam_stero/src/ORB_SLAM2/PnPsolver.cc:388:17:[m[K [01;31m[Kerror: [m[Kâ€˜[01m[KcvCreateMat[m[Kâ€™ was not declared in this scope
  388 |   CvMat * PW0 = [01;31m[KcvCreateMat[m[K(number_of_correspondences, 3, CV_64F);
      |                 [01;31m[K^~~~~~~~~~~[m[K
[01m[K/home/zsj/WorkSpace/ORB2_SLAM/ORB_SLAM2_ROS2/src/orb_slam_stero/src/ORB_SLAM2/PnPsolver.cc:391:8:[m[K [01;31m[Kerror: [m[Kexpected â€˜[01m[K;[m[Kâ€™ before â€˜[01m[KPW0tPW0[m[Kâ€™
  391 |   CvMat[01;31m[K [m[K[32m[KPW0tPW0[m[K = cvMat(3, 3, CV_64F, pw0tpw0);
      |        [01;31m[K^[m[K[32m[K~~~~~~~[m[K
      |        [32m[K;[m[K
[01m[K/home/zsj/WorkSpace/ORB2_SLAM/ORB_SLAM2_ROS2/src/orb_slam_stero/src/ORB_SLAM2/PnPsolver.cc:392:8:[m[K [01;31m[Kerror: [m[Kexpected â€˜[01m[K;[m[Kâ€™ before â€˜[01m[KDC[m[Kâ€™
  392 |   CvMat[01;31m[K [m[K[32m[KDC[m[K      = cvMat(3, 1, CV_64F, dc);
      |        [01;31m[K^[m[K[32m[K~~[m[K
      |        [32m[K;[m[K
[01m[K/home/zsj/WorkSpace/ORB2_SLAM/ORB_SLAM2_ROS2/src/orb_slam_stero/src/ORB_SLAM2/PnPsolver.cc:393:8:[m[K [01;31m[Kerror: [m[Kexpected â€˜[01m[K;[m[Kâ€™ before â€˜[01m[KUCt[m[Kâ€™
  393 |   CvMat[01;31m[K [m[K[32m[KUCt[m[K     = cvMat(3, 3, CV_64F, uct);
      |        [01;31m[K^[m[K[32m[K~~~[m[K
      |        [32m[K;[m[K
[01m[K/home/zsj/WorkSpace/ORB2_SLAM/ORB_SLAM2_ROS2/src/orb_slam_stero/src/ORB_SLAM2/PnPsolver.cc:399:25:[m[K [01;31m[Kerror: [m[Kâ€˜[01m[KPW0tPW0[m[Kâ€™ was not declared in this scope; did you mean â€˜[01m[Kpw0tpw0[m[Kâ€™?
  399 |   cvMulTransposed(PW0, &[01;31m[KPW0tPW0[m[K, 1);
      |                         [01;31m[K^~~~~~~[m[K
      |                         [32m[Kpw0tpw0[m[K
[01m[K/home/zsj/WorkSpace/ORB2_SLAM/ORB_SLAM2_ROS2/src/orb_slam_stero/src/ORB_SLAM2/PnPsolver.cc:399:3:[m[K [01;31m[Kerror: [m[Kâ€˜[01m[KcvMulTransposed[m[Kâ€™ was not declared in this scope
  399 |   [01;31m[KcvMulTransposed[m[K(PW0, &PW0tPW0, 1);
      |   [01;31m[K^~~~~~~~~~~~~~~[m[K
[01m[K/home/zsj/WorkSpace/ORB2_SLAM/ORB_SLAM2_ROS2/src/orb_slam_stero/src/ORB_SLAM2/PnPsolver.cc:400:20:[m[K [01;31m[Kerror: [m[Kâ€˜[01m[KDC[m[Kâ€™ was not declared in this scope; did you mean â€˜[01m[Kdc[m[Kâ€™?
  400 |   cvSVD(&PW0tPW0, &[01;31m[KDC[m[K, &UCt, 0, CV_SVD_MODIFY_A | CV_SVD_U_T);
      |                    [01;31m[K^~[m[K
      |                    [32m[Kdc[m[K
[01m[K/home/zsj/WorkSpace/ORB2_SLAM/ORB_SLAM2_ROS2/src/orb_slam_stero/src/ORB_SLAM2/PnPsolver.cc:400:25:[m[K [01;31m[Kerror: [m[Kâ€˜[01m[KUCt[m[Kâ€™ was not declared in this scope; did you mean â€˜[01m[Kuct[m[Kâ€™?
  400 |   cvSVD(&PW0tPW0, &DC, &[01;31m[KUCt[m[K, 0, CV_SVD_MODIFY_A | CV_SVD_U_T);
      |                         [01;31m[K^~~[m[K
      |                         [32m[Kuct[m[K
[01m[K/home/zsj/WorkSpace/ORB2_SLAM/ORB_SLAM2_ROS2/src/orb_slam_stero/src/ORB_SLAM2/PnPsolver.cc:400:33:[m[K [01;31m[Kerror: [m[Kâ€˜[01m[KCV_SVD_MODIFY_A[m[Kâ€™ was not declared in this scope; did you mean â€˜[01m[KCV_HAL_SVD_MODIFY_A[m[Kâ€™?
  400 |   cvSVD(&PW0tPW0, &DC, &UCt, 0, [01;31m[KCV_SVD_MODIFY_A[m[K | CV_SVD_U_T);
      |                                 [01;31m[K^~~~~~~~~~~~~~~[m[K
      |                                 [32m[KCV_HAL_SVD_MODIFY_A[m[K
[01m[K/home/zsj/WorkSpace/ORB2_SLAM/ORB_SLAM2_ROS2/src/orb_slam_stero/src/ORB_SLAM2/PnPsolver.cc:400:51:[m[K [01;31m[Kerror: [m[Kâ€˜[01m[KCV_SVD_U_T[m[Kâ€™ was not declared in this scope
  400 |   cvSVD(&PW0tPW0, &DC, &UCt, 0, CV_SVD_MODIFY_A | [01;31m[KCV_SVD_U_T[m[K);
      |                                                   [01;31m[K^~~~~~~~~~[m[K
[01m[K/home/zsj/WorkSpace/ORB2_SLAM/ORB_SLAM2_ROS2/src/orb_slam_stero/src/ORB_SLAM2/PnPsolver.cc:400:3:[m[K [01;31m[Kerror: [m[Kâ€˜[01m[KcvSVD[m[Kâ€™ was not declared in this scope
  400 |   [01;31m[KcvSVD[m[K(&PW0tPW0, &DC, &UCt, 0, CV_SVD_MODIFY_A | CV_SVD_U_T);
      |   [01;31m[K^~~~~[m[K
[01m[K/home/zsj/WorkSpace/ORB2_SLAM/ORB_SLAM2_ROS2/src/orb_slam_stero/src/ORB_SLAM2/PnPsolver.cc:402:3:[m[K [01;31m[Kerror: [m[Kâ€˜[01m[KcvReleaseMat[m[Kâ€™ was not declared in this scope
  402 |   [01;31m[KcvReleaseMat[m[K(&PW0);
      |   [01;31m[K^~~~~~~~~~~~[m[K
[01m[K/home/zsj/WorkSpace/ORB2_SLAM/ORB_SLAM2_ROS2/src/orb_slam_stero/src/ORB_SLAM2/PnPsolver.cc:390:10:[m[K [01;35m[Kwarning: [m[Kunused variable â€˜[01m[Kpw0tpw0[m[Kâ€™ [[01;35m[K]8;;https://gcc.gnu.org/onlinedocs/gcc/Warning-Options.html#index-Wunused-variable-Wunused-variable]8;;[m[K]
  390 |   double [01;35m[Kpw0tpw0[m[K[3 * 3], dc[3], uct[3 * 3];
      |          [01;35m[K^~~~~~~[m[K
[01m[K/home/zsj/WorkSpace/ORB2_SLAM/ORB_SLAM2_ROS2/src/orb_slam_stero/src/ORB_SLAM2/PnPsolver.cc:[m[K In member function â€˜[01m[Kvoid ORB_SLAM2::PnPsolver::compute_barycentric_coordinates()[m[Kâ€™:
[01m[K/home/zsj/WorkSpace/ORB2_SLAM/ORB_SLAM2_ROS2/src/orb_slam_stero/src/ORB_SLAM2/PnPsolver.cc:414:3:[m[K [01;31m[Kerror: [m[Kâ€˜[01m[KCvMat[m[Kâ€™ was not declared in this scope
  414 |   [01;31m[KCvMat[m[K CC     = cvMat(3, 3, CV_64F, cc);
      |   [01;31m[K^~~~~[m[K
[01m[K/home/zsj/WorkSpace/ORB2_SLAM/ORB_SLAM2_ROS2/src/orb_slam_stero/src/ORB_SLAM2/PnPsolver.cc:415:8:[m[K [01;31m[Kerror: [m[Kexpected â€˜[01m[K;[m[Kâ€™ before â€˜[01m[KCC_inv[m[Kâ€™
  415 |   CvMat[01;31m[K [m[K[32m[KCC_inv[m[K = cvMat(3, 3, CV_64F, cc_inv);
      |        [01;31m[K^[m[K[32m[K~~~~~~[m[K
      |        [32m[K;[m[K
[01m[K/home/zsj/WorkSpace/ORB2_SLAM/ORB_SLAM2_ROS2/src/orb_slam_stero/src/ORB_SLAM2/PnPsolver.cc:421:13:[m[K [01;31m[Kerror: [m[Kâ€˜[01m[KCC[m[Kâ€™ was not declared in this scope; did you mean â€˜[01m[Kcc[m[Kâ€™?
  421 |   cvInvert(&[01;31m[KCC[m[K, &CC_inv, CV_SVD);
      |             [01;31m[K^~[m[K
      |             [32m[Kcc[m[K
[01m[K/home/zsj/WorkSpace/ORB2_SLAM/ORB_SLAM2_ROS2/src/orb_slam_stero/src/ORB_SLAM2/PnPsolver.cc:421:18:[m[K [01;31m[Kerror: [m[Kâ€˜[01m[KCC_inv[m[Kâ€™ was not declared in this scope; did you mean â€˜[01m[Kcc_inv[m[Kâ€™?
  421 |   cvInvert(&CC, &[01;31m[KCC_inv[m[K, CV_SVD);
      |                  [01;31m[K^~~~~~[m[K
      |                  [32m[Kcc_inv[m[K
[01m[K/home/zsj/WorkSpace/ORB2_SLAM/ORB_SLAM2_ROS2/src/orb_slam_stero/src/ORB_SLAM2/PnPsolver.cc:421:26:[m[K [01;31m[Kerror: [m[Kâ€˜[01m[KCV_SVD[m[Kâ€™ was not declared in this scope; did you mean â€˜[01m[KCV_AVX[m[Kâ€™?
  421 |   cvInvert(&CC, &CC_inv, [01;31m[KCV_SVD[m[K);
      |                          [01;31m[K^~~~~~[m[K
      |                          [32m[KCV_AVX[m[K
[01m[K/home/zsj/WorkSpace/ORB2_SLAM/ORB_SLAM2_ROS2/src/orb_slam_stero/src/ORB_SLAM2/PnPsolver.cc:421:3:[m[K [01;31m[Kerror: [m[Kâ€˜[01m[KcvInvert[m[Kâ€™ was not declared in this scope
  421 |   [01;31m[KcvInvert[m[K(&CC, &CC_inv, CV_SVD);
      |   [01;31m[K^~~~~~~~[m[K
[01m[K/home/zsj/WorkSpace/ORB2_SLAM/ORB_SLAM2_ROS2/src/orb_slam_stero/src/ORB_SLAM2/PnPsolver.cc:[m[K At global scope:
[01m[K/home/zsj/WorkSpace/ORB2_SLAM/ORB_SLAM2_ROS2/src/orb_slam_stero/src/ORB_SLAM2/PnPsolver.cc:436:6:[m[K [01;31m[Kerror: [m[Kvariable or field â€˜[01m[Kfill_M[m[Kâ€™ declared void
  436 | void [01;31m[KPnPsolver[m[K::fill_M(CvMat * M,
      |      [01;31m[K^~~~~~~~~[m[K
[01m[K/home/zsj/WorkSpace/ORB2_SLAM/ORB_SLAM2_ROS2/src/orb_slam_stero/src/ORB_SLAM2/PnPsolver.cc:436:24:[m[K [01;31m[Kerror: [m[Kâ€˜[01m[KCvMat[m[Kâ€™ was not declared in this scope
  436 | void PnPsolver::fill_M([01;31m[KCvMat[m[K * M,
      |                        [01;31m[K^~~~~[m[K
[01m[K/home/zsj/WorkSpace/ORB2_SLAM/ORB_SLAM2_ROS2/src/orb_slam_stero/src/ORB_SLAM2/PnPsolver.cc:436:32:[m[K [01;31m[Kerror: [m[Kâ€˜[01m[KM[m[Kâ€™ was not declared in this scope
  436 | void PnPsolver::fill_M(CvMat * [01;31m[KM[m[K,
      |                                [01;31m[K^[m[K
[01m[K/home/zsj/WorkSpace/ORB2_SLAM/ORB_SLAM2_ROS2/src/orb_slam_stero/src/ORB_SLAM2/PnPsolver.cc:437:19:[m[K [01;31m[Kerror: [m[Kexpected primary-expression before â€˜[01m[Kconst[m[Kâ€™
  437 |                   [01;31m[Kconst[m[K int row, const double * as, const double u, const double v)
      |                   [01;31m[K^~~~~[m[K
[01m[K/home/zsj/WorkSpace/ORB2_SLAM/ORB_SLAM2_ROS2/src/orb_slam_stero/src/ORB_SLAM2/PnPsolver.cc:437:34:[m[K [01;31m[Kerror: [m[Kexpected primary-expression before â€˜[01m[Kconst[m[Kâ€™
  437 |                   const int row, [01;31m[Kconst[m[K double * as, const double u, const double v)
      |                                  [01;31m[K^~~~~[m[K
[01m[K/home/zsj/WorkSpace/ORB2_SLAM/ORB_SLAM2_ROS2/src/orb_slam_stero/src/ORB_SLAM2/PnPsolver.cc:437:53:[m[K [01;31m[Kerror: [m[Kexpected primary-expression before â€˜[01m[Kconst[m[Kâ€™
  437 |                   const int row, const double * as, [01;31m[Kconst[m[K double u, const double v)
      |                                                     [01;31m[K^~~~~[m[K
[01m[K/home/zsj/WorkSpace/ORB2_SLAM/ORB_SLAM2_ROS2/src/orb_slam_stero/src/ORB_SLAM2/PnPsolver.cc:437:69:[m[K [01;31m[Kerror: [m[Kexpected primary-expression before â€˜[01m[Kconst[m[Kâ€™
  437 |                   const int row, const double * as, const double u, [01;31m[Kconst[m[K double v)
      |                                                                     [01;31m[K^~~~~[m[K
[01m[K/home/zsj/WorkSpace/ORB2_SLAM/ORB_SLAM2_ROS2/src/orb_slam_stero/src/ORB_SLAM2/PnPsolver.cc:[m[K In member function â€˜[01m[Kdouble ORB_SLAM2::PnPsolver::compute_pose(double (*)[3], double*)[m[Kâ€™:
[01m[K/home/zsj/WorkSpace/ORB2_SLAM/ORB_SLAM2_ROS2/src/orb_slam_stero/src/ORB_SLAM2/PnPsolver.cc:482:3:[m[K [01;31m[Kerror: [m[Kâ€˜[01m[KCvMat[m[Kâ€™ was not declared in this scope
  482 |   [01;31m[KCvMat[m[K * M = cvCreateMat(2 * number_of_correspondences, 12, CV_64F);
      |   [01;31m[K^~~~~[m[K
[01m[K/home/zsj/WorkSpace/ORB2_SLAM/ORB_SLAM2_ROS2/src/orb_slam_stero/src/ORB_SLAM2/PnPsolver.cc:482:11:[m[K [01;31m[Kerror: [m[Kâ€˜[01m[KM[m[Kâ€™ was not declared in this scope
  482 |   CvMat * [01;31m[KM[m[K = cvCreateMat(2 * number_of_correspondences, 12, CV_64F);
      |           [01;31m[K^[m[K
[01m[K/home/zsj/WorkSpace/ORB2_SLAM/ORB_SLAM2_ROS2/src/orb_slam_stero/src/ORB_SLAM2/PnPsolver.cc:482:15:[m[K [01;31m[Kerror: [m[Kâ€˜[01m[KcvCreateMat[m[Kâ€™ was not declared in this scope
  482 |   CvMat * M = [01;31m[KcvCreateMat[m[K(2 * number_of_correspondences, 12, CV_64F);
      |               [01;31m[K^~~~~~~~~~~[m[K
[01m[K/home/zsj/WorkSpace/ORB2_SLAM/ORB_SLAM2_ROS2/src/orb_slam_stero/src/ORB_SLAM2/PnPsolver.cc:488:8:[m[K [01;31m[Kerror: [m[Kexpected â€˜[01m[K;[m[Kâ€™ before â€˜[01m[KMtM[m[Kâ€™
  488 |   CvMat[01;31m[K [m[K[32m[KMtM[m[K = cvMat(12, 12, CV_64F, mtm);
      |        [01;31m[K^[m[K[32m[K~~~[m[K
      |        [32m[K;[m[K
[01m[K/home/zsj/WorkSpace/ORB2_SLAM/ORB_SLAM2_ROS2/src/orb_slam_stero/src/ORB_SLAM2/PnPsolver.cc:489:8:[m[K [01;31m[Kerror: [m[Kexpected â€˜[01m[K;[m[Kâ€™ before â€˜[01m[KD[m[Kâ€™
  489 |   CvMat[01;31m[K [m[K[32m[KD[m[K   = cvMat(12,  1, CV_64F, d);
      |        [01;31m[K^[m[K[32m[K~[m[K
      |        [32m[K;[m[K
[01m[K/home/zsj/WorkSpace/ORB2_SLAM/ORB_SLAM2_ROS2/src/orb_slam_stero/src/ORB_SLAM2/PnPsolver.cc:490:8:[m[K [01;31m[Kerror: [m[Kexpected â€˜[01m[K;[m[Kâ€™ before â€˜[01m[KUt[m[Kâ€™
  490 |   CvMat[01;31m[K [m[K[32m[KUt[m[K  = cvMat(12, 12, CV_64F, ut);
      |        [01;31m[K^[m[K[32m[K~~[m[K
      |        [32m[K;[m[K
[01m[K/home/zsj/WorkSpace/ORB2_SLAM/ORB_SLAM2_ROS2/src/orb_slam_stero/src/ORB_SLAM2/PnPsolver.cc:492:23:[m[K [01;31m[Kerror: [m[Kâ€˜[01m[KMtM[m[Kâ€™ was not declared in this scope; did you mean â€˜[01m[Kmtm[m[Kâ€™?
  492 |   cvMulTransposed(M, &[01;31m[KMtM[m[K, 1);
      |                       [01;31m[K^~~[m[K
      |                       [32m[Kmtm[m[K
[01m[K/home/zsj/WorkSpace/ORB2_SLAM/ORB_SLAM2_ROS2/src/orb_slam_stero/src/ORB_SLAM2/PnPsolver.cc:492:3:[m[K [01;31m[Kerror: [m[Kâ€˜[01m[KcvMulTransposed[m[Kâ€™ was not declared in this scope
  492 |   [01;31m[KcvMulTransposed[m[K(M, &MtM, 1);
      |   [01;31m[K^~~~~~~~~~~~~~~[m[K
[01m[K/home/zsj/WorkSpace/ORB2_SLAM/ORB_SLAM2_ROS2/src/orb_slam_stero/src/ORB_SLAM2/PnPsolver.cc:493:16:[m[K [01;31m[Kerror: [m[Kâ€˜[01m[KD[m[Kâ€™ was not declared in this scope
  493 |   cvSVD(&MtM, &[01;31m[KD[m[K, &Ut, 0, CV_SVD_MODIFY_A | CV_SVD_U_T);
      |                [01;31m[K^[m[K
[01m[K/home/zsj/WorkSpace/ORB2_SLAM/ORB_SLAM2_ROS2/src/orb_slam_stero/src/ORB_SLAM2/PnPsolver.cc:493:20:[m[K [01;31m[Kerror: [m[Kâ€˜[01m[KUt[m[Kâ€™ was not declared in this scope; did you mean â€˜[01m[Kut[m[Kâ€™?
  493 |   cvSVD(&MtM, &D, &[01;31m[KUt[m[K, 0, CV_SVD_MODIFY_A | CV_SVD_U_T);
      |                    [01;31m[K^~[m[K
      |                    [32m[Kut[m[K
[01m[K/home/zsj/WorkSpace/ORB2_SLAM/ORB_SLAM2_ROS2/src/orb_slam_stero/src/ORB_SLAM2/PnPsolver.cc:493:27:[m[K [01;31m[Kerror: [m[Kâ€˜[01m[KCV_SVD_MODIFY_A[m[Kâ€™ was not declared in this scope; did you mean â€˜[01m[KCV_HAL_SVD_MODIFY_A[m[Kâ€™?
  493 |   cvSVD(&MtM, &D, &Ut, 0, [01;31m[KCV_SVD_MODIFY_A[m[K | CV_SVD_U_T);
      |                           [01;31m[K^~~~~~~~~~~~~~~[m[K
      |                           [32m[KCV_HAL_SVD_MODIFY_A[m[K
[01m[K/home/zsj/WorkSpace/ORB2_SLAM/ORB_SLAM2_ROS2/src/orb_slam_stero/src/ORB_SLAM2/PnPsolver.cc:493:45:[m[K [01;31m[Kerror: [m[Kâ€˜[01m[KCV_SVD_U_T[m[Kâ€™ was not declared in this scope
  493 |   cvSVD(&MtM, &D, &Ut, 0, CV_SVD_MODIFY_A | [01;31m[KCV_SVD_U_T[m[K);
      |                                             [01;31m[K^~~~~~~~~~[m[K
[01m[K/home/zsj/WorkSpace/ORB2_SLAM/ORB_SLAM2_ROS2/src/orb_slam_stero/src/ORB_SLAM2/PnPsolver.cc:493:3:[m[K [01;31m[Kerror: [m[Kâ€˜[01m[KcvSVD[m[Kâ€™ was not declared in this scope
  493 |   [01;31m[KcvSVD[m[K(&MtM, &D, &Ut, 0, CV_SVD_MODIFY_A | CV_SVD_U_T);
      |   [01;31m[K^~~~~[m[K
[01m[K/home/zsj/WorkSpace/ORB2_SLAM/ORB_SLAM2_ROS2/src/orb_slam_stero/src/ORB_SLAM2/PnPsolver.cc:494:3:[m[K [01;31m[Kerror: [m[Kâ€˜[01m[KcvReleaseMat[m[Kâ€™ was not declared in this scope
  494 |   [01;31m[KcvReleaseMat[m[K(&M);
      |   [01;31m[K^~~~~~~~~~~~[m[K
[01m[K/home/zsj/WorkSpace/ORB2_SLAM/ORB_SLAM2_ROS2/src/orb_slam_stero/src/ORB_SLAM2/PnPsolver.cc:497:8:[m[K [01;31m[Kerror: [m[Kexpected â€˜[01m[K;[m[Kâ€™ before â€˜[01m[KL_6x10[m[Kâ€™
  497 |   CvMat[01;31m[K [m[K[32m[KL_6x10[m[K = cvMat(6, 10, CV_64F, l_6x10);
      |        [01;31m[K^[m[K[32m[K~~~~~~[m[K
      |        [32m[K;[m[K
[01m[K/home/zsj/WorkSpace/ORB2_SLAM/ORB_SLAM2_ROS2/src/orb_slam_stero/src/ORB_SLAM2/PnPsolver.cc:498:8:[m[K [01;31m[Kerror: [m[Kexpected â€˜[01m[K;[m[Kâ€™ before â€˜[01m[KRho[m[Kâ€™
  498 |   CvMat[01;31m[K [m[K[32m[KRho[m[K    = cvMat(6,  1, CV_64F, rho);
      |        [01;31m[K^[m[K[32m[K~~~[m[K
      |        [32m[K;[m[K
[01m[K/home/zsj/WorkSpace/ORB2_SLAM/ORB_SLAM2_ROS2/src/orb_slam_stero/src/ORB_SLAM2/PnPsolver.cc:506:24:[m[K [01;31m[Kerror: [m[Kâ€˜[01m[KL_6x10[m[Kâ€™ was not declared in this scope; did you mean â€˜[01m[Kl_6x10[m[Kâ€™?
  506 |   find_betas_approx_1(&[01;31m[KL_6x10[m[K, &Rho, Betas[1]);
      |                        [01;31m[K^~~~~~[m[K
      |                        [32m[Kl_6x10[m[K
[01m[K/home/zsj/WorkSpace/ORB2_SLAM/ORB_SLAM2_ROS2/src/orb_slam_stero/src/ORB_SLAM2/PnPsolver.cc:506:33:[m[K [01;31m[Kerror: [m[Kâ€˜[01m[KRho[m[Kâ€™ was not declared in this scope; did you mean â€˜[01m[Krho[m[Kâ€™?
  506 |   find_betas_approx_1(&L_6x10, &[01;31m[KRho[m[K, Betas[1]);
      |                                 [01;31m[K^~~[m[K
      |                                 [32m[Krho[m[K
[01m[K/home/zsj/WorkSpace/ORB2_SLAM/ORB_SLAM2_ROS2/src/orb_slam_stero/src/ORB_SLAM2/PnPsolver.cc:487:10:[m[K [01;35m[Kwarning: [m[Kunused variable â€˜[01m[Kmtm[m[Kâ€™ [[01;35m[K]8;;https://gcc.gnu.org/onlinedocs/gcc/Warning-Options.html#index-Wunused-variable-Wunused-variable]8;;[m[K]
  487 |   double [01;35m[Kmtm[m[K[12 * 12], d[12], ut[12 * 12];
      |          [01;35m[K^~~[m[K
[01m[K/home/zsj/WorkSpace/ORB2_SLAM/ORB_SLAM2_ROS2/src/orb_slam_stero/src/ORB_SLAM2/PnPsolver.cc:487:24:[m[K [01;35m[Kwarning: [m[Kunused variable â€˜[01m[Kd[m[Kâ€™ [[01;35m[K]8;;https://gcc.gnu.org/onlinedocs/gcc/Warning-Options.html#index-Wunused-variable-Wunused-variable]8;;[m[K]
  487 |   double mtm[12 * 12], [01;35m[Kd[m[K[12], ut[12 * 12];
      |                        [01;35m[K^[m[K
[01m[K/home/zsj/WorkSpace/ORB2_SLAM/ORB_SLAM2_ROS2/src/orb_slam_stero/src/ORB_SLAM2/PnPsolver.cc:[m[K In member function â€˜[01m[Kvoid ORB_SLAM2::PnPsolver::estimate_R_and_t(double (*)[3], double*)[m[Kâ€™:
[01m[K/home/zsj/WorkSpace/ORB2_SLAM/ORB_SLAM2_ROS2/src/orb_slam_stero/src/ORB_SLAM2/PnPsolver.cc:591:3:[m[K [01;31m[Kerror: [m[Kâ€˜[01m[KCvMat[m[Kâ€™ was not declared in this scope
  591 |   [01;31m[KCvMat[m[K ABt   = cvMat(3, 3, CV_64F, abt);
      |   [01;31m[K^~~~~[m[K
[01m[K/home/zsj/WorkSpace/ORB2_SLAM/ORB_SLAM2_ROS2/src/orb_slam_stero/src/ORB_SLAM2/PnPsolver.cc:592:8:[m[K [01;31m[Kerror: [m[Kexpected â€˜[01m[K;[m[Kâ€™ before â€˜[01m[KABt_D[m[Kâ€™
  592 |   CvMat[01;31m[K [m[K[32m[KABt_D[m[K = cvMat(3, 1, CV_64F, abt_d);
      |        [01;31m[K^[m[K[32m[K~~~~~[m[K
      |        [32m[K;[m[K
[01m[K/home/zsj/WorkSpace/ORB2_SLAM/ORB_SLAM2_ROS2/src/orb_slam_stero/src/ORB_SLAM2/PnPsolver.cc:593:8:[m[K [01;31m[Kerror: [m[Kexpected â€˜[01m[K;[m[Kâ€™ before â€˜[01m[KABt_U[m[Kâ€™
  593 |   CvMat[01;31m[K [m[K[32m[KABt_U[m[K = cvMat(3, 3, CV_64F, abt_u);
      |        [01;31m[K^[m[K[32m[K~~~~~[m[K
      |        [32m[K;[m[K
[01m[K/home/zsj/WorkSpace/ORB2_SLAM/ORB_SLAM2_ROS2/src/orb_slam_stero/src/ORB_SLAM2/PnPsolver.cc:594:8:[m[K [01;31m[Kerror: [m[Kexpected â€˜[01m[K;[m[Kâ€™ before â€˜[01m[KABt_V[m[Kâ€™
  594 |   CvMat[01;31m[K [m[K[32m[KABt_V[m[K = cvMat(3, 3, CV_64F, abt_v);
      |        [01;31m[K^[m[K[32m[K~~~~~[m[K
      |        [32m[K;[m[K
[01m[K/home/zsj/WorkSpace/ORB2_SLAM/ORB_SLAM2_ROS2/src/orb_slam_stero/src/ORB_SLAM2/PnPsolver.cc:596:14:[m[K [01;31m[Kerror: [m[Kâ€˜[01m[KABt[m[Kâ€™ was not declared in this scope; did you mean â€˜[01m[Kabt[m[Kâ€™?
  596 |   cvSetZero(&[01;31m[KABt[m[K);
      |              [01;31m[K^~~[m[K
      |              [32m[Kabt[m[K
[01m[K/home/zsj/WorkSpace/ORB2_SLAM/ORB_SLAM2_ROS2/src/orb_slam_stero/src/ORB_SLAM2/PnPsolver.cc:596:3:[m[K [01;31m[Kerror: [m[Kâ€˜[01m[KcvSetZero[m[Kâ€™ was not declared in this scope
  596 |   [01;31m[KcvSetZero[m[K(&ABt);
      |   [01;31m[K^~~~~~~~~[m[K
[01m[K/home/zsj/WorkSpace/ORB2_SLAM/ORB_SLAM2_ROS2/src/orb_slam_stero/src/ORB_SLAM2/PnPsolver.cc:608:16:[m[K [01;31m[Kerror: [m[Kâ€˜[01m[KABt_D[m[Kâ€™ was not declared in this scope
  608 |   cvSVD(&ABt, &[01;31m[KABt_D[m[K, &ABt_U, &ABt_V, CV_SVD_MODIFY_A);
      |                [01;31m[K^~~~~[m[K
[01m[K/home/zsj/WorkSpace/ORB2_SLAM/ORB_SLAM2_ROS2/src/orb_slam_stero/src/ORB_SLAM2/PnPsolver.cc:608:24:[m[K [01;31m[Kerror: [m[Kâ€˜[01m[KABt_U[m[Kâ€™ was not declared in this scope
  608 |   cvSVD(&ABt, &ABt_D, &[01;31m[KABt_U[m[K, &ABt_V, CV_SVD_MODIFY_A);
      |                        [01;31m[K^~~~~[m[K
[01m[K/home/zsj/WorkSpace/ORB2_SLAM/ORB_SLAM2_ROS2/src/orb_slam_stero/src/ORB_SLAM2/PnPsolver.cc:608:32:[m[K [01;31m[Kerror: [m[Kâ€˜[01m[KABt_V[m[Kâ€™ was not declared in this scope
  608 |   cvSVD(&ABt, &ABt_D, &ABt_U, &[01;31m[KABt_V[m[K, CV_SVD_MODIFY_A);
      |                                [01;31m[K^~~~~[m[K
[01m[K/home/zsj/WorkSpace/ORB2_SLAM/ORB_SLAM2_ROS2/src/orb_slam_stero/src/ORB_SLAM2/PnPsolver.cc:608:39:[m[K [01;31m[Kerror: [m[Kâ€˜[01m[KCV_SVD_MODIFY_A[m[Kâ€™ was not declared in this scope; did you mean â€˜[01m[KCV_HAL_SVD_MODIFY_A[m[Kâ€™?
  608 |   cvSVD(&ABt, &ABt_D, &ABt_U, &ABt_V, [01;31m[KCV_SVD_MODIFY_A[m[K);
      |                                       [01;31m[K^~~~~~~~~~~~~~~[m[K
      |                                       [32m[KCV_HAL_SVD_MODIFY_A[m[K
[01m[K/home/zsj/WorkSpace/ORB2_SLAM/ORB_SLAM2_ROS2/src/orb_slam_stero/src/ORB_SLAM2/PnPsolver.cc:608:3:[m[K [01;31m[Kerror: [m[Kâ€˜[01m[KcvSVD[m[Kâ€™ was not declared in this scope
  608 |   [01;31m[KcvSVD[m[K(&ABt, &ABt_D, &ABt_U, &ABt_V, CV_SVD_MODIFY_A);
      |   [01;31m[K^~~~~[m[K
[01m[K/home/zsj/WorkSpace/ORB2_SLAM/ORB_SLAM2_ROS2/src/orb_slam_stero/src/ORB_SLAM2/PnPsolver.cc:590:22:[m[K [01;35m[Kwarning: [m[Kunused variable â€˜[01m[Kabt_d[m[Kâ€™ [[01;35m[K]8;;https://gcc.gnu.org/onlinedocs/gcc/Warning-Options.html#index-Wunused-variable-Wunused-variable]8;;[m[K]
  590 |   double abt[3 * 3], [01;35m[Kabt_d[m[K[3], abt_u[3 * 3], abt_v[3 * 3];
      |                      [01;35m[K^~~~~[m[K
[01m[K/home/zsj/WorkSpace/ORB2_SLAM/ORB_SLAM2_ROS2/src/orb_slam_stero/src/ORB_SLAM2/PnPsolver.cc:[m[K At global scope:
[01m[K/home/zsj/WorkSpace/ORB2_SLAM/ORB_SLAM2_ROS2/src/orb_slam_stero/src/ORB_SLAM2/PnPsolver.cc:667:43:[m[K [01;31m[Kerror: [m[Kâ€˜[01m[KCvMat[m[Kâ€™ does not name a type
  667 | void PnPsolver::find_betas_approx_1(const [01;31m[KCvMat[m[K * L_6x10, const CvMat * Rho,
      |                                           [01;31m[K^~~~~[m[K
[01m[K/home/zsj/WorkSpace/ORB2_SLAM/ORB_SLAM2_ROS2/src/orb_slam_stero/src/ORB_SLAM2/PnPsolver.cc:667:65:[m[K [01;31m[Kerror: [m[Kâ€˜[01m[KCvMat[m[Kâ€™ does not name a type
  667 | void PnPsolver::find_betas_approx_1(const CvMat * L_6x10, const [01;31m[KCvMat[m[K * Rho,
      |                                                                 [01;31m[K^~~~~[m[K
[01m[K/home/zsj/WorkSpace/ORB2_SLAM/ORB_SLAM2_ROS2/src/orb_slam_stero/src/ORB_SLAM2/PnPsolver.cc:[m[K In member function â€˜[01m[Kvoid ORB_SLAM2::PnPsolver::find_betas_approx_1(const int*, const int*, double*)[m[Kâ€™:
[01m[K/home/zsj/WorkSpace/ORB2_SLAM/ORB_SLAM2_ROS2/src/orb_slam_stero/src/ORB_SLAM2/PnPsolver.cc:671:3:[m[K [01;31m[Kerror: [m[Kâ€˜[01m[KCvMat[m[Kâ€™ was not declared in this scope
  671 |   [01;31m[KCvMat[m[K L_6x4 = cvMat(6, 4, CV_64F, l_6x4);
      |   [01;31m[K^~~~~[m[K
[01m[K/home/zsj/WorkSpace/ORB2_SLAM/ORB_SLAM2_ROS2/src/orb_slam_stero/src/ORB_SLAM2/PnPsolver.cc:672:8:[m[K [01;31m[Kerror: [m[Kexpected â€˜[01m[K;[m[Kâ€™ before â€˜[01m[KB4[m[Kâ€™
  672 |   CvMat[01;31m[K [m[K[32m[KB4[m[K    = cvMat(4, 1, CV_64F, b4);
      |        [01;31m[K^[m[K[32m[K~~[m[K
      |        [32m[K;[m[K
[01m[K/home/zsj/WorkSpace/ORB2_SLAM/ORB_SLAM2_ROS2/src/orb_slam_stero/src/ORB_SLAM2/PnPsolver.cc:675:13:[m[K [01;31m[Kerror: [m[Kâ€˜[01m[KL_6x4[m[Kâ€™ was not declared in this scope; did you mean â€˜[01m[Kl_6x4[m[Kâ€™?
  675 |     cvmSet(&[01;31m[KL_6x4[m[K, i, 0, cvmGet(L_6x10, i, 0));
      |             [01;31m[K^~~~~[m[K
      |             [32m[Kl_6x4[m[K
[01m[K/home/zsj/WorkSpace/ORB2_SLAM/ORB_SLAM2_ROS2/src/orb_slam_stero/src/ORB_SLAM2/PnPsolver.cc:675:26:[m[K [01;31m[Kerror: [m[Kâ€˜[01m[KcvmGet[m[Kâ€™ was not declared in this scope
  675 |     cvmSet(&L_6x4, i, 0, [01;31m[KcvmGet[m[K(L_6x10, i, 0));
      |                          [01;31m[K^~~~~~[m[K
[01m[K/home/zsj/WorkSpace/ORB2_SLAM/ORB_SLAM2_ROS2/src/orb_slam_stero/src/ORB_SLAM2/PnPsolver.cc:675:5:[m[K [01;31m[Kerror: [m[Kâ€˜[01m[KcvmSet[m[Kâ€™ was not declared in this scope
  675 |     [01;31m[KcvmSet[m[K(&L_6x4, i, 0, cvmGet(L_6x10, i, 0));
      |     [01;31m[K^~~~~~[m[K
[01m[K/home/zsj/WorkSpace/ORB2_SLAM/ORB_SLAM2_ROS2/src/orb_slam_stero/src/ORB_SLAM2/PnPsolver.cc:681:12:[m[K [01;31m[Kerror: [m[Kâ€˜[01m[KL_6x4[m[Kâ€™ was not declared in this scope; did you mean â€˜[01m[Kl_6x4[m[Kâ€™?
  681 |   cvSolve(&[01;31m[KL_6x4[m[K, Rho, &B4, CV_SVD);
      |            [01;31m[K^~~~~[m[K
      |            [32m[Kl_6x4[m[K
[01m[K/home/zsj/WorkSpace/ORB2_SLAM/ORB_SLAM2_ROS2/src/orb_slam_stero/src/ORB_SLAM2/PnPsolver.cc:681:25:[m[K [01;31m[Kerror: [m[Kâ€˜[01m[KB4[m[Kâ€™ was not declared in this scope; did you mean â€˜[01m[Kb4[m[Kâ€™?
  681 |   cvSolve(&L_6x4, Rho, &[01;31m[KB4[m[K, CV_SVD);
      |                         [01;31m[K^~[m[K
      |                         [32m[Kb4[m[K
[01m[K/home/zsj/WorkSpace/ORB2_SLAM/ORB_SLAM2_ROS2/src/orb_slam_stero/src/ORB_SLAM2/PnPsolver.cc:681:29:[m[K [01;31m[Kerror: [m[Kâ€˜[01m[KCV_SVD[m[Kâ€™ was not declared in this scope; did you mean â€˜[01m[KCV_AVX[m[Kâ€™?
  681 |   cvSolve(&L_6x4, Rho, &B4, [01;31m[KCV_SVD[m[K);
      |                             [01;31m[K^~~~~~[m[K
      |                             [32m[KCV_AVX[m[K
[01m[K/home/zsj/WorkSpace/ORB2_SLAM/ORB_SLAM2_ROS2/src/orb_slam_stero/src/ORB_SLAM2/PnPsolver.cc:681:3:[m[K [01;31m[Kerror: [m[Kâ€˜[01m[KcvSolve[m[Kâ€™ was not declared in this scope
  681 |   [01;31m[KcvSolve[m[K(&L_6x4, Rho, &B4, CV_SVD);
      |   [01;31m[K^~~~~~~[m[K
[01m[K/home/zsj/WorkSpace/ORB2_SLAM/ORB_SLAM2_ROS2/src/orb_slam_stero/src/ORB_SLAM2/PnPsolver.cc:670:10:[m[K [01;35m[Kwarning: [m[Kunused variable â€˜[01m[Kl_6x4[m[Kâ€™ [[01;35m[K]8;;https://gcc.gnu.org/onlinedocs/gcc/Warning-Options.html#index-Wunused-variable-Wunused-variable]8;;[m[K]
  670 |   double [01;35m[Kl_6x4[m[K[6 * 4], b4[4];
      |          [01;35m[K^~~~~[m[K
[01m[K/home/zsj/WorkSpace/ORB2_SLAM/ORB_SLAM2_ROS2/src/orb_slam_stero/src/ORB_SLAM2/PnPsolver.cc:[m[K At global scope:
[01m[K/home/zsj/WorkSpace/ORB2_SLAM/ORB_SLAM2_ROS2/src/orb_slam_stero/src/ORB_SLAM2/PnPsolver.cc:699:43:[m[K [01;31m[Kerror: [m[Kâ€˜[01m[KCvMat[m[Kâ€™ does not name a type
  699 | void PnPsolver::find_betas_approx_2(const [01;31m[KCvMat[m[K * L_6x10, const CvMat * Rho,
      |                                           [01;31m[K^~~~~[m[K
[01m[K/home/zsj/WorkSpace/ORB2_SLAM/ORB_SLAM2_ROS2/src/orb_slam_stero/src/ORB_SLAM2/PnPsolver.cc:699:65:[m[K [01;31m[Kerror: [m[Kâ€˜[01m[KCvMat[m[Kâ€™ does not name a type
  699 | void PnPsolver::find_betas_approx_2(const CvMat * L_6x10, const [01;31m[KCvMat[m[K * Rho,
      |                                                                 [01;31m[K^~~~~[m[K
[01m[K/home/zsj/WorkSpace/ORB2_SLAM/ORB_SLAM2_ROS2/src/orb_slam_stero/src/ORB_SLAM2/PnPsolver.cc:[m[K In member function â€˜[01m[Kvoid ORB_SLAM2::PnPsolver::find_betas_approx_2(const int*, const int*, double*)[m[Kâ€™:
[01m[K/home/zsj/WorkSpace/ORB2_SLAM/ORB_SLAM2_ROS2/src/orb_slam_stero/src/ORB_SLAM2/PnPsolver.cc:703:3:[m[K [01;31m[Kerror: [m[Kâ€˜[01m[KCvMat[m[Kâ€™ was not declared in this scope
  703 |   [01;31m[KCvMat[m[K L_6x3  = cvMat(6, 3, CV_64F, l_6x3);
      |   [01;31m[K^~~~~[m[K
[01m[K/home/zsj/WorkSpace/ORB2_SLAM/ORB_SLAM2_ROS2/src/orb_slam_stero/src/ORB_SLAM2/PnPsolver.cc:704:8:[m[K [01;31m[Kerror: [m[Kexpected â€˜[01m[K;[m[Kâ€™ before â€˜[01m[KB3[m[Kâ€™
  704 |   CvMat[01;31m[K [m[K[32m[KB3[m[K     = cvMat(3, 1, CV_64F, b3);
      |        [01;31m[K^[m[K[32m[K~~[m[K
      |        [32m[K;[m[K
[01m[K/home/zsj/WorkSpace/ORB2_SLAM/ORB_SLAM2_ROS2/src/orb_slam_stero/src/ORB_SLAM2/PnPsolver.cc:707:13:[m[K [01;31m[Kerror: [m[Kâ€˜[01m[KL_6x3[m[Kâ€™ was not declared in this scope; did you mean â€˜[01m[Kl_6x3[m[Kâ€™?
  707 |     cvmSet(&[01;31m[KL_6x3[m[K, i, 0, cvmGet(L_6x10, i, 0));
      |             [01;31m[K^~~~~[m[K
      |             [32m[Kl_6x3[m[K
[01m[K/home/zsj/WorkSpace/ORB2_SLAM/ORB_SLAM2_ROS2/src/orb_slam_stero/src/ORB_SLAM2/PnPsolver.cc:707:26:[m[K [01;31m[Kerror: [m[Kâ€˜[01m[KcvmGet[m[Kâ€™ was not declared in this scope
  707 |     cvmSet(&L_6x3, i, 0, [01;31m[KcvmGet[m[K(L_6x10, i, 0));
      |                          [01;31m[K^~~~~~[m[K
[01m[K/home/zsj/WorkSpace/ORB2_SLAM/ORB_SLAM2_ROS2/src/orb_slam_stero/src/ORB_SLAM2/PnPsolver.cc:707:5:[m[K [01;31m[Kerror: [m[Kâ€˜[01m[KcvmSet[m[Kâ€™ was not declared in this scope
  707 |     [01;31m[KcvmSet[m[K(&L_6x3, i, 0, cvmGet(L_6x10, i, 0));
      |     [01;31m[K^~~~~~[m[K
[01m[K/home/zsj/WorkSpace/ORB2_SLAM/ORB_SLAM2_ROS2/src/orb_slam_stero/src/ORB_SLAM2/PnPsolver.cc:712:12:[m[K [01;31m[Kerror: [m[Kâ€˜[01m[KL_6x3[m[Kâ€™ was not declared in this scope; did you mean â€˜[01m[Kl_6x3[m[Kâ€™?
  712 |   cvSolve(&[01;31m[KL_6x3[m[K, Rho, &B3, CV_SVD);
      |            [01;31m[K^~~~~[m[K
      |            [32m[Kl_6x3[m[K
[01m[K/home/zsj/WorkSpace/ORB2_SLAM/ORB_SLAM2_ROS2/src/orb_slam_stero/src/ORB_SLAM2/PnPsolver.cc:712:25:[m[K [01;31m[Kerror: [m[Kâ€˜[01m[KB3[m[Kâ€™ was not declared in this scope; did you mean â€˜[01m[Kb3[m[Kâ€™?
  712 |   cvSolve(&L_6x3, Rho, &[01;31m[KB3[m[K, CV_SVD);
      |                         [01;31m[K^~[m[K
      |                         [32m[Kb3[m[K
[01m[K/home/zsj/WorkSpace/ORB2_SLAM/ORB_SLAM2_ROS2/src/orb_slam_stero/src/ORB_SLAM2/PnPsolver.cc:712:29:[m[K [01;31m[Kerror: [m[Kâ€˜[01m[KCV_SVD[m[Kâ€™ was not declared in this scope; did you mean â€˜[01m[KCV_AVX[m[Kâ€™?
  712 |   cvSolve(&L_6x3, Rho, &B3, [01;31m[KCV_SVD[m[K);
      |                             [01;31m[K^~~~~~[m[K
      |                             [32m[KCV_AVX[m[K
[01m[K/home/zsj/WorkSpace/ORB2_SLAM/ORB_SLAM2_ROS2/src/orb_slam_stero/src/ORB_SLAM2/PnPsolver.cc:712:3:[m[K [01;31m[Kerror: [m[Kâ€˜[01m[KcvSolve[m[Kâ€™ was not declared in this scope
  712 |   [01;31m[KcvSolve[m[K(&L_6x3, Rho, &B3, CV_SVD);
      |   [01;31m[K^~~~~~~[m[K
[01m[K/home/zsj/WorkSpace/ORB2_SLAM/ORB_SLAM2_ROS2/src/orb_slam_stero/src/ORB_SLAM2/PnPsolver.cc:702:10:[m[K [01;35m[Kwarning: [m[Kunused variable â€˜[01m[Kl_6x3[m[Kâ€™ [[01;35m[K]8;;https://gcc.gnu.org/onlinedocs/gcc/Warning-Options.html#index-Wunused-variable-Wunused-variable]8;;[m[K]
  702 |   double [01;35m[Kl_6x3[m[K[6 * 3], b3[3];
      |          [01;35m[K^~~~~[m[K
[01m[K/home/zsj/WorkSpace/ORB2_SLAM/ORB_SLAM2_ROS2/src/orb_slam_stero/src/ORB_SLAM2/PnPsolver.cc:[m[K At global scope:
[01m[K/home/zsj/WorkSpace/ORB2_SLAM/ORB_SLAM2_ROS2/src/orb_slam_stero/src/ORB_SLAM2/PnPsolver.cc:731:43:[m[K [01;31m[Kerror: [m[Kâ€˜[01m[KCvMat[m[Kâ€™ does not name a type
  731 | void PnPsolver::find_betas_approx_3(const [01;31m[KCvMat[m[K * L_6x10, const CvMat * Rho,
      |                                           [01;31m[K^~~~~[m[K
[01m[K/home/zsj/WorkSpace/ORB2_SLAM/ORB_SLAM2_ROS2/src/orb_slam_stero/src/ORB_SLAM2/PnPsolver.cc:731:65:[m[K [01;31m[Kerror: [m[Kâ€˜[01m[KCvMat[m[Kâ€™ does not name a type
  731 | void PnPsolver::find_betas_approx_3(const CvMat * L_6x10, const [01;31m[KCvMat[m[K * Rho,
      |                                                                 [01;31m[K^~~~~[m[K
[01m[K/home/zsj/WorkSpace/ORB2_SLAM/ORB_SLAM2_ROS2/src/orb_slam_stero/src/ORB_SLAM2/PnPsolver.cc:[m[K In member function â€˜[01m[Kvoid ORB_SLAM2::PnPsolver::find_betas_approx_3(const int*, const int*, double*)[m[Kâ€™:
[01m[K/home/zsj/WorkSpace/ORB2_SLAM/ORB_SLAM2_ROS2/src/orb_slam_stero/src/ORB_SLAM2/PnPsolver.cc:735:3:[m[K [01;31m[Kerror: [m[Kâ€˜[01m[KCvMat[m[Kâ€™ was not declared in this scope
  735 |   [01;31m[KCvMat[m[K L_6x5 = cvMat(6, 5, CV_64F, l_6x5);
      |   [01;31m[K^~~~~[m[K
[01m[K/home/zsj/WorkSpace/ORB2_SLAM/ORB_SLAM2_ROS2/src/orb_slam_stero/src/ORB_SLAM2/PnPsolver.cc:736:8:[m[K [01;31m[Kerror: [m[Kexpected â€˜[01m[K;[m[Kâ€™ before â€˜[01m[KB5[m[Kâ€™
  736 |   CvMat[01;31m[K [m[K[32m[KB5[m[K    = cvMat(5, 1, CV_64F, b5);
      |        [01;31m[K^[m[K[32m[K~~[m[K
      |        [32m[K;[m[K
[01m[K/home/zsj/WorkSpace/ORB2_SLAM/ORB_SLAM2_ROS2/src/orb_slam_stero/src/ORB_SLAM2/PnPsolver.cc:739:13:[m[K [01;31m[Kerror: [m[Kâ€˜[01m[KL_6x5[m[Kâ€™ was not declared in this scope; did you mean â€˜[01m[Kl_6x5[m[Kâ€™?
  739 |     cvmSet(&[01;31m[KL_6x5[m[K, i, 0, cvmGet(L_6x10, i, 0));
      |             [01;31m[K^~~~~[m[K
      |             [32m[Kl_6x5[m[K
[01m[K/home/zsj/WorkSpace/ORB2_SLAM/ORB_SLAM2_ROS2/src/orb_slam_stero/src/ORB_SLAM2/PnPsolver.cc:739:26:[m[K [01;31m[Kerror: [m[Kâ€˜[01m[KcvmGet[m[Kâ€™ was not declared in this scope
  739 |     cvmSet(&L_6x5, i, 0, [01;31m[KcvmGet[m[K(L_6x10, i, 0));
      |                          [01;31m[K^~~~~~[m[K
[01m[K/home/zsj/WorkSpace/ORB2_SLAM/ORB_SLAM2_ROS2/src/orb_slam_stero/src/ORB_SLAM2/PnPsolver.cc:739:5:[m[K [01;31m[Kerror: [m[Kâ€˜[01m[KcvmSet[m[Kâ€™ was not declared in this scope
  739 |     [01;31m[KcvmSet[m[K(&L_6x5, i, 0, cvmGet(L_6x10, i, 0));
      |     [01;31m[K^~~~~~[m[K
[01m[K/home/zsj/WorkSpace/ORB2_SLAM/ORB_SLAM2_ROS2/src/orb_slam_stero/src/ORB_SLAM2/PnPsolver.cc:746:12:[m[K [01;31m[Kerror: [m[Kâ€˜[01m[KL_6x5[m[Kâ€™ was not declared in this scope; did you mean â€˜[01m[Kl_6x5[m[Kâ€™?
  746 |   cvSolve(&[01;31m[KL_6x5[m[K, Rho, &B5, CV_SVD);
      |            [01;31m[K^~~~~[m[K
      |            [32m[Kl_6x5[m[K
[01m[K/home/zsj/WorkSpace/ORB2_SLAM/ORB_SLAM2_ROS2/src/orb_slam_stero/src/ORB_SLAM2/PnPsolver.cc:746:25:[m[K [01;31m[Kerror: [m[Kâ€˜[01m[KB5[m[Kâ€™ was not declared in this scope; did you mean â€˜[01m[Kb5[m[Kâ€™?
  746 |   cvSolve(&L_6x5, Rho, &[01;31m[KB5[m[K, CV_SVD);
      |                         [01;31m[K^~[m[K
      |                         [32m[Kb5[m[K
[01m[K/home/zsj/WorkSpace/ORB2_SLAM/ORB_SLAM2_ROS2/src/orb_slam_stero/src/ORB_SLAM2/PnPsolver.cc:746:29:[m[K [01;31m[Kerror: [m[Kâ€˜[01m[KCV_SVD[m[Kâ€™ was not declared in this scope; did you mean â€˜[01m[KCV_AVX[m[Kâ€™?
  746 |   cvSolve(&L_6x5, Rho, &B5, [01;31m[KCV_SVD[m[K);
      |                             [01;31m[K^~~~~~[m[K
      |                             [32m[KCV_AVX[m[K
[01m[K/home/zsj/WorkSpace/ORB2_SLAM/ORB_SLAM2_ROS2/src/orb_slam_stero/src/ORB_SLAM2/PnPsolver.cc:746:3:[m[K [01;31m[Kerror: [m[Kâ€˜[01m[KcvSolve[m[Kâ€™ was not declared in this scope
  746 |   [01;31m[KcvSolve[m[K(&L_6x5, Rho, &B5, CV_SVD);
      |   [01;31m[K^~~~~~~[m[K
[01m[K/home/zsj/WorkSpace/ORB2_SLAM/ORB_SLAM2_ROS2/src/orb_slam_stero/src/ORB_SLAM2/PnPsolver.cc:734:10:[m[K [01;35m[Kwarning: [m[Kunused variable â€˜[01m[Kl_6x5[m[Kâ€™ [[01;35m[K]8;;https://gcc.gnu.org/onlinedocs/gcc/Warning-Options.html#index-Wunused-variable-Wunused-variable]8;;[m[K]
  734 |   double [01;35m[Kl_6x5[m[K[6 * 5], b5[5];
      |          [01;35m[K^~~~~[m[K
[01m[K/home/zsj/WorkSpace/ORB2_SLAM/ORB_SLAM2_ROS2/src/orb_slam_stero/src/ORB_SLAM2/PnPsolver.cc:[m[K At global scope:
[01m[K/home/zsj/WorkSpace/ORB2_SLAM/ORB_SLAM2_ROS2/src/orb_slam_stero/src/ORB_SLAM2/PnPsolver.cc:813:58:[m[K [01;31m[Kerror: [m[Kâ€˜[01m[KCvMat[m[Kâ€™ has not been declared
  813 |                                         double betas[4], [01;31m[KCvMat[m[K * A, CvMat * b)
      |                                                          [01;31m[K^~~~~[m[K
[01m[K/home/zsj/WorkSpace/ORB2_SLAM/ORB_SLAM2_ROS2/src/orb_slam_stero/src/ORB_SLAM2/PnPsolver.cc:813:69:[m[K [01;31m[Kerror: [m[Kâ€˜[01m[KCvMat[m[Kâ€™ has not been declared
  813 |                                         double betas[4], CvMat * A, [01;31m[KCvMat[m[K * b)
      |                                                                     [01;31m[K^~~~~[m[K
[01m[K/home/zsj/WorkSpace/ORB2_SLAM/ORB_SLAM2_ROS2/src/orb_slam_stero/src/ORB_SLAM2/PnPsolver.cc:[m[K In member function â€˜[01m[Kvoid ORB_SLAM2::PnPsolver::compute_A_and_b_gauss_newton(const double*, const double*, double*, int*, int*)[m[Kâ€™:
[01m[K/home/zsj/WorkSpace/ORB2_SLAM/ORB_SLAM2_ROS2/src/orb_slam_stero/src/ORB_SLAM2/PnPsolver.cc:817:24:[m[K [01;31m[Kerror: [m[Krequest for member â€˜[01m[Kdata[m[Kâ€™ in â€˜[01m[K* A[m[Kâ€™, which is of non-class type â€˜[01m[Kint[m[Kâ€™
  817 |     double * rowA = A->[01;31m[Kdata[m[K.db + i * 4;
      |                        [01;31m[K^~~~[m[K
[01m[K/home/zsj/WorkSpace/ORB2_SLAM/ORB_SLAM2_ROS2/src/orb_slam_stero/src/ORB_SLAM2/PnPsolver.cc:824:5:[m[K [01;31m[Kerror: [m[Kâ€˜[01m[KcvmSet[m[Kâ€™ was not declared in this scope
  824 |     [01;31m[KcvmSet[m[K(b, i, 0, rho[i] -
      |     [01;31m[K^~~~~~[m[K
[01m[K/home/zsj/WorkSpace/ORB2_SLAM/ORB_SLAM2_ROS2/src/orb_slam_stero/src/ORB_SLAM2/PnPsolver.cc:[m[K At global scope:
[01m[K/home/zsj/WorkSpace/ORB2_SLAM/ORB_SLAM2_ROS2/src/orb_slam_stero/src/ORB_SLAM2/PnPsolver.cc:840:36:[m[K [01;31m[Kerror: [m[Kâ€˜[01m[KCvMat[m[Kâ€™ does not name a type
  840 | void PnPsolver::gauss_newton(const [01;31m[KCvMat[m[K * L_6x10, const CvMat * Rho,
      |                                    [01;31m[K^~~~~[m[K
[01m[K/home/zsj/WorkSpace/ORB2_SLAM/ORB_SLAM2_ROS2/src/orb_slam_stero/src/ORB_SLAM2/PnPsolver.cc:840:58:[m[K [01;31m[Kerror: [m[Kâ€˜[01m[KCvMat[m[Kâ€™ does not name a type
  840 | void PnPsolver::gauss_newton(const CvMat * L_6x10, const [01;31m[KCvMat[m[K * Rho,
      |                                                          [01;31m[K^~~~~[m[K
[01m[K/home/zsj/WorkSpace/ORB2_SLAM/ORB_SLAM2_ROS2/src/orb_slam_stero/src/ORB_SLAM2/PnPsolver.cc:[m[K In member function â€˜[01m[Kvoid ORB_SLAM2::PnPsolver::gauss_newton(const int*, const int*, double*)[m[Kâ€™:
[01m[K/home/zsj/WorkSpace/ORB2_SLAM/ORB_SLAM2_ROS2/src/orb_slam_stero/src/ORB_SLAM2/PnPsolver.cc:846:3:[m[K [01;31m[Kerror: [m[Kâ€˜[01m[KCvMat[m[Kâ€™ was not declared in this scope
  846 |   [01;31m[KCvMat[m[K A = cvMat(6, 4, CV_64F, a);
      |   [01;31m[K^~~~~[m[K
[01m[K/home/zsj/WorkSpace/ORB2_SLAM/ORB_SLAM2_ROS2/src/orb_slam_stero/src/ORB_SLAM2/PnPsolver.cc:847:8:[m[K [01;31m[Kerror: [m[Kexpected â€˜[01m[K;[m[Kâ€™ before â€˜[01m[KB[m[Kâ€™
  847 |   CvMat[01;31m[K [m[K[32m[KB[m[K = cvMat(6, 1, CV_64F, b);
      |        [01;31m[K^[m[K[32m[K~[m[K
      |        [32m[K;[m[K
[01m[K/home/zsj/WorkSpace/ORB2_SLAM/ORB_SLAM2_ROS2/src/orb_slam_stero/src/ORB_SLAM2/PnPsolver.cc:848:8:[m[K [01;31m[Kerror: [m[Kexpected â€˜[01m[K;[m[Kâ€™ before â€˜[01m[KX[m[Kâ€™
  848 |   CvMat[01;31m[K [m[K[32m[KX[m[K = cvMat(4, 1, CV_64F, x);
      |        [01;31m[K^[m[K[32m[K~[m[K
      |        [32m[K;[m[K
[01m[K/home/zsj/WorkSpace/ORB2_SLAM/ORB_SLAM2_ROS2/src/orb_slam_stero/src/ORB_SLAM2/PnPsolver.cc:851:42:[m[K [01;31m[Kerror: [m[Krequest for member â€˜[01m[Kdata[m[Kâ€™ in â€˜[01m[K* L_6x10[m[Kâ€™, which is of non-class type â€˜[01m[Kconst int[m[Kâ€™
  851 |     compute_A_and_b_gauss_newton(L_6x10->[01;31m[Kdata[m[K.db, Rho->data.db,
      |                                          [01;31m[K^~~~[m[K
[01m[K/home/zsj/WorkSpace/ORB2_SLAM/ORB_SLAM2_ROS2/src/orb_slam_stero/src/ORB_SLAM2/PnPsolver.cc:851:56:[m[K [01;31m[Kerror: [m[Krequest for member â€˜[01m[Kdata[m[Kâ€™ in â€˜[01m[K* Rho[m[Kâ€™, which is of non-class type â€˜[01m[Kconst int[m[Kâ€™
  851 |     compute_A_and_b_gauss_newton(L_6x10->data.db, Rho->[01;31m[Kdata[m[K.db,
      |                                                        [01;31m[K^~~~[m[K
[01m[K/home/zsj/WorkSpace/ORB2_SLAM/ORB_SLAM2_ROS2/src/orb_slam_stero/src/ORB_SLAM2/PnPsolver.cc:852:42:[m[K [01;31m[Kerror: [m[Kâ€˜[01m[KA[m[Kâ€™ was not declared in this scope
  852 |                                  betas, &[01;31m[KA[m[K, &B);
      |                                          [01;31m[K^[m[K
[01m[K/home/zsj/WorkSpace/ORB2_SLAM/ORB_SLAM2_ROS2/src/orb_slam_stero/src/ORB_SLAM2/PnPsolver.cc:852:46:[m[K [01;31m[Kerror: [m[Kâ€˜[01m[KB[m[Kâ€™ was not declared in this scope
  852 |                                  betas, &A, &[01;31m[KB[m[K);
      |                                              [01;31m[K^[m[K
[01m[K/home/zsj/WorkSpace/ORB2_SLAM/ORB_SLAM2_ROS2/src/orb_slam_stero/src/ORB_SLAM2/PnPsolver.cc:853:23:[m[K [01;31m[Kerror: [m[Kâ€˜[01m[KX[m[Kâ€™ was not declared in this scope
  853 |     qr_solve(&A, &B, &[01;31m[KX[m[K);
      |                       [01;31m[K^[m[K
[01m[K/home/zsj/WorkSpace/ORB2_SLAM/ORB_SLAM2_ROS2/src/orb_slam_stero/src/ORB_SLAM2/PnPsolver.cc:845:10:[m[K [01;35m[Kwarning: [m[Kunused variable â€˜[01m[Ka[m[Kâ€™ [[01;35m[K]8;;https://gcc.gnu.org/onlinedocs/gcc/Warning-Options.html#index-Wunused-variable-Wunused-variable]8;;[m[K]
  845 |   double [01;35m[Ka[m[K[6*4], b[6], x[4];
      |          [01;35m[K^[m[K
[01m[K/home/zsj/WorkSpace/ORB2_SLAM/ORB_SLAM2_ROS2/src/orb_slam_stero/src/ORB_SLAM2/PnPsolver.cc:845:18:[m[K [01;35m[Kwarning: [m[Kunused variable â€˜[01m[Kb[m[Kâ€™ [[01;35m[K]8;;https://gcc.gnu.org/onlinedocs/gcc/Warning-Options.html#index-Wunused-variable-Wunused-variable]8;;[m[K]
  845 |   double a[6*4], [01;35m[Kb[m[K[6], x[4];
      |                  [01;35m[K^[m[K
[01m[K/home/zsj/WorkSpace/ORB2_SLAM/ORB_SLAM2_ROS2/src/orb_slam_stero/src/ORB_SLAM2/PnPsolver.cc:[m[K At global scope:
[01m[K/home/zsj/WorkSpace/ORB2_SLAM/ORB_SLAM2_ROS2/src/orb_slam_stero/src/ORB_SLAM2/PnPsolver.cc:860:6:[m[K [01;31m[Kerror: [m[Kvariable or field â€˜[01m[Kqr_solve[m[Kâ€™ declared void
  860 | void [01;31m[KPnPsolver[m[K::qr_solve(CvMat * A, CvMat * b, CvMat * X)
      |      [01;31m[K^~~~~~~~~[m[K
[01m[K/home/zsj/WorkSpace/ORB2_SLAM/ORB_SLAM2_ROS2/src/orb_slam_stero/src/ORB_SLAM2/PnPsolver.cc:860:26:[m[K [01;31m[Kerror: [m[Kâ€˜[01m[KCvMat[m[Kâ€™ was not declared in this scope
  860 | void PnPsolver::qr_solve([01;31m[KCvMat[m[K * A, CvMat * b, CvMat * X)
      |                          [01;31m[K^~~~~[m[K
[01m[K/home/zsj/WorkSpace/ORB2_SLAM/ORB_SLAM2_ROS2/src/orb_slam_stero/src/ORB_SLAM2/PnPsolver.cc:860:34:[m[K [01;31m[Kerror: [m[Kâ€˜[01m[KA[m[Kâ€™ was not declared in this scope
  860 | void PnPsolver::qr_solve(CvMat * [01;31m[KA[m[K, CvMat * b, CvMat * X)
      |                                  [01;31m[K^[m[K
[01m[K/home/zsj/WorkSpace/ORB2_SLAM/ORB_SLAM2_ROS2/src/orb_slam_stero/src/ORB_SLAM2/PnPsolver.cc:860:37:[m[K [01;31m[Kerror: [m[Kâ€˜[01m[KCvMat[m[Kâ€™ was not declared in this scope
  860 | void PnPsolver::qr_solve(CvMat * A, [01;31m[KCvMat[m[K * b, CvMat * X)
      |                                     [01;31m[K^~~~~[m[K
[01m[K/home/zsj/WorkSpace/ORB2_SLAM/ORB_SLAM2_ROS2/src/orb_slam_stero/src/ORB_SLAM2/PnPsolver.cc:860:45:[m[K [01;31m[Kerror: [m[Kâ€˜[01m[Kb[m[Kâ€™ was not declared in this scope
  860 | void PnPsolver::qr_solve(CvMat * A, CvMat * [01;31m[Kb[m[K, CvMat * X)
      |                                             [01;31m[K^[m[K
[01m[K/home/zsj/WorkSpace/ORB2_SLAM/ORB_SLAM2_ROS2/src/orb_slam_stero/src/ORB_SLAM2/PnPsolver.cc:860:48:[m[K [01;31m[Kerror: [m[Kâ€˜[01m[KCvMat[m[Kâ€™ was not declared in this scope
  860 | void PnPsolver::qr_solve(CvMat * A, CvMat * b, [01;31m[KCvMat[m[K * X)
      |                                                [01;31m[K^~~~~[m[K
[01m[K/home/zsj/WorkSpace/ORB2_SLAM/ORB_SLAM2_ROS2/src/orb_slam_stero/src/ORB_SLAM2/PnPsolver.cc:860:56:[m[K [01;31m[Kerror: [m[Kâ€˜[01m[KX[m[Kâ€™ was not declared in this scope
  860 | void PnPsolver::qr_solve(CvMat * A, CvMat * b, CvMat * [01;31m[KX[m[K)
      |                                                        [01;31m[K^[m[K
gmake[2]: *** [CMakeFiles/orb_slam2_core.dir/build.make:272: CMakeFiles/orb_slam2_core.dir/src/ORB_SLAM2/PnPsolver.cc.o] Error 1
[01m[K/home/zsj/WorkSpace/ORB2_SLAM/ORB_SLAM2_ROS2/src/orb_slam_stero/src/ORB_SLAM2/FrameDrawer.cc:[m[K In member function â€˜[01m[Kcv::Mat ORB_SLAM2::FrameDrawer::DrawFrame()[m[Kâ€™:
[01m[K/home/zsj/WorkSpace/ORB2_SLAM/ORB_SLAM2_ROS2/src/orb_slam_stero/src/ORB_SLAM2/FrameDrawer.cc:75:24:[m[K [01;31m[Kerror: [m[Kâ€˜[01m[KCOLOR_GRAY2BGR[m[Kâ€™ was not declared in this scope; did you mean â€˜[01m[Kcv::COLOR_GRAY2BGR[m[Kâ€™?
   75 |         cvtColor(im,im,[01;31m[KCOLOR_GRAY2BGR[m[K);
      |                        [01;31m[K^~~~~~~~~~~~~~[m[K
      |                        [32m[Kcv::COLOR_GRAY2BGR[m[K
In file included from [01m[K/usr/include/opencv4/opencv2/opencv.hpp:74[m[K,
                 from [01m[K/home/zsj/WorkSpace/ORB2_SLAM/ORB_SLAM2_ROS2/src/orb_slam_stero/include/ORB_SLAM2/ORBextractor.h:26[m[K,
                 from [01m[K/home/zsj/WorkSpace/ORB2_SLAM/ORB_SLAM2_ROS2/src/orb_slam_stero/include/ORB_SLAM2/KeyFrame.h:28[m[K,
                 from [01m[K/home/zsj/WorkSpace/ORB2_SLAM/ORB_SLAM2_ROS2/src/orb_slam_stero/include/ORB_SLAM2/MapPoint.h:24[m[K,
                 from [01m[K/home/zsj/WorkSpace/ORB2_SLAM/ORB_SLAM2_ROS2/src/orb_slam_stero/include/ORB_SLAM2/Map.h:24[m[K,
                 from [01m[K/home/zsj/WorkSpace/ORB2_SLAM/ORB_SLAM2_ROS2/src/orb_slam_stero/include/ORB_SLAM2/MapDrawer.h:24[m[K,
                 from [01m[K/home/zsj/WorkSpace/ORB2_SLAM/ORB_SLAM2_ROS2/src/orb_slam_stero/include/ORB_SLAM2/Viewer.h:26[m[K,
                 from [01m[K/home/zsj/WorkSpace/ORB2_SLAM/ORB_SLAM2_ROS2/src/orb_slam_stero/include/ORB_SLAM2/Tracking.h:28[m[K,
                 from [01m[K/home/zsj/WorkSpace/ORB2_SLAM/ORB_SLAM2_ROS2/src/orb_slam_stero/include/ORB_SLAM2/FrameDrawer.h:24[m[K,
                 from [01m[K/home/zsj/WorkSpace/ORB2_SLAM/ORB_SLAM2_ROS2/src/orb_slam_stero/src/ORB_SLAM2/FrameDrawer.cc:21[m[K:
[01m[K/usr/include/opencv4/opencv2/imgproc.hpp:553:5:[m[K [01;36m[Knote: [m[Kâ€˜[01m[Kcv::COLOR_GRAY2BGR[m[Kâ€™ declared here
  553 |     [01;36m[KCOLOR_GRAY2BGR[m[K     = 8,
      |     [01;36m[K^~~~~~~~~~~~~~[m[K
In file included from [01m[K/home/zsj/WorkSpace/ORB2_SLAM/ORB_SLAM2_ROS2/src/orb_slam_stero/src/ORB_SLAM2/Tracking.cc:34[m[K:
[01m[K/home/zsj/WorkSpace/ORB2_SLAM/ORB_SLAM2_ROS2/src/orb_slam_stero/include/ORB_SLAM2/PnPsolver.h:96:15:[m[K [01;31m[Kerror: [m[Kâ€˜[01m[KCvMat[m[Kâ€™ has not been declared
   96 |   void fill_M([01;31m[KCvMat[m[K * M, const int row, const double * alphas, const double u, const double v);
      |               [01;31m[K^~~~~[m[K
[01m[K/home/zsj/WorkSpace/ORB2_SLAM/ORB_SLAM2_ROS2/src/orb_slam_stero/include/ORB_SLAM2/PnPsolver.h:102:34:[m[K [01;31m[Kerror: [m[Kâ€˜[01m[KCvMat[m[Kâ€™ does not name a type
  102 |   void find_betas_approx_1(const [01;31m[KCvMat[m[K * L_6x10, const CvMat * Rho, double * betas);
      |                                  [01;31m[K^~~~~[m[K
[01m[K/home/zsj/WorkSpace/ORB2_SLAM/ORB_SLAM2_ROS2/src/orb_slam_stero/include/ORB_SLAM2/PnPsolver.h:102:56:[m[K [01;31m[Kerror: [m[Kâ€˜[01m[KCvMat[m[Kâ€™ does not name a type
  102 |   void find_betas_approx_1(const CvMat * L_6x10, const [01;31m[KCvMat[m[K * Rho, double * betas);
      |                                                        [01;31m[K^~~~~[m[K
[01m[K/home/zsj/WorkSpace/ORB2_SLAM/ORB_SLAM2_ROS2/src/orb_slam_stero/include/ORB_SLAM2/PnPsolver.h:103:34:[m[K [01;31m[Kerror: [m[Kâ€˜[01m[KCvMat[m[Kâ€™ does not name a type
  103 |   void find_betas_approx_2(const [01;31m[KCvMat[m[K * L_6x10, const CvMat * Rho, double * betas);
      |                                  [01;31m[K^~~~~[m[K
[01m[K/home/zsj/WorkSpace/ORB2_SLAM/ORB_SLAM2_ROS2/src/orb_slam_stero/include/ORB_SLAM2/PnPsolver.h:103:56:[m[K [01;31m[Kerror: [m[Kâ€˜[01m[KCvMat[m[Kâ€™ does not name a type
  103 |   void find_betas_approx_2(const CvMat * L_6x10, const [01;31m[KCvMat[m[K * Rho, double * betas);
      |                                                        [01;31m[K^~~~~[m[K
[01m[K/home/zsj/WorkSpace/ORB2_SLAM/ORB_SLAM2_ROS2/src/orb_slam_stero/include/ORB_SLAM2/PnPsolver.h:104:34:[m[K [01;31m[Kerror: [m[Kâ€˜[01m[KCvMat[m[Kâ€™ does not name a type
  104 |   void find_betas_approx_3(const [01;31m[KCvMat[m[K * L_6x10, const CvMat * Rho, double * betas);
      |                                  [01;31m[K^~~~~[m[K
[01m[K/home/zsj/WorkSpace/ORB2_SLAM/ORB_SLAM2_ROS2/src/orb_slam_stero/include/ORB_SLAM2/PnPsolver.h:104:56:[m[K [01;31m[Kerror: [m[Kâ€˜[01m[KCvMat[m[Kâ€™ does not name a type
  104 |   void find_betas_approx_3(const CvMat * L_6x10, const [01;31m[KCvMat[m[K * Rho, double * betas);
      |                                                        [01;31m[K^~~~~[m[K
[01m[K/home/zsj/WorkSpace/ORB2_SLAM/ORB_SLAM2_ROS2/src/orb_slam_stero/include/ORB_SLAM2/PnPsolver.h:105:17:[m[K [01;31m[Kerror: [m[Kâ€˜[01m[KCvMat[m[Kâ€™ has not been declared
  105 |   void qr_solve([01;31m[KCvMat[m[K * A, CvMat * b, CvMat * X);
      |                 [01;31m[K^~~~~[m[K
[01m[K/home/zsj/WorkSpace/ORB2_SLAM/ORB_SLAM2_ROS2/src/orb_slam_stero/include/ORB_SLAM2/PnPsolver.h:105:28:[m[K [01;31m[Kerror: [m[Kâ€˜[01m[KCvMat[m[Kâ€™ has not been declared
  105 |   void qr_solve(CvMat * A, [01;31m[KCvMat[m[K * b, CvMat * X);
      |                            [01;31m[K^~~~~[m[K
[01m[K/home/zsj/WorkSpace/ORB2_SLAM/ORB_SLAM2_ROS2/src/orb_slam_stero/include/ORB_SLAM2/PnPsolver.h:105:39:[m[K [01;31m[Kerror: [m[Kâ€˜[01m[KCvMat[m[Kâ€™ has not been declared
  105 |   void qr_solve(CvMat * A, CvMat * b, [01;31m[KCvMat[m[K * X);
      |                                       [01;31m[K^~~~~[m[K
[01m[K/home/zsj/WorkSpace/ORB2_SLAM/ORB_SLAM2_ROS2/src/orb_slam_stero/include/ORB_SLAM2/PnPsolver.h:113:27:[m[K [01;31m[Kerror: [m[Kâ€˜[01m[KCvMat[m[Kâ€™ does not name a type
  113 |   void gauss_newton(const [01;31m[KCvMat[m[K * L_6x10, const CvMat * Rho, double current_betas[4]);
      |                           [01;31m[K^~~~~[m[K
[01m[K/home/zsj/WorkSpace/ORB2_SLAM/ORB_SLAM2_ROS2/src/orb_slam_stero/include/ORB_SLAM2/PnPsolver.h:113:49:[m[K [01;31m[Kerror: [m[Kâ€˜[01m[KCvMat[m[Kâ€™ does not name a type
  113 |   void gauss_newton(const CvMat * L_6x10, const [01;31m[KCvMat[m[K * Rho, double current_betas[4]);
      |                                                 [01;31m[K^~~~~[m[K
[01m[K/home/zsj/WorkSpace/ORB2_SLAM/ORB_SLAM2_ROS2/src/orb_slam_stero/include/ORB_SLAM2/PnPsolver.h:115:51:[m[K [01;31m[Kerror: [m[Kâ€˜[01m[KCvMat[m[Kâ€™ has not been declared
  115 |                                     double cb[4], [01;31m[KCvMat[m[K * A, CvMat * b);
      |                                                   [01;31m[K^~~~~[m[K
[01m[K/home/zsj/WorkSpace/ORB2_SLAM/ORB_SLAM2_ROS2/src/orb_slam_stero/include/ORB_SLAM2/PnPsolver.h:115:62:[m[K [01;31m[Kerror: [m[Kâ€˜[01m[KCvMat[m[Kâ€™ has not been declared
  115 |                                     double cb[4], CvMat * A, [01;31m[KCvMat[m[K * b);
      |                                                              [01;31m[K^~~~~[m[K
[01m[K/home/zsj/WorkSpace/ORB2_SLAM/ORB_SLAM2_ROS2/src/orb_slam_stero/src/ORB_SLAM2/Tracking.cc:[m[K In member function â€˜[01m[Kcv::Mat ORB_SLAM2::Tracking::GrabImageStereo(const cv::Mat&, const cv::Mat&, const double&)[m[Kâ€™:
[01m[K/home/zsj/WorkSpace/ORB2_SLAM/ORB_SLAM2_ROS2/src/orb_slam_stero/src/ORB_SLAM2/Tracking.cc:176:38:[m[K [01;31m[Kerror: [m[Kâ€˜[01m[KCV_RGB2GRAY[m[Kâ€™ was not declared in this scope
  176 |             cvtColor(mImGray,mImGray,[01;31m[KCV_RGB2GRAY[m[K);
      |                                      [01;31m[K^~~~~~~~~~~[m[K
[01m[K/home/zsj/WorkSpace/ORB2_SLAM/ORB_SLAM2_ROS2/src/orb_slam_stero/src/ORB_SLAM2/Tracking.cc:181:38:[m[K [01;31m[Kerror: [m[Kâ€˜[01m[KCV_BGR2GRAY[m[Kâ€™ was not declared in this scope
  181 |             cvtColor(mImGray,mImGray,[01;31m[KCV_BGR2GRAY[m[K);
      |                                      [01;31m[K^~~~~~~~~~~[m[K
[01m[K/home/zsj/WorkSpace/ORB2_SLAM/ORB_SLAM2_ROS2/src/orb_slam_stero/src/ORB_SLAM2/Tracking.cc:189:38:[m[K [01;31m[Kerror: [m[Kâ€˜[01m[KCV_RGBA2GRAY[m[Kâ€™ was not declared in this scope
  189 |             cvtColor(mImGray,mImGray,[01;31m[KCV_RGBA2GRAY[m[K);
      |                                      [01;31m[K^~~~~~~~~~~~[m[K
[01m[K/home/zsj/WorkSpace/ORB2_SLAM/ORB_SLAM2_ROS2/src/orb_slam_stero/src/ORB_SLAM2/LoopClosing.cc:[m[K In member function â€˜[01m[Kvoid ORB_SLAM2::LoopClosing::CorrectLoop()[m[Kâ€™:
[01m[K/home/zsj/WorkSpace/ORB2_SLAM/ORB_SLAM2_ROS2/src/orb_slam_stero/src/ORB_SLAM2/LoopClosing.cc:416:9:[m[K [01;31m[Kerror: [m[Kuse of an operand of type â€˜[01m[Kbool[m[Kâ€™ in â€˜[01m[Koperator++[m[Kâ€™ is forbidden in C++17
  416 |         [01;31m[KmnFullBAIdx[m[K++;
      |         [01;31m[K^~~~~~~~~~~[m[K
[01m[K/home/zsj/WorkSpace/ORB2_SLAM/ORB_SLAM2_ROS2/src/orb_slam_stero/src/ORB_SLAM2/Tracking.cc:194:38:[m[K [01;31m[Kerror: [m[Kâ€˜[01m[KCV_BGRA2GRAY[m[Kâ€™ was not declared in this scope
  194 |             cvtColor(mImGray,mImGray,[01;31m[KCV_BGRA2GRAY[m[K);
      |                                      [01;31m[K^~~~~~~~~~~~[m[K
[01m[K/home/zsj/WorkSpace/ORB2_SLAM/ORB_SLAM2_ROS2/src/orb_slam_stero/src/ORB_SLAM2/Tracking.cc:[m[K In member function â€˜[01m[Kcv::Mat ORB_SLAM2::Tracking::GrabImageRGBD(const cv::Mat&, const cv::Mat&, const double&)[m[Kâ€™:
[01m[K/home/zsj/WorkSpace/ORB2_SLAM/ORB_SLAM2_ROS2/src/orb_slam_stero/src/ORB_SLAM2/Tracking.cc:215:38:[m[K [01;31m[Kerror: [m[Kâ€˜[01m[KCV_RGB2GRAY[m[Kâ€™ was not declared in this scope
  215 |             cvtColor(mImGray,mImGray,[01;31m[KCV_RGB2GRAY[m[K);
      |                                      [01;31m[K^~~~~~~~~~~[m[K
[01m[K/home/zsj/WorkSpace/ORB2_SLAM/ORB_SLAM2_ROS2/src/orb_slam_stero/src/ORB_SLAM2/Tracking.cc:217:38:[m[K [01;31m[Kerror: [m[Kâ€˜[01m[KCV_BGR2GRAY[m[Kâ€™ was not declared in this scope
  217 |             cvtColor(mImGray,mImGray,[01;31m[KCV_BGR2GRAY[m[K);
      |                                      [01;31m[K^~~~~~~~~~~[m[K
[01m[K/home/zsj/WorkSpace/ORB2_SLAM/ORB_SLAM2_ROS2/src/orb_slam_stero/src/ORB_SLAM2/Tracking.cc:222:38:[m[K [01;31m[Kerror: [m[Kâ€˜[01m[KCV_RGBA2GRAY[m[Kâ€™ was not declared in this scope
  222 |             cvtColor(mImGray,mImGray,[01;31m[KCV_RGBA2GRAY[m[K);
      |                                      [01;31m[K^~~~~~~~~~~~[m[K
[01m[K/home/zsj/WorkSpace/ORB2_SLAM/ORB_SLAM2_ROS2/src/orb_slam_stero/src/ORB_SLAM2/Tracking.cc:224:38:[m[K [01;31m[Kerror: [m[Kâ€˜[01m[KCV_BGRA2GRAY[m[Kâ€™ was not declared in this scope
  224 |             cvtColor(mImGray,mImGray,[01;31m[KCV_BGRA2GRAY[m[K);
      |                                      [01;31m[K^~~~~~~~~~~~[m[K
[01m[K/home/zsj/WorkSpace/ORB2_SLAM/ORB_SLAM2_ROS2/src/orb_slam_stero/src/ORB_SLAM2/Tracking.cc:[m[K In member function â€˜[01m[Kcv::Mat ORB_SLAM2::Tracking::GrabImageMonocular(const cv::Mat&, const double&)[m[Kâ€™:
[01m[K/home/zsj/WorkSpace/ORB2_SLAM/ORB_SLAM2_ROS2/src/orb_slam_stero/src/ORB_SLAM2/Tracking.cc:245:38:[m[K [01;31m[Kerror: [m[Kâ€˜[01m[KCV_RGB2GRAY[m[Kâ€™ was not declared in this scope
  245 |             cvtColor(mImGray,mImGray,[01;31m[KCV_RGB2GRAY[m[K);
      |                                      [01;31m[K^~~~~~~~~~~[m[K
[01m[K/home/zsj/WorkSpace/ORB2_SLAM/ORB_SLAM2_ROS2/src/orb_slam_stero/src/ORB_SLAM2/Tracking.cc:247:38:[m[K [01;31m[Kerror: [m[Kâ€˜[01m[KCV_BGR2GRAY[m[Kâ€™ was not declared in this scope
  247 |             cvtColor(mImGray,mImGray,[01;31m[KCV_BGR2GRAY[m[K);
      |                                      [01;31m[K^~~~~~~~~~~[m[K
[01m[K/home/zsj/WorkSpace/ORB2_SLAM/ORB_SLAM2_ROS2/src/orb_slam_stero/src/ORB_SLAM2/Tracking.cc:252:38:[m[K [01;31m[Kerror: [m[Kâ€˜[01m[KCV_RGBA2GRAY[m[Kâ€™ was not declared in this scope
  252 |             cvtColor(mImGray,mImGray,[01;31m[KCV_RGBA2GRAY[m[K);
      |                                      [01;31m[K^~~~~~~~~~~~[m[K
[01m[K/home/zsj/WorkSpace/ORB2_SLAM/ORB_SLAM2_ROS2/src/orb_slam_stero/src/ORB_SLAM2/Tracking.cc:254:38:[m[K [01;31m[Kerror: [m[Kâ€˜[01m[KCV_BGRA2GRAY[m[Kâ€™ was not declared in this scope
  254 |             cvtColor(mImGray,mImGray,[01;31m[KCV_BGRA2GRAY[m[K);
      |                                      [01;31m[K^~~~~~~~~~~~[m[K
gmake[2]: *** [CMakeFiles/orb_slam2_core.dir/build.make:104: CMakeFiles/orb_slam2_core.dir/src/ORB_SLAM2/FrameDrawer.cc.o] Error 1
gmake[2]: *** [CMakeFiles/orb_slam2_core.dir/build.make:174: CMakeFiles/orb_slam2_core.dir/src/ORB_SLAM2/LoopClosing.cc.o] Error 1
gmake[2]: *** [CMakeFiles/orb_slam2_core.dir/build.make:314: CMakeFiles/orb_slam2_core.dir/src/ORB_SLAM2/Tracking.cc.o] Error 1
gmake[1]: *** [CMakeFiles/Makefile2:175: CMakeFiles/orb_slam2_core.dir/all] Error 2
gmake: *** [Makefile:146: all] Error 2
