[ 11%] Built target DBoW2
[ 62%] Built target g2o
[35m[1mConsolidate compiler generated dependencies of target orb_slam2_core[0m
[ 64%] [32mBuilding CXX object CMakeFiles/orb_slam2_core.dir/src/ORB_SLAM2/PnPsolver.cc.o[0m
[ 66%] [32mBuilding CXX object CMakeFiles/orb_slam2_core.dir/src/ORB_SLAM2/LoopClosing.cc.o[0m
[ 67%] [32mBuilding CXX object CMakeFiles/orb_slam2_core.dir/src/ORB_SLAM2/Tracking.cc.o[0m
[01m[K/home/zsj/WorkSpace/ORB2_SLAM/ORB_SLAM2_ROS2/src/orb_slam_stero/src/ORB_SLAM2/PnPsolver.cc:423:33:[m[K [01;31m[Kerror: [m[Kmacro "cvInvSqrt" passed 3 arguments, but takes just 1
  423 |   cvInvSqrt(&CC, &CC_inv, CV_AVX[01;31m[K)[m[K;
      |                                 [01;31m[K^[m[K
In file included from [01m[K/home/zsj/WorkSpace/ORB2_SLAM/ORB_SLAM2_ROS2/src/orb_slam_stero/include/ORB_SLAM2/PnPsolver.h:55[m[K,
                 from [01m[K/home/zsj/WorkSpace/ORB2_SLAM/ORB_SLAM2_ROS2/src/orb_slam_stero/src/ORB_SLAM2/PnPsolver.cc:53[m[K:
[01m[K/usr/include/opencv4/opencv2/core/types_c.h:222:[m[K [01;36m[Knote: [m[Kmacro "cvInvSqrt" defined here
  222 | #define cvInvSqrt(value) ((float)(1./sqrt(value)))
      | 
[01m[K/home/zsj/WorkSpace/ORB2_SLAM/ORB_SLAM2_ROS2/src/orb_slam_stero/src/ORB_SLAM2/PnPsolver.cc:[m[K In member function â€˜[01m[Kvoid ORB_SLAM2::PnPsolver::choose_control_points()[m[Kâ€™:
[01m[K/home/zsj/WorkSpace/ORB2_SLAM/ORB_SLAM2_ROS2/src/orb_slam_stero/src/ORB_SLAM2/PnPsolver.cc:402:55:[m[K [01;31m[Kerror: [m[Kâ€˜[01m[KCV_AVX_U_T[m[Kâ€™ was not declared in this scope; did you mean â€˜[01m[KCV_SVD_U_T[m[Kâ€™?
  402 |   cvSVD(&PW0tPW0, &DC, &UCt, 0, CV_HAL_SVD_MODIFY_A | [01;31m[KCV_AVX_U_T[m[K);
      |                                                       [01;31m[K^~~~~~~~~~[m[K
      |                                                       [32m[KCV_SVD_U_T[m[K
[01m[K/home/zsj/WorkSpace/ORB2_SLAM/ORB_SLAM2_ROS2/src/orb_slam_stero/src/ORB_SLAM2/PnPsolver.cc:[m[K In member function â€˜[01m[Kvoid ORB_SLAM2::PnPsolver::compute_barycentric_coordinates()[m[Kâ€™:
[01m[K/home/zsj/WorkSpace/ORB2_SLAM/ORB_SLAM2_ROS2/src/orb_slam_stero/src/ORB_SLAM2/PnPsolver.cc:423:3:[m[K [01;31m[Kerror: [m[Kâ€˜[01m[KcvInvSqrt[m[Kâ€™ was not declared in this scope
  423 |   [01;31m[KcvInvSqrt[m[K(&CC, &CC_inv, CV_AVX);
      |   [01;31m[K^~~~~~~~~[m[K
[01m[K/home/zsj/WorkSpace/ORB2_SLAM/ORB_SLAM2_ROS2/src/orb_slam_stero/src/ORB_SLAM2/PnPsolver.cc:[m[K In member function â€˜[01m[Kdouble ORB_SLAM2::PnPsolver::compute_pose(double (*)[3], double*)[m[Kâ€™:
[01m[K/home/zsj/WorkSpace/ORB2_SLAM/ORB_SLAM2_ROS2/src/orb_slam_stero/src/ORB_SLAM2/PnPsolver.cc:495:49:[m[K [01;31m[Kerror: [m[Kâ€˜[01m[KCV_AVX_U_T[m[Kâ€™ was not declared in this scope; did you mean â€˜[01m[KCV_SVD_U_T[m[Kâ€™?
  495 |   cvSVD(&MtM, &D, &Ut, 0, CV_HAL_SVD_MODIFY_A | [01;31m[KCV_AVX_U_T[m[K);
      |                                                 [01;31m[K^~~~~~~~~~[m[K
      |                                                 [32m[KCV_SVD_U_T[m[K
gmake[2]: *** [CMakeFiles/orb_slam2_core.dir/build.make:272: CMakeFiles/orb_slam2_core.dir/src/ORB_SLAM2/PnPsolver.cc.o] Error 1
gmake[2]: *** Waiting for unfinished jobs....
[01m[K/home/zsj/WorkSpace/ORB2_SLAM/ORB_SLAM2_ROS2/src/orb_slam_stero/src/ORB_SLAM2/LoopClosing.cc:[m[K In member function â€˜[01m[Kvoid ORB_SLAM2::LoopClosing::CorrectLoop()[m[Kâ€™:
[01m[K/home/zsj/WorkSpace/ORB2_SLAM/ORB_SLAM2_ROS2/src/orb_slam_stero/src/ORB_SLAM2/LoopClosing.cc:416:9:[m[K [01;31m[Kerror: [m[Kuse of an operand of type â€˜[01m[Kbool[m[Kâ€™ in â€˜[01m[Koperator++[m[Kâ€™ is forbidden in C++17
  416 |         [01;31m[KmnFullBAIdx[m[K++;
      |         [01;31m[K^~~~~~~~~~~[m[K
[01m[K/home/zsj/WorkSpace/ORB2_SLAM/ORB_SLAM2_ROS2/src/orb_slam_stero/src/ORB_SLAM2/Tracking.cc:[m[K In member function â€˜[01m[Kcv::Mat ORB_SLAM2::Tracking::GrabImageStereo(const cv::Mat&, const cv::Mat&, const double&)[m[Kâ€™:
[01m[K/home/zsj/WorkSpace/ORB2_SLAM/ORB_SLAM2_ROS2/src/orb_slam_stero/src/ORB_SLAM2/Tracking.cc:177:38:[m[K [01;31m[Kerror: [m[Kâ€˜[01m[KCV_RGB2GRAY[m[Kâ€™ was not declared in this scope
  177 |             cvtColor(mImGray,mImGray,[01;31m[KCV_RGB2GRAY[m[K);
      |                                      [01;31m[K^~~~~~~~~~~[m[K
[01m[K/home/zsj/WorkSpace/ORB2_SLAM/ORB_SLAM2_ROS2/src/orb_slam_stero/src/ORB_SLAM2/Tracking.cc:182:38:[m[K [01;31m[Kerror: [m[Kâ€˜[01m[KCV_BGR2GRAY[m[Kâ€™ was not declared in this scope
  182 |             cvtColor(mImGray,mImGray,[01;31m[KCV_BGR2GRAY[m[K);
      |                                      [01;31m[K^~~~~~~~~~~[m[K
[01m[K/home/zsj/WorkSpace/ORB2_SLAM/ORB_SLAM2_ROS2/src/orb_slam_stero/src/ORB_SLAM2/Tracking.cc:190:38:[m[K [01;31m[Kerror: [m[Kâ€˜[01m[KCV_RGBA2GRAY[m[Kâ€™ was not declared in this scope
  190 |             cvtColor(mImGray,mImGray,[01;31m[KCV_RGBA2GRAY[m[K);
      |                                      [01;31m[K^~~~~~~~~~~~[m[K
[01m[K/home/zsj/WorkSpace/ORB2_SLAM/ORB_SLAM2_ROS2/src/orb_slam_stero/src/ORB_SLAM2/Tracking.cc:195:38:[m[K [01;31m[Kerror: [m[Kâ€˜[01m[KCV_BGRA2GRAY[m[Kâ€™ was not declared in this scope
  195 |             cvtColor(mImGray,mImGray,[01;31m[KCV_BGRA2GRAY[m[K);
      |                                      [01;31m[K^~~~~~~~~~~~[m[K
[01m[K/home/zsj/WorkSpace/ORB2_SLAM/ORB_SLAM2_ROS2/src/orb_slam_stero/src/ORB_SLAM2/Tracking.cc:[m[K In member function â€˜[01m[Kcv::Mat ORB_SLAM2::Tracking::GrabImageRGBD(const cv::Mat&, const cv::Mat&, const double&)[m[Kâ€™:
[01m[K/home/zsj/WorkSpace/ORB2_SLAM/ORB_SLAM2_ROS2/src/orb_slam_stero/src/ORB_SLAM2/Tracking.cc:216:38:[m[K [01;31m[Kerror: [m[Kâ€˜[01m[KCV_RGB2GRAY[m[Kâ€™ was not declared in this scope
  216 |             cvtColor(mImGray,mImGray,[01;31m[KCV_RGB2GRAY[m[K);
      |                                      [01;31m[K^~~~~~~~~~~[m[K
[01m[K/home/zsj/WorkSpace/ORB2_SLAM/ORB_SLAM2_ROS2/src/orb_slam_stero/src/ORB_SLAM2/Tracking.cc:218:38:[m[K [01;31m[Kerror: [m[Kâ€˜[01m[KCV_BGR2GRAY[m[Kâ€™ was not declared in this scope
  218 |             cvtColor(mImGray,mImGray,[01;31m[KCV_BGR2GRAY[m[K);
      |                                      [01;31m[K^~~~~~~~~~~[m[K
[01m[K/home/zsj/WorkSpace/ORB2_SLAM/ORB_SLAM2_ROS2/src/orb_slam_stero/src/ORB_SLAM2/Tracking.cc:223:38:[m[K [01;31m[Kerror: [m[Kâ€˜[01m[KCV_RGBA2GRAY[m[Kâ€™ was not declared in this scope
  223 |             cvtColor(mImGray,mImGray,[01;31m[KCV_RGBA2GRAY[m[K);
      |                                      [01;31m[K^~~~~~~~~~~~[m[K
[01m[K/home/zsj/WorkSpace/ORB2_SLAM/ORB_SLAM2_ROS2/src/orb_slam_stero/src/ORB_SLAM2/Tracking.cc:225:38:[m[K [01;31m[Kerror: [m[Kâ€˜[01m[KCV_BGRA2GRAY[m[Kâ€™ was not declared in this scope
  225 |             cvtColor(mImGray,mImGray,[01;31m[KCV_BGRA2GRAY[m[K);
      |                                      [01;31m[K^~~~~~~~~~~~[m[K
[01m[K/home/zsj/WorkSpace/ORB2_SLAM/ORB_SLAM2_ROS2/src/orb_slam_stero/src/ORB_SLAM2/Tracking.cc:[m[K In member function â€˜[01m[Kcv::Mat ORB_SLAM2::Tracking::GrabImageMonocular(const cv::Mat&, const double&)[m[Kâ€™:
[01m[K/home/zsj/WorkSpace/ORB2_SLAM/ORB_SLAM2_ROS2/src/orb_slam_stero/src/ORB_SLAM2/Tracking.cc:246:38:[m[K [01;31m[Kerror: [m[Kâ€˜[01m[KCV_RGB2GRAY[m[Kâ€™ was not declared in this scope
  246 |             cvtColor(mImGray,mImGray,[01;31m[KCV_RGB2GRAY[m[K);
      |                                      [01;31m[K^~~~~~~~~~~[m[K
[01m[K/home/zsj/WorkSpace/ORB2_SLAM/ORB_SLAM2_ROS2/src/orb_slam_stero/src/ORB_SLAM2/Tracking.cc:248:38:[m[K [01;31m[Kerror: [m[Kâ€˜[01m[KCV_BGR2GRAY[m[Kâ€™ was not declared in this scope
  248 |             cvtColor(mImGray,mImGray,[01;31m[KCV_BGR2GRAY[m[K);
      |                                      [01;31m[K^~~~~~~~~~~[m[K
[01m[K/home/zsj/WorkSpace/ORB2_SLAM/ORB_SLAM2_ROS2/src/orb_slam_stero/src/ORB_SLAM2/Tracking.cc:253:38:[m[K [01;31m[Kerror: [m[Kâ€˜[01m[KCV_RGBA2GRAY[m[Kâ€™ was not declared in this scope
  253 |             cvtColor(mImGray,mImGray,[01;31m[KCV_RGBA2GRAY[m[K);
      |                                      [01;31m[K^~~~~~~~~~~~[m[K
[01m[K/home/zsj/WorkSpace/ORB2_SLAM/ORB_SLAM2_ROS2/src/orb_slam_stero/src/ORB_SLAM2/Tracking.cc:255:38:[m[K [01;31m[Kerror: [m[Kâ€˜[01m[KCV_BGRA2GRAY[m[Kâ€™ was not declared in this scope
  255 |             cvtColor(mImGray,mImGray,[01;31m[KCV_BGRA2GRAY[m[K);
      |                                      [01;31m[K^~~~~~~~~~~~[m[K
gmake[2]: *** [CMakeFiles/orb_slam2_core.dir/build.make:174: CMakeFiles/orb_slam2_core.dir/src/ORB_SLAM2/LoopClosing.cc.o] Error 1
gmake[2]: *** [CMakeFiles/orb_slam2_core.dir/build.make:314: CMakeFiles/orb_slam2_core.dir/src/ORB_SLAM2/Tracking.cc.o] Error 1
gmake[1]: *** [CMakeFiles/Makefile2:175: CMakeFiles/orb_slam2_core.dir/all] Error 2
gmake: *** [Makefile:146: all] Error 2
